2019-01-08_21 21:00:16.899 INFO  [ReplicaAwareInstanceRegistry - RenewalThresholdUpdater] com.netflix.eureka.registry.PeerAwareInstanceRegistryImpl - Current renewal threshold is : 3
2019-01-08_21 21:00:20.111 INFO  [Eureka-EvictionTimer] com.netflix.eureka.registry.AbstractInstanceRegistry - Running the evict task with compensationTime 5ms
2019-01-08_21 21:00:27.022 INFO  [ReplicaAwareInstanceRegistry - RenewalThresholdUpdater] com.netflix.eureka.registry.PeerAwareInstanceRegistryImpl - Current renewal threshold is : 3
2019-01-08_21 21:00:31.365 INFO  [Eureka-EvictionTimer] com.netflix.eureka.registry.AbstractInstanceRegistry - Running the evict task with compensationTime 2ms
2019-01-08_21 21:00:40.451 INFO  [ReplicaAwareInstanceRegistry - RenewalThresholdUpdater] com.netflix.eureka.registry.PeerAwareInstanceRegistryImpl - Current renewal threshold is : 3
2019-01-08_21 21:00:42.991 INFO  [Eureka-EvictionTimer] com.netflix.eureka.registry.AbstractInstanceRegistry - Running the evict task with compensationTime 4ms
2019-01-08_21 21:00:47.436 INFO  [AsyncResolver-bootstrap-executor-0] com.netflix.discovery.shared.resolver.aws.ConfigClusterResolver - Resolving eureka endpoints via configuration
2019-01-08_21 21:00:53.942 INFO  [AsyncResolver-bootstrap-executor-0] com.netflix.discovery.shared.resolver.aws.ConfigClusterResolver - Resolving eureka endpoints via configuration
2019-01-08_21 21:01:20.119 INFO  [Eureka-EvictionTimer] com.netflix.eureka.registry.AbstractInstanceRegistry - Running the evict task with compensationTime 3ms
2019-01-08_21 21:01:31.371 INFO  [Eureka-EvictionTimer] com.netflix.eureka.registry.AbstractInstanceRegistry - Running the evict task with compensationTime 2ms
2019-01-08_21 21:01:42.998 INFO  [Eureka-EvictionTimer] com.netflix.eureka.registry.AbstractInstanceRegistry - Running the evict task with compensationTime 4ms
2019-01-08_21 21:02:20.125 INFO  [Eureka-EvictionTimer] com.netflix.eureka.registry.AbstractInstanceRegistry - Running the evict task with compensationTime 4ms
2019-01-08_21 21:02:31.377 INFO  [Eureka-EvictionTimer] com.netflix.eureka.registry.AbstractInstanceRegistry - Running the evict task with compensationTime 4ms
2019-01-08_21 21:02:43.004 INFO  [Eureka-EvictionTimer] com.netflix.eureka.registry.AbstractInstanceRegistry - Running the evict task with compensationTime 3ms
2019-01-08_21 21:03:20.129 INFO  [Eureka-EvictionTimer] com.netflix.eureka.registry.AbstractInstanceRegistry - Running the evict task with compensationTime 1ms
2019-01-08_21 21:03:31.384 INFO  [Eureka-EvictionTimer] com.netflix.eureka.registry.AbstractInstanceRegistry - Running the evict task with compensationTime 5ms
2019-01-08_21 21:03:43.009 INFO  [Eureka-EvictionTimer] com.netflix.eureka.registry.AbstractInstanceRegistry - Running the evict task with compensationTime 3ms
2019-01-08_21 21:04:20.131 INFO  [Eureka-EvictionTimer] com.netflix.eureka.registry.AbstractInstanceRegistry - Running the evict task with compensationTime 0ms
2019-01-08_21 21:04:31.387 INFO  [Eureka-EvictionTimer] com.netflix.eureka.registry.AbstractInstanceRegistry - Running the evict task with compensationTime 0ms
2019-01-08_21 21:04:43.014 INFO  [Eureka-EvictionTimer] com.netflix.eureka.registry.AbstractInstanceRegistry - Running the evict task with compensationTime 2ms
2019-01-08_21 21:05:20.143 INFO  [Eureka-EvictionTimer] com.netflix.eureka.registry.AbstractInstanceRegistry - Running the evict task with compensationTime 9ms
2019-01-08_21 21:05:31.399 INFO  [Eureka-EvictionTimer] com.netflix.eureka.registry.AbstractInstanceRegistry - Running the evict task with compensationTime 10ms
2019-01-08_21 21:05:43.021 INFO  [Eureka-EvictionTimer] com.netflix.eureka.registry.AbstractInstanceRegistry - Running the evict task with compensationTime 5ms
2019-01-08_21 21:05:47.474 INFO  [AsyncResolver-bootstrap-executor-0] com.netflix.discovery.shared.resolver.aws.ConfigClusterResolver - Resolving eureka endpoints via configuration
2019-01-08_21 21:05:53.970 INFO  [AsyncResolver-bootstrap-executor-0] com.netflix.discovery.shared.resolver.aws.ConfigClusterResolver - Resolving eureka endpoints via configuration
2019-01-08_21 21:06:20.147 INFO  [Eureka-EvictionTimer] com.netflix.eureka.registry.AbstractInstanceRegistry - Running the evict task with compensationTime 2ms
2019-01-08_21 21:06:31.403 INFO  [Eureka-EvictionTimer] com.netflix.eureka.registry.AbstractInstanceRegistry - Running the evict task with compensationTime 2ms
2019-01-08_21 21:06:43.026 INFO  [Eureka-EvictionTimer] com.netflix.eureka.registry.AbstractInstanceRegistry - Running the evict task with compensationTime 3ms
2019-01-08_21 21:07:20.149 INFO  [Eureka-EvictionTimer] com.netflix.eureka.registry.AbstractInstanceRegistry - Running the evict task with compensationTime 0ms
2019-01-08_21 21:07:31.407 INFO  [Eureka-EvictionTimer] com.netflix.eureka.registry.AbstractInstanceRegistry - Running the evict task with compensationTime 1ms
2019-01-08_21 21:07:43.031 INFO  [Eureka-EvictionTimer] com.netflix.eureka.registry.AbstractInstanceRegistry - Running the evict task with compensationTime 3ms
2019-01-08_21 21:08:20.155 INFO  [Eureka-EvictionTimer] com.netflix.eureka.registry.AbstractInstanceRegistry - Running the evict task with compensationTime 3ms
2019-01-08_21 21:08:31.414 INFO  [Eureka-EvictionTimer] com.netflix.eureka.registry.AbstractInstanceRegistry - Running the evict task with compensationTime 5ms
2019-01-08_21 21:08:43.036 INFO  [Eureka-EvictionTimer] com.netflix.eureka.registry.AbstractInstanceRegistry - Running the evict task with compensationTime 3ms
2019-01-08_21 21:09:20.157 INFO  [Eureka-EvictionTimer] com.netflix.eureka.registry.AbstractInstanceRegistry - Running the evict task with compensationTime 0ms
2019-01-08_21 21:09:31.418 INFO  [Eureka-EvictionTimer] com.netflix.eureka.registry.AbstractInstanceRegistry - Running the evict task with compensationTime 2ms
2019-01-08_21 21:09:43.042 INFO  [Eureka-EvictionTimer] com.netflix.eureka.registry.AbstractInstanceRegistry - Running the evict task with compensationTime 3ms
2019-01-08_21 21:10:20.167 INFO  [Eureka-EvictionTimer] com.netflix.eureka.registry.AbstractInstanceRegistry - Running the evict task with compensationTime 8ms
2019-01-08_21 21:10:31.423 INFO  [Eureka-EvictionTimer] com.netflix.eureka.registry.AbstractInstanceRegistry - Running the evict task with compensationTime 3ms
2019-01-08_21 21:10:43.048 INFO  [Eureka-EvictionTimer] com.netflix.eureka.registry.AbstractInstanceRegistry - Running the evict task with compensationTime 4ms
2019-01-08_21 21:10:47.486 INFO  [AsyncResolver-bootstrap-executor-0] com.netflix.discovery.shared.resolver.aws.ConfigClusterResolver - Resolving eureka endpoints via configuration
2019-01-08_21 21:10:53.984 INFO  [AsyncResolver-bootstrap-executor-0] com.netflix.discovery.shared.resolver.aws.ConfigClusterResolver - Resolving eureka endpoints via configuration
2019-01-08_21 21:11:20.173 INFO  [Eureka-EvictionTimer] com.netflix.eureka.registry.AbstractInstanceRegistry - Running the evict task with compensationTime 4ms
2019-01-08_21 21:11:31.430 INFO  [Eureka-EvictionTimer] com.netflix.eureka.registry.AbstractInstanceRegistry - Running the evict task with compensationTime 4ms
2019-01-08_21 21:11:43.053 INFO  [Eureka-EvictionTimer] com.netflix.eureka.registry.AbstractInstanceRegistry - Running the evict task with compensationTime 3ms
2019-01-08_21 21:12:20.179 INFO  [Eureka-EvictionTimer] com.netflix.eureka.registry.AbstractInstanceRegistry - Running the evict task with compensationTime 3ms
2019-01-08_21 21:12:31.436 INFO  [Eureka-EvictionTimer] com.netflix.eureka.registry.AbstractInstanceRegistry - Running the evict task with compensationTime 4ms
2019-01-08_21 21:12:43.060 INFO  [Eureka-EvictionTimer] com.netflix.eureka.registry.AbstractInstanceRegistry - Running the evict task with compensationTime 5ms
2019-01-08_21 21:13:20.184 INFO  [Eureka-EvictionTimer] com.netflix.eureka.registry.AbstractInstanceRegistry - Running the evict task with compensationTime 3ms
2019-01-08_21 21:13:31.442 INFO  [Eureka-EvictionTimer] com.netflix.eureka.registry.AbstractInstanceRegistry - Running the evict task with compensationTime 4ms
2019-01-08_21 21:13:43.067 INFO  [Eureka-EvictionTimer] com.netflix.eureka.registry.AbstractInstanceRegistry - Running the evict task with compensationTime 5ms
2019-01-08_21 21:13:51.510 INFO  [Thread-67] org.springframework.boot.context.embedded.AnnotationConfigEmbeddedWebApplicationContext - Closing org.springframework.boot.context.embedded.AnnotationConfigEmbeddedWebApplicationContext@788fcafb: startup date [Tue Jan 08 20:00:24 CST 2019]; parent: org.springframework.context.annotation.AnnotationConfigApplicationContext@3f56875e
2019-01-08_21 21:13:51.515 INFO  [Thread-67] org.springframework.cloud.netflix.eureka.serviceregistry.EurekaServiceRegistry - Unregistering application dept-provider with eureka with status DOWN
2019-01-08_21 21:13:51.515 WARN  [Thread-67] com.netflix.discovery.DiscoveryClient - Saw local status change event StatusChangeEvent [timestamp=1546953231515, current=DOWN, previous=UP]
2019-01-08_21 21:13:51.516 INFO  [DiscoveryClient-InstanceInfoReplicator-0] com.netflix.discovery.DiscoveryClient - DiscoveryClient_DEPT-PROVIDER/192.168.1.114:dept-provider:8001: registering service...
2019-01-08_21 21:13:51.518 INFO  [Thread-67] com.netflix.discovery.DiscoveryClient - Shutting down DiscoveryClient ...
2019-01-08_21 21:13:51.519 INFO  [Thread-67] com.netflix.discovery.DiscoveryClient - Unregistering ...
2019-01-08_21 21:13:51.533 INFO  [http-nio-7002-exec-3] com.netflix.eureka.registry.AbstractInstanceRegistry - Registered instance DEPT-PROVIDER/192.168.1.114:dept-provider:8001 with status DOWN (replication=false)
2019-01-08_21 21:13:51.534 INFO  [http-nio-7002-exec-4] com.netflix.eureka.registry.AbstractInstanceRegistry - Cancelled instance DEPT-PROVIDER/192.168.1.114:dept-provider:8001 (replication=false)
2019-01-08_21 21:13:51.535 INFO  [DiscoveryClient-InstanceInfoReplicator-0] com.netflix.discovery.DiscoveryClient - DiscoveryClient_DEPT-PROVIDER/192.168.1.114:dept-provider:8001 - registration status: 204
2019-01-08_21 21:13:51.538 INFO  [Thread-67] com.netflix.discovery.DiscoveryClient - DiscoveryClient_DEPT-PROVIDER/192.168.1.114:dept-provider:8001 - deregister  status: 200
2019-01-08_21 21:13:51.554 INFO  [Thread-67] com.netflix.discovery.DiscoveryClient - Completed shut down of DiscoveryClient
2019-01-08_21 21:13:51.562 INFO  [Thread-53] com.netflix.loadbalancer.PollingServerListUpdater - Shutting down the Executor Pool for PollingServerListUpdater
2019-01-08_21 21:13:51.563 INFO  [Thread-46] org.springframework.boot.context.embedded.AnnotationConfigEmbeddedWebApplicationContext - Closing org.springframework.boot.context.embedded.AnnotationConfigEmbeddedWebApplicationContext@788fcafb: startup date [Tue Jan 08 20:00:40 CST 2019]; parent: org.springframework.context.annotation.AnnotationConfigApplicationContext@3f56875e
2019-01-08_21 21:13:51.568 INFO  [Thread-67] org.springframework.context.support.DefaultLifecycleProcessor - Stopping beans in phase 2147483647
2019-01-08_21 21:13:51.569 INFO  [Thread-46] org.springframework.cloud.netflix.eureka.serviceregistry.EurekaServiceRegistry - Unregistering application dept-consumer with eureka with status DOWN
2019-01-08_21 21:13:51.571 INFO  [Thread-46] com.netflix.discovery.DiscoveryClient - Shutting down DiscoveryClient ...
2019-01-08_21 21:13:51.573 INFO  [Thread-67] org.springframework.context.support.DefaultLifecycleProcessor - Stopping beans in phase 0
2019-01-08_21 21:13:51.577 INFO  [Thread-67] org.springframework.jmx.export.annotation.AnnotationMBeanExporter - Unregistering JMX-exposed beans on shutdown
2019-01-08_21 21:13:51.577 INFO  [Thread-67] org.springframework.jmx.export.annotation.AnnotationMBeanExporter - Unregistering JMX-exposed beans
2019-01-08_21 21:13:51.590 INFO  [Thread-67] org.springframework.orm.jpa.LocalContainerEntityManagerFactoryBean - Closing JPA EntityManagerFactory for persistence unit 'default'
2019-01-08_21 21:13:51.599 INFO  [Thread-46] com.netflix.discovery.DiscoveryClient - Completed shut down of DiscoveryClient
2019-01-08_21 21:13:51.604 INFO  [Thread-67] com.alibaba.druid.pool.DruidDataSource - {dataSource-1} closed
2019-01-08_21 21:13:51.615 INFO  [Thread-46] org.springframework.context.support.DefaultLifecycleProcessor - Stopping beans in phase 2147483647
2019-01-08_21 21:13:51.619 INFO  [Thread-46] org.springframework.context.support.DefaultLifecycleProcessor - Stopping beans in phase 0
2019-01-08_21 21:13:51.622 INFO  [Thread-46] org.springframework.context.annotation.AnnotationConfigApplicationContext - Closing org.springframework.context.annotation.AnnotationConfigApplicationContext@7910cc3b: startup date [Tue Jan 08 20:02:16 CST 2019]; parent: org.springframework.boot.context.embedded.AnnotationConfigEmbeddedWebApplicationContext@788fcafb
2019-01-08_21 21:13:51.623 INFO  [Thread-46] org.springframework.cloud.netflix.eureka.serviceregistry.EurekaServiceRegistry - Unregistering application dept-consumer with eureka with status DOWN
2019-01-08_21 21:13:51.625 INFO  [Thread-69] org.springframework.boot.context.embedded.AnnotationConfigEmbeddedWebApplicationContext - Closing org.springframework.boot.context.embedded.AnnotationConfigEmbeddedWebApplicationContext@1253e7cb: startup date [Tue Jan 08 19:59:54 CST 2019]; parent: org.springframework.context.annotation.AnnotationConfigApplicationContext@3571b748
2019-01-08_21 21:13:51.628 INFO  [Thread-46] com.netflix.util.concurrent.ShutdownEnabledTimer - Shutdown hook removed for: NFLoadBalancer-PingTimer-DEPT-PROVIDER
2019-01-08_21 21:13:51.630 INFO  [Thread-69] org.springframework.cloud.netflix.eureka.serviceregistry.EurekaServiceRegistry - Unregistering application dept-provider with eureka with status DOWN
2019-01-08_21 21:13:51.632 INFO  [Thread-69] com.netflix.discovery.DiscoveryClient - Shutting down DiscoveryClient ...
2019-01-08_21 21:13:51.632 INFO  [Thread-69] com.netflix.discovery.DiscoveryClient - Completed shut down of DiscoveryClient
2019-01-08_21 21:13:51.637 INFO  [Thread-46] com.netflix.util.concurrent.ShutdownEnabledTimer - Exception caught (might be ok if at shutdown)
java.lang.IllegalStateException: Shutdown in progress
	at java.lang.ApplicationShutdownHooks.remove(ApplicationShutdownHooks.java:82)
	at java.lang.Runtime.removeShutdownHook(Runtime.java:239)
	at com.netflix.util.concurrent.ShutdownEnabledTimer.cancel(ShutdownEnabledTimer.java:70)
	at com.netflix.loadbalancer.BaseLoadBalancer.cancelPingTask(BaseLoadBalancer.java:613)
	at com.netflix.loadbalancer.BaseLoadBalancer.shutdown(BaseLoadBalancer.java:864)
	at com.netflix.loadbalancer.DynamicServerListLoadBalancer.shutdown(DynamicServerListLoadBalancer.java:277)
	at sun.reflect.NativeMethodAccessorImpl.invoke0(Native Method)
	at sun.reflect.NativeMethodAccessorImpl.invoke(NativeMethodAccessorImpl.java:62)
	at sun.reflect.DelegatingMethodAccessorImpl.invoke(DelegatingMethodAccessorImpl.java:43)
	at java.lang.reflect.Method.invoke(Method.java:498)
	at org.springframework.beans.factory.support.DisposableBeanAdapter.invokeCustomDestroyMethod(DisposableBeanAdapter.java:364)
	at org.springframework.beans.factory.support.DisposableBeanAdapter.destroy(DisposableBeanAdapter.java:287)
	at org.springframework.beans.factory.support.DefaultSingletonBeanRegistry.destroyBean(DefaultSingletonBeanRegistry.java:578)
	at org.springframework.beans.factory.support.DefaultSingletonBeanRegistry.destroySingleton(DefaultSingletonBeanRegistry.java:554)
	at org.springframework.beans.factory.support.DefaultListableBeanFactory.destroySingleton(DefaultListableBeanFactory.java:961)
	at org.springframework.beans.factory.support.DefaultSingletonBeanRegistry.destroySingletons(DefaultSingletonBeanRegistry.java:523)
	at org.springframework.beans.factory.support.FactoryBeanRegistrySupport.destroySingletons(FactoryBeanRegistrySupport.java:230)
	at org.springframework.beans.factory.support.DefaultListableBeanFactory.destroySingletons(DefaultListableBeanFactory.java:968)
	at org.springframework.context.support.AbstractApplicationContext.destroyBeans(AbstractApplicationContext.java:1030)
	at org.springframework.context.support.AbstractApplicationContext.doClose(AbstractApplicationContext.java:1006)
	at org.springframework.context.support.AbstractApplicationContext.close(AbstractApplicationContext.java:958)
	at org.springframework.cloud.context.named.NamedContextFactory.destroy(NamedContextFactory.java:76)
	at org.springframework.beans.factory.support.DisposableBeanAdapter.destroy(DisposableBeanAdapter.java:272)
	at org.springframework.beans.factory.support.DefaultSingletonBeanRegistry.destroyBean(DefaultSingletonBeanRegistry.java:578)
	at org.springframework.beans.factory.support.DefaultSingletonBeanRegistry.destroySingleton(DefaultSingletonBeanRegistry.java:554)
	at org.springframework.beans.factory.support.DefaultListableBeanFactory.destroySingleton(DefaultListableBeanFactory.java:961)
	at org.springframework.beans.factory.support.DefaultSingletonBeanRegistry.destroySingletons(DefaultSingletonBeanRegistry.java:523)
	at org.springframework.beans.factory.support.FactoryBeanRegistrySupport.destroySingletons(FactoryBeanRegistrySupport.java:230)
	at org.springframework.beans.factory.support.DefaultListableBeanFactory.destroySingletons(DefaultListableBeanFactory.java:968)
	at org.springframework.context.support.AbstractApplicationContext.destroyBeans(AbstractApplicationContext.java:1030)
	at org.springframework.context.support.AbstractApplicationContext.doClose(AbstractApplicationContext.java:1006)
	at org.springframework.context.support.AbstractApplicationContext$2.run(AbstractApplicationContext.java:929)
2019-01-08_21 21:13:51.642 INFO  [Thread-46] org.springframework.jmx.export.annotation.AnnotationMBeanExporter - Unregistering JMX-exposed beans on shutdown
2019-01-08_21 21:13:51.642 INFO  [Thread-46] org.springframework.jmx.export.annotation.AnnotationMBeanExporter - Unregistering JMX-exposed beans
2019-01-08_21 21:13:51.648 INFO  [Thread-69] org.springframework.context.support.DefaultLifecycleProcessor - Stopping beans in phase 0
2019-01-08_21 21:13:51.649 INFO  [Thread-46] org.springframework.orm.jpa.LocalContainerEntityManagerFactoryBean - Closing JPA EntityManagerFactory for persistence unit 'default'
2019-01-08_21 21:13:51.656 INFO  [Thread-69] com.netflix.eureka.DefaultEurekaServerContext - Shutting down ...
2019-01-08_21 21:13:51.656 INFO  [Thread-46] com.alibaba.druid.pool.DruidDataSource - {dataSource-1} closed
2019-01-08_21 21:13:51.669 INFO  [Thread-69] com.netflix.eureka.DefaultEurekaServerContext - Shut down
2019-01-08_21 21:13:51.673 INFO  [Thread-69] org.springframework.boot.actuate.endpoint.jmx.EndpointMBeanExporter - Unregistering JMX-exposed beans on shutdown
2019-01-08_21 21:13:51.674 INFO  [Thread-69] org.springframework.boot.actuate.endpoint.jmx.EndpointMBeanExporter - Unregistering JMX-exposed beans
2019-01-08_21 21:13:51.675 INFO  [Thread-69] org.springframework.jmx.export.annotation.AnnotationMBeanExporter - Unregistering JMX-exposed beans on shutdown
2019-01-08_21 21:13:51.675 INFO  [Thread-69] org.springframework.jmx.export.annotation.AnnotationMBeanExporter - Unregistering JMX-exposed beans
2019-01-08_21 21:13:51.686 INFO  [Thread-80] org.springframework.boot.context.embedded.AnnotationConfigEmbeddedWebApplicationContext - Closing org.springframework.boot.context.embedded.AnnotationConfigEmbeddedWebApplicationContext@1253e7cb: startup date [Tue Jan 08 20:00:00 CST 2019]; parent: org.springframework.context.annotation.AnnotationConfigApplicationContext@3571b748
2019-01-08_21 21:13:51.688 INFO  [Thread-69] org.springframework.orm.jpa.LocalContainerEntityManagerFactoryBean - Closing JPA EntityManagerFactory for persistence unit 'default'
2019-01-08_21 21:13:51.689 INFO  [Thread-80] org.springframework.cloud.netflix.eureka.serviceregistry.EurekaServiceRegistry - Unregistering application dept-provider with eureka with status DOWN
2019-01-08_21 21:13:51.690 INFO  [Thread-80] com.netflix.discovery.DiscoveryClient - Shutting down DiscoveryClient ...
2019-01-08_21 21:13:51.690 INFO  [Thread-80] com.netflix.discovery.DiscoveryClient - Completed shut down of DiscoveryClient
2019-01-08_21 21:13:51.705 INFO  [Thread-80] org.springframework.context.support.DefaultLifecycleProcessor - Stopping beans in phase 0
2019-01-08_21 21:13:51.705 INFO  [Thread-69] com.alibaba.druid.pool.DruidDataSource - {dataSource-1} closed
2019-01-08_21 21:13:51.708 INFO  [Thread-80] com.netflix.eureka.DefaultEurekaServerContext - Shutting down ...
2019-01-08_21 21:13:51.717 INFO  [Thread-80] com.netflix.eureka.DefaultEurekaServerContext - Shut down
2019-01-08_21 21:13:51.721 INFO  [Thread-80] org.springframework.boot.actuate.endpoint.jmx.EndpointMBeanExporter - Unregistering JMX-exposed beans on shutdown
2019-01-08_21 21:13:51.721 INFO  [Thread-80] org.springframework.boot.actuate.endpoint.jmx.EndpointMBeanExporter - Unregistering JMX-exposed beans
2019-01-08_21 21:13:51.722 INFO  [Thread-80] org.springframework.jmx.export.annotation.AnnotationMBeanExporter - Unregistering JMX-exposed beans on shutdown
2019-01-08_21 21:13:51.723 INFO  [Thread-80] org.springframework.jmx.export.annotation.AnnotationMBeanExporter - Unregistering JMX-exposed beans
2019-01-08_21 21:13:51.730 INFO  [Thread-80] org.springframework.orm.jpa.LocalContainerEntityManagerFactoryBean - Closing JPA EntityManagerFactory for persistence unit 'default'
2019-01-08_21 21:13:51.738 INFO  [Thread-80] com.alibaba.druid.pool.DruidDataSource - {dataSource-1} closed
2019-01-08_21 21:13:51.754 INFO  [Thread-88] org.springframework.boot.context.embedded.AnnotationConfigEmbeddedWebApplicationContext - Closing org.springframework.boot.context.embedded.AnnotationConfigEmbeddedWebApplicationContext@1253e7cb: startup date [Tue Jan 08 20:00:07 CST 2019]; parent: org.springframework.context.annotation.AnnotationConfigApplicationContext@3571b748
2019-01-08_21 21:13:51.761 INFO  [Thread-88] org.springframework.cloud.netflix.eureka.serviceregistry.EurekaServiceRegistry - Unregistering application dept-provider with eureka with status DOWN
2019-01-08_21 21:13:51.762 INFO  [Thread-88] com.netflix.discovery.DiscoveryClient - Shutting down DiscoveryClient ...
2019-01-08_21 21:13:51.763 INFO  [Thread-88] com.netflix.discovery.DiscoveryClient - Completed shut down of DiscoveryClient
2019-01-08_21 21:13:51.775 INFO  [Thread-88] org.springframework.context.support.DefaultLifecycleProcessor - Stopping beans in phase 0
2019-01-08_21 21:13:51.791 INFO  [Thread-88] com.netflix.eureka.DefaultEurekaServerContext - Shutting down ...
2019-01-08_21 21:13:51.874 INFO  [Thread-88] com.netflix.eureka.DefaultEurekaServerContext - Shut down
2019-01-08_21 21:13:51.882 INFO  [Thread-88] org.springframework.boot.actuate.endpoint.jmx.EndpointMBeanExporter - Unregistering JMX-exposed beans on shutdown
2019-01-08_21 21:13:51.883 INFO  [Thread-88] org.springframework.boot.actuate.endpoint.jmx.EndpointMBeanExporter - Unregistering JMX-exposed beans
2019-01-08_21 21:13:51.884 INFO  [Thread-88] org.springframework.jmx.export.annotation.AnnotationMBeanExporter - Unregistering JMX-exposed beans on shutdown
2019-01-08_21 21:13:51.884 INFO  [Thread-88] org.springframework.jmx.export.annotation.AnnotationMBeanExporter - Unregistering JMX-exposed beans
2019-01-08_21 21:13:51.903 INFO  [Thread-88] org.springframework.orm.jpa.LocalContainerEntityManagerFactoryBean - Closing JPA EntityManagerFactory for persistence unit 'default'
2019-01-08_21 21:13:51.911 INFO  [Thread-88] com.alibaba.druid.pool.DruidDataSource - {dataSource-1} closed
