2019-02-27_17 17:03:14.561 INFO  [main] org.springframework.context.annotation.AnnotationConfigApplicationContext - Refreshing org.springframework.context.annotation.AnnotationConfigApplicationContext@7283d3eb: startup date [Wed Feb 27 17:03:14 CST 2019]; root of context hierarchy
2019-02-27_17 17:03:15.015 INFO  [main] org.springframework.beans.factory.annotation.AutowiredAnnotationBeanPostProcessor - JSR-330 'javax.inject.Inject' annotation found and supported for autowiring
2019-02-27_17 17:03:15.094 INFO  [main] org.springframework.context.support.PostProcessorRegistrationDelegate$BeanPostProcessorChecker - Bean 'configurationPropertiesRebinderAutoConfiguration' of type [org.springframework.cloud.autoconfigure.ConfigurationPropertiesRebinderAutoConfiguration$$EnhancerBySpringCGLIB$$fba4ecea] is not eligible for getting processed by all BeanPostProcessors (for example: not eligible for auto-proxying)
2019-02-27_17 17:03:15.161 INFO  [background-preinit] org.hibernate.validator.internal.util.Version - HV000001: Hibernate Validator 5.3.5.Final
2019-02-27_17 17:03:15.587 INFO  [main] lcxy.springcloud.micorserviceapi.MicorServiceApiApplicationTests - No active profile set, falling back to default profiles: default
2019-02-27_17 17:03:15.593 INFO  [main] org.springframework.web.context.support.GenericWebApplicationContext - Refreshing org.springframework.web.context.support.GenericWebApplicationContext@89ff02e: startup date [Wed Feb 27 17:03:15 CST 2019]; parent: org.springframework.context.annotation.AnnotationConfigApplicationContext@7283d3eb
2019-02-27_17 17:03:16.988 WARN  [main] org.mybatis.spring.mapper.ClassPathMapperScanner - No MyBatis mapper was found in '[lcxy.springcloud.micorserviceapi]' package. Please check your configuration.
2019-02-27_17 17:03:17.422 INFO  [main] org.springframework.cloud.context.scope.GenericScope - BeanFactory id=b4d09956-6105-3956-af6b-1934af125de1
2019-02-27_17 17:03:17.577 INFO  [main] org.springframework.beans.factory.annotation.AutowiredAnnotationBeanPostProcessor - JSR-330 'javax.inject.Inject' annotation found and supported for autowiring
2019-02-27_17 17:03:17.631 INFO  [main] org.springframework.context.support.PostProcessorRegistrationDelegate$BeanPostProcessorChecker - Bean 'validatorConfig' of type [lcxy.springcloud.micorserviceapi.config.ValidatorConfig$$EnhancerBySpringCGLIB$$cc296415] is not eligible for getting processed by all BeanPostProcessors (for example: not eligible for auto-proxying)
2019-02-27_17 17:03:17.658 INFO  [main] org.springframework.context.support.PostProcessorRegistrationDelegate$BeanPostProcessorChecker - Bean 'validator' of type [org.hibernate.validator.internal.engine.ValidatorImpl] is not eligible for getting processed by all BeanPostProcessors (for example: not eligible for auto-proxying)
2019-02-27_17 17:03:17.775 INFO  [main] org.springframework.context.support.PostProcessorRegistrationDelegate$BeanPostProcessorChecker - Bean 'org.springframework.transaction.annotation.ProxyTransactionManagementConfiguration' of type [org.springframework.transaction.annotation.ProxyTransactionManagementConfiguration$$EnhancerBySpringCGLIB$$df8ae9ed] is not eligible for getting processed by all BeanPostProcessors (for example: not eligible for auto-proxying)
2019-02-27_17 17:03:17.846 INFO  [main] org.springframework.context.support.PostProcessorRegistrationDelegate$BeanPostProcessorChecker - Bean 'org.springframework.cloud.autoconfigure.ConfigurationPropertiesRebinderAutoConfiguration' of type [org.springframework.cloud.autoconfigure.ConfigurationPropertiesRebinderAutoConfiguration$$EnhancerBySpringCGLIB$$fba4ecea] is not eligible for getting processed by all BeanPostProcessors (for example: not eligible for auto-proxying)
2019-02-27_17 17:03:17.877 INFO  [main] com.alibaba.druid.spring.boot.autoconfigure.DruidDataSourceAutoConfigure - Init DruidDataSource
2019-02-27_17 17:03:18.906 INFO  [main] com.alibaba.druid.pool.DruidDataSource - {dataSource-1} inited
2019-02-27_17 17:03:19.677 INFO  [main] org.springframework.orm.jpa.LocalContainerEntityManagerFactoryBean - Building JPA container EntityManagerFactory for persistence unit 'default'
2019-02-27_17 17:03:19.707 INFO  [main] org.hibernate.jpa.internal.util.LogHelper - HHH000204: Processing PersistenceUnitInfo [
	name: default
	...]
2019-02-27_17 17:03:19.983 INFO  [main] org.hibernate.Version - HHH000412: Hibernate Core {5.0.12.Final}
2019-02-27_17 17:03:19.986 INFO  [main] org.hibernate.cfg.Environment - HHH000206: hibernate.properties not found
2019-02-27_17 17:03:19.989 INFO  [main] org.hibernate.cfg.Environment - HHH000021: Bytecode provider name : javassist
2019-02-27_17 17:03:20.009 INFO  [main] org.hibernate.spatial.integration.SpatialService - HHH80000001: hibernate-spatial integration enabled : true
2019-02-27_17 17:03:20.100 INFO  [main] org.hibernate.annotations.common.Version - HCANN000001: Hibernate Commons Annotations {5.0.1.Final}
2019-02-27_17 17:03:20.305 INFO  [main] org.hibernate.dialect.Dialect - HHH000400: Using dialect: org.hibernate.dialect.MySQL5Dialect
2019-02-27_17 17:03:20.743 INFO  [main] org.springframework.orm.jpa.LocalContainerEntityManagerFactoryBean - Initialized JPA EntityManagerFactory for persistence unit 'default'
2019-02-27_17 17:03:21.479 INFO  [main] org.springframework.web.servlet.mvc.method.annotation.RequestMappingHandlerMapping - Mapped "{[/404],methods=[GET]}" onto public lcxy.springcloud.micorserviceentity.commonbox.Result lcxy.springcloud.micorserviceapi.controller.ErrorController.notFound()
2019-02-27_17 17:03:21.480 INFO  [main] org.springframework.web.servlet.mvc.method.annotation.RequestMappingHandlerMapping - Mapped "{[/401],methods=[GET]}" onto public lcxy.springcloud.micorserviceentity.commonbox.Result lcxy.springcloud.micorserviceapi.controller.ErrorController.unauthorized()
2019-02-27_17 17:03:21.485 INFO  [main] org.springframework.web.servlet.mvc.method.annotation.RequestMappingHandlerMapping - Mapped "{[/swagger-resources/configuration/security]}" onto public org.springframework.http.ResponseEntity<springfox.documentation.swagger.web.SecurityConfiguration> springfox.documentation.swagger.web.ApiResourceController.securityConfiguration()
2019-02-27_17 17:03:21.487 INFO  [main] org.springframework.web.servlet.mvc.method.annotation.RequestMappingHandlerMapping - Mapped "{[/swagger-resources/configuration/ui]}" onto public org.springframework.http.ResponseEntity<springfox.documentation.swagger.web.UiConfiguration> springfox.documentation.swagger.web.ApiResourceController.uiConfiguration()
2019-02-27_17 17:03:21.489 INFO  [main] org.springframework.web.servlet.mvc.method.annotation.RequestMappingHandlerMapping - Mapped "{[/swagger-resources]}" onto public org.springframework.http.ResponseEntity<java.util.List<springfox.documentation.swagger.web.SwaggerResource>> springfox.documentation.swagger.web.ApiResourceController.swaggerResources()
2019-02-27_17 17:03:21.499 INFO  [main] org.springframework.web.servlet.mvc.method.annotation.RequestMappingHandlerMapping - Mapped "{[/error]}" onto public org.springframework.http.ResponseEntity<java.util.Map<java.lang.String, java.lang.Object>> org.springframework.boot.autoconfigure.web.BasicErrorController.error(javax.servlet.http.HttpServletRequest)
2019-02-27_17 17:03:21.502 INFO  [main] org.springframework.web.servlet.mvc.method.annotation.RequestMappingHandlerMapping - Mapped "{[/error],produces=[text/html]}" onto public org.springframework.web.servlet.ModelAndView org.springframework.boot.autoconfigure.web.BasicErrorController.errorHtml(javax.servlet.http.HttpServletRequest,javax.servlet.http.HttpServletResponse)
2019-02-27_17 17:03:21.852 INFO  [main] springfox.documentation.spring.web.PropertySourcedRequestMappingHandlerMapping - Mapped URL path [/v2/api-docs] onto method [public org.springframework.http.ResponseEntity<springfox.documentation.spring.web.json.Json> springfox.documentation.swagger2.web.Swagger2Controller.getDocumentation(java.lang.String,javax.servlet.http.HttpServletRequest)]
2019-02-27_17 17:03:22.473 WARN  [main] com.netflix.config.sources.URLConfigurationSource - No URLs will be polled as dynamic configuration sources.
2019-02-27_17 17:03:22.474 INFO  [main] com.netflix.config.sources.URLConfigurationSource - To enable URLs as dynamic configuration sources, define System property archaius.configurationSource.additionalUrls or make config.properties available on classpath.
2019-02-27_17 17:03:22.489 WARN  [main] com.netflix.config.sources.URLConfigurationSource - No URLs will be polled as dynamic configuration sources.
2019-02-27_17 17:03:22.491 INFO  [main] com.netflix.config.sources.URLConfigurationSource - To enable URLs as dynamic configuration sources, define System property archaius.configurationSource.additionalUrls or make config.properties available on classpath.
2019-02-27_17 17:03:22.896 INFO  [main] org.springframework.web.servlet.mvc.method.annotation.RequestMappingHandlerAdapter - Looking for @ControllerAdvice: org.springframework.web.context.support.GenericWebApplicationContext@89ff02e: startup date [Wed Feb 27 17:03:15 CST 2019]; parent: org.springframework.context.annotation.AnnotationConfigApplicationContext@7283d3eb
2019-02-27_17 17:03:23.064 INFO  [main] org.springframework.web.servlet.handler.SimpleUrlHandlerMapping - Mapped URL path [/webjars/**] onto handler of type [class org.springframework.web.servlet.resource.ResourceHttpRequestHandler]
2019-02-27_17 17:03:23.065 INFO  [main] org.springframework.web.servlet.handler.SimpleUrlHandlerMapping - Mapped URL path [/**] onto handler of type [class org.springframework.web.servlet.resource.ResourceHttpRequestHandler]
2019-02-27_17 17:03:23.145 INFO  [main] org.springframework.web.servlet.handler.SimpleUrlHandlerMapping - Mapped URL path [/**/favicon.ico] onto handler of type [class org.springframework.web.servlet.resource.ResourceHttpRequestHandler]
2019-02-27_17 17:03:24.345 INFO  [main] org.springframework.context.support.DefaultLifecycleProcessor - Starting beans in phase 2147483647
2019-02-27_17 17:03:24.345 INFO  [main] springfox.documentation.spring.web.plugins.DocumentationPluginsBootstrapper - Context refreshed
2019-02-27_17 17:03:24.379 INFO  [main] springfox.documentation.spring.web.plugins.DocumentationPluginsBootstrapper - Found 1 custom documentation plugin(s)
2019-02-27_17 17:03:24.454 INFO  [main] springfox.documentation.spring.web.scanners.ApiListingReferenceScanner - Scanning for api listing references
2019-02-27_17 17:03:24.507 INFO  [main] lcxy.springcloud.micorserviceapi.MicorServiceApiApplicationTests - Started MicorServiceApiApplicationTests in 10.748 seconds (JVM running for 12.43)
2019-02-27_17 17:03:24.673 INFO  [Thread-5] org.springframework.web.context.support.GenericWebApplicationContext - Closing org.springframework.web.context.support.GenericWebApplicationContext@89ff02e: startup date [Wed Feb 27 17:03:15 CST 2019]; parent: org.springframework.context.annotation.AnnotationConfigApplicationContext@7283d3eb
2019-02-27_17 17:03:24.676 INFO  [Thread-5] org.springframework.context.support.DefaultLifecycleProcessor - Stopping beans in phase 2147483647
2019-02-27_17 17:03:24.689 INFO  [Thread-5] org.springframework.orm.jpa.LocalContainerEntityManagerFactoryBean - Closing JPA EntityManagerFactory for persistence unit 'default'
2019-02-27_17 17:03:24.698 INFO  [Thread-5] com.alibaba.druid.pool.DruidDataSource - {dataSource-1} closed
2019-02-27_17 17:17:14.528 INFO  [main] org.springframework.context.annotation.AnnotationConfigApplicationContext - Refreshing org.springframework.context.annotation.AnnotationConfigApplicationContext@638ef7ed: startup date [Wed Feb 27 17:17:14 CST 2019]; root of context hierarchy
2019-02-27_17 17:17:15.108 INFO  [main] org.springframework.beans.factory.annotation.AutowiredAnnotationBeanPostProcessor - JSR-330 'javax.inject.Inject' annotation found and supported for autowiring
2019-02-27_17 17:17:15.205 INFO  [background-preinit] org.hibernate.validator.internal.util.Version - HV000001: Hibernate Validator 5.3.5.Final
2019-02-27_17 17:17:15.256 INFO  [main] org.springframework.context.support.PostProcessorRegistrationDelegate$BeanPostProcessorChecker - Bean 'configurationPropertiesRebinderAutoConfiguration' of type [org.springframework.cloud.autoconfigure.ConfigurationPropertiesRebinderAutoConfiguration$$EnhancerBySpringCGLIB$$53ce764] is not eligible for getting processed by all BeanPostProcessors (for example: not eligible for auto-proxying)
2019-02-27_17 17:17:15.800 INFO  [main] lcxy.springcloud.micorserviceapi.MicorServiceApiApplicationTests - No active profile set, falling back to default profiles: default
2019-02-27_17 17:17:15.812 INFO  [main] org.springframework.web.context.support.GenericWebApplicationContext - Refreshing org.springframework.web.context.support.GenericWebApplicationContext@6865c751: startup date [Wed Feb 27 17:17:15 CST 2019]; parent: org.springframework.context.annotation.AnnotationConfigApplicationContext@638ef7ed
2019-02-27_17 17:17:17.429 WARN  [main] org.mybatis.spring.mapper.ClassPathMapperScanner - No MyBatis mapper was found in '[lcxy.springcloud.micorserviceapi]' package. Please check your configuration.
2019-02-27_17 17:17:18.129 INFO  [main] org.springframework.cloud.context.scope.GenericScope - BeanFactory id=b4d09956-6105-3956-af6b-1934af125de1
2019-02-27_17 17:17:18.276 INFO  [main] org.springframework.beans.factory.annotation.AutowiredAnnotationBeanPostProcessor - JSR-330 'javax.inject.Inject' annotation found and supported for autowiring
2019-02-27_17 17:17:18.325 INFO  [main] org.springframework.context.support.PostProcessorRegistrationDelegate$BeanPostProcessorChecker - Bean 'validatorConfig' of type [lcxy.springcloud.micorserviceapi.config.ValidatorConfig$$EnhancerBySpringCGLIB$$d5c15e8f] is not eligible for getting processed by all BeanPostProcessors (for example: not eligible for auto-proxying)
2019-02-27_17 17:17:18.354 INFO  [main] org.springframework.context.support.PostProcessorRegistrationDelegate$BeanPostProcessorChecker - Bean 'validator' of type [org.hibernate.validator.internal.engine.ValidatorImpl] is not eligible for getting processed by all BeanPostProcessors (for example: not eligible for auto-proxying)
2019-02-27_17 17:17:18.472 INFO  [main] org.springframework.context.support.PostProcessorRegistrationDelegate$BeanPostProcessorChecker - Bean 'org.springframework.transaction.annotation.ProxyTransactionManagementConfiguration' of type [org.springframework.transaction.annotation.ProxyTransactionManagementConfiguration$$EnhancerBySpringCGLIB$$e922e467] is not eligible for getting processed by all BeanPostProcessors (for example: not eligible for auto-proxying)
2019-02-27_17 17:17:18.539 INFO  [main] org.springframework.context.support.PostProcessorRegistrationDelegate$BeanPostProcessorChecker - Bean 'org.springframework.cloud.autoconfigure.ConfigurationPropertiesRebinderAutoConfiguration' of type [org.springframework.cloud.autoconfigure.ConfigurationPropertiesRebinderAutoConfiguration$$EnhancerBySpringCGLIB$$53ce764] is not eligible for getting processed by all BeanPostProcessors (for example: not eligible for auto-proxying)
2019-02-27_17 17:17:18.579 INFO  [main] com.alibaba.druid.spring.boot.autoconfigure.DruidDataSourceAutoConfigure - Init DruidDataSource
2019-02-27_17 17:17:19.755 INFO  [main] com.alibaba.druid.pool.DruidDataSource - {dataSource-1} inited
2019-02-27_17 17:17:20.407 INFO  [main] org.springframework.orm.jpa.LocalContainerEntityManagerFactoryBean - Building JPA container EntityManagerFactory for persistence unit 'default'
2019-02-27_17 17:17:20.445 INFO  [main] org.hibernate.jpa.internal.util.LogHelper - HHH000204: Processing PersistenceUnitInfo [
	name: default
	...]
2019-02-27_17 17:17:20.786 INFO  [main] org.hibernate.Version - HHH000412: Hibernate Core {5.0.12.Final}
2019-02-27_17 17:17:20.790 INFO  [main] org.hibernate.cfg.Environment - HHH000206: hibernate.properties not found
2019-02-27_17 17:17:20.793 INFO  [main] org.hibernate.cfg.Environment - HHH000021: Bytecode provider name : javassist
2019-02-27_17 17:17:20.811 INFO  [main] org.hibernate.spatial.integration.SpatialService - HHH80000001: hibernate-spatial integration enabled : true
2019-02-27_17 17:17:20.864 INFO  [main] org.hibernate.annotations.common.Version - HCANN000001: Hibernate Commons Annotations {5.0.1.Final}
2019-02-27_17 17:17:21.037 INFO  [main] org.hibernate.dialect.Dialect - HHH000400: Using dialect: org.hibernate.dialect.MySQL5Dialect
2019-02-27_17 17:17:21.667 INFO  [main] org.springframework.orm.jpa.LocalContainerEntityManagerFactoryBean - Initialized JPA EntityManagerFactory for persistence unit 'default'
2019-02-27_17 17:17:24.877 INFO  [main] org.springframework.web.servlet.mvc.method.annotation.RequestMappingHandlerMapping - Mapped "{[/401],methods=[GET]}" onto public lcxy.springcloud.micorserviceentity.commonbox.Result lcxy.springcloud.micorserviceapi.controller.ErrorController.unauthorized()
2019-02-27_17 17:17:24.880 INFO  [main] org.springframework.web.servlet.mvc.method.annotation.RequestMappingHandlerMapping - Mapped "{[/404],methods=[GET]}" onto public lcxy.springcloud.micorserviceentity.commonbox.Result lcxy.springcloud.micorserviceapi.controller.ErrorController.notFound()
2019-02-27_17 17:17:24.884 INFO  [main] org.springframework.web.servlet.mvc.method.annotation.RequestMappingHandlerMapping - Mapped "{[/swagger-resources/configuration/security]}" onto public org.springframework.http.ResponseEntity<springfox.documentation.swagger.web.SecurityConfiguration> springfox.documentation.swagger.web.ApiResourceController.securityConfiguration()
2019-02-27_17 17:17:24.884 INFO  [main] org.springframework.web.servlet.mvc.method.annotation.RequestMappingHandlerMapping - Mapped "{[/swagger-resources/configuration/ui]}" onto public org.springframework.http.ResponseEntity<springfox.documentation.swagger.web.UiConfiguration> springfox.documentation.swagger.web.ApiResourceController.uiConfiguration()
2019-02-27_17 17:17:24.885 INFO  [main] org.springframework.web.servlet.mvc.method.annotation.RequestMappingHandlerMapping - Mapped "{[/swagger-resources]}" onto public org.springframework.http.ResponseEntity<java.util.List<springfox.documentation.swagger.web.SwaggerResource>> springfox.documentation.swagger.web.ApiResourceController.swaggerResources()
2019-02-27_17 17:17:24.893 INFO  [main] org.springframework.web.servlet.mvc.method.annotation.RequestMappingHandlerMapping - Mapped "{[/error]}" onto public org.springframework.http.ResponseEntity<java.util.Map<java.lang.String, java.lang.Object>> org.springframework.boot.autoconfigure.web.BasicErrorController.error(javax.servlet.http.HttpServletRequest)
2019-02-27_17 17:17:24.893 INFO  [main] org.springframework.web.servlet.mvc.method.annotation.RequestMappingHandlerMapping - Mapped "{[/error],produces=[text/html]}" onto public org.springframework.web.servlet.ModelAndView org.springframework.boot.autoconfigure.web.BasicErrorController.errorHtml(javax.servlet.http.HttpServletRequest,javax.servlet.http.HttpServletResponse)
2019-02-27_17 17:17:25.764 INFO  [main] springfox.documentation.spring.web.PropertySourcedRequestMappingHandlerMapping - Mapped URL path [/v2/api-docs] onto method [public org.springframework.http.ResponseEntity<springfox.documentation.spring.web.json.Json> springfox.documentation.swagger2.web.Swagger2Controller.getDocumentation(java.lang.String,javax.servlet.http.HttpServletRequest)]
2019-02-27_17 17:17:26.263 WARN  [main] com.netflix.config.sources.URLConfigurationSource - No URLs will be polled as dynamic configuration sources.
2019-02-27_17 17:17:26.263 INFO  [main] com.netflix.config.sources.URLConfigurationSource - To enable URLs as dynamic configuration sources, define System property archaius.configurationSource.additionalUrls or make config.properties available on classpath.
2019-02-27_17 17:17:26.271 WARN  [main] com.netflix.config.sources.URLConfigurationSource - No URLs will be polled as dynamic configuration sources.
2019-02-27_17 17:17:26.272 INFO  [main] com.netflix.config.sources.URLConfigurationSource - To enable URLs as dynamic configuration sources, define System property archaius.configurationSource.additionalUrls or make config.properties available on classpath.
2019-02-27_17 17:17:27.227 INFO  [main] org.springframework.web.servlet.mvc.method.annotation.RequestMappingHandlerAdapter - Looking for @ControllerAdvice: org.springframework.web.context.support.GenericWebApplicationContext@6865c751: startup date [Wed Feb 27 17:17:15 CST 2019]; parent: org.springframework.context.annotation.AnnotationConfigApplicationContext@638ef7ed
2019-02-27_17 17:17:27.496 INFO  [main] org.springframework.web.servlet.handler.SimpleUrlHandlerMapping - Mapped URL path [/webjars/**] onto handler of type [class org.springframework.web.servlet.resource.ResourceHttpRequestHandler]
2019-02-27_17 17:17:27.497 INFO  [main] org.springframework.web.servlet.handler.SimpleUrlHandlerMapping - Mapped URL path [/**] onto handler of type [class org.springframework.web.servlet.resource.ResourceHttpRequestHandler]
2019-02-27_17 17:17:27.601 INFO  [main] org.springframework.web.servlet.handler.SimpleUrlHandlerMapping - Mapped URL path [/**/favicon.ico] onto handler of type [class org.springframework.web.servlet.resource.ResourceHttpRequestHandler]
2019-02-27_17 17:17:29.120 INFO  [main] org.springframework.context.support.DefaultLifecycleProcessor - Starting beans in phase 2147483647
2019-02-27_17 17:17:29.121 INFO  [main] springfox.documentation.spring.web.plugins.DocumentationPluginsBootstrapper - Context refreshed
2019-02-27_17 17:17:29.213 INFO  [main] springfox.documentation.spring.web.plugins.DocumentationPluginsBootstrapper - Found 1 custom documentation plugin(s)
2019-02-27_17 17:17:29.509 INFO  [main] springfox.documentation.spring.web.scanners.ApiListingReferenceScanner - Scanning for api listing references
2019-02-27_17 17:17:29.612 INFO  [main] lcxy.springcloud.micorserviceapi.MicorServiceApiApplicationTests - Started MicorServiceApiApplicationTests in 15.91 seconds (JVM running for 17.617)
2019-02-27_17 17:17:29.871 INFO  [Thread-5] org.springframework.web.context.support.GenericWebApplicationContext - Closing org.springframework.web.context.support.GenericWebApplicationContext@6865c751: startup date [Wed Feb 27 17:17:15 CST 2019]; parent: org.springframework.context.annotation.AnnotationConfigApplicationContext@638ef7ed
2019-02-27_17 17:17:29.874 INFO  [Thread-5] org.springframework.context.support.DefaultLifecycleProcessor - Stopping beans in phase 2147483647
2019-02-27_17 17:17:29.969 INFO  [Thread-5] org.springframework.orm.jpa.LocalContainerEntityManagerFactoryBean - Closing JPA EntityManagerFactory for persistence unit 'default'
2019-02-27_17 17:17:29.979 INFO  [Thread-5] com.alibaba.druid.pool.DruidDataSource - {dataSource-1} closed
2019-02-27_17 17:24:22.858 INFO  [main] org.springframework.context.annotation.AnnotationConfigApplicationContext - Refreshing org.springframework.context.annotation.AnnotationConfigApplicationContext@638ef7ed: startup date [Wed Feb 27 17:24:22 CST 2019]; root of context hierarchy
2019-02-27_17 17:24:23.271 INFO  [main] org.springframework.beans.factory.annotation.AutowiredAnnotationBeanPostProcessor - JSR-330 'javax.inject.Inject' annotation found and supported for autowiring
2019-02-27_17 17:24:23.409 INFO  [background-preinit] org.hibernate.validator.internal.util.Version - HV000001: Hibernate Validator 5.3.5.Final
2019-02-27_17 17:24:23.413 INFO  [main] org.springframework.context.support.PostProcessorRegistrationDelegate$BeanPostProcessorChecker - Bean 'configurationPropertiesRebinderAutoConfiguration' of type [org.springframework.cloud.autoconfigure.ConfigurationPropertiesRebinderAutoConfiguration$$EnhancerBySpringCGLIB$$53ce764] is not eligible for getting processed by all BeanPostProcessors (for example: not eligible for auto-proxying)
2019-02-27_17 17:24:23.867 INFO  [main] lcxy.springcloud.micorserviceapi.MicorServiceApiApplicationTests - No active profile set, falling back to default profiles: default
2019-02-27_17 17:24:23.882 INFO  [main] org.springframework.web.context.support.GenericWebApplicationContext - Refreshing org.springframework.web.context.support.GenericWebApplicationContext@6865c751: startup date [Wed Feb 27 17:24:23 CST 2019]; parent: org.springframework.context.annotation.AnnotationConfigApplicationContext@638ef7ed
2019-02-27_17 17:24:25.224 WARN  [main] org.mybatis.spring.mapper.ClassPathMapperScanner - No MyBatis mapper was found in '[lcxy.springcloud.micorserviceapi]' package. Please check your configuration.
2019-02-27_17 17:24:25.691 INFO  [main] org.springframework.cloud.context.scope.GenericScope - BeanFactory id=b4d09956-6105-3956-af6b-1934af125de1
2019-02-27_17 17:24:25.850 INFO  [main] org.springframework.beans.factory.annotation.AutowiredAnnotationBeanPostProcessor - JSR-330 'javax.inject.Inject' annotation found and supported for autowiring
2019-02-27_17 17:24:25.896 INFO  [main] org.springframework.context.support.PostProcessorRegistrationDelegate$BeanPostProcessorChecker - Bean 'validatorConfig' of type [lcxy.springcloud.micorserviceapi.config.ValidatorConfig$$EnhancerBySpringCGLIB$$d5c15e8f] is not eligible for getting processed by all BeanPostProcessors (for example: not eligible for auto-proxying)
2019-02-27_17 17:24:25.938 INFO  [main] org.springframework.context.support.PostProcessorRegistrationDelegate$BeanPostProcessorChecker - Bean 'validator' of type [org.hibernate.validator.internal.engine.ValidatorImpl] is not eligible for getting processed by all BeanPostProcessors (for example: not eligible for auto-proxying)
2019-02-27_17 17:24:26.051 INFO  [main] org.springframework.context.support.PostProcessorRegistrationDelegate$BeanPostProcessorChecker - Bean 'org.springframework.transaction.annotation.ProxyTransactionManagementConfiguration' of type [org.springframework.transaction.annotation.ProxyTransactionManagementConfiguration$$EnhancerBySpringCGLIB$$e922e467] is not eligible for getting processed by all BeanPostProcessors (for example: not eligible for auto-proxying)
2019-02-27_17 17:24:26.134 INFO  [main] org.springframework.context.support.PostProcessorRegistrationDelegate$BeanPostProcessorChecker - Bean 'org.springframework.cloud.autoconfigure.ConfigurationPropertiesRebinderAutoConfiguration' of type [org.springframework.cloud.autoconfigure.ConfigurationPropertiesRebinderAutoConfiguration$$EnhancerBySpringCGLIB$$53ce764] is not eligible for getting processed by all BeanPostProcessors (for example: not eligible for auto-proxying)
2019-02-27_17 17:24:26.167 INFO  [main] com.alibaba.druid.spring.boot.autoconfigure.DruidDataSourceAutoConfigure - Init DruidDataSource
2019-02-27_17 17:24:27.157 INFO  [main] com.alibaba.druid.pool.DruidDataSource - {dataSource-1} inited
2019-02-27_17 17:24:27.838 INFO  [main] org.springframework.orm.jpa.LocalContainerEntityManagerFactoryBean - Building JPA container EntityManagerFactory for persistence unit 'default'
2019-02-27_17 17:24:27.864 INFO  [main] org.hibernate.jpa.internal.util.LogHelper - HHH000204: Processing PersistenceUnitInfo [
	name: default
	...]
2019-02-27_17 17:24:28.186 INFO  [main] org.hibernate.Version - HHH000412: Hibernate Core {5.0.12.Final}
2019-02-27_17 17:24:28.190 INFO  [main] org.hibernate.cfg.Environment - HHH000206: hibernate.properties not found
2019-02-27_17 17:24:28.193 INFO  [main] org.hibernate.cfg.Environment - HHH000021: Bytecode provider name : javassist
2019-02-27_17 17:24:28.217 INFO  [main] org.hibernate.spatial.integration.SpatialService - HHH80000001: hibernate-spatial integration enabled : true
2019-02-27_17 17:24:28.297 INFO  [main] org.hibernate.annotations.common.Version - HCANN000001: Hibernate Commons Annotations {5.0.1.Final}
2019-02-27_17 17:24:28.494 INFO  [main] org.hibernate.dialect.Dialect - HHH000400: Using dialect: org.hibernate.dialect.MySQL5Dialect
2019-02-27_17 17:24:28.886 INFO  [main] org.springframework.orm.jpa.LocalContainerEntityManagerFactoryBean - Initialized JPA EntityManagerFactory for persistence unit 'default'
2019-02-27_17 17:24:29.594 INFO  [main] org.springframework.web.servlet.mvc.method.annotation.RequestMappingHandlerMapping - Mapped "{[/401],methods=[GET]}" onto public lcxy.springcloud.micorserviceentity.commonbox.Result lcxy.springcloud.micorserviceapi.controller.ErrorController.unauthorized()
2019-02-27_17 17:24:29.595 INFO  [main] org.springframework.web.servlet.mvc.method.annotation.RequestMappingHandlerMapping - Mapped "{[/404],methods=[GET]}" onto public lcxy.springcloud.micorserviceentity.commonbox.Result lcxy.springcloud.micorserviceapi.controller.ErrorController.notFound()
2019-02-27_17 17:24:29.600 INFO  [main] org.springframework.web.servlet.mvc.method.annotation.RequestMappingHandlerMapping - Mapped "{[/swagger-resources/configuration/security]}" onto public org.springframework.http.ResponseEntity<springfox.documentation.swagger.web.SecurityConfiguration> springfox.documentation.swagger.web.ApiResourceController.securityConfiguration()
2019-02-27_17 17:24:29.602 INFO  [main] org.springframework.web.servlet.mvc.method.annotation.RequestMappingHandlerMapping - Mapped "{[/swagger-resources/configuration/ui]}" onto public org.springframework.http.ResponseEntity<springfox.documentation.swagger.web.UiConfiguration> springfox.documentation.swagger.web.ApiResourceController.uiConfiguration()
2019-02-27_17 17:24:29.603 INFO  [main] org.springframework.web.servlet.mvc.method.annotation.RequestMappingHandlerMapping - Mapped "{[/swagger-resources]}" onto public org.springframework.http.ResponseEntity<java.util.List<springfox.documentation.swagger.web.SwaggerResource>> springfox.documentation.swagger.web.ApiResourceController.swaggerResources()
2019-02-27_17 17:24:29.608 INFO  [main] org.springframework.web.servlet.mvc.method.annotation.RequestMappingHandlerMapping - Mapped "{[/error]}" onto public org.springframework.http.ResponseEntity<java.util.Map<java.lang.String, java.lang.Object>> org.springframework.boot.autoconfigure.web.BasicErrorController.error(javax.servlet.http.HttpServletRequest)
2019-02-27_17 17:24:29.609 INFO  [main] org.springframework.web.servlet.mvc.method.annotation.RequestMappingHandlerMapping - Mapped "{[/error],produces=[text/html]}" onto public org.springframework.web.servlet.ModelAndView org.springframework.boot.autoconfigure.web.BasicErrorController.errorHtml(javax.servlet.http.HttpServletRequest,javax.servlet.http.HttpServletResponse)
2019-02-27_17 17:24:29.969 INFO  [main] springfox.documentation.spring.web.PropertySourcedRequestMappingHandlerMapping - Mapped URL path [/v2/api-docs] onto method [public org.springframework.http.ResponseEntity<springfox.documentation.spring.web.json.Json> springfox.documentation.swagger2.web.Swagger2Controller.getDocumentation(java.lang.String,javax.servlet.http.HttpServletRequest)]
2019-02-27_17 17:24:30.494 WARN  [main] com.netflix.config.sources.URLConfigurationSource - No URLs will be polled as dynamic configuration sources.
2019-02-27_17 17:24:30.494 INFO  [main] com.netflix.config.sources.URLConfigurationSource - To enable URLs as dynamic configuration sources, define System property archaius.configurationSource.additionalUrls or make config.properties available on classpath.
2019-02-27_17 17:24:30.505 WARN  [main] com.netflix.config.sources.URLConfigurationSource - No URLs will be polled as dynamic configuration sources.
2019-02-27_17 17:24:30.507 INFO  [main] com.netflix.config.sources.URLConfigurationSource - To enable URLs as dynamic configuration sources, define System property archaius.configurationSource.additionalUrls or make config.properties available on classpath.
2019-02-27_17 17:24:30.893 INFO  [main] org.springframework.web.servlet.mvc.method.annotation.RequestMappingHandlerAdapter - Looking for @ControllerAdvice: org.springframework.web.context.support.GenericWebApplicationContext@6865c751: startup date [Wed Feb 27 17:24:23 CST 2019]; parent: org.springframework.context.annotation.AnnotationConfigApplicationContext@638ef7ed
2019-02-27_17 17:24:31.007 INFO  [main] org.springframework.web.servlet.handler.SimpleUrlHandlerMapping - Mapped URL path [/webjars/**] onto handler of type [class org.springframework.web.servlet.resource.ResourceHttpRequestHandler]
2019-02-27_17 17:24:31.007 INFO  [main] org.springframework.web.servlet.handler.SimpleUrlHandlerMapping - Mapped URL path [/**] onto handler of type [class org.springframework.web.servlet.resource.ResourceHttpRequestHandler]
2019-02-27_17 17:24:31.077 INFO  [main] org.springframework.web.servlet.handler.SimpleUrlHandlerMapping - Mapped URL path [/**/favicon.ico] onto handler of type [class org.springframework.web.servlet.resource.ResourceHttpRequestHandler]
2019-02-27_17 17:24:32.255 INFO  [main] org.springframework.context.support.DefaultLifecycleProcessor - Starting beans in phase 2147483647
2019-02-27_17 17:24:32.256 INFO  [main] springfox.documentation.spring.web.plugins.DocumentationPluginsBootstrapper - Context refreshed
2019-02-27_17 17:24:32.291 INFO  [main] springfox.documentation.spring.web.plugins.DocumentationPluginsBootstrapper - Found 1 custom documentation plugin(s)
2019-02-27_17 17:24:32.366 INFO  [main] springfox.documentation.spring.web.scanners.ApiListingReferenceScanner - Scanning for api listing references
2019-02-27_17 17:24:32.424 INFO  [main] lcxy.springcloud.micorserviceapi.MicorServiceApiApplicationTests - Started MicorServiceApiApplicationTests in 10.454 seconds (JVM running for 11.95)
2019-02-27_17 17:24:32.568 INFO  [Thread-5] org.springframework.web.context.support.GenericWebApplicationContext - Closing org.springframework.web.context.support.GenericWebApplicationContext@6865c751: startup date [Wed Feb 27 17:24:23 CST 2019]; parent: org.springframework.context.annotation.AnnotationConfigApplicationContext@638ef7ed
2019-02-27_17 17:24:32.571 INFO  [Thread-5] org.springframework.context.support.DefaultLifecycleProcessor - Stopping beans in phase 2147483647
2019-02-27_17 17:24:32.580 INFO  [Thread-5] org.springframework.orm.jpa.LocalContainerEntityManagerFactoryBean - Closing JPA EntityManagerFactory for persistence unit 'default'
2019-02-27_17 17:24:32.592 INFO  [Thread-5] com.alibaba.druid.pool.DruidDataSource - {dataSource-1} closed
2019-02-27_17 17:28:53.681 INFO  [main] org.springframework.context.annotation.AnnotationConfigApplicationContext - Refreshing org.springframework.context.annotation.AnnotationConfigApplicationContext@638ef7ed: startup date [Wed Feb 27 17:28:53 CST 2019]; root of context hierarchy
2019-02-27_17 17:28:54.067 INFO  [main] org.springframework.beans.factory.annotation.AutowiredAnnotationBeanPostProcessor - JSR-330 'javax.inject.Inject' annotation found and supported for autowiring
2019-02-27_17 17:28:54.150 INFO  [background-preinit] org.hibernate.validator.internal.util.Version - HV000001: Hibernate Validator 5.3.5.Final
2019-02-27_17 17:28:54.186 INFO  [main] org.springframework.context.support.PostProcessorRegistrationDelegate$BeanPostProcessorChecker - Bean 'configurationPropertiesRebinderAutoConfiguration' of type [org.springframework.cloud.autoconfigure.ConfigurationPropertiesRebinderAutoConfiguration$$EnhancerBySpringCGLIB$$53ce764] is not eligible for getting processed by all BeanPostProcessors (for example: not eligible for auto-proxying)
2019-02-27_17 17:28:54.592 INFO  [main] lcxy.springcloud.micorserviceapi.MicorServiceApiApplicationTests - No active profile set, falling back to default profiles: default
2019-02-27_17 17:28:54.599 INFO  [main] org.springframework.web.context.support.GenericWebApplicationContext - Refreshing org.springframework.web.context.support.GenericWebApplicationContext@6865c751: startup date [Wed Feb 27 17:28:54 CST 2019]; parent: org.springframework.context.annotation.AnnotationConfigApplicationContext@638ef7ed
2019-02-27_17 17:28:57.594 WARN  [main] org.mybatis.spring.mapper.ClassPathMapperScanner - No MyBatis mapper was found in '[lcxy.springcloud.micorserviceapi]' package. Please check your configuration.
2019-02-27_17 17:28:58.942 INFO  [main] org.springframework.cloud.context.scope.GenericScope - BeanFactory id=1477a141-2fba-3c24-8c2c-3071fb08ec6c
2019-02-27_17 17:28:59.292 INFO  [main] org.springframework.beans.factory.annotation.AutowiredAnnotationBeanPostProcessor - JSR-330 'javax.inject.Inject' annotation found and supported for autowiring
2019-02-27_17 17:28:59.366 INFO  [main] org.springframework.context.support.PostProcessorRegistrationDelegate$BeanPostProcessorChecker - Bean 'validatorConfig' of type [lcxy.springcloud.micorserviceapi.config.ValidatorConfig$$EnhancerBySpringCGLIB$$d5c15e8f] is not eligible for getting processed by all BeanPostProcessors (for example: not eligible for auto-proxying)
2019-02-27_17 17:28:59.403 INFO  [main] org.springframework.context.support.PostProcessorRegistrationDelegate$BeanPostProcessorChecker - Bean 'validator' of type [org.hibernate.validator.internal.engine.ValidatorImpl] is not eligible for getting processed by all BeanPostProcessors (for example: not eligible for auto-proxying)
2019-02-27_17 17:28:59.654 INFO  [main] org.springframework.context.support.PostProcessorRegistrationDelegate$BeanPostProcessorChecker - Bean 'org.springframework.transaction.annotation.ProxyTransactionManagementConfiguration' of type [org.springframework.transaction.annotation.ProxyTransactionManagementConfiguration$$EnhancerBySpringCGLIB$$e922e467] is not eligible for getting processed by all BeanPostProcessors (for example: not eligible for auto-proxying)
2019-02-27_17 17:28:59.759 INFO  [main] org.springframework.context.support.PostProcessorRegistrationDelegate$BeanPostProcessorChecker - Bean 'org.springframework.cloud.autoconfigure.ConfigurationPropertiesRebinderAutoConfiguration' of type [org.springframework.cloud.autoconfigure.ConfigurationPropertiesRebinderAutoConfiguration$$EnhancerBySpringCGLIB$$53ce764] is not eligible for getting processed by all BeanPostProcessors (for example: not eligible for auto-proxying)
2019-02-27_17 17:28:59.829 INFO  [main] com.alibaba.druid.spring.boot.autoconfigure.DruidDataSourceAutoConfigure - Init DruidDataSource
2019-02-27_17 17:29:01.236 INFO  [main] com.alibaba.druid.pool.DruidDataSource - {dataSource-1} inited
2019-02-27_17 17:29:01.845 INFO  [main] org.springframework.orm.jpa.LocalContainerEntityManagerFactoryBean - Building JPA container EntityManagerFactory for persistence unit 'default'
2019-02-27_17 17:29:01.882 INFO  [main] org.hibernate.jpa.internal.util.LogHelper - HHH000204: Processing PersistenceUnitInfo [
	name: default
	...]
2019-02-27_17 17:29:02.381 INFO  [main] org.hibernate.Version - HHH000412: Hibernate Core {5.0.12.Final}
2019-02-27_17 17:29:02.393 INFO  [main] org.hibernate.cfg.Environment - HHH000206: hibernate.properties not found
2019-02-27_17 17:29:02.427 INFO  [main] org.hibernate.cfg.Environment - HHH000021: Bytecode provider name : javassist
2019-02-27_17 17:29:02.462 INFO  [main] org.hibernate.spatial.integration.SpatialService - HHH80000001: hibernate-spatial integration enabled : true
2019-02-27_17 17:29:02.605 INFO  [main] org.hibernate.annotations.common.Version - HCANN000001: Hibernate Commons Annotations {5.0.1.Final}
2019-02-27_17 17:29:02.903 INFO  [main] org.hibernate.dialect.Dialect - HHH000400: Using dialect: org.hibernate.dialect.MySQL5Dialect
2019-02-27_17 17:29:03.697 INFO  [main] org.springframework.orm.jpa.LocalContainerEntityManagerFactoryBean - Initialized JPA EntityManagerFactory for persistence unit 'default'
2019-02-27_17 17:29:04.593 INFO  [main] org.springframework.web.servlet.mvc.method.annotation.RequestMappingHandlerMapping - Mapped "{[/404],methods=[GET]}" onto public lcxy.springcloud.micorserviceentity.commonbox.Result lcxy.springcloud.micorserviceapi.controller.ErrorController.notFound()
2019-02-27_17 17:29:04.597 INFO  [main] org.springframework.web.servlet.mvc.method.annotation.RequestMappingHandlerMapping - Mapped "{[/401],methods=[GET]}" onto public lcxy.springcloud.micorserviceentity.commonbox.Result lcxy.springcloud.micorserviceapi.controller.ErrorController.unauthorized()
2019-02-27_17 17:29:04.602 INFO  [main] org.springframework.web.servlet.mvc.method.annotation.RequestMappingHandlerMapping - Mapped "{[/swagger-resources/configuration/security]}" onto public org.springframework.http.ResponseEntity<springfox.documentation.swagger.web.SecurityConfiguration> springfox.documentation.swagger.web.ApiResourceController.securityConfiguration()
2019-02-27_17 17:29:04.604 INFO  [main] org.springframework.web.servlet.mvc.method.annotation.RequestMappingHandlerMapping - Mapped "{[/swagger-resources/configuration/ui]}" onto public org.springframework.http.ResponseEntity<springfox.documentation.swagger.web.UiConfiguration> springfox.documentation.swagger.web.ApiResourceController.uiConfiguration()
2019-02-27_17 17:29:04.608 INFO  [main] org.springframework.web.servlet.mvc.method.annotation.RequestMappingHandlerMapping - Mapped "{[/swagger-resources]}" onto public org.springframework.http.ResponseEntity<java.util.List<springfox.documentation.swagger.web.SwaggerResource>> springfox.documentation.swagger.web.ApiResourceController.swaggerResources()
2019-02-27_17 17:29:04.614 INFO  [main] org.springframework.web.servlet.mvc.method.annotation.RequestMappingHandlerMapping - Mapped "{[/error]}" onto public org.springframework.http.ResponseEntity<java.util.Map<java.lang.String, java.lang.Object>> org.springframework.boot.autoconfigure.web.BasicErrorController.error(javax.servlet.http.HttpServletRequest)
2019-02-27_17 17:29:04.615 INFO  [main] org.springframework.web.servlet.mvc.method.annotation.RequestMappingHandlerMapping - Mapped "{[/error],produces=[text/html]}" onto public org.springframework.web.servlet.ModelAndView org.springframework.boot.autoconfigure.web.BasicErrorController.errorHtml(javax.servlet.http.HttpServletRequest,javax.servlet.http.HttpServletResponse)
2019-02-27_17 17:29:05.018 INFO  [main] springfox.documentation.spring.web.PropertySourcedRequestMappingHandlerMapping - Mapped URL path [/v2/api-docs] onto method [public org.springframework.http.ResponseEntity<springfox.documentation.spring.web.json.Json> springfox.documentation.swagger2.web.Swagger2Controller.getDocumentation(java.lang.String,javax.servlet.http.HttpServletRequest)]
2019-02-27_17 17:29:05.563 WARN  [main] com.netflix.config.sources.URLConfigurationSource - No URLs will be polled as dynamic configuration sources.
2019-02-27_17 17:29:05.563 INFO  [main] com.netflix.config.sources.URLConfigurationSource - To enable URLs as dynamic configuration sources, define System property archaius.configurationSource.additionalUrls or make config.properties available on classpath.
2019-02-27_17 17:29:05.577 WARN  [main] com.netflix.config.sources.URLConfigurationSource - No URLs will be polled as dynamic configuration sources.
2019-02-27_17 17:29:05.578 INFO  [main] com.netflix.config.sources.URLConfigurationSource - To enable URLs as dynamic configuration sources, define System property archaius.configurationSource.additionalUrls or make config.properties available on classpath.
2019-02-27_17 17:29:05.946 INFO  [main] org.springframework.web.servlet.mvc.method.annotation.RequestMappingHandlerAdapter - Looking for @ControllerAdvice: org.springframework.web.context.support.GenericWebApplicationContext@6865c751: startup date [Wed Feb 27 17:28:54 CST 2019]; parent: org.springframework.context.annotation.AnnotationConfigApplicationContext@638ef7ed
2019-02-27_17 17:29:06.062 INFO  [main] org.springframework.web.servlet.handler.SimpleUrlHandlerMapping - Mapped URL path [/webjars/**] onto handler of type [class org.springframework.web.servlet.resource.ResourceHttpRequestHandler]
2019-02-27_17 17:29:06.062 INFO  [main] org.springframework.web.servlet.handler.SimpleUrlHandlerMapping - Mapped URL path [/**] onto handler of type [class org.springframework.web.servlet.resource.ResourceHttpRequestHandler]
2019-02-27_17 17:29:06.154 INFO  [main] org.springframework.web.servlet.handler.SimpleUrlHandlerMapping - Mapped URL path [/**/favicon.ico] onto handler of type [class org.springframework.web.servlet.resource.ResourceHttpRequestHandler]
2019-02-27_17 17:29:08.147 INFO  [main] org.springframework.context.support.DefaultLifecycleProcessor - Starting beans in phase 2147483647
2019-02-27_17 17:29:08.148 INFO  [main] springfox.documentation.spring.web.plugins.DocumentationPluginsBootstrapper - Context refreshed
2019-02-27_17 17:29:08.190 INFO  [main] springfox.documentation.spring.web.plugins.DocumentationPluginsBootstrapper - Found 1 custom documentation plugin(s)
2019-02-27_17 17:29:08.266 INFO  [main] springfox.documentation.spring.web.scanners.ApiListingReferenceScanner - Scanning for api listing references
2019-02-27_17 17:29:08.331 INFO  [main] lcxy.springcloud.micorserviceapi.MicorServiceApiApplicationTests - Started MicorServiceApiApplicationTests in 15.303 seconds (JVM running for 16.668)
2019-02-27_17 17:29:08.480 INFO  [Thread-5] org.springframework.web.context.support.GenericWebApplicationContext - Closing org.springframework.web.context.support.GenericWebApplicationContext@6865c751: startup date [Wed Feb 27 17:28:54 CST 2019]; parent: org.springframework.context.annotation.AnnotationConfigApplicationContext@638ef7ed
2019-02-27_17 17:29:08.483 INFO  [Thread-5] org.springframework.context.support.DefaultLifecycleProcessor - Stopping beans in phase 2147483647
2019-02-27_17 17:29:08.510 INFO  [Thread-5] org.springframework.orm.jpa.LocalContainerEntityManagerFactoryBean - Closing JPA EntityManagerFactory for persistence unit 'default'
2019-02-27_17 17:29:08.518 INFO  [Thread-5] com.alibaba.druid.pool.DruidDataSource - {dataSource-1} closed
