2019-01-10_17 17:00:00.123 INFO  [Eureka-EvictionTimer] com.netflix.eureka.registry.AbstractInstanceRegistry - Running the evict task with compensationTime 4ms
2019-01-10_17 17:00:29.539 INFO  [Eureka-EvictionTimer] com.netflix.eureka.registry.AbstractInstanceRegistry - Running the evict task with compensationTime 3ms
2019-01-10_17 17:00:41.161 INFO  [Eureka-EvictionTimer] com.netflix.eureka.registry.AbstractInstanceRegistry - Running the evict task with compensationTime 2ms
2019-01-10_17 17:01:00.128 INFO  [Eureka-EvictionTimer] com.netflix.eureka.registry.AbstractInstanceRegistry - Running the evict task with compensationTime 3ms
2019-01-10_17 17:01:29.545 INFO  [Eureka-EvictionTimer] com.netflix.eureka.registry.AbstractInstanceRegistry - Running the evict task with compensationTime 3ms
2019-01-10_17 17:01:41.166 INFO  [Eureka-EvictionTimer] com.netflix.eureka.registry.AbstractInstanceRegistry - Running the evict task with compensationTime 2ms
2019-01-10_17 17:01:44.155 INFO  [AsyncResolver-bootstrap-executor-0] com.netflix.discovery.shared.resolver.aws.ConfigClusterResolver - Resolving eureka endpoints via configuration
2019-01-10_17 17:01:54.704 INFO  [AsyncResolver-bootstrap-executor-0] com.netflix.discovery.shared.resolver.aws.ConfigClusterResolver - Resolving eureka endpoints via configuration
2019-01-10_17 17:02:00.135 INFO  [Eureka-EvictionTimer] com.netflix.eureka.registry.AbstractInstanceRegistry - Running the evict task with compensationTime 4ms
2019-01-10_17 17:02:05.623 INFO  [AsyncResolver-bootstrap-executor-0] com.netflix.discovery.shared.resolver.aws.ConfigClusterResolver - Resolving eureka endpoints via configuration
2019-01-10_17 17:02:13.689 INFO  [AsyncResolver-bootstrap-executor-0] com.netflix.discovery.shared.resolver.aws.ConfigClusterResolver - Resolving eureka endpoints via configuration
2019-01-10_17 17:02:29.551 INFO  [Eureka-EvictionTimer] com.netflix.eureka.registry.AbstractInstanceRegistry - Running the evict task with compensationTime 4ms
2019-01-10_17 17:02:41.172 INFO  [Eureka-EvictionTimer] com.netflix.eureka.registry.AbstractInstanceRegistry - Running the evict task with compensationTime 4ms
2019-01-10_17 17:03:00.140 INFO  [Eureka-EvictionTimer] com.netflix.eureka.registry.AbstractInstanceRegistry - Running the evict task with compensationTime 2ms
2019-01-10_17 17:03:29.557 INFO  [Eureka-EvictionTimer] com.netflix.eureka.registry.AbstractInstanceRegistry - Running the evict task with compensationTime 3ms
2019-01-10_17 17:03:41.177 INFO  [Eureka-EvictionTimer] com.netflix.eureka.registry.AbstractInstanceRegistry - Running the evict task with compensationTime 2ms
2019-01-10_17 17:04:00.145 INFO  [Eureka-EvictionTimer] com.netflix.eureka.registry.AbstractInstanceRegistry - Running the evict task with compensationTime 3ms
2019-01-10_17 17:04:29.560 INFO  [Eureka-EvictionTimer] com.netflix.eureka.registry.AbstractInstanceRegistry - Running the evict task with compensationTime 1ms
2019-01-10_17 17:04:41.181 INFO  [Eureka-EvictionTimer] com.netflix.eureka.registry.AbstractInstanceRegistry - Running the evict task with compensationTime 2ms
2019-01-10_17 17:05:00.148 INFO  [Eureka-EvictionTimer] com.netflix.eureka.registry.AbstractInstanceRegistry - Running the evict task with compensationTime 1ms
2019-01-10_17 17:05:29.562 INFO  [Eureka-EvictionTimer] com.netflix.eureka.registry.AbstractInstanceRegistry - Running the evict task with compensationTime 0ms
2019-01-10_17 17:05:41.186 INFO  [Eureka-EvictionTimer] com.netflix.eureka.registry.AbstractInstanceRegistry - Running the evict task with compensationTime 3ms
2019-01-10_17 17:06:00.153 INFO  [Eureka-EvictionTimer] com.netflix.eureka.registry.AbstractInstanceRegistry - Running the evict task with compensationTime 3ms
2019-01-10_17 17:06:29.566 INFO  [Eureka-EvictionTimer] com.netflix.eureka.registry.AbstractInstanceRegistry - Running the evict task with compensationTime 2ms
2019-01-10_17 17:06:41.192 INFO  [Eureka-EvictionTimer] com.netflix.eureka.registry.AbstractInstanceRegistry - Running the evict task with compensationTime 3ms
2019-01-10_17 17:06:44.172 INFO  [AsyncResolver-bootstrap-executor-0] com.netflix.discovery.shared.resolver.aws.ConfigClusterResolver - Resolving eureka endpoints via configuration
2019-01-10_17 17:06:54.723 INFO  [AsyncResolver-bootstrap-executor-0] com.netflix.discovery.shared.resolver.aws.ConfigClusterResolver - Resolving eureka endpoints via configuration
2019-01-10_17 17:07:00.157 INFO  [Eureka-EvictionTimer] com.netflix.eureka.registry.AbstractInstanceRegistry - Running the evict task with compensationTime 1ms
2019-01-10_17 17:07:05.641 INFO  [AsyncResolver-bootstrap-executor-0] com.netflix.discovery.shared.resolver.aws.ConfigClusterResolver - Resolving eureka endpoints via configuration
2019-01-10_17 17:07:13.718 INFO  [AsyncResolver-bootstrap-executor-0] com.netflix.discovery.shared.resolver.aws.ConfigClusterResolver - Resolving eureka endpoints via configuration
2019-01-10_17 17:07:29.572 INFO  [Eureka-EvictionTimer] com.netflix.eureka.registry.AbstractInstanceRegistry - Running the evict task with compensationTime 3ms
2019-01-10_17 17:07:41.198 INFO  [Eureka-EvictionTimer] com.netflix.eureka.registry.AbstractInstanceRegistry - Running the evict task with compensationTime 4ms
2019-01-10_17 17:08:00.164 INFO  [Eureka-EvictionTimer] com.netflix.eureka.registry.AbstractInstanceRegistry - Running the evict task with compensationTime 5ms
2019-01-10_17 17:08:29.574 INFO  [Eureka-EvictionTimer] com.netflix.eureka.registry.AbstractInstanceRegistry - Running the evict task with compensationTime 0ms
2019-01-10_17 17:08:41.203 INFO  [Eureka-EvictionTimer] com.netflix.eureka.registry.AbstractInstanceRegistry - Running the evict task with compensationTime 1ms
2019-01-10_17 17:09:00.168 INFO  [Eureka-EvictionTimer] com.netflix.eureka.registry.AbstractInstanceRegistry - Running the evict task with compensationTime 1ms
2019-01-10_17 17:09:29.580 INFO  [Eureka-EvictionTimer] com.netflix.eureka.registry.AbstractInstanceRegistry - Running the evict task with compensationTime 3ms
2019-01-10_17 17:09:41.208 INFO  [Eureka-EvictionTimer] com.netflix.eureka.registry.AbstractInstanceRegistry - Running the evict task with compensationTime 4ms
2019-01-10_17 17:10:00.172 INFO  [Eureka-EvictionTimer] com.netflix.eureka.registry.AbstractInstanceRegistry - Running the evict task with compensationTime 1ms
2019-01-10_17 17:10:29.594 INFO  [Eureka-EvictionTimer] com.netflix.eureka.registry.AbstractInstanceRegistry - Running the evict task with compensationTime 3ms
2019-01-10_17 17:10:41.224 INFO  [Eureka-EvictionTimer] com.netflix.eureka.registry.AbstractInstanceRegistry - Running the evict task with compensationTime 3ms
2019-01-10_17 17:10:52.298 INFO  [ReplicaAwareInstanceRegistry - RenewalThresholdUpdater] com.netflix.eureka.registry.PeerAwareInstanceRegistryImpl - Current renewal threshold is : 6
2019-01-10_17 17:11:00.189 INFO  [Eureka-EvictionTimer] com.netflix.eureka.registry.AbstractInstanceRegistry - Running the evict task with compensationTime 3ms
2019-01-10_17 17:11:22.504 INFO  [ReplicaAwareInstanceRegistry - RenewalThresholdUpdater] com.netflix.eureka.registry.PeerAwareInstanceRegistryImpl - Current renewal threshold is : 6
2019-01-10_17 17:11:29.601 INFO  [Eureka-EvictionTimer] com.netflix.eureka.registry.AbstractInstanceRegistry - Running the evict task with compensationTime 2ms
2019-01-10_17 17:11:36.752 INFO  [ReplicaAwareInstanceRegistry - RenewalThresholdUpdater] com.netflix.eureka.registry.PeerAwareInstanceRegistryImpl - Current renewal threshold is : 6
2019-01-10_17 17:11:41.229 INFO  [Eureka-EvictionTimer] com.netflix.eureka.registry.AbstractInstanceRegistry - Running the evict task with compensationTime 2ms
2019-01-10_17 17:11:44.198 INFO  [AsyncResolver-bootstrap-executor-0] com.netflix.discovery.shared.resolver.aws.ConfigClusterResolver - Resolving eureka endpoints via configuration
2019-01-10_17 17:11:54.753 INFO  [AsyncResolver-bootstrap-executor-0] com.netflix.discovery.shared.resolver.aws.ConfigClusterResolver - Resolving eureka endpoints via configuration
2019-01-10_17 17:12:00.195 INFO  [Eureka-EvictionTimer] com.netflix.eureka.registry.AbstractInstanceRegistry - Running the evict task with compensationTime 4ms
2019-01-10_17 17:12:05.669 INFO  [AsyncResolver-bootstrap-executor-0] com.netflix.discovery.shared.resolver.aws.ConfigClusterResolver - Resolving eureka endpoints via configuration
2019-01-10_17 17:12:13.746 INFO  [AsyncResolver-bootstrap-executor-0] com.netflix.discovery.shared.resolver.aws.ConfigClusterResolver - Resolving eureka endpoints via configuration
2019-01-10_17 17:12:29.606 INFO  [Eureka-EvictionTimer] com.netflix.eureka.registry.AbstractInstanceRegistry - Running the evict task with compensationTime 3ms
2019-01-10_17 17:12:41.235 INFO  [Eureka-EvictionTimer] com.netflix.eureka.registry.AbstractInstanceRegistry - Running the evict task with compensationTime 4ms
2019-01-10_17 17:13:00.199 INFO  [Eureka-EvictionTimer] com.netflix.eureka.registry.AbstractInstanceRegistry - Running the evict task with compensationTime 2ms
2019-01-10_17 17:13:29.613 INFO  [Eureka-EvictionTimer] com.netflix.eureka.registry.AbstractInstanceRegistry - Running the evict task with compensationTime 4ms
2019-01-10_17 17:13:41.240 INFO  [Eureka-EvictionTimer] com.netflix.eureka.registry.AbstractInstanceRegistry - Running the evict task with compensationTime 2ms
2019-01-10_17 17:14:00.206 INFO  [Eureka-EvictionTimer] com.netflix.eureka.registry.AbstractInstanceRegistry - Running the evict task with compensationTime 4ms
2019-01-10_17 17:14:29.617 INFO  [Eureka-EvictionTimer] com.netflix.eureka.registry.AbstractInstanceRegistry - Running the evict task with compensationTime 2ms
2019-01-10_17 17:14:41.243 INFO  [Eureka-EvictionTimer] com.netflix.eureka.registry.AbstractInstanceRegistry - Running the evict task with compensationTime 1ms
2019-01-10_17 17:15:00.209 INFO  [Eureka-EvictionTimer] com.netflix.eureka.registry.AbstractInstanceRegistry - Running the evict task with compensationTime 1ms
2019-01-10_17 17:15:29.624 INFO  [Eureka-EvictionTimer] com.netflix.eureka.registry.AbstractInstanceRegistry - Running the evict task with compensationTime 4ms
2019-01-10_17 17:15:41.247 INFO  [Eureka-EvictionTimer] com.netflix.eureka.registry.AbstractInstanceRegistry - Running the evict task with compensationTime 1ms
2019-01-10_17 17:16:00.214 INFO  [Eureka-EvictionTimer] com.netflix.eureka.registry.AbstractInstanceRegistry - Running the evict task with compensationTime 3ms
2019-01-10_17 17:16:29.627 INFO  [Eureka-EvictionTimer] com.netflix.eureka.registry.AbstractInstanceRegistry - Running the evict task with compensationTime 1ms
2019-01-10_17 17:16:41.252 INFO  [Eureka-EvictionTimer] com.netflix.eureka.registry.AbstractInstanceRegistry - Running the evict task with compensationTime 4ms
2019-01-10_17 17:16:44.214 INFO  [AsyncResolver-bootstrap-executor-0] com.netflix.discovery.shared.resolver.aws.ConfigClusterResolver - Resolving eureka endpoints via configuration
2019-01-10_17 17:16:54.769 INFO  [AsyncResolver-bootstrap-executor-0] com.netflix.discovery.shared.resolver.aws.ConfigClusterResolver - Resolving eureka endpoints via configuration
2019-01-10_17 17:17:00.220 INFO  [Eureka-EvictionTimer] com.netflix.eureka.registry.AbstractInstanceRegistry - Running the evict task with compensationTime 4ms
2019-01-10_17 17:17:05.681 INFO  [AsyncResolver-bootstrap-executor-0] com.netflix.discovery.shared.resolver.aws.ConfigClusterResolver - Resolving eureka endpoints via configuration
2019-01-10_17 17:17:13.761 INFO  [AsyncResolver-bootstrap-executor-0] com.netflix.discovery.shared.resolver.aws.ConfigClusterResolver - Resolving eureka endpoints via configuration
2019-01-10_17 17:17:29.632 INFO  [Eureka-EvictionTimer] com.netflix.eureka.registry.AbstractInstanceRegistry - Running the evict task with compensationTime 3ms
2019-01-10_17 17:17:41.257 INFO  [Eureka-EvictionTimer] com.netflix.eureka.registry.AbstractInstanceRegistry - Running the evict task with compensationTime 2ms
2019-01-10_17 17:18:00.225 INFO  [Eureka-EvictionTimer] com.netflix.eureka.registry.AbstractInstanceRegistry - Running the evict task with compensationTime 2ms
2019-01-10_17 17:18:29.639 INFO  [Eureka-EvictionTimer] com.netflix.eureka.registry.AbstractInstanceRegistry - Running the evict task with compensationTime 4ms
2019-01-10_17 17:18:41.262 INFO  [Eureka-EvictionTimer] com.netflix.eureka.registry.AbstractInstanceRegistry - Running the evict task with compensationTime 3ms
2019-01-10_17 17:19:00.230 INFO  [Eureka-EvictionTimer] com.netflix.eureka.registry.AbstractInstanceRegistry - Running the evict task with compensationTime 3ms
2019-01-10_17 17:19:29.645 INFO  [Eureka-EvictionTimer] com.netflix.eureka.registry.AbstractInstanceRegistry - Running the evict task with compensationTime 4ms
2019-01-10_17 17:19:31.308 INFO  [Thread-109] org.springframework.boot.context.embedded.AnnotationConfigEmbeddedWebApplicationContext - Closing org.springframework.boot.context.embedded.AnnotationConfigEmbeddedWebApplicationContext@788fcafb: startup date [Thu Jan 10 15:40:48 CST 2019]; parent: org.springframework.context.annotation.AnnotationConfigApplicationContext@3f56875e
2019-01-10_17 17:19:31.353 INFO  [Thread-109] org.springframework.cloud.netflix.eureka.serviceregistry.EurekaServiceRegistry - Unregistering application DEPT-PROVIDER with eureka with status DOWN
2019-01-10_17 17:19:31.357 WARN  [Thread-109] com.netflix.discovery.DiscoveryClient - Saw local status change event StatusChangeEvent [timestamp=1547111971357, current=DOWN, previous=UP]
2019-01-10_17 17:19:31.361 INFO  [DiscoveryClient-InstanceInfoReplicator-0] com.netflix.discovery.DiscoveryClient - DiscoveryClient_DEPT-PROVIDER/192.168.1.114:DEPT-PROVIDER:8001: registering service...
2019-01-10_17 17:19:31.379 INFO  [Thread-70] org.springframework.boot.context.embedded.AnnotationConfigEmbeddedWebApplicationContext - Closing org.springframework.boot.context.embedded.AnnotationConfigEmbeddedWebApplicationContext@788fcafb: startup date [Thu Jan 10 15:41:39 CST 2019]; parent: org.springframework.context.annotation.AnnotationConfigApplicationContext@3f56875e
2019-01-10_17 17:19:31.416 INFO  [Thread-109] com.netflix.discovery.DiscoveryClient - Shutting down DiscoveryClient ...
2019-01-10_17 17:19:31.431 INFO  [Thread-109] com.netflix.discovery.DiscoveryClient - Unregistering ...
2019-01-10_17 17:19:31.443 INFO  [Thread-97] org.springframework.boot.context.embedded.AnnotationConfigEmbeddedWebApplicationContext - Closing org.springframework.boot.context.embedded.AnnotationConfigEmbeddedWebApplicationContext@1253e7cb: startup date [Thu Jan 10 15:40:14 CST 2019]; parent: org.springframework.context.annotation.AnnotationConfigApplicationContext@3571b748
2019-01-10_17 17:19:31.456 INFO  [Thread-97] org.springframework.cloud.netflix.eureka.serviceregistry.EurekaServiceRegistry - Unregistering application unknown with eureka with status DOWN
2019-01-10_17 17:19:31.463 INFO  [Thread-97] com.netflix.discovery.DiscoveryClient - Shutting down DiscoveryClient ...
2019-01-10_17 17:19:31.464 INFO  [Thread-97] com.netflix.discovery.DiscoveryClient - Completed shut down of DiscoveryClient
2019-01-10_17 17:19:31.476 INFO  [Thread-97] org.springframework.context.support.DefaultLifecycleProcessor - Stopping beans in phase 0
2019-01-10_17 17:19:31.487 INFO  [Thread-70] org.springframework.cloud.netflix.eureka.serviceregistry.EurekaServiceRegistry - Unregistering application DEPT-PROVIDER with eureka with status DOWN
2019-01-10_17 17:19:31.504 INFO  [Thread-97] com.netflix.eureka.DefaultEurekaServerContext - Shutting down ...
2019-01-10_17 17:19:31.526 INFO  [Thread-97] com.netflix.eureka.DefaultEurekaServerContext - Shut down
2019-01-10_17 17:19:31.508 WARN  [Thread-70] com.netflix.discovery.DiscoveryClient - Saw local status change event StatusChangeEvent [timestamp=1547111971508, current=DOWN, previous=UP]
2019-01-10_17 17:19:31.542 INFO  [DiscoveryClient-InstanceInfoReplicator-0] com.netflix.discovery.DiscoveryClient - DiscoveryClient_DEPT-PROVIDER/192.168.1.114:DEPT-PROVIDER:8003: registering service...
2019-01-10_17 17:19:31.543 INFO  [Thread-97] org.springframework.boot.actuate.endpoint.jmx.EndpointMBeanExporter - Unregistering JMX-exposed beans on shutdown
2019-01-10_17 17:19:31.544 INFO  [http-nio-7002-exec-7] com.netflix.eureka.registry.AbstractInstanceRegistry - Registered instance DEPT-PROVIDER/192.168.1.114:DEPT-PROVIDER:8001 with status DOWN (replication=false)
2019-01-10_17 17:19:31.544 INFO  [http-nio-7002-exec-4] com.netflix.eureka.registry.AbstractInstanceRegistry - Cancelled instance DEPT-PROVIDER/192.168.1.114:DEPT-PROVIDER:8001 (replication=false)
2019-01-10_17 17:19:31.550 INFO  [DiscoveryClient-InstanceInfoReplicator-0] com.netflix.discovery.DiscoveryClient - DiscoveryClient_DEPT-PROVIDER/192.168.1.114:DEPT-PROVIDER:8001 - registration status: 204
2019-01-10_17 17:19:31.557 INFO  [Thread-97] org.springframework.boot.actuate.endpoint.jmx.EndpointMBeanExporter - Unregistering JMX-exposed beans
2019-01-10_17 17:19:31.560 INFO  [Thread-97] org.springframework.jmx.export.annotation.AnnotationMBeanExporter - Unregistering JMX-exposed beans on shutdown
2019-01-10_17 17:19:31.573 INFO  [Thread-97] org.springframework.jmx.export.annotation.AnnotationMBeanExporter - Unregistering JMX-exposed beans
2019-01-10_17 17:19:31.583 INFO  [Thread-109] com.netflix.discovery.DiscoveryClient - DiscoveryClient_DEPT-PROVIDER/192.168.1.114:DEPT-PROVIDER:8001 - deregister  status: 200
2019-01-10_17 17:19:31.596 INFO  [Thread-70] com.netflix.discovery.DiscoveryClient - Shutting down DiscoveryClient ...
2019-01-10_17 17:19:31.596 INFO  [Thread-97] org.springframework.orm.jpa.LocalContainerEntityManagerFactoryBean - Closing JPA EntityManagerFactory for persistence unit 'default'
2019-01-10_17 17:19:31.609 INFO  [Thread-70] com.netflix.discovery.DiscoveryClient - Unregistering ...
2019-01-10_17 17:19:31.622 INFO  [http-nio-7002-exec-6] com.netflix.eureka.registry.AbstractInstanceRegistry - Registered instance DEPT-PROVIDER/192.168.1.114:DEPT-PROVIDER:8003 with status DOWN (replication=false)
2019-01-10_17 17:19:31.626 INFO  [DiscoveryClient-InstanceInfoReplicator-0] com.netflix.discovery.DiscoveryClient - DiscoveryClient_DEPT-PROVIDER/192.168.1.114:DEPT-PROVIDER:8003 - registration status: 204
2019-01-10_17 17:19:31.640 INFO  [http-nio-7002-exec-9] com.netflix.eureka.registry.AbstractInstanceRegistry - Cancelled instance DEPT-PROVIDER/192.168.1.114:DEPT-PROVIDER:8003 (replication=false)
2019-01-10_17 17:19:31.643 INFO  [Thread-70] com.netflix.discovery.DiscoveryClient - DiscoveryClient_DEPT-PROVIDER/192.168.1.114:DEPT-PROVIDER:8003 - deregister  status: 200
2019-01-10_17 17:19:31.656 INFO  [Thread-97] com.alibaba.druid.pool.DruidDataSource - {dataSource-1} closed
2019-01-10_17 17:19:31.698 INFO  [Thread-128] org.springframework.boot.context.embedded.AnnotationConfigEmbeddedWebApplicationContext - Closing org.springframework.boot.context.embedded.AnnotationConfigEmbeddedWebApplicationContext@1253e7cb: startup date [Thu Jan 10 15:40:21 CST 2019]; parent: org.springframework.context.annotation.AnnotationConfigApplicationContext@3571b748
2019-01-10_17 17:19:31.719 INFO  [Thread-128] org.springframework.cloud.netflix.eureka.serviceregistry.EurekaServiceRegistry - Unregistering application unknown with eureka with status DOWN
2019-01-10_17 17:19:31.740 INFO  [Thread-128] com.netflix.discovery.DiscoveryClient - Shutting down DiscoveryClient ...
2019-01-10_17 17:19:31.742 INFO  [Thread-128] com.netflix.discovery.DiscoveryClient - Completed shut down of DiscoveryClient
2019-01-10_17 17:19:31.811 INFO  [Thread-70] com.netflix.discovery.DiscoveryClient - Completed shut down of DiscoveryClient
2019-01-10_17 17:19:31.875 INFO  [Thread-130] org.springframework.boot.context.embedded.AnnotationConfigEmbeddedWebApplicationContext - Closing org.springframework.boot.context.embedded.AnnotationConfigEmbeddedWebApplicationContext@1253e7cb: startup date [Thu Jan 10 15:40:31 CST 2019]; parent: org.springframework.context.annotation.AnnotationConfigApplicationContext@3571b748
2019-01-10_17 17:19:31.892 INFO  [Thread-109] com.netflix.discovery.DiscoveryClient - Completed shut down of DiscoveryClient
2019-01-10_17 17:19:31.916 INFO  [Thread-130] org.springframework.cloud.netflix.eureka.serviceregistry.EurekaServiceRegistry - Unregistering application unknown with eureka with status DOWN
2019-01-10_17 17:19:31.942 INFO  [Thread-70] org.springframework.context.support.DefaultLifecycleProcessor - Stopping beans in phase 2147483647
2019-01-10_17 17:19:31.948 INFO  [Thread-130] com.netflix.discovery.DiscoveryClient - Shutting down DiscoveryClient ...
2019-01-10_17 17:19:31.950 INFO  [Thread-130] com.netflix.discovery.DiscoveryClient - Completed shut down of DiscoveryClient
2019-01-10_17 17:19:31.957 INFO  [Thread-128] org.springframework.context.support.DefaultLifecycleProcessor - Stopping beans in phase 0
2019-01-10_17 17:19:31.992 INFO  [Thread-70] org.springframework.context.support.DefaultLifecycleProcessor - Stopping beans in phase 0
2019-01-10_17 17:19:31.995 INFO  [Thread-128] com.netflix.eureka.DefaultEurekaServerContext - Shutting down ...
2019-01-10_17 17:19:31.995 INFO  [Thread-109] org.springframework.context.support.DefaultLifecycleProcessor - Stopping beans in phase 2147483647
2019-01-10_17 17:19:32.029 INFO  [Thread-95] org.springframework.boot.context.embedded.AnnotationConfigEmbeddedWebApplicationContext - Closing org.springframework.boot.context.embedded.AnnotationConfigEmbeddedWebApplicationContext@788fcafb: startup date [Thu Jan 10 15:41:21 CST 2019]; parent: org.springframework.context.annotation.AnnotationConfigApplicationContext@3f56875e
2019-01-10_17 17:19:32.070 INFO  [Thread-128] com.netflix.eureka.DefaultEurekaServerContext - Shut down
2019-01-10_17 17:19:32.080 INFO  [Thread-70] org.springframework.jmx.export.annotation.AnnotationMBeanExporter - Unregistering JMX-exposed beans on shutdown
2019-01-10_17 17:19:32.087 INFO  [Thread-95] org.springframework.cloud.netflix.eureka.serviceregistry.EurekaServiceRegistry - Unregistering application DEPT-PROVIDER with eureka with status DOWN
2019-01-10_17 17:19:32.088 WARN  [Thread-95] com.netflix.discovery.DiscoveryClient - Saw local status change event StatusChangeEvent [timestamp=1547111972088, current=DOWN, previous=UP]
2019-01-10_17 17:19:32.092 INFO  [DiscoveryClient-InstanceInfoReplicator-0] com.netflix.discovery.DiscoveryClient - DiscoveryClient_DEPT-PROVIDER/192.168.1.114:DEPT-PROVIDER:8002: registering service...
2019-01-10_17 17:19:32.101 INFO  [Thread-70] org.springframework.jmx.export.annotation.AnnotationMBeanExporter - Unregistering JMX-exposed beans
2019-01-10_17 17:19:32.103 INFO  [Thread-109] org.springframework.context.support.DefaultLifecycleProcessor - Stopping beans in phase 0
2019-01-10_17 17:19:32.133 INFO  [Thread-44] com.netflix.loadbalancer.PollingServerListUpdater - Shutting down the Executor Pool for PollingServerListUpdater
2019-01-10_17 17:19:32.145 INFO  [Thread-37] org.springframework.boot.context.embedded.AnnotationConfigEmbeddedWebApplicationContext - Closing org.springframework.boot.context.embedded.AnnotationConfigEmbeddedWebApplicationContext@788fcafb: startup date [Thu Jan 10 15:42:03 CST 2019]; parent: org.springframework.context.annotation.AnnotationConfigApplicationContext@3f56875e
2019-01-10_17 17:19:32.163 INFO  [Thread-95] com.netflix.discovery.DiscoveryClient - Shutting down DiscoveryClient ...
2019-01-10_17 17:19:32.181 INFO  [Thread-95] com.netflix.discovery.DiscoveryClient - Unregistering ...
2019-01-10_17 17:19:32.187 INFO  [http-nio-7002-exec-10] com.netflix.eureka.registry.AbstractInstanceRegistry - Registered instance DEPT-PROVIDER/192.168.1.114:DEPT-PROVIDER:8002 with status DOWN (replication=false)
2019-01-10_17 17:19:32.190 INFO  [DiscoveryClient-InstanceInfoReplicator-0] com.netflix.discovery.DiscoveryClient - DiscoveryClient_DEPT-PROVIDER/192.168.1.114:DEPT-PROVIDER:8002 - registration status: 204
2019-01-10_17 17:19:32.237 INFO  [http-nio-7002-exec-3] com.netflix.eureka.registry.AbstractInstanceRegistry - Cancelled instance DEPT-PROVIDER/192.168.1.114:DEPT-PROVIDER:8002 (replication=false)
2019-01-10_17 17:19:32.238 INFO  [Thread-95] com.netflix.discovery.DiscoveryClient - DiscoveryClient_DEPT-PROVIDER/192.168.1.114:DEPT-PROVIDER:8002 - deregister  status: 200
2019-01-10_17 17:19:32.240 INFO  [Thread-128] org.springframework.boot.actuate.endpoint.jmx.EndpointMBeanExporter - Unregistering JMX-exposed beans on shutdown
2019-01-10_17 17:19:32.245 INFO  [Thread-128] org.springframework.boot.actuate.endpoint.jmx.EndpointMBeanExporter - Unregistering JMX-exposed beans
2019-01-10_17 17:19:32.253 INFO  [Thread-128] org.springframework.jmx.export.annotation.AnnotationMBeanExporter - Unregistering JMX-exposed beans on shutdown
2019-01-10_17 17:19:32.254 INFO  [Thread-128] org.springframework.jmx.export.annotation.AnnotationMBeanExporter - Unregistering JMX-exposed beans
2019-01-10_17 17:19:32.267 INFO  [Thread-37] org.springframework.cloud.netflix.eureka.serviceregistry.EurekaServiceRegistry - Unregistering application dept-consumer with eureka with status DOWN
2019-01-10_17 17:19:32.286 INFO  [Thread-109] org.springframework.jmx.export.annotation.AnnotationMBeanExporter - Unregistering JMX-exposed beans on shutdown
2019-01-10_17 17:19:32.288 INFO  [Thread-37] com.netflix.discovery.DiscoveryClient - Shutting down DiscoveryClient ...
2019-01-10_17 17:19:32.291 INFO  [Thread-70] org.springframework.orm.jpa.LocalContainerEntityManagerFactoryBean - Closing JPA EntityManagerFactory for persistence unit 'default'
2019-01-10_17 17:19:32.305 INFO  [Thread-109] org.springframework.jmx.export.annotation.AnnotationMBeanExporter - Unregistering JMX-exposed beans
2019-01-10_17 17:19:32.378 INFO  [Thread-128] org.springframework.orm.jpa.LocalContainerEntityManagerFactoryBean - Closing JPA EntityManagerFactory for persistence unit 'default'
2019-01-10_17 17:19:32.380 INFO  [Thread-95] com.netflix.discovery.DiscoveryClient - Completed shut down of DiscoveryClient
2019-01-10_17 17:19:32.397 INFO  [Thread-70] com.alibaba.druid.pool.DruidDataSource - {dataSource-1} closed
2019-01-10_17 17:19:32.404 INFO  [Thread-37] com.netflix.discovery.DiscoveryClient - Completed shut down of DiscoveryClient
2019-01-10_17 17:19:32.414 INFO  [Thread-109] org.springframework.orm.jpa.LocalContainerEntityManagerFactoryBean - Closing JPA EntityManagerFactory for persistence unit 'default'
2019-01-10_17 17:19:32.462 INFO  [Thread-95] org.springframework.context.support.DefaultLifecycleProcessor - Stopping beans in phase 2147483647
2019-01-10_17 17:19:32.481 INFO  [Thread-95] org.springframework.context.support.DefaultLifecycleProcessor - Stopping beans in phase 0
2019-01-10_17 17:19:32.496 INFO  [Thread-128] com.alibaba.druid.pool.DruidDataSource - {dataSource-1} closed
2019-01-10_17 17:19:32.572 INFO  [Thread-95] org.springframework.jmx.export.annotation.AnnotationMBeanExporter - Unregistering JMX-exposed beans on shutdown
2019-01-10_17 17:19:32.575 INFO  [Thread-95] org.springframework.jmx.export.annotation.AnnotationMBeanExporter - Unregistering JMX-exposed beans
2019-01-10_17 17:19:32.631 INFO  [Thread-109] com.alibaba.druid.pool.DruidDataSource - {dataSource-1} closed
2019-01-10_17 17:19:32.733 INFO  [Thread-95] org.springframework.orm.jpa.LocalContainerEntityManagerFactoryBean - Closing JPA EntityManagerFactory for persistence unit 'default'
2019-01-10_17 17:19:32.892 INFO  [Thread-37] org.springframework.context.support.DefaultLifecycleProcessor - Stopping beans in phase 2147483647
2019-01-10_17 17:19:32.903 INFO  [Thread-95] com.alibaba.druid.pool.DruidDataSource - {dataSource-1} closed
2019-01-10_17 17:19:33.012 INFO  [Thread-37] org.springframework.context.support.DefaultLifecycleProcessor - Stopping beans in phase 0
2019-01-10_17 17:19:33.043 INFO  [Thread-37] org.springframework.context.annotation.AnnotationConfigApplicationContext - Closing org.springframework.context.annotation.AnnotationConfigApplicationContext@1cc874b0: startup date [Thu Jan 10 15:42:24 CST 2019]; parent: org.springframework.boot.context.embedded.AnnotationConfigEmbeddedWebApplicationContext@788fcafb
2019-01-10_17 17:19:33.044 INFO  [Thread-37] org.springframework.cloud.netflix.eureka.serviceregistry.EurekaServiceRegistry - Unregistering application dept-consumer with eureka with status DOWN
2019-01-10_17 17:19:33.051 INFO  [Thread-37] com.netflix.util.concurrent.ShutdownEnabledTimer - Shutdown hook removed for: NFLoadBalancer-PingTimer-DEPT-PROVIDER
2019-01-10_17 17:19:33.121 INFO  [Thread-37] com.netflix.util.concurrent.ShutdownEnabledTimer - Exception caught (might be ok if at shutdown)
java.lang.IllegalStateException: Shutdown in progress
	at java.lang.ApplicationShutdownHooks.remove(ApplicationShutdownHooks.java:82)
	at java.lang.Runtime.removeShutdownHook(Runtime.java:239)
	at com.netflix.util.concurrent.ShutdownEnabledTimer.cancel(ShutdownEnabledTimer.java:70)
	at com.netflix.loadbalancer.BaseLoadBalancer.cancelPingTask(BaseLoadBalancer.java:613)
	at com.netflix.loadbalancer.BaseLoadBalancer.shutdown(BaseLoadBalancer.java:864)
	at com.netflix.loadbalancer.DynamicServerListLoadBalancer.shutdown(DynamicServerListLoadBalancer.java:277)
	at sun.reflect.NativeMethodAccessorImpl.invoke0(Native Method)
	at sun.reflect.NativeMethodAccessorImpl.invoke(NativeMethodAccessorImpl.java:62)
	at sun.reflect.DelegatingMethodAccessorImpl.invoke(DelegatingMethodAccessorImpl.java:43)
	at java.lang.reflect.Method.invoke(Method.java:498)
	at org.springframework.beans.factory.support.DisposableBeanAdapter.invokeCustomDestroyMethod(DisposableBeanAdapter.java:364)
	at org.springframework.beans.factory.support.DisposableBeanAdapter.destroy(DisposableBeanAdapter.java:287)
	at org.springframework.beans.factory.support.DefaultSingletonBeanRegistry.destroyBean(DefaultSingletonBeanRegistry.java:578)
	at org.springframework.beans.factory.support.DefaultSingletonBeanRegistry.destroySingleton(DefaultSingletonBeanRegistry.java:554)
	at org.springframework.beans.factory.support.DefaultListableBeanFactory.destroySingleton(DefaultListableBeanFactory.java:961)
	at org.springframework.beans.factory.support.DefaultSingletonBeanRegistry.destroySingletons(DefaultSingletonBeanRegistry.java:523)
	at org.springframework.beans.factory.support.FactoryBeanRegistrySupport.destroySingletons(FactoryBeanRegistrySupport.java:230)
	at org.springframework.beans.factory.support.DefaultListableBeanFactory.destroySingletons(DefaultListableBeanFactory.java:968)
	at org.springframework.context.support.AbstractApplicationContext.destroyBeans(AbstractApplicationContext.java:1030)
	at org.springframework.context.support.AbstractApplicationContext.doClose(AbstractApplicationContext.java:1006)
	at org.springframework.context.support.AbstractApplicationContext.close(AbstractApplicationContext.java:958)
	at org.springframework.cloud.context.named.NamedContextFactory.destroy(NamedContextFactory.java:76)
	at org.springframework.beans.factory.support.DisposableBeanAdapter.destroy(DisposableBeanAdapter.java:272)
	at org.springframework.beans.factory.support.DefaultSingletonBeanRegistry.destroyBean(DefaultSingletonBeanRegistry.java:578)
	at org.springframework.beans.factory.support.DefaultSingletonBeanRegistry.destroySingleton(DefaultSingletonBeanRegistry.java:554)
	at org.springframework.beans.factory.support.DefaultListableBeanFactory.destroySingleton(DefaultListableBeanFactory.java:961)
	at org.springframework.beans.factory.support.DefaultSingletonBeanRegistry.destroySingletons(DefaultSingletonBeanRegistry.java:523)
	at org.springframework.beans.factory.support.FactoryBeanRegistrySupport.destroySingletons(FactoryBeanRegistrySupport.java:230)
	at org.springframework.beans.factory.support.DefaultListableBeanFactory.destroySingletons(DefaultListableBeanFactory.java:968)
	at org.springframework.context.support.AbstractApplicationContext.destroyBeans(AbstractApplicationContext.java:1030)
	at org.springframework.context.support.AbstractApplicationContext.doClose(AbstractApplicationContext.java:1006)
	at org.springframework.context.support.AbstractApplicationContext$2.run(AbstractApplicationContext.java:929)
2019-01-10_17 17:19:33.243 INFO  [Thread-37] org.springframework.jmx.export.annotation.AnnotationMBeanExporter - Unregistering JMX-exposed beans on shutdown
2019-01-10_17 17:19:33.245 INFO  [Thread-37] org.springframework.jmx.export.annotation.AnnotationMBeanExporter - Unregistering JMX-exposed beans
2019-01-10_17 17:19:33.328 INFO  [Thread-37] org.springframework.orm.jpa.LocalContainerEntityManagerFactoryBean - Closing JPA EntityManagerFactory for persistence unit 'default'
2019-01-10_17 17:19:33.373 INFO  [Thread-37] com.alibaba.druid.pool.DruidDataSource - {dataSource-1} closed
2019-01-10_17 17:19:34.724 INFO  [Thread-130] org.springframework.context.support.DefaultLifecycleProcessor - Stopping beans in phase 0
2019-01-10_17 17:19:34.732 INFO  [Thread-130] com.netflix.eureka.DefaultEurekaServerContext - Shutting down ...
2019-01-10_17 17:19:34.743 INFO  [Thread-130] com.netflix.eureka.DefaultEurekaServerContext - Shut down
2019-01-10_17 17:19:34.747 INFO  [Thread-130] org.springframework.boot.actuate.endpoint.jmx.EndpointMBeanExporter - Unregistering JMX-exposed beans on shutdown
2019-01-10_17 17:19:34.748 INFO  [Thread-130] org.springframework.boot.actuate.endpoint.jmx.EndpointMBeanExporter - Unregistering JMX-exposed beans
2019-01-10_17 17:19:34.748 INFO  [Thread-130] org.springframework.jmx.export.annotation.AnnotationMBeanExporter - Unregistering JMX-exposed beans on shutdown
2019-01-10_17 17:19:34.748 INFO  [Thread-130] org.springframework.jmx.export.annotation.AnnotationMBeanExporter - Unregistering JMX-exposed beans
2019-01-10_17 17:19:34.752 INFO  [Thread-130] org.springframework.orm.jpa.LocalContainerEntityManagerFactoryBean - Closing JPA EntityManagerFactory for persistence unit 'default'
2019-01-10_17 17:19:34.756 INFO  [Thread-130] com.alibaba.druid.pool.DruidDataSource - {dataSource-1} closed
