2019-02-19_10 10:00:40.243 INFO  [AsyncResolver-bootstrap-executor-0] com.netflix.discovery.shared.resolver.aws.ConfigClusterResolver - Resolving eureka endpoints via configuration
2019-02-19_10 10:00:42.410 INFO  [Eureka-EvictionTimer] com.netflix.eureka.registry.AbstractInstanceRegistry - Running the evict task with compensationTime 2ms
2019-02-19_10 10:00:50.464 INFO  [Eureka-EvictionTimer] com.netflix.eureka.registry.AbstractInstanceRegistry - Running the evict task with compensationTime 3ms
2019-02-19_10 10:00:54.883 INFO  [Eureka-EvictionTimer] com.netflix.eureka.registry.AbstractInstanceRegistry - Running the evict task with compensationTime 4ms
2019-02-19_10 10:01:42.414 INFO  [Eureka-EvictionTimer] com.netflix.eureka.registry.AbstractInstanceRegistry - Running the evict task with compensationTime 2ms
2019-02-19_10 10:01:50.469 INFO  [Eureka-EvictionTimer] com.netflix.eureka.registry.AbstractInstanceRegistry - Running the evict task with compensationTime 3ms
2019-02-19_10 10:01:54.889 INFO  [Eureka-EvictionTimer] com.netflix.eureka.registry.AbstractInstanceRegistry - Running the evict task with compensationTime 4ms
2019-02-19_10 10:02:13.200 INFO  [AsyncResolver-bootstrap-executor-0] com.netflix.discovery.shared.resolver.aws.ConfigClusterResolver - Resolving eureka endpoints via configuration
2019-02-19_10 10:02:21.622 INFO  [AsyncResolver-bootstrap-executor-0] com.netflix.discovery.shared.resolver.aws.ConfigClusterResolver - Resolving eureka endpoints via configuration
2019-02-19_10 10:02:25.845 INFO  [AsyncResolver-bootstrap-executor-0] com.netflix.discovery.shared.resolver.aws.ConfigClusterResolver - Resolving eureka endpoints via configuration
2019-02-19_10 10:02:42.417 INFO  [Eureka-EvictionTimer] com.netflix.eureka.registry.AbstractInstanceRegistry - Running the evict task with compensationTime 0ms
2019-02-19_10 10:02:50.474 INFO  [Eureka-EvictionTimer] com.netflix.eureka.registry.AbstractInstanceRegistry - Running the evict task with compensationTime 3ms
2019-02-19_10 10:02:54.896 INFO  [Eureka-EvictionTimer] com.netflix.eureka.registry.AbstractInstanceRegistry - Running the evict task with compensationTime 5ms
2019-02-19_10 10:03:32.429 INFO  [AsyncResolver-bootstrap-executor-0] com.netflix.discovery.shared.resolver.aws.ConfigClusterResolver - Resolving eureka endpoints via configuration
2019-02-19_10 10:03:42.423 INFO  [Eureka-EvictionTimer] com.netflix.eureka.registry.AbstractInstanceRegistry - Running the evict task with compensationTime 4ms
2019-02-19_10 10:03:50.479 INFO  [Eureka-EvictionTimer] com.netflix.eureka.registry.AbstractInstanceRegistry - Running the evict task with compensationTime 2ms
2019-02-19_10 10:03:54.903 INFO  [Eureka-EvictionTimer] com.netflix.eureka.registry.AbstractInstanceRegistry - Running the evict task with compensationTime 4ms
2019-02-19_10 10:04:42.429 INFO  [Eureka-EvictionTimer] com.netflix.eureka.registry.AbstractInstanceRegistry - Running the evict task with compensationTime 3ms
2019-02-19_10 10:04:50.484 INFO  [Eureka-EvictionTimer] com.netflix.eureka.registry.AbstractInstanceRegistry - Running the evict task with compensationTime 3ms
2019-02-19_10 10:04:54.909 INFO  [Eureka-EvictionTimer] com.netflix.eureka.registry.AbstractInstanceRegistry - Running the evict task with compensationTime 4ms
2019-02-19_10 10:05:40.265 INFO  [AsyncResolver-bootstrap-executor-0] com.netflix.discovery.shared.resolver.aws.ConfigClusterResolver - Resolving eureka endpoints via configuration
2019-02-19_10 10:05:42.435 INFO  [Eureka-EvictionTimer] com.netflix.eureka.registry.AbstractInstanceRegistry - Running the evict task with compensationTime 4ms
2019-02-19_10 10:05:50.489 INFO  [Eureka-EvictionTimer] com.netflix.eureka.registry.AbstractInstanceRegistry - Running the evict task with compensationTime 3ms
2019-02-19_10 10:05:54.915 INFO  [Eureka-EvictionTimer] com.netflix.eureka.registry.AbstractInstanceRegistry - Running the evict task with compensationTime 3ms
2019-02-19_10 10:06:42.439 INFO  [Eureka-EvictionTimer] com.netflix.eureka.registry.AbstractInstanceRegistry - Running the evict task with compensationTime 2ms
2019-02-19_10 10:06:50.494 INFO  [Eureka-EvictionTimer] com.netflix.eureka.registry.AbstractInstanceRegistry - Running the evict task with compensationTime 2ms
2019-02-19_10 10:06:54.921 INFO  [Eureka-EvictionTimer] com.netflix.eureka.registry.AbstractInstanceRegistry - Running the evict task with compensationTime 3ms
2019-02-19_10 10:07:13.223 INFO  [AsyncResolver-bootstrap-executor-0] com.netflix.discovery.shared.resolver.aws.ConfigClusterResolver - Resolving eureka endpoints via configuration
2019-02-19_10 10:07:21.654 INFO  [AsyncResolver-bootstrap-executor-0] com.netflix.discovery.shared.resolver.aws.ConfigClusterResolver - Resolving eureka endpoints via configuration
2019-02-19_10 10:07:25.865 INFO  [AsyncResolver-bootstrap-executor-0] com.netflix.discovery.shared.resolver.aws.ConfigClusterResolver - Resolving eureka endpoints via configuration
2019-02-19_10 10:07:42.444 INFO  [Eureka-EvictionTimer] com.netflix.eureka.registry.AbstractInstanceRegistry - Running the evict task with compensationTime 3ms
2019-02-19_10 10:07:50.500 INFO  [Eureka-EvictionTimer] com.netflix.eureka.registry.AbstractInstanceRegistry - Running the evict task with compensationTime 3ms
2019-02-19_10 10:07:54.926 INFO  [Eureka-EvictionTimer] com.netflix.eureka.registry.AbstractInstanceRegistry - Running the evict task with compensationTime 3ms
2019-02-19_10 10:08:32.450 INFO  [AsyncResolver-bootstrap-executor-0] com.netflix.discovery.shared.resolver.aws.ConfigClusterResolver - Resolving eureka endpoints via configuration
2019-02-19_10 10:08:42.447 INFO  [Eureka-EvictionTimer] com.netflix.eureka.registry.AbstractInstanceRegistry - Running the evict task with compensationTime 0ms
2019-02-19_10 10:08:50.505 INFO  [Eureka-EvictionTimer] com.netflix.eureka.registry.AbstractInstanceRegistry - Running the evict task with compensationTime 2ms
2019-02-19_10 10:08:54.928 INFO  [Eureka-EvictionTimer] com.netflix.eureka.registry.AbstractInstanceRegistry - Running the evict task with compensationTime 0ms
2019-02-19_10 10:09:33.801 INFO  [ReplicaAwareInstanceRegistry - RenewalThresholdUpdater] com.netflix.eureka.registry.PeerAwareInstanceRegistryImpl - Current renewal threshold is : 6
2019-02-19_10 10:09:42.475 INFO  [Eureka-EvictionTimer] com.netflix.eureka.registry.AbstractInstanceRegistry - Running the evict task with compensationTime 3ms
2019-02-19_10 10:09:42.809 INFO  [ReplicaAwareInstanceRegistry - RenewalThresholdUpdater] com.netflix.eureka.registry.PeerAwareInstanceRegistryImpl - Current renewal threshold is : 6
2019-02-19_10 10:09:47.307 INFO  [ReplicaAwareInstanceRegistry - RenewalThresholdUpdater] com.netflix.eureka.registry.PeerAwareInstanceRegistryImpl - Current renewal threshold is : 6
2019-02-19_10 10:09:50.536 INFO  [Eureka-EvictionTimer] com.netflix.eureka.registry.AbstractInstanceRegistry - Running the evict task with compensationTime 4ms
2019-02-19_10 10:09:54.958 INFO  [Eureka-EvictionTimer] com.netflix.eureka.registry.AbstractInstanceRegistry - Running the evict task with compensationTime 4ms
2019-02-19_10 10:10:40.307 INFO  [AsyncResolver-bootstrap-executor-0] com.netflix.discovery.shared.resolver.aws.ConfigClusterResolver - Resolving eureka endpoints via configuration
2019-02-19_10 10:10:42.485 INFO  [Eureka-EvictionTimer] com.netflix.eureka.registry.AbstractInstanceRegistry - Running the evict task with compensationTime 4ms
2019-02-19_10 10:10:50.543 INFO  [Eureka-EvictionTimer] com.netflix.eureka.registry.AbstractInstanceRegistry - Running the evict task with compensationTime 4ms
2019-02-19_10 10:10:54.966 INFO  [Eureka-EvictionTimer] com.netflix.eureka.registry.AbstractInstanceRegistry - Running the evict task with compensationTime 3ms
2019-02-19_10 10:11:42.491 INFO  [Eureka-EvictionTimer] com.netflix.eureka.registry.AbstractInstanceRegistry - Running the evict task with compensationTime 4ms
2019-02-19_10 10:11:50.549 INFO  [Eureka-EvictionTimer] com.netflix.eureka.registry.AbstractInstanceRegistry - Running the evict task with compensationTime 3ms
2019-02-19_10 10:11:54.972 INFO  [Eureka-EvictionTimer] com.netflix.eureka.registry.AbstractInstanceRegistry - Running the evict task with compensationTime 4ms
2019-02-19_10 10:12:13.267 INFO  [AsyncResolver-bootstrap-executor-0] com.netflix.discovery.shared.resolver.aws.ConfigClusterResolver - Resolving eureka endpoints via configuration
2019-02-19_10 10:12:21.694 INFO  [AsyncResolver-bootstrap-executor-0] com.netflix.discovery.shared.resolver.aws.ConfigClusterResolver - Resolving eureka endpoints via configuration
2019-02-19_10 10:12:25.904 INFO  [AsyncResolver-bootstrap-executor-0] com.netflix.discovery.shared.resolver.aws.ConfigClusterResolver - Resolving eureka endpoints via configuration
2019-02-19_10 10:12:42.498 INFO  [Eureka-EvictionTimer] com.netflix.eureka.registry.AbstractInstanceRegistry - Running the evict task with compensationTime 4ms
2019-02-19_10 10:12:50.555 INFO  [Eureka-EvictionTimer] com.netflix.eureka.registry.AbstractInstanceRegistry - Running the evict task with compensationTime 4ms
2019-02-19_10 10:12:54.977 INFO  [Eureka-EvictionTimer] com.netflix.eureka.registry.AbstractInstanceRegistry - Running the evict task with compensationTime 2ms
2019-02-19_10 10:13:32.493 INFO  [AsyncResolver-bootstrap-executor-0] com.netflix.discovery.shared.resolver.aws.ConfigClusterResolver - Resolving eureka endpoints via configuration
2019-02-19_10 10:13:42.501 INFO  [Eureka-EvictionTimer] com.netflix.eureka.registry.AbstractInstanceRegistry - Running the evict task with compensationTime 1ms
2019-02-19_10 10:13:50.559 INFO  [Eureka-EvictionTimer] com.netflix.eureka.registry.AbstractInstanceRegistry - Running the evict task with compensationTime 1ms
2019-02-19_10 10:13:54.982 INFO  [Eureka-EvictionTimer] com.netflix.eureka.registry.AbstractInstanceRegistry - Running the evict task with compensationTime 3ms
2019-02-19_10 10:14:42.508 INFO  [Eureka-EvictionTimer] com.netflix.eureka.registry.AbstractInstanceRegistry - Running the evict task with compensationTime 5ms
2019-02-19_10 10:14:50.564 INFO  [Eureka-EvictionTimer] com.netflix.eureka.registry.AbstractInstanceRegistry - Running the evict task with compensationTime 3ms
2019-02-19_10 10:14:54.988 INFO  [Eureka-EvictionTimer] com.netflix.eureka.registry.AbstractInstanceRegistry - Running the evict task with compensationTime 3ms
2019-02-19_10 10:15:40.323 INFO  [AsyncResolver-bootstrap-executor-0] com.netflix.discovery.shared.resolver.aws.ConfigClusterResolver - Resolving eureka endpoints via configuration
2019-02-19_10 10:15:42.515 INFO  [Eureka-EvictionTimer] com.netflix.eureka.registry.AbstractInstanceRegistry - Running the evict task with compensationTime 4ms
2019-02-19_10 10:15:50.569 INFO  [Eureka-EvictionTimer] com.netflix.eureka.registry.AbstractInstanceRegistry - Running the evict task with compensationTime 2ms
2019-02-19_10 10:15:54.994 INFO  [Eureka-EvictionTimer] com.netflix.eureka.registry.AbstractInstanceRegistry - Running the evict task with compensationTime 4ms
2019-02-19_10 10:16:42.520 INFO  [Eureka-EvictionTimer] com.netflix.eureka.registry.AbstractInstanceRegistry - Running the evict task with compensationTime 3ms
2019-02-19_10 10:16:50.574 INFO  [Eureka-EvictionTimer] com.netflix.eureka.registry.AbstractInstanceRegistry - Running the evict task with compensationTime 3ms
2019-02-19_10 10:16:55.001 INFO  [Eureka-EvictionTimer] com.netflix.eureka.registry.AbstractInstanceRegistry - Running the evict task with compensationTime 5ms
2019-02-19_10 10:17:13.281 INFO  [AsyncResolver-bootstrap-executor-0] com.netflix.discovery.shared.resolver.aws.ConfigClusterResolver - Resolving eureka endpoints via configuration
2019-02-19_10 10:17:21.711 INFO  [AsyncResolver-bootstrap-executor-0] com.netflix.discovery.shared.resolver.aws.ConfigClusterResolver - Resolving eureka endpoints via configuration
2019-02-19_10 10:17:25.921 INFO  [AsyncResolver-bootstrap-executor-0] com.netflix.discovery.shared.resolver.aws.ConfigClusterResolver - Resolving eureka endpoints via configuration
2019-02-19_10 10:17:42.526 INFO  [Eureka-EvictionTimer] com.netflix.eureka.registry.AbstractInstanceRegistry - Running the evict task with compensationTime 4ms
2019-02-19_10 10:17:50.580 INFO  [Eureka-EvictionTimer] com.netflix.eureka.registry.AbstractInstanceRegistry - Running the evict task with compensationTime 4ms
2019-02-19_10 10:17:55.008 INFO  [Eureka-EvictionTimer] com.netflix.eureka.registry.AbstractInstanceRegistry - Running the evict task with compensationTime 5ms
2019-02-19_10 10:18:32.510 INFO  [AsyncResolver-bootstrap-executor-0] com.netflix.discovery.shared.resolver.aws.ConfigClusterResolver - Resolving eureka endpoints via configuration
2019-02-19_10 10:18:42.532 INFO  [Eureka-EvictionTimer] com.netflix.eureka.registry.AbstractInstanceRegistry - Running the evict task with compensationTime 4ms
2019-02-19_10 10:18:50.586 INFO  [Eureka-EvictionTimer] com.netflix.eureka.registry.AbstractInstanceRegistry - Running the evict task with compensationTime 4ms
2019-02-19_10 10:18:55.014 INFO  [Eureka-EvictionTimer] com.netflix.eureka.registry.AbstractInstanceRegistry - Running the evict task with compensationTime 3ms
2019-02-19_10 10:19:42.538 INFO  [Eureka-EvictionTimer] com.netflix.eureka.registry.AbstractInstanceRegistry - Running the evict task with compensationTime 4ms
2019-02-19_10 10:19:50.592 INFO  [Eureka-EvictionTimer] com.netflix.eureka.registry.AbstractInstanceRegistry - Running the evict task with compensationTime 3ms
2019-02-19_10 10:19:55.020 INFO  [Eureka-EvictionTimer] com.netflix.eureka.registry.AbstractInstanceRegistry - Running the evict task with compensationTime 4ms
2019-02-19_10 10:20:40.341 INFO  [AsyncResolver-bootstrap-executor-0] com.netflix.discovery.shared.resolver.aws.ConfigClusterResolver - Resolving eureka endpoints via configuration
2019-02-19_10 10:20:42.541 INFO  [Eureka-EvictionTimer] com.netflix.eureka.registry.AbstractInstanceRegistry - Running the evict task with compensationTime 0ms
2019-02-19_10 10:20:50.599 INFO  [Eureka-EvictionTimer] com.netflix.eureka.registry.AbstractInstanceRegistry - Running the evict task with compensationTime 5ms
2019-02-19_10 10:20:55.026 INFO  [Eureka-EvictionTimer] com.netflix.eureka.registry.AbstractInstanceRegistry - Running the evict task with compensationTime 4ms
2019-02-19_10 10:21:42.548 INFO  [Eureka-EvictionTimer] com.netflix.eureka.registry.AbstractInstanceRegistry - Running the evict task with compensationTime 5ms
2019-02-19_10 10:21:50.605 INFO  [Eureka-EvictionTimer] com.netflix.eureka.registry.AbstractInstanceRegistry - Running the evict task with compensationTime 4ms
2019-02-19_10 10:21:55.030 INFO  [Eureka-EvictionTimer] com.netflix.eureka.registry.AbstractInstanceRegistry - Running the evict task with compensationTime 2ms
2019-02-19_10 10:22:13.299 INFO  [AsyncResolver-bootstrap-executor-0] com.netflix.discovery.shared.resolver.aws.ConfigClusterResolver - Resolving eureka endpoints via configuration
2019-02-19_10 10:22:21.728 INFO  [AsyncResolver-bootstrap-executor-0] com.netflix.discovery.shared.resolver.aws.ConfigClusterResolver - Resolving eureka endpoints via configuration
2019-02-19_10 10:22:25.939 INFO  [AsyncResolver-bootstrap-executor-0] com.netflix.discovery.shared.resolver.aws.ConfigClusterResolver - Resolving eureka endpoints via configuration
2019-02-19_10 10:22:42.555 INFO  [Eureka-EvictionTimer] com.netflix.eureka.registry.AbstractInstanceRegistry - Running the evict task with compensationTime 5ms
2019-02-19_10 10:22:50.608 INFO  [Eureka-EvictionTimer] com.netflix.eureka.registry.AbstractInstanceRegistry - Running the evict task with compensationTime 0ms
2019-02-19_10 10:22:55.035 INFO  [Eureka-EvictionTimer] com.netflix.eureka.registry.AbstractInstanceRegistry - Running the evict task with compensationTime 3ms
2019-02-19_10 10:23:32.526 INFO  [AsyncResolver-bootstrap-executor-0] com.netflix.discovery.shared.resolver.aws.ConfigClusterResolver - Resolving eureka endpoints via configuration
2019-02-19_10 10:23:42.562 INFO  [Eureka-EvictionTimer] com.netflix.eureka.registry.AbstractInstanceRegistry - Running the evict task with compensationTime 5ms
2019-02-19_10 10:23:50.615 INFO  [Eureka-EvictionTimer] com.netflix.eureka.registry.AbstractInstanceRegistry - Running the evict task with compensationTime 5ms
2019-02-19_10 10:23:55.041 INFO  [Eureka-EvictionTimer] com.netflix.eureka.registry.AbstractInstanceRegistry - Running the evict task with compensationTime 4ms
2019-02-19_10 10:24:33.832 INFO  [ReplicaAwareInstanceRegistry - RenewalThresholdUpdater] com.netflix.eureka.registry.PeerAwareInstanceRegistryImpl - Current renewal threshold is : 6
2019-02-19_10 10:24:42.562 INFO  [Eureka-EvictionTimer] com.netflix.eureka.registry.AbstractInstanceRegistry - Running the evict task with compensationTime 5ms
2019-02-19_10 10:24:42.837 INFO  [ReplicaAwareInstanceRegistry - RenewalThresholdUpdater] com.netflix.eureka.registry.PeerAwareInstanceRegistryImpl - Current renewal threshold is : 6
2019-02-19_10 10:24:47.331 INFO  [ReplicaAwareInstanceRegistry - RenewalThresholdUpdater] com.netflix.eureka.registry.PeerAwareInstanceRegistryImpl - Current renewal threshold is : 6
2019-02-19_10 10:24:50.615 INFO  [Eureka-EvictionTimer] com.netflix.eureka.registry.AbstractInstanceRegistry - Running the evict task with compensationTime 6ms
2019-02-19_10 10:24:55.041 INFO  [Eureka-EvictionTimer] com.netflix.eureka.registry.AbstractInstanceRegistry - Running the evict task with compensationTime 6ms
2019-02-19_10 10:25:40.348 INFO  [AsyncResolver-bootstrap-executor-0] com.netflix.discovery.shared.resolver.aws.ConfigClusterResolver - Resolving eureka endpoints via configuration
2019-02-19_10 10:25:42.565 INFO  [Eureka-EvictionTimer] com.netflix.eureka.registry.AbstractInstanceRegistry - Running the evict task with compensationTime 2ms
2019-02-19_10 10:25:50.620 INFO  [Eureka-EvictionTimer] com.netflix.eureka.registry.AbstractInstanceRegistry - Running the evict task with compensationTime 4ms
2019-02-19_10 10:25:55.043 INFO  [Eureka-EvictionTimer] com.netflix.eureka.registry.AbstractInstanceRegistry - Running the evict task with compensationTime 0ms
2019-02-19_10 10:26:42.573 INFO  [Eureka-EvictionTimer] com.netflix.eureka.registry.AbstractInstanceRegistry - Running the evict task with compensationTime 4ms
2019-02-19_10 10:26:50.625 INFO  [Eureka-EvictionTimer] com.netflix.eureka.registry.AbstractInstanceRegistry - Running the evict task with compensationTime 2ms
2019-02-19_10 10:26:55.048 INFO  [Eureka-EvictionTimer] com.netflix.eureka.registry.AbstractInstanceRegistry - Running the evict task with compensationTime 4ms
2019-02-19_10 10:27:13.306 INFO  [AsyncResolver-bootstrap-executor-0] com.netflix.discovery.shared.resolver.aws.ConfigClusterResolver - Resolving eureka endpoints via configuration
2019-02-19_10 10:27:21.734 INFO  [AsyncResolver-bootstrap-executor-0] com.netflix.discovery.shared.resolver.aws.ConfigClusterResolver - Resolving eureka endpoints via configuration
2019-02-19_10 10:27:25.946 INFO  [AsyncResolver-bootstrap-executor-0] com.netflix.discovery.shared.resolver.aws.ConfigClusterResolver - Resolving eureka endpoints via configuration
2019-02-19_10 10:27:42.577 INFO  [Eureka-EvictionTimer] com.netflix.eureka.registry.AbstractInstanceRegistry - Running the evict task with compensationTime 4ms
2019-02-19_10 10:27:50.632 INFO  [Eureka-EvictionTimer] com.netflix.eureka.registry.AbstractInstanceRegistry - Running the evict task with compensationTime 5ms
2019-02-19_10 10:27:55.050 INFO  [Eureka-EvictionTimer] com.netflix.eureka.registry.AbstractInstanceRegistry - Running the evict task with compensationTime 0ms
2019-02-19_10 10:28:32.532 INFO  [AsyncResolver-bootstrap-executor-0] com.netflix.discovery.shared.resolver.aws.ConfigClusterResolver - Resolving eureka endpoints via configuration
2019-02-19_10 10:28:42.583 INFO  [Eureka-EvictionTimer] com.netflix.eureka.registry.AbstractInstanceRegistry - Running the evict task with compensationTime 3ms
2019-02-19_10 10:28:50.635 INFO  [Eureka-EvictionTimer] com.netflix.eureka.registry.AbstractInstanceRegistry - Running the evict task with compensationTime 1ms
2019-02-19_10 10:28:55.055 INFO  [Eureka-EvictionTimer] com.netflix.eureka.registry.AbstractInstanceRegistry - Running the evict task with compensationTime 3ms
2019-02-19_10 10:29:42.590 INFO  [Eureka-EvictionTimer] com.netflix.eureka.registry.AbstractInstanceRegistry - Running the evict task with compensationTime 5ms
2019-02-19_10 10:29:50.639 INFO  [Eureka-EvictionTimer] com.netflix.eureka.registry.AbstractInstanceRegistry - Running the evict task with compensationTime 2ms
2019-02-19_10 10:29:55.061 INFO  [Eureka-EvictionTimer] com.netflix.eureka.registry.AbstractInstanceRegistry - Running the evict task with compensationTime 4ms
2019-02-19_10 10:30:29.878 INFO  [Thread-79] org.springframework.boot.context.embedded.AnnotationConfigEmbeddedWebApplicationContext - Closing org.springframework.boot.context.embedded.AnnotationConfigEmbeddedWebApplicationContext@681a8b4e: startup date [Mon Feb 18 14:39:03 CST 2019]; parent: org.springframework.context.annotation.AnnotationConfigApplicationContext@2f54a33d
2019-02-19_10 10:30:30.017 INFO  [Thread-71] org.springframework.boot.context.embedded.AnnotationConfigEmbeddedWebApplicationContext - Closing org.springframework.boot.context.embedded.AnnotationConfigEmbeddedWebApplicationContext@681a8b4e: startup date [Mon Feb 18 14:39:16 CST 2019]; parent: org.springframework.context.annotation.AnnotationConfigApplicationContext@2f54a33d
2019-02-19_10 10:30:30.187 INFO  [Thread-57] org.springframework.boot.context.embedded.AnnotationConfigEmbeddedWebApplicationContext - Closing org.springframework.boot.context.embedded.AnnotationConfigEmbeddedWebApplicationContext@681a8b4e: startup date [Mon Feb 18 14:39:28 CST 2019]; parent: org.springframework.context.annotation.AnnotationConfigApplicationContext@2f54a33d
2019-02-19_10 10:30:30.175 INFO  [Thread-79] org.springframework.cloud.netflix.eureka.serviceregistry.EurekaServiceRegistry - Unregistering application unknown with eureka with status DOWN
2019-02-19_10 10:30:30.321 INFO  [Thread-71] org.springframework.cloud.netflix.eureka.serviceregistry.EurekaServiceRegistry - Unregistering application unknown with eureka with status DOWN
2019-02-19_10 10:30:30.351 INFO  [Thread-79] com.netflix.discovery.DiscoveryClient - Shutting down DiscoveryClient ...
2019-02-19_10 10:30:30.362 INFO  [Thread-79] com.netflix.discovery.DiscoveryClient - Completed shut down of DiscoveryClient
2019-02-19_10 10:30:30.433 INFO  [Thread-71] com.netflix.discovery.DiscoveryClient - Shutting down DiscoveryClient ...
2019-02-19_10 10:30:30.506 INFO  [Thread-71] com.netflix.discovery.DiscoveryClient - Completed shut down of DiscoveryClient
2019-02-19_10 10:30:30.509 INFO  [Thread-57] org.springframework.cloud.netflix.eureka.serviceregistry.EurekaServiceRegistry - Unregistering application unknown with eureka with status DOWN
2019-02-19_10 10:30:30.766 INFO  [Thread-64] org.springframework.boot.context.embedded.AnnotationConfigEmbeddedWebApplicationContext - Closing org.springframework.boot.context.embedded.AnnotationConfigEmbeddedWebApplicationContext@75459c75: startup date [Mon Feb 18 14:41:44 CST 2019]; parent: org.springframework.context.annotation.AnnotationConfigApplicationContext@37f1104d
2019-02-19_10 10:30:30.882 INFO  [Thread-57] com.netflix.discovery.DiscoveryClient - Shutting down DiscoveryClient ...
2019-02-19_10 10:30:30.890 INFO  [Thread-57] com.netflix.discovery.DiscoveryClient - Completed shut down of DiscoveryClient
2019-02-19_10 10:30:31.054 INFO  [Thread-51] org.springframework.boot.context.embedded.AnnotationConfigEmbeddedWebApplicationContext - Closing org.springframework.boot.context.embedded.AnnotationConfigEmbeddedWebApplicationContext@75459c75: startup date [Mon Feb 18 14:42:00 CST 2019]; parent: org.springframework.context.annotation.AnnotationConfigApplicationContext@37f1104d
2019-02-19_10 10:30:31.066 INFO  [Thread-64] org.springframework.cloud.netflix.eureka.serviceregistry.EurekaServiceRegistry - Unregistering application DEPT-PROVIDER with eureka with status DOWN
2019-02-19_10 10:30:31.100 WARN  [Thread-64] com.netflix.discovery.DiscoveryClient - Saw local status change event StatusChangeEvent [timestamp=1550543431098, current=DOWN, previous=UP]
2019-02-19_10 10:30:31.130 INFO  [DiscoveryClient-InstanceInfoReplicator-0] com.netflix.discovery.DiscoveryClient - DiscoveryClient_DEPT-PROVIDER/192.168.1.114:DEPT-PROVIDER:8001: registering service...
2019-02-19_10 10:30:31.203 INFO  [Thread-64] com.netflix.discovery.DiscoveryClient - Shutting down DiscoveryClient ...
2019-02-19_10 10:30:31.261 INFO  [Thread-64] com.netflix.discovery.DiscoveryClient - Unregistering ...
2019-02-19_10 10:30:31.401 INFO  [Thread-51] org.springframework.cloud.netflix.eureka.serviceregistry.EurekaServiceRegistry - Unregistering application DEPT-PROVIDER with eureka with status DOWN
2019-02-19_10 10:30:31.443 INFO  [http-nio-7002-exec-10] com.netflix.eureka.registry.AbstractInstanceRegistry - Registered instance DEPT-PROVIDER/192.168.1.114:DEPT-PROVIDER:8001 with status DOWN (replication=false)
2019-02-19_10 10:30:31.423 WARN  [Thread-51] com.netflix.discovery.DiscoveryClient - Saw local status change event StatusChangeEvent [timestamp=1550543431407, current=DOWN, previous=UP]
2019-02-19_10 10:30:31.516 INFO  [DiscoveryClient-InstanceInfoReplicator-0] com.netflix.discovery.DiscoveryClient - DiscoveryClient_DEPT-PROVIDER/192.168.1.114:DEPT-PROVIDER:8002: registering service...
2019-02-19_10 10:30:31.525 INFO  [DiscoveryClient-InstanceInfoReplicator-0] com.netflix.discovery.DiscoveryClient - DiscoveryClient_DEPT-PROVIDER/192.168.1.114:DEPT-PROVIDER:8001 - registration status: 204
2019-02-19_10 10:30:31.561 INFO  [Thread-79] org.springframework.context.support.DefaultLifecycleProcessor - Stopping beans in phase 0
2019-02-19_10 10:30:31.587 INFO  [Thread-51] com.netflix.discovery.DiscoveryClient - Shutting down DiscoveryClient ...
2019-02-19_10 10:30:31.664 INFO  [Thread-51] com.netflix.discovery.DiscoveryClient - Unregistering ...
2019-02-19_10 10:30:31.680 INFO  [http-nio-7002-exec-1] com.netflix.eureka.registry.AbstractInstanceRegistry - Registered instance DEPT-PROVIDER/192.168.1.114:DEPT-PROVIDER:8002 with status DOWN (replication=false)
2019-02-19_10 10:30:31.686 INFO  [DiscoveryClient-InstanceInfoReplicator-0] com.netflix.discovery.DiscoveryClient - DiscoveryClient_DEPT-PROVIDER/192.168.1.114:DEPT-PROVIDER:8002 - registration status: 204
2019-02-19_10 10:30:31.738 INFO  [Thread-71] org.springframework.context.support.DefaultLifecycleProcessor - Stopping beans in phase 0
2019-02-19_10 10:30:31.805 INFO  [Thread-34] org.springframework.boot.context.embedded.AnnotationConfigEmbeddedWebApplicationContext - Closing org.springframework.boot.context.embedded.AnnotationConfigEmbeddedWebApplicationContext@75459c75: startup date [Mon Feb 18 14:42:12 CST 2019]; parent: org.springframework.context.annotation.AnnotationConfigApplicationContext@37f1104d
2019-02-19_10 10:30:31.839 INFO  [Thread-57] org.springframework.context.support.DefaultLifecycleProcessor - Stopping beans in phase 0
2019-02-19_10 10:30:31.872 INFO  [http-nio-7002-exec-4] com.netflix.eureka.registry.AbstractInstanceRegistry - Cancelled instance DEPT-PROVIDER/192.168.1.114:DEPT-PROVIDER:8001 (replication=false)
2019-02-19_10 10:30:32.005 INFO  [Thread-64] com.netflix.discovery.DiscoveryClient - DiscoveryClient_DEPT-PROVIDER/192.168.1.114:DEPT-PROVIDER:8001 - deregister  status: 200
2019-02-19_10 10:30:32.052 INFO  [http-nio-7002-exec-6] com.netflix.eureka.registry.AbstractInstanceRegistry - Cancelled instance DEPT-PROVIDER/192.168.1.114:DEPT-PROVIDER:8002 (replication=false)
2019-02-19_10 10:30:32.066 INFO  [Thread-51] com.netflix.discovery.DiscoveryClient - DiscoveryClient_DEPT-PROVIDER/192.168.1.114:DEPT-PROVIDER:8002 - deregister  status: 200
2019-02-19_10 10:30:32.124 INFO  [Thread-79] com.netflix.eureka.DefaultEurekaServerContext - Shutting down ...
2019-02-19_10 10:30:32.140 INFO  [Thread-34] org.springframework.cloud.netflix.eureka.serviceregistry.EurekaServiceRegistry - Unregistering application DEPT-PROVIDER with eureka with status DOWN
2019-02-19_10 10:30:32.163 WARN  [Thread-34] com.netflix.discovery.DiscoveryClient - Saw local status change event StatusChangeEvent [timestamp=1550543432148, current=DOWN, previous=UP]
2019-02-19_10 10:30:32.184 INFO  [Thread-71] com.netflix.eureka.DefaultEurekaServerContext - Shutting down ...
2019-02-19_10 10:30:32.213 INFO  [DiscoveryClient-InstanceInfoReplicator-0] com.netflix.discovery.DiscoveryClient - DiscoveryClient_DEPT-PROVIDER/192.168.1.114:DEPT-PROVIDER:8003: registering service...
2019-02-19_10 10:30:32.260 ERROR [TaskBatchingWorker-target_peer1-4] com.netflix.eureka.cluster.ReplicationTaskProcessor - Network level connection to peer peer1; retrying after delay
com.sun.jersey.api.client.ClientHandlerException: java.net.SocketTimeoutException: Read timed out
	at com.sun.jersey.client.apache4.ApacheHttpClient4Handler.handle(ApacheHttpClient4Handler.java:187)
	at com.netflix.eureka.cluster.DynamicGZIPContentEncodingFilter.handle(DynamicGZIPContentEncodingFilter.java:48)
	at com.netflix.discovery.EurekaIdentityHeaderFilter.handle(EurekaIdentityHeaderFilter.java:27)
	at com.sun.jersey.api.client.Client.handle(Client.java:652)
	at com.sun.jersey.api.client.WebResource.handle(WebResource.java:682)
	at com.sun.jersey.api.client.WebResource.access$200(WebResource.java:74)
	at com.sun.jersey.api.client.WebResource$Builder.post(WebResource.java:570)
	at com.netflix.eureka.transport.JerseyReplicationClient.submitBatchUpdates(JerseyReplicationClient.java:116)
	at com.netflix.eureka.cluster.ReplicationTaskProcessor.process(ReplicationTaskProcessor.java:71)
	at com.netflix.eureka.util.batcher.TaskExecutors$BatchWorkerRunnable.run(TaskExecutors.java:187)
	at java.lang.Thread.run(Thread.java:748)
Caused by: java.net.SocketTimeoutException: Read timed out
	at java.net.SocketInputStream.socketRead0(Native Method)
	at java.net.SocketInputStream.socketRead(SocketInputStream.java:116)
	at java.net.SocketInputStream.read(SocketInputStream.java:171)
	at java.net.SocketInputStream.read(SocketInputStream.java:141)
	at org.apache.http.impl.io.AbstractSessionInputBuffer.fillBuffer(AbstractSessionInputBuffer.java:158)
	at org.apache.http.impl.io.SocketInputBuffer.fillBuffer(SocketInputBuffer.java:82)
	at org.apache.http.impl.io.AbstractSessionInputBuffer.readLine(AbstractSessionInputBuffer.java:271)
	at org.apache.http.impl.conn.DefaultHttpResponseParser.parseHead(DefaultHttpResponseParser.java:138)
	at org.apache.http.impl.conn.DefaultHttpResponseParser.parseHead(DefaultHttpResponseParser.java:56)
	at org.apache.http.impl.io.AbstractMessageParser.parse(AbstractMessageParser.java:259)
	at org.apache.http.impl.AbstractHttpClientConnection.receiveResponseHeader(AbstractHttpClientConnection.java:281)
	at org.apache.http.impl.conn.DefaultClientConnection.receiveResponseHeader(DefaultClientConnection.java:257)
	at org.apache.http.impl.conn.AbstractClientConnAdapter.receiveResponseHeader(AbstractClientConnAdapter.java:230)
	at org.apache.http.protocol.HttpRequestExecutor.doReceiveResponse(HttpRequestExecutor.java:273)
	at org.apache.http.protocol.HttpRequestExecutor.execute(HttpRequestExecutor.java:125)
	at org.apache.http.impl.client.DefaultRequestDirector.tryExecute(DefaultRequestDirector.java:684)
	at org.apache.http.impl.client.DefaultRequestDirector.execute(DefaultRequestDirector.java:486)
	at org.apache.http.impl.client.AbstractHttpClient.doExecute(AbstractHttpClient.java:835)
	at org.apache.http.impl.client.CloseableHttpClient.execute(CloseableHttpClient.java:118)
	at org.apache.http.impl.client.CloseableHttpClient.execute(CloseableHttpClient.java:56)
	at com.sun.jersey.client.apache4.ApacheHttpClient4Handler.handle(ApacheHttpClient4Handler.java:173)
	... 10 common frames omitted
2019-02-19_10 10:30:32.294 INFO  [http-nio-7001-exec-3] com.netflix.eureka.registry.AbstractInstanceRegistry - Registered instance DEPT-PROVIDER/192.168.1.114:DEPT-PROVIDER:8001 with status DOWN (replication=true)
2019-02-19_10 10:30:32.261 ERROR [TaskBatchingWorker-target_peer3-13] com.netflix.eureka.cluster.ReplicationTaskProcessor - Network level connection to peer peer3; retrying after delay
com.sun.jersey.api.client.ClientHandlerException: java.net.SocketTimeoutException: Read timed out
	at com.sun.jersey.client.apache4.ApacheHttpClient4Handler.handle(ApacheHttpClient4Handler.java:187)
	at com.netflix.eureka.cluster.DynamicGZIPContentEncodingFilter.handle(DynamicGZIPContentEncodingFilter.java:48)
	at com.netflix.discovery.EurekaIdentityHeaderFilter.handle(EurekaIdentityHeaderFilter.java:27)
	at com.sun.jersey.api.client.Client.handle(Client.java:652)
	at com.sun.jersey.api.client.WebResource.handle(WebResource.java:682)
	at com.sun.jersey.api.client.WebResource.access$200(WebResource.java:74)
	at com.sun.jersey.api.client.WebResource$Builder.post(WebResource.java:570)
	at com.netflix.eureka.transport.JerseyReplicationClient.submitBatchUpdates(JerseyReplicationClient.java:116)
	at com.netflix.eureka.cluster.ReplicationTaskProcessor.process(ReplicationTaskProcessor.java:71)
	at com.netflix.eureka.util.batcher.TaskExecutors$BatchWorkerRunnable.run(TaskExecutors.java:187)
	at java.lang.Thread.run(Thread.java:748)
Caused by: java.net.SocketTimeoutException: Read timed out
	at java.net.SocketInputStream.socketRead0(Native Method)
	at java.net.SocketInputStream.socketRead(SocketInputStream.java:116)
	at java.net.SocketInputStream.read(SocketInputStream.java:171)
	at java.net.SocketInputStream.read(SocketInputStream.java:141)
	at org.apache.http.impl.io.AbstractSessionInputBuffer.fillBuffer(AbstractSessionInputBuffer.java:158)
	at org.apache.http.impl.io.SocketInputBuffer.fillBuffer(SocketInputBuffer.java:82)
	at org.apache.http.impl.io.AbstractSessionInputBuffer.readLine(AbstractSessionInputBuffer.java:271)
	at org.apache.http.impl.conn.DefaultHttpResponseParser.parseHead(DefaultHttpResponseParser.java:138)
	at org.apache.http.impl.conn.DefaultHttpResponseParser.parseHead(DefaultHttpResponseParser.java:56)
	at org.apache.http.impl.io.AbstractMessageParser.parse(AbstractMessageParser.java:259)
	at org.apache.http.impl.AbstractHttpClientConnection.receiveResponseHeader(AbstractHttpClientConnection.java:281)
	at org.apache.http.impl.conn.DefaultClientConnection.receiveResponseHeader(DefaultClientConnection.java:257)
	at org.apache.http.impl.conn.AbstractClientConnAdapter.receiveResponseHeader(AbstractClientConnAdapter.java:230)
	at org.apache.http.protocol.HttpRequestExecutor.doReceiveResponse(HttpRequestExecutor.java:273)
	at org.apache.http.protocol.HttpRequestExecutor.execute(HttpRequestExecutor.java:125)
	at org.apache.http.impl.client.DefaultRequestDirector.tryExecute(DefaultRequestDirector.java:684)
	at org.apache.http.impl.client.DefaultRequestDirector.execute(DefaultRequestDirector.java:486)
	at org.apache.http.impl.client.AbstractHttpClient.doExecute(AbstractHttpClient.java:835)
	at org.apache.http.impl.client.CloseableHttpClient.execute(CloseableHttpClient.java:118)
	at org.apache.http.impl.client.CloseableHttpClient.execute(CloseableHttpClient.java:56)
	at com.sun.jersey.client.apache4.ApacheHttpClient4Handler.handle(ApacheHttpClient4Handler.java:173)
	... 10 common frames omitted
2019-02-19_10 10:30:32.378 INFO  [http-nio-7001-exec-3] com.netflix.eureka.registry.AbstractInstanceRegistry - Registered instance DEPT-PROVIDER/192.168.1.114:DEPT-PROVIDER:8002 with status DOWN (replication=true)
2019-02-19_10 10:30:32.392 INFO  [Thread-34] com.netflix.discovery.DiscoveryClient - Shutting down DiscoveryClient ...
2019-02-19_10 10:30:32.439 INFO  [http-nio-7003-exec-4] com.netflix.eureka.registry.AbstractInstanceRegistry - Registered instance DEPT-PROVIDER/192.168.1.114:DEPT-PROVIDER:8001 with status DOWN (replication=true)
2019-02-19_10 10:30:32.443 INFO  [http-nio-7003-exec-4] com.netflix.eureka.registry.AbstractInstanceRegistry - Registered instance DEPT-PROVIDER/192.168.1.114:DEPT-PROVIDER:8002 with status DOWN (replication=true)
2019-02-19_10 10:30:32.465 INFO  [Thread-34] com.netflix.discovery.DiscoveryClient - Unregistering ...
2019-02-19_10 10:30:32.433 WARN  [TaskBatchingWorker-target_peer1-16] com.netflix.eureka.util.batcher.TaskExecutors - Discovery WorkerThread error
java.lang.NullPointerException: null
	at com.netflix.eureka.util.batcher.TaskExecutors$TaskExecutorMetrics.registerExpiryTimes(TaskExecutors.java:135)
	at com.netflix.eureka.util.batcher.TaskExecutors$BatchWorkerRunnable.run(TaskExecutors.java:184)
	at java.lang.Thread.run(Thread.java:748)
2019-02-19_10 10:30:32.433 WARN  [TaskBatchingWorker-target_peer1-12] com.netflix.eureka.util.batcher.TaskExecutors - Discovery WorkerThread error
java.lang.NullPointerException: null
	at com.netflix.eureka.util.batcher.TaskExecutors$TaskExecutorMetrics.registerExpiryTimes(TaskExecutors.java:135)
	at com.netflix.eureka.util.batcher.TaskExecutors$BatchWorkerRunnable.run(TaskExecutors.java:184)
	at java.lang.Thread.run(Thread.java:748)
2019-02-19_10 10:30:32.506 INFO  [Thread-71] com.netflix.eureka.DefaultEurekaServerContext - Shut down
2019-02-19_10 10:30:32.560 INFO  [Thread-39] com.netflix.loadbalancer.PollingServerListUpdater - Shutting down the Executor Pool for PollingServerListUpdater
2019-02-19_10 10:30:32.561 INFO  [Thread-32] com.netflix.loadbalancer.PollingServerListUpdater - Shutting down the Executor Pool for PollingServerListUpdater
2019-02-19_10 10:30:32.591 INFO  [http-nio-7002-exec-9] com.netflix.eureka.registry.AbstractInstanceRegistry - Registered instance DEPT-PROVIDER/192.168.1.114:DEPT-PROVIDER:8003 with status DOWN (replication=false)
2019-02-19_10 10:30:32.623 INFO  [DiscoveryClient-InstanceInfoReplicator-0] com.netflix.discovery.DiscoveryClient - DiscoveryClient_DEPT-PROVIDER/192.168.1.114:DEPT-PROVIDER:8003 - registration status: 204
2019-02-19_10 10:30:32.634 INFO  [Thread-25] org.springframework.boot.context.embedded.AnnotationConfigEmbeddedWebApplicationContext - Closing org.springframework.boot.context.embedded.AnnotationConfigEmbeddedWebApplicationContext@75459c75: startup date [Mon Feb 18 14:48:20 CST 2019]; parent: org.springframework.context.annotation.AnnotationConfigApplicationContext@37f1104d
2019-02-19_10 10:30:32.633 INFO  [Thread-32] org.springframework.boot.context.embedded.AnnotationConfigEmbeddedWebApplicationContext - Closing org.springframework.boot.context.embedded.AnnotationConfigEmbeddedWebApplicationContext@75459c75: startup date [Mon Feb 18 14:45:25 CST 2019]; parent: org.springframework.context.annotation.AnnotationConfigApplicationContext@37f1104d
2019-02-19_10 10:30:32.656 INFO  [Thread-57] com.netflix.eureka.DefaultEurekaServerContext - Shutting down ...
2019-02-19_10 10:30:32.832 INFO  [Thread-71] org.springframework.boot.actuate.endpoint.jmx.EndpointMBeanExporter - Unregistering JMX-exposed beans on shutdown
2019-02-19_10 10:30:32.865 INFO  [Thread-79] com.netflix.eureka.DefaultEurekaServerContext - Shut down
2019-02-19_10 10:30:32.919 INFO  [Thread-71] org.springframework.boot.actuate.endpoint.jmx.EndpointMBeanExporter - Unregistering JMX-exposed beans
2019-02-19_10 10:30:32.946 INFO  [Thread-71] org.springframework.jmx.export.annotation.AnnotationMBeanExporter - Unregistering JMX-exposed beans on shutdown
2019-02-19_10 10:30:32.959 INFO  [Thread-71] org.springframework.jmx.export.annotation.AnnotationMBeanExporter - Unregistering JMX-exposed beans
2019-02-19_10 10:30:32.952 INFO  [Thread-51] com.netflix.discovery.DiscoveryClient - Completed shut down of DiscoveryClient
2019-02-19_10 10:30:32.985 INFO  [http-nio-7001-exec-3] com.netflix.eureka.registry.AbstractInstanceRegistry - Cancelled instance DEPT-PROVIDER/192.168.1.114:DEPT-PROVIDER:8001 (replication=true)
2019-02-19_10 10:30:33.018 INFO  [http-nio-7002-exec-8] com.netflix.eureka.registry.AbstractInstanceRegistry - Cancelled instance DEPT-PROVIDER/192.168.1.114:DEPT-PROVIDER:8003 (replication=false)
2019-02-19_10 10:30:33.042 INFO  [Thread-34] com.netflix.discovery.DiscoveryClient - DiscoveryClient_DEPT-PROVIDER/192.168.1.114:DEPT-PROVIDER:8003 - deregister  status: 200
2019-02-19_10 10:30:33.053 INFO  [Thread-79] org.springframework.boot.actuate.endpoint.jmx.EndpointMBeanExporter - Unregistering JMX-exposed beans on shutdown
2019-02-19_10 10:30:33.075 INFO  [Thread-79] org.springframework.boot.actuate.endpoint.jmx.EndpointMBeanExporter - Unregistering JMX-exposed beans
2019-02-19_10 10:30:33.122 INFO  [Thread-57] com.netflix.eureka.DefaultEurekaServerContext - Shut down
2019-02-19_10 10:30:33.122 INFO  [Thread-79] org.springframework.jmx.export.annotation.AnnotationMBeanExporter - Unregistering JMX-exposed beans on shutdown
2019-02-19_10 10:30:33.144 INFO  [Thread-79] org.springframework.jmx.export.annotation.AnnotationMBeanExporter - Unregistering JMX-exposed beans
2019-02-19_10 10:30:33.217 INFO  [Thread-57] org.springframework.boot.actuate.endpoint.jmx.EndpointMBeanExporter - Unregistering JMX-exposed beans on shutdown
2019-02-19_10 10:30:33.253 INFO  [Thread-57] org.springframework.boot.actuate.endpoint.jmx.EndpointMBeanExporter - Unregistering JMX-exposed beans
2019-02-19_10 10:30:33.263 INFO  [Thread-57] org.springframework.jmx.export.annotation.AnnotationMBeanExporter - Unregistering JMX-exposed beans on shutdown
2019-02-19_10 10:30:33.284 INFO  [Thread-25] org.springframework.cloud.netflix.eureka.serviceregistry.EurekaServiceRegistry - Unregistering application dept-consumer with eureka with status DOWN
2019-02-19_10 10:30:33.295 INFO  [Thread-57] org.springframework.jmx.export.annotation.AnnotationMBeanExporter - Unregistering JMX-exposed beans
2019-02-19_10 10:30:33.317 INFO  [Thread-32] org.springframework.cloud.netflix.eureka.serviceregistry.EurekaServiceRegistry - Unregistering application dept-consumer with eureka with status DOWN
2019-02-19_10 10:30:33.446 INFO  [Thread-71] org.springframework.orm.jpa.LocalContainerEntityManagerFactoryBean - Closing JPA EntityManagerFactory for persistence unit 'default'
2019-02-19_10 10:30:33.454 INFO  [Thread-25] com.netflix.discovery.DiscoveryClient - Shutting down DiscoveryClient ...
2019-02-19_10 10:30:33.359 WARN  [TaskBatchingWorker-target_peer1-14] com.netflix.eureka.util.batcher.TaskExecutors - Discovery WorkerThread error
java.lang.NullPointerException: null
	at com.netflix.eureka.util.batcher.TaskExecutors$TaskExecutorMetrics.registerExpiryTimes(TaskExecutors.java:135)
	at com.netflix.eureka.util.batcher.TaskExecutors$BatchWorkerRunnable.run(TaskExecutors.java:184)
	at java.lang.Thread.run(Thread.java:748)
2019-02-19_10 10:30:33.548 INFO  [Thread-32] com.netflix.discovery.DiscoveryClient - Shutting down DiscoveryClient ...
2019-02-19_10 10:30:33.652 INFO  [Thread-79] org.springframework.orm.jpa.LocalContainerEntityManagerFactoryBean - Closing JPA EntityManagerFactory for persistence unit 'default'
2019-02-19_10 10:30:33.662 INFO  [Thread-51] org.springframework.context.support.DefaultLifecycleProcessor - Stopping beans in phase 2147483647
2019-02-19_10 10:30:33.823 INFO  [Thread-57] org.springframework.orm.jpa.LocalContainerEntityManagerFactoryBean - Closing JPA EntityManagerFactory for persistence unit 'default'
2019-02-19_10 10:30:33.863 INFO  [Thread-64] com.netflix.discovery.DiscoveryClient - Completed shut down of DiscoveryClient
2019-02-19_10 10:30:33.959 INFO  [Thread-51] org.springframework.context.support.DefaultLifecycleProcessor - Stopping beans in phase 0
2019-02-19_10 10:30:34.014 INFO  [Thread-34] com.netflix.discovery.DiscoveryClient - Completed shut down of DiscoveryClient
2019-02-19_10 10:30:34.033 INFO  [Thread-71] com.alibaba.druid.pool.DruidDataSource - {dataSource-1} closed
2019-02-19_10 10:30:34.087 INFO  [Thread-51] org.springframework.jmx.export.annotation.AnnotationMBeanExporter - Unregistering JMX-exposed beans on shutdown
2019-02-19_10 10:30:34.098 INFO  [Thread-51] org.springframework.jmx.export.annotation.AnnotationMBeanExporter - Unregistering JMX-exposed beans
2019-02-19_10 10:30:34.163 INFO  [Thread-79] com.alibaba.druid.pool.DruidDataSource - {dataSource-1} closed
2019-02-19_10 10:30:34.185 INFO  [Thread-57] com.alibaba.druid.pool.DruidDataSource - {dataSource-1} closed
2019-02-19_10 10:30:34.214 INFO  [Thread-25] com.netflix.discovery.DiscoveryClient - Completed shut down of DiscoveryClient
2019-02-19_10 10:30:34.260 INFO  [Thread-32] com.netflix.discovery.DiscoveryClient - Completed shut down of DiscoveryClient
2019-02-19_10 10:30:34.304 INFO  [Thread-64] org.springframework.context.support.DefaultLifecycleProcessor - Stopping beans in phase 2147483647
2019-02-19_10 10:30:34.382 INFO  [Thread-51] org.springframework.orm.jpa.LocalContainerEntityManagerFactoryBean - Closing JPA EntityManagerFactory for persistence unit 'default'
2019-02-19_10 10:30:34.422 INFO  [Thread-34] org.springframework.context.support.DefaultLifecycleProcessor - Stopping beans in phase 2147483647
2019-02-19_10 10:30:34.521 INFO  [Thread-64] org.springframework.context.support.DefaultLifecycleProcessor - Stopping beans in phase 0
2019-02-19_10 10:30:34.595 INFO  [Thread-64] org.springframework.jmx.export.annotation.AnnotationMBeanExporter - Unregistering JMX-exposed beans on shutdown
2019-02-19_10 10:30:34.606 INFO  [Thread-64] org.springframework.jmx.export.annotation.AnnotationMBeanExporter - Unregistering JMX-exposed beans
2019-02-19_10 10:30:34.603 INFO  [Thread-34] org.springframework.context.support.DefaultLifecycleProcessor - Stopping beans in phase 0
2019-02-19_10 10:30:34.643 INFO  [Thread-51] com.alibaba.druid.pool.DruidDataSource - {dataSource-1} closed
2019-02-19_10 10:30:34.716 INFO  [Thread-34] org.springframework.jmx.export.annotation.AnnotationMBeanExporter - Unregistering JMX-exposed beans on shutdown
2019-02-19_10 10:30:34.716 INFO  [Thread-34] org.springframework.jmx.export.annotation.AnnotationMBeanExporter - Unregistering JMX-exposed beans
2019-02-19_10 10:30:34.764 INFO  [Thread-25] org.springframework.context.support.DefaultLifecycleProcessor - Stopping beans in phase 2147483647
2019-02-19_10 10:30:34.875 INFO  [Thread-64] org.springframework.orm.jpa.LocalContainerEntityManagerFactoryBean - Closing JPA EntityManagerFactory for persistence unit 'default'
2019-02-19_10 10:30:34.949 INFO  [Thread-25] org.springframework.context.support.DefaultLifecycleProcessor - Stopping beans in phase 0
2019-02-19_10 10:30:35.002 INFO  [Thread-34] org.springframework.orm.jpa.LocalContainerEntityManagerFactoryBean - Closing JPA EntityManagerFactory for persistence unit 'default'
2019-02-19_10 10:30:35.012 INFO  [Thread-32] org.springframework.context.support.DefaultLifecycleProcessor - Stopping beans in phase 2147483647
2019-02-19_10 10:30:35.015 INFO  [Thread-25] org.springframework.context.annotation.AnnotationConfigApplicationContext - Closing org.springframework.context.annotation.AnnotationConfigApplicationContext@7fc65b6a: startup date [Mon Feb 18 14:49:12 CST 2019]; parent: org.springframework.boot.context.embedded.AnnotationConfigEmbeddedWebApplicationContext@75459c75
2019-02-19_10 10:30:35.029 INFO  [Thread-25] org.springframework.cloud.netflix.eureka.serviceregistry.EurekaServiceRegistry - Unregistering application dept-consumer with eureka with status DOWN
2019-02-19_10 10:30:35.043 INFO  [Thread-25] com.netflix.util.concurrent.ShutdownEnabledTimer - Shutdown hook removed for: NFLoadBalancer-PingTimer-DEPT-PROVIDER
2019-02-19_10 10:30:35.236 INFO  [Thread-64] com.alibaba.druid.pool.DruidDataSource - {dataSource-1} closed
2019-02-19_10 10:30:35.261 INFO  [Thread-25] com.netflix.util.concurrent.ShutdownEnabledTimer - Exception caught (might be ok if at shutdown)
java.lang.IllegalStateException: Shutdown in progress
	at java.lang.ApplicationShutdownHooks.remove(ApplicationShutdownHooks.java:82)
	at java.lang.Runtime.removeShutdownHook(Runtime.java:239)
	at com.netflix.util.concurrent.ShutdownEnabledTimer.cancel(ShutdownEnabledTimer.java:70)
	at com.netflix.loadbalancer.BaseLoadBalancer.cancelPingTask(BaseLoadBalancer.java:613)
	at com.netflix.loadbalancer.BaseLoadBalancer.shutdown(BaseLoadBalancer.java:864)
	at com.netflix.loadbalancer.DynamicServerListLoadBalancer.shutdown(DynamicServerListLoadBalancer.java:277)
	at sun.reflect.NativeMethodAccessorImpl.invoke0(Native Method)
	at sun.reflect.NativeMethodAccessorImpl.invoke(NativeMethodAccessorImpl.java:62)
	at sun.reflect.DelegatingMethodAccessorImpl.invoke(DelegatingMethodAccessorImpl.java:43)
	at java.lang.reflect.Method.invoke(Method.java:498)
	at org.springframework.beans.factory.support.DisposableBeanAdapter.invokeCustomDestroyMethod(DisposableBeanAdapter.java:364)
	at org.springframework.beans.factory.support.DisposableBeanAdapter.destroy(DisposableBeanAdapter.java:287)
	at org.springframework.beans.factory.support.DefaultSingletonBeanRegistry.destroyBean(DefaultSingletonBeanRegistry.java:578)
	at org.springframework.beans.factory.support.DefaultSingletonBeanRegistry.destroySingleton(DefaultSingletonBeanRegistry.java:554)
	at org.springframework.beans.factory.support.DefaultListableBeanFactory.destroySingleton(DefaultListableBeanFactory.java:961)
	at org.springframework.beans.factory.support.DefaultSingletonBeanRegistry.destroySingletons(DefaultSingletonBeanRegistry.java:523)
	at org.springframework.beans.factory.support.FactoryBeanRegistrySupport.destroySingletons(FactoryBeanRegistrySupport.java:230)
	at org.springframework.beans.factory.support.DefaultListableBeanFactory.destroySingletons(DefaultListableBeanFactory.java:968)
	at org.springframework.context.support.AbstractApplicationContext.destroyBeans(AbstractApplicationContext.java:1030)
	at org.springframework.context.support.AbstractApplicationContext.doClose(AbstractApplicationContext.java:1006)
	at org.springframework.context.support.AbstractApplicationContext.close(AbstractApplicationContext.java:958)
	at org.springframework.cloud.context.named.NamedContextFactory.destroy(NamedContextFactory.java:76)
	at org.springframework.beans.factory.support.DisposableBeanAdapter.destroy(DisposableBeanAdapter.java:272)
	at org.springframework.beans.factory.support.DefaultSingletonBeanRegistry.destroyBean(DefaultSingletonBeanRegistry.java:578)
	at org.springframework.beans.factory.support.DefaultSingletonBeanRegistry.destroySingleton(DefaultSingletonBeanRegistry.java:554)
	at org.springframework.beans.factory.support.DefaultListableBeanFactory.destroySingleton(DefaultListableBeanFactory.java:961)
	at org.springframework.beans.factory.support.DefaultSingletonBeanRegistry.destroySingletons(DefaultSingletonBeanRegistry.java:523)
	at org.springframework.beans.factory.support.FactoryBeanRegistrySupport.destroySingletons(FactoryBeanRegistrySupport.java:230)
	at org.springframework.beans.factory.support.DefaultListableBeanFactory.destroySingletons(DefaultListableBeanFactory.java:968)
	at org.springframework.context.support.AbstractApplicationContext.destroyBeans(AbstractApplicationContext.java:1030)
	at org.springframework.context.support.AbstractApplicationContext.doClose(AbstractApplicationContext.java:1006)
	at org.springframework.context.support.AbstractApplicationContext$2.run(AbstractApplicationContext.java:929)
2019-02-19_10 10:30:35.267 INFO  [Thread-32] org.springframework.context.support.DefaultLifecycleProcessor - Stopping beans in phase 0
2019-02-19_10 10:30:35.291 INFO  [Thread-25] org.springframework.jmx.export.annotation.AnnotationMBeanExporter - Unregistering JMX-exposed beans on shutdown
2019-02-19_10 10:30:35.295 INFO  [Thread-25] org.springframework.jmx.export.annotation.AnnotationMBeanExporter - Unregistering JMX-exposed beans
2019-02-19_10 10:30:35.300 INFO  [Thread-32] org.springframework.context.annotation.AnnotationConfigApplicationContext - Closing org.springframework.context.annotation.AnnotationConfigApplicationContext@18b0eada: startup date [Mon Feb 18 14:47:11 CST 2019]; parent: org.springframework.boot.context.embedded.AnnotationConfigEmbeddedWebApplicationContext@75459c75
2019-02-19_10 10:30:35.303 INFO  [Thread-34] com.alibaba.druid.pool.DruidDataSource - {dataSource-1} closed
2019-02-19_10 10:30:35.325 INFO  [Thread-32] org.springframework.cloud.netflix.eureka.serviceregistry.EurekaServiceRegistry - Unregistering application dept-consumer with eureka with status DOWN
2019-02-19_10 10:30:35.351 INFO  [Thread-32] com.netflix.util.concurrent.ShutdownEnabledTimer - Shutdown hook removed for: NFLoadBalancer-PingTimer-DEPT-PROVIDER
2019-02-19_10 10:30:35.456 INFO  [Thread-25] org.springframework.orm.jpa.LocalContainerEntityManagerFactoryBean - Closing JPA EntityManagerFactory for persistence unit 'default'
2019-02-19_10 10:30:35.457 INFO  [Thread-32] com.netflix.util.concurrent.ShutdownEnabledTimer - Exception caught (might be ok if at shutdown)
java.lang.IllegalStateException: Shutdown in progress
	at java.lang.ApplicationShutdownHooks.remove(ApplicationShutdownHooks.java:82)
	at java.lang.Runtime.removeShutdownHook(Runtime.java:239)
	at com.netflix.util.concurrent.ShutdownEnabledTimer.cancel(ShutdownEnabledTimer.java:70)
	at com.netflix.loadbalancer.BaseLoadBalancer.cancelPingTask(BaseLoadBalancer.java:613)
	at com.netflix.loadbalancer.BaseLoadBalancer.shutdown(BaseLoadBalancer.java:864)
	at com.netflix.loadbalancer.DynamicServerListLoadBalancer.shutdown(DynamicServerListLoadBalancer.java:277)
	at sun.reflect.NativeMethodAccessorImpl.invoke0(Native Method)
	at sun.reflect.NativeMethodAccessorImpl.invoke(NativeMethodAccessorImpl.java:62)
	at sun.reflect.DelegatingMethodAccessorImpl.invoke(DelegatingMethodAccessorImpl.java:43)
	at java.lang.reflect.Method.invoke(Method.java:498)
	at org.springframework.beans.factory.support.DisposableBeanAdapter.invokeCustomDestroyMethod(DisposableBeanAdapter.java:364)
	at org.springframework.beans.factory.support.DisposableBeanAdapter.destroy(DisposableBeanAdapter.java:287)
	at org.springframework.beans.factory.support.DefaultSingletonBeanRegistry.destroyBean(DefaultSingletonBeanRegistry.java:578)
	at org.springframework.beans.factory.support.DefaultSingletonBeanRegistry.destroySingleton(DefaultSingletonBeanRegistry.java:554)
	at org.springframework.beans.factory.support.DefaultListableBeanFactory.destroySingleton(DefaultListableBeanFactory.java:961)
	at org.springframework.beans.factory.support.DefaultSingletonBeanRegistry.destroySingletons(DefaultSingletonBeanRegistry.java:523)
	at org.springframework.beans.factory.support.FactoryBeanRegistrySupport.destroySingletons(FactoryBeanRegistrySupport.java:230)
	at org.springframework.beans.factory.support.DefaultListableBeanFactory.destroySingletons(DefaultListableBeanFactory.java:968)
	at org.springframework.context.support.AbstractApplicationContext.destroyBeans(AbstractApplicationContext.java:1030)
	at org.springframework.context.support.AbstractApplicationContext.doClose(AbstractApplicationContext.java:1006)
	at org.springframework.context.support.AbstractApplicationContext.close(AbstractApplicationContext.java:958)
	at org.springframework.cloud.context.named.NamedContextFactory.destroy(NamedContextFactory.java:76)
	at org.springframework.beans.factory.support.DisposableBeanAdapter.destroy(DisposableBeanAdapter.java:272)
	at org.springframework.beans.factory.support.DefaultSingletonBeanRegistry.destroyBean(DefaultSingletonBeanRegistry.java:578)
	at org.springframework.beans.factory.support.DefaultSingletonBeanRegistry.destroySingleton(DefaultSingletonBeanRegistry.java:554)
	at org.springframework.beans.factory.support.DefaultListableBeanFactory.destroySingleton(DefaultListableBeanFactory.java:961)
	at org.springframework.beans.factory.support.DefaultSingletonBeanRegistry.destroySingletons(DefaultSingletonBeanRegistry.java:523)
	at org.springframework.beans.factory.support.FactoryBeanRegistrySupport.destroySingletons(FactoryBeanRegistrySupport.java:230)
	at org.springframework.beans.factory.support.DefaultListableBeanFactory.destroySingletons(DefaultListableBeanFactory.java:968)
	at org.springframework.context.support.AbstractApplicationContext.destroyBeans(AbstractApplicationContext.java:1030)
	at org.springframework.context.support.AbstractApplicationContext.doClose(AbstractApplicationContext.java:1006)
	at org.springframework.context.support.AbstractApplicationContext$2.run(AbstractApplicationContext.java:929)
2019-02-19_10 10:30:35.495 INFO  [Thread-32] org.springframework.jmx.export.annotation.AnnotationMBeanExporter - Unregistering JMX-exposed beans on shutdown
2019-02-19_10 10:30:35.502 INFO  [Thread-32] org.springframework.jmx.export.annotation.AnnotationMBeanExporter - Unregistering JMX-exposed beans
2019-02-19_10 10:30:35.568 INFO  [Thread-25] com.alibaba.druid.pool.DruidDataSource - {dataSource-1} closed
2019-02-19_10 10:30:35.591 INFO  [Thread-32] org.springframework.orm.jpa.LocalContainerEntityManagerFactoryBean - Closing JPA EntityManagerFactory for persistence unit 'default'
2019-02-19_10 10:30:35.659 INFO  [Thread-32] com.alibaba.druid.pool.DruidDataSource - {dataSource-1} closed
