2019-03-05_18 18:00:00.032 INFO  [Eureka-EvictionTimer] com.netflix.eureka.registry.AbstractInstanceRegistry - Running the evict task with compensationTime 4ms
2019-03-05_18 18:00:49.183 INFO  [Eureka-EvictionTimer] com.netflix.eureka.registry.AbstractInstanceRegistry - Running the evict task with compensationTime 2ms
2019-03-05_18 18:00:52.748 INFO  [Eureka-EvictionTimer] com.netflix.eureka.registry.AbstractInstanceRegistry - Running the evict task with compensationTime 3ms
2019-03-05_18 18:01:00.036 INFO  [Eureka-EvictionTimer] com.netflix.eureka.registry.AbstractInstanceRegistry - Running the evict task with compensationTime 2ms
2019-03-05_18 18:01:34.931 INFO  [AsyncResolver-bootstrap-executor-0] com.netflix.discovery.shared.resolver.aws.ConfigClusterResolver - Resolving eureka endpoints via configuration
2019-03-05_18 18:01:44.559 INFO  [AsyncResolver-bootstrap-executor-0] com.netflix.discovery.shared.resolver.aws.ConfigClusterResolver - Resolving eureka endpoints via configuration
2019-03-05_18 18:01:49.190 INFO  [Eureka-EvictionTimer] com.netflix.eureka.registry.AbstractInstanceRegistry - Running the evict task with compensationTime 5ms
2019-03-05_18 18:01:52.755 INFO  [Eureka-EvictionTimer] com.netflix.eureka.registry.AbstractInstanceRegistry - Running the evict task with compensationTime 4ms
2019-03-05_18 18:02:00.040 INFO  [Eureka-EvictionTimer] com.netflix.eureka.registry.AbstractInstanceRegistry - Running the evict task with compensationTime 2ms
2019-03-05_18 18:02:49.193 INFO  [Eureka-EvictionTimer] com.netflix.eureka.registry.AbstractInstanceRegistry - Running the evict task with compensationTime 0ms
2019-03-05_18 18:02:52.761 INFO  [Eureka-EvictionTimer] com.netflix.eureka.registry.AbstractInstanceRegistry - Running the evict task with compensationTime 4ms
2019-03-05_18 18:03:00.046 INFO  [Eureka-EvictionTimer] com.netflix.eureka.registry.AbstractInstanceRegistry - Running the evict task with compensationTime 4ms
2019-03-05_18 18:03:49.199 INFO  [Eureka-EvictionTimer] com.netflix.eureka.registry.AbstractInstanceRegistry - Running the evict task with compensationTime 3ms
2019-03-05_18 18:03:52.767 INFO  [Eureka-EvictionTimer] com.netflix.eureka.registry.AbstractInstanceRegistry - Running the evict task with compensationTime 4ms
2019-03-05_18 18:04:00.053 INFO  [Eureka-EvictionTimer] com.netflix.eureka.registry.AbstractInstanceRegistry - Running the evict task with compensationTime 4ms
2019-03-05_18 18:04:49.202 INFO  [Eureka-EvictionTimer] com.netflix.eureka.registry.AbstractInstanceRegistry - Running the evict task with compensationTime 1ms
2019-03-05_18 18:04:52.773 INFO  [Eureka-EvictionTimer] com.netflix.eureka.registry.AbstractInstanceRegistry - Running the evict task with compensationTime 4ms
2019-03-05_18 18:05:00.057 INFO  [Eureka-EvictionTimer] com.netflix.eureka.registry.AbstractInstanceRegistry - Running the evict task with compensationTime 2ms
2019-03-05_18 18:05:49.209 INFO  [Eureka-EvictionTimer] com.netflix.eureka.registry.AbstractInstanceRegistry - Running the evict task with compensationTime 4ms
2019-03-05_18 18:05:52.779 INFO  [Eureka-EvictionTimer] com.netflix.eureka.registry.AbstractInstanceRegistry - Running the evict task with compensationTime 4ms
2019-03-05_18 18:06:00.060 INFO  [Eureka-EvictionTimer] com.netflix.eureka.registry.AbstractInstanceRegistry - Running the evict task with compensationTime 0ms
2019-03-05_18 18:06:34.953 INFO  [AsyncResolver-bootstrap-executor-0] com.netflix.discovery.shared.resolver.aws.ConfigClusterResolver - Resolving eureka endpoints via configuration
2019-03-05_18 18:06:44.578 INFO  [AsyncResolver-bootstrap-executor-0] com.netflix.discovery.shared.resolver.aws.ConfigClusterResolver - Resolving eureka endpoints via configuration
2019-03-05_18 18:06:49.212 INFO  [Eureka-EvictionTimer] com.netflix.eureka.registry.AbstractInstanceRegistry - Running the evict task with compensationTime 1ms
2019-03-05_18 18:06:52.785 INFO  [Eureka-EvictionTimer] com.netflix.eureka.registry.AbstractInstanceRegistry - Running the evict task with compensationTime 3ms
2019-03-05_18 18:07:00.064 INFO  [Eureka-EvictionTimer] com.netflix.eureka.registry.AbstractInstanceRegistry - Running the evict task with compensationTime 2ms
2019-03-05_18 18:07:49.218 INFO  [Eureka-EvictionTimer] com.netflix.eureka.registry.AbstractInstanceRegistry - Running the evict task with compensationTime 4ms
2019-03-05_18 18:07:52.788 INFO  [Eureka-EvictionTimer] com.netflix.eureka.registry.AbstractInstanceRegistry - Running the evict task with compensationTime 1ms
2019-03-05_18 18:08:00.071 INFO  [Eureka-EvictionTimer] com.netflix.eureka.registry.AbstractInstanceRegistry - Running the evict task with compensationTime 4ms
2019-03-05_18 18:08:49.223 INFO  [Eureka-EvictionTimer] com.netflix.eureka.registry.AbstractInstanceRegistry - Running the evict task with compensationTime 2ms
2019-03-05_18 18:08:52.795 INFO  [Eureka-EvictionTimer] com.netflix.eureka.registry.AbstractInstanceRegistry - Running the evict task with compensationTime 5ms
2019-03-05_18 18:09:00.076 INFO  [Eureka-EvictionTimer] com.netflix.eureka.registry.AbstractInstanceRegistry - Running the evict task with compensationTime 3ms
2019-03-05_18 18:09:49.227 INFO  [Eureka-EvictionTimer] com.netflix.eureka.registry.AbstractInstanceRegistry - Running the evict task with compensationTime 2ms
2019-03-05_18 18:09:52.802 INFO  [Eureka-EvictionTimer] com.netflix.eureka.registry.AbstractInstanceRegistry - Running the evict task with compensationTime 4ms
2019-03-05_18 18:10:00.081 INFO  [Eureka-EvictionTimer] com.netflix.eureka.registry.AbstractInstanceRegistry - Running the evict task with compensationTime 3ms
2019-03-05_18 18:10:49.234 INFO  [Eureka-EvictionTimer] com.netflix.eureka.registry.AbstractInstanceRegistry - Running the evict task with compensationTime 4ms
2019-03-05_18 18:10:52.806 INFO  [Eureka-EvictionTimer] com.netflix.eureka.registry.AbstractInstanceRegistry - Running the evict task with compensationTime 3ms
2019-03-05_18 18:11:00.087 INFO  [Eureka-EvictionTimer] com.netflix.eureka.registry.AbstractInstanceRegistry - Running the evict task with compensationTime 3ms
2019-03-05_18 18:11:34.970 INFO  [AsyncResolver-bootstrap-executor-0] com.netflix.discovery.shared.resolver.aws.ConfigClusterResolver - Resolving eureka endpoints via configuration
2019-03-05_18 18:11:44.596 INFO  [AsyncResolver-bootstrap-executor-0] com.netflix.discovery.shared.resolver.aws.ConfigClusterResolver - Resolving eureka endpoints via configuration
2019-03-05_18 18:11:49.238 INFO  [Eureka-EvictionTimer] com.netflix.eureka.registry.AbstractInstanceRegistry - Running the evict task with compensationTime 3ms
2019-03-05_18 18:11:52.809 INFO  [Eureka-EvictionTimer] com.netflix.eureka.registry.AbstractInstanceRegistry - Running the evict task with compensationTime 0ms
2019-03-05_18 18:12:00.094 INFO  [Eureka-EvictionTimer] com.netflix.eureka.registry.AbstractInstanceRegistry - Running the evict task with compensationTime 5ms
2019-03-05_18 18:12:49.241 INFO  [Eureka-EvictionTimer] com.netflix.eureka.registry.AbstractInstanceRegistry - Running the evict task with compensationTime 0ms
2019-03-05_18 18:12:52.814 INFO  [Eureka-EvictionTimer] com.netflix.eureka.registry.AbstractInstanceRegistry - Running the evict task with compensationTime 3ms
2019-03-05_18 18:13:00.103 INFO  [Eureka-EvictionTimer] com.netflix.eureka.registry.AbstractInstanceRegistry - Running the evict task with compensationTime 7ms
2019-03-05_18 18:13:49.246 INFO  [Eureka-EvictionTimer] com.netflix.eureka.registry.AbstractInstanceRegistry - Running the evict task with compensationTime 3ms
2019-03-05_18 18:13:52.819 INFO  [Eureka-EvictionTimer] com.netflix.eureka.registry.AbstractInstanceRegistry - Running the evict task with compensationTime 3ms
2019-03-05_18 18:14:00.109 INFO  [Eureka-EvictionTimer] com.netflix.eureka.registry.AbstractInstanceRegistry - Running the evict task with compensationTime 3ms
2019-03-05_18 18:14:47.473 INFO  [ReplicaAwareInstanceRegistry - RenewalThresholdUpdater] com.netflix.eureka.registry.PeerAwareInstanceRegistryImpl - Current renewal threshold is : 6
2019-03-05_18 18:14:49.253 INFO  [Eureka-EvictionTimer] com.netflix.eureka.registry.AbstractInstanceRegistry - Running the evict task with compensationTime 5ms
2019-03-05_18 18:14:51.327 INFO  [ReplicaAwareInstanceRegistry - RenewalThresholdUpdater] com.netflix.eureka.registry.PeerAwareInstanceRegistryImpl - Current renewal threshold is : 6
2019-03-05_18 18:14:52.825 INFO  [Eureka-EvictionTimer] com.netflix.eureka.registry.AbstractInstanceRegistry - Running the evict task with compensationTime 4ms
2019-03-05_18 18:14:58.135 INFO  [ReplicaAwareInstanceRegistry - RenewalThresholdUpdater] com.netflix.eureka.registry.PeerAwareInstanceRegistryImpl - Current renewal threshold is : 5
2019-03-05_18 18:15:00.115 INFO  [Eureka-EvictionTimer] com.netflix.eureka.registry.AbstractInstanceRegistry - Running the evict task with compensationTime 3ms
2019-03-05_18 18:15:49.263 INFO  [Eureka-EvictionTimer] com.netflix.eureka.registry.AbstractInstanceRegistry - Running the evict task with compensationTime 3ms
2019-03-05_18 18:15:52.835 INFO  [Eureka-EvictionTimer] com.netflix.eureka.registry.AbstractInstanceRegistry - Running the evict task with compensationTime 2ms
2019-03-05_18 18:16:00.127 INFO  [Eureka-EvictionTimer] com.netflix.eureka.registry.AbstractInstanceRegistry - Running the evict task with compensationTime 5ms
2019-03-05_18 18:16:34.991 INFO  [AsyncResolver-bootstrap-executor-0] com.netflix.discovery.shared.resolver.aws.ConfigClusterResolver - Resolving eureka endpoints via configuration
2019-03-05_18 18:16:44.616 INFO  [AsyncResolver-bootstrap-executor-0] com.netflix.discovery.shared.resolver.aws.ConfigClusterResolver - Resolving eureka endpoints via configuration
2019-03-05_18 18:16:49.269 INFO  [Eureka-EvictionTimer] com.netflix.eureka.registry.AbstractInstanceRegistry - Running the evict task with compensationTime 2ms
2019-03-05_18 18:16:52.842 INFO  [Eureka-EvictionTimer] com.netflix.eureka.registry.AbstractInstanceRegistry - Running the evict task with compensationTime 4ms
2019-03-05_18 18:17:00.133 INFO  [Eureka-EvictionTimer] com.netflix.eureka.registry.AbstractInstanceRegistry - Running the evict task with compensationTime 3ms
2019-03-05_18 18:17:49.276 INFO  [Eureka-EvictionTimer] com.netflix.eureka.registry.AbstractInstanceRegistry - Running the evict task with compensationTime 5ms
2019-03-05_18 18:17:52.846 INFO  [Eureka-EvictionTimer] com.netflix.eureka.registry.AbstractInstanceRegistry - Running the evict task with compensationTime 2ms
2019-03-05_18 18:17:55.670 INFO  [Thread-49] org.springframework.boot.context.embedded.AnnotationConfigEmbeddedWebApplicationContext - Closing org.springframework.boot.context.embedded.AnnotationConfigEmbeddedWebApplicationContext@6b53bcc2: startup date [Tue Mar 05 17:56:17 CST 2019]; parent: org.springframework.context.annotation.AnnotationConfigApplicationContext@6a03bcb1
2019-03-05_18 18:17:55.674 INFO  [Thread-49] org.springframework.cloud.netflix.eureka.serviceregistry.EurekaServiceRegistry - Unregistering application ZUUL-GATEWAY with eureka with status DOWN
2019-03-05_18 18:17:55.675 WARN  [Thread-49] com.netflix.discovery.DiscoveryClient - Saw local status change event StatusChangeEvent [timestamp=1551781075675, current=DOWN, previous=UP]
2019-03-05_18 18:17:55.675 INFO  [DiscoveryClient-InstanceInfoReplicator-0] com.netflix.discovery.DiscoveryClient - DiscoveryClient_ZUUL-GATEWAY/zuul-gateway-9527: registering service...
2019-03-05_18 18:17:55.676 INFO  [Thread-49] com.netflix.discovery.DiscoveryClient - Shutting down DiscoveryClient ...
2019-03-05_18 18:17:55.677 INFO  [Thread-49] com.netflix.discovery.DiscoveryClient - Unregistering ...
2019-03-05_18 18:17:55.693 INFO  [http-nio-7003-exec-4] com.netflix.eureka.registry.AbstractInstanceRegistry - Cancelled instance ZUUL-GATEWAY/zuul-gateway-9527 (replication=false)
2019-03-05_18 18:17:55.693 INFO  [http-nio-7003-exec-6] com.netflix.eureka.registry.AbstractInstanceRegistry - Registered instance ZUUL-GATEWAY/zuul-gateway-9527 with status DOWN (replication=false)
2019-03-05_18 18:17:55.695 INFO  [DiscoveryClient-InstanceInfoReplicator-0] com.netflix.discovery.DiscoveryClient - DiscoveryClient_ZUUL-GATEWAY/zuul-gateway-9527 - registration status: 204
2019-03-05_18 18:17:55.695 INFO  [Thread-49] com.netflix.discovery.DiscoveryClient - DiscoveryClient_ZUUL-GATEWAY/zuul-gateway-9527 - deregister  status: 200
2019-03-05_18 18:17:55.701 INFO  [Thread-49] com.netflix.discovery.DiscoveryClient - Completed shut down of DiscoveryClient
2019-03-05_18 18:17:55.715 INFO  [Thread-49] org.springframework.context.support.DefaultLifecycleProcessor - Stopping beans in phase 2147483647
2019-03-05_18 18:17:55.719 INFO  [Thread-49] org.springframework.context.support.DefaultLifecycleProcessor - Stopping beans in phase 0
2019-03-05_18 18:17:55.719 INFO  [Thread-49] org.springframework.cloud.netflix.zuul.ZuulFilterInitializer - Stopping filter initializer
2019-03-05_18 18:17:55.724 INFO  [Thread-49] org.springframework.boot.actuate.endpoint.jmx.EndpointMBeanExporter - Unregistering JMX-exposed beans on shutdown
2019-03-05_18 18:17:55.725 INFO  [Thread-49] org.springframework.boot.actuate.endpoint.jmx.EndpointMBeanExporter - Unregistering JMX-exposed beans
2019-03-05_18 18:17:55.725 INFO  [Thread-49] org.springframework.jmx.export.annotation.AnnotationMBeanExporter - Unregistering JMX-exposed beans on shutdown
2019-03-05_18 18:17:55.726 INFO  [Thread-49] org.springframework.jmx.export.annotation.AnnotationMBeanExporter - Unregistering JMX-exposed beans
2019-03-05_18 18:17:55.744 WARN  [Thread-49] com.netflix.config.sources.URLConfigurationSource - No URLs will be polled as dynamic configuration sources.
2019-03-05_18 18:17:55.744 INFO  [Thread-49] com.netflix.config.sources.URLConfigurationSource - To enable URLs as dynamic configuration sources, define System property archaius.configurationSource.additionalUrls or make config.properties available on classpath.
2019-03-05_18 18:17:55.750 INFO  [Thread-49] org.springframework.orm.jpa.LocalContainerEntityManagerFactoryBean - Closing JPA EntityManagerFactory for persistence unit 'default'
2019-03-05_18 18:17:55.760 INFO  [Thread-49] com.alibaba.druid.pool.DruidDataSource - {dataSource-1} closed
2019-03-05_18 18:17:56.217 INFO  [http-nio-7001-exec-4] com.netflix.eureka.registry.AbstractInstanceRegistry - Cancelled instance ZUUL-GATEWAY/zuul-gateway-9527 (replication=true)
2019-03-05_18 18:17:56.218 INFO  [http-nio-7002-exec-10] com.netflix.eureka.registry.AbstractInstanceRegistry - Cancelled instance ZUUL-GATEWAY/zuul-gateway-9527 (replication=true)
2019-03-05_18 18:17:56.221 INFO  [http-nio-7002-exec-10] com.netflix.eureka.registry.AbstractInstanceRegistry - Registered instance ZUUL-GATEWAY/zuul-gateway-9527 with status DOWN (replication=true)
2019-03-05_18 18:17:56.222 INFO  [http-nio-7001-exec-4] com.netflix.eureka.registry.AbstractInstanceRegistry - Registered instance ZUUL-GATEWAY/zuul-gateway-9527 with status DOWN (replication=true)
2019-03-05_18 18:18:00.140 INFO  [Eureka-EvictionTimer] com.netflix.eureka.registry.AbstractInstanceRegistry - Running the evict task with compensationTime 5ms
2019-03-05_18 18:18:02.391 INFO  [main] org.springframework.context.annotation.AnnotationConfigApplicationContext - Refreshing org.springframework.context.annotation.AnnotationConfigApplicationContext@6a03bcb1: startup date [Tue Mar 05 18:18:02 CST 2019]; root of context hierarchy
2019-03-05_18 18:18:02.567 INFO  [background-preinit] org.hibernate.validator.internal.util.Version - HV000001: Hibernate Validator 5.3.5.Final
2019-03-05_18 18:18:03.214 INFO  [main] org.springframework.beans.factory.annotation.AutowiredAnnotationBeanPostProcessor - JSR-330 'javax.inject.Inject' annotation found and supported for autowiring
2019-03-05_18 18:18:03.375 INFO  [main] org.springframework.context.support.PostProcessorRegistrationDelegate$BeanPostProcessorChecker - Bean 'configurationPropertiesRebinderAutoConfiguration' of type [org.springframework.cloud.autoconfigure.ConfigurationPropertiesRebinderAutoConfiguration$$EnhancerBySpringCGLIB$$6d173a79] is not eligible for getting processed by all BeanPostProcessors (for example: not eligible for auto-proxying)
2019-03-05_18 18:18:03.964 INFO  [main] lcxy.springcloud.micorservicezuulgateway9527.MicorServiceZuulGateway9527Application - No active profile set, falling back to default profiles: default
2019-03-05_18 18:18:03.990 INFO  [main] org.springframework.boot.context.embedded.AnnotationConfigEmbeddedWebApplicationContext - Refreshing org.springframework.boot.context.embedded.AnnotationConfigEmbeddedWebApplicationContext@6b53bcc2: startup date [Tue Mar 05 18:18:03 CST 2019]; parent: org.springframework.context.annotation.AnnotationConfigApplicationContext@6a03bcb1
2019-03-05_18 18:18:05.565 WARN  [main] org.mybatis.spring.mapper.ClassPathMapperScanner - No MyBatis mapper was found in '[lcxy.springcloud.micorservicezuulgateway9527]' package. Please check your configuration.
2019-03-05_18 18:18:05.841 INFO  [main] org.springframework.beans.factory.support.DefaultListableBeanFactory - Overriding bean definition for bean 'counterFactory' with a different definition: replacing [Root bean: class [null]; scope=; abstract=false; lazyInit=false; autowireMode=3; dependencyCheck=0; autowireCandidate=true; primary=false; factoryBeanName=org.springframework.cloud.netflix.zuul.ZuulServerAutoConfiguration$ZuulMetricsConfiguration; factoryMethodName=counterFactory; initMethodName=null; destroyMethodName=(inferred); defined in class path resource [org/springframework/cloud/netflix/zuul/ZuulServerAutoConfiguration$ZuulMetricsConfiguration.class]] with [Root bean: class [null]; scope=; abstract=false; lazyInit=false; autowireMode=3; dependencyCheck=0; autowireCandidate=true; primary=false; factoryBeanName=org.springframework.cloud.netflix.zuul.ZuulServerAutoConfiguration$ZuulCounterFactoryConfiguration; factoryMethodName=counterFactory; initMethodName=null; destroyMethodName=(inferred); defined in class path resource [org/springframework/cloud/netflix/zuul/ZuulServerAutoConfiguration$ZuulCounterFactoryConfiguration.class]]
2019-03-05_18 18:18:06.127 INFO  [main] org.springframework.cloud.context.scope.GenericScope - BeanFactory id=7d973831-58d9-3366-a635-b7c03cb9ef58
2019-03-05_18 18:18:06.160 INFO  [main] org.springframework.beans.factory.annotation.AutowiredAnnotationBeanPostProcessor - JSR-330 'javax.inject.Inject' annotation found and supported for autowiring
2019-03-05_18 18:18:06.345 INFO  [main] org.springframework.context.support.PostProcessorRegistrationDelegate$BeanPostProcessorChecker - Bean 'org.springframework.transaction.annotation.ProxyTransactionManagementConfiguration' of type [org.springframework.transaction.annotation.ProxyTransactionManagementConfiguration$$EnhancerBySpringCGLIB$$50fd377c] is not eligible for getting processed by all BeanPostProcessors (for example: not eligible for auto-proxying)
2019-03-05_18 18:18:06.544 INFO  [main] org.springframework.context.support.PostProcessorRegistrationDelegate$BeanPostProcessorChecker - Bean 'org.springframework.cloud.netflix.metrics.MetricsInterceptorConfiguration$MetricsRestTemplateConfiguration' of type [org.springframework.cloud.netflix.metrics.MetricsInterceptorConfiguration$MetricsRestTemplateConfiguration$$EnhancerBySpringCGLIB$$8329ddbd] is not eligible for getting processed by all BeanPostProcessors (for example: not eligible for auto-proxying)
2019-03-05_18 18:18:06.575 INFO  [main] org.springframework.context.support.PostProcessorRegistrationDelegate$BeanPostProcessorChecker - Bean 'org.springframework.cloud.autoconfigure.ConfigurationPropertiesRebinderAutoConfiguration' of type [org.springframework.cloud.autoconfigure.ConfigurationPropertiesRebinderAutoConfiguration$$EnhancerBySpringCGLIB$$6d173a79] is not eligible for getting processed by all BeanPostProcessors (for example: not eligible for auto-proxying)
2019-03-05_18 18:18:07.205 INFO  [main] org.springframework.boot.context.embedded.tomcat.TomcatEmbeddedServletContainer - Tomcat initialized with port(s): 9527 (http)
2019-03-05_18 18:18:07.219 INFO  [main] org.apache.catalina.core.StandardService - Starting service [Tomcat]
2019-03-05_18 18:18:07.220 INFO  [main] org.apache.catalina.core.StandardEngine - Starting Servlet Engine: Apache Tomcat/8.5.20
2019-03-05_18 18:18:07.392 INFO  [localhost-startStop-1] org.apache.catalina.core.ContainerBase.[Tomcat].[localhost].[/] - Initializing Spring embedded WebApplicationContext
2019-03-05_18 18:18:07.392 INFO  [localhost-startStop-1] org.springframework.web.context.ContextLoader - Root WebApplicationContext: initialization completed in 3402 ms
2019-03-05_18 18:18:08.375 INFO  [localhost-startStop-1] org.springframework.boot.web.servlet.ServletRegistrationBean - Mapping servlet: 'dispatcherServlet' to [/]
2019-03-05_18 18:18:08.378 INFO  [localhost-startStop-1] org.springframework.boot.web.servlet.ServletRegistrationBean - Mapping servlet: 'statViewServlet' to [/druid/*]
2019-03-05_18 18:18:08.381 INFO  [localhost-startStop-1] org.springframework.boot.web.servlet.ServletRegistrationBean - Mapping servlet: 'zuulServlet' to [/zuul/*]
2019-03-05_18 18:18:08.391 INFO  [localhost-startStop-1] org.springframework.boot.web.servlet.FilterRegistrationBean - Mapping filter: 'metricsFilter' to: [/*]
2019-03-05_18 18:18:08.392 INFO  [localhost-startStop-1] org.springframework.boot.web.servlet.FilterRegistrationBean - Mapping filter: 'characterEncodingFilter' to: [/*]
2019-03-05_18 18:18:08.392 INFO  [localhost-startStop-1] org.springframework.boot.web.servlet.FilterRegistrationBean - Mapping filter: 'hiddenHttpMethodFilter' to: [/*]
2019-03-05_18 18:18:08.392 INFO  [localhost-startStop-1] org.springframework.boot.web.servlet.FilterRegistrationBean - Mapping filter: 'httpPutFormContentFilter' to: [/*]
2019-03-05_18 18:18:08.392 INFO  [localhost-startStop-1] org.springframework.boot.web.servlet.FilterRegistrationBean - Mapping filter: 'requestContextFilter' to: [/*]
2019-03-05_18 18:18:08.393 INFO  [localhost-startStop-1] org.springframework.boot.web.servlet.FilterRegistrationBean - Mapping filter: 'webRequestLoggingFilter' to: [/*]
2019-03-05_18 18:18:08.393 INFO  [localhost-startStop-1] org.springframework.boot.web.servlet.FilterRegistrationBean - Mapping filter: 'webStatFilter' to urls: [/*]
2019-03-05_18 18:18:08.393 INFO  [localhost-startStop-1] org.springframework.boot.web.servlet.FilterRegistrationBean - Mapping filter: 'applicationContextIdFilter' to: [/*]
2019-03-05_18 18:18:08.453 INFO  [main] com.alibaba.druid.spring.boot.autoconfigure.DruidDataSourceAutoConfigure - Init DruidDataSource
2019-03-05_18 18:18:09.929 INFO  [main] com.alibaba.druid.pool.DruidDataSource - {dataSource-1} inited
2019-03-05_18 18:18:11.824 INFO  [main] org.springframework.orm.jpa.LocalContainerEntityManagerFactoryBean - Building JPA container EntityManagerFactory for persistence unit 'default'
2019-03-05_18 18:18:11.848 INFO  [main] org.hibernate.jpa.internal.util.LogHelper - HHH000204: Processing PersistenceUnitInfo [
	name: default
	...]
2019-03-05_18 18:18:11.954 INFO  [main] org.hibernate.Version - HHH000412: Hibernate Core {5.0.12.Final}
2019-03-05_18 18:18:11.957 INFO  [main] org.hibernate.cfg.Environment - HHH000206: hibernate.properties not found
2019-03-05_18 18:18:11.959 INFO  [main] org.hibernate.cfg.Environment - HHH000021: Bytecode provider name : javassist
2019-03-05_18 18:18:11.980 INFO  [main] org.hibernate.spatial.integration.SpatialService - HHH80000001: hibernate-spatial integration enabled : true
2019-03-05_18 18:18:12.052 INFO  [main] org.hibernate.annotations.common.Version - HCANN000001: Hibernate Commons Annotations {5.0.1.Final}
2019-03-05_18 18:18:12.200 INFO  [main] org.hibernate.dialect.Dialect - HHH000400: Using dialect: org.hibernate.dialect.MySQL5Dialect
2019-03-05_18 18:18:12.462 INFO  [main] org.springframework.orm.jpa.LocalContainerEntityManagerFactoryBean - Initialized JPA EntityManagerFactory for persistence unit 'default'
2019-03-05_18 18:18:14.392 INFO  [main] org.springframework.web.servlet.mvc.method.annotation.RequestMappingHandlerMapping - Mapped "{[/swagger-resources]}" onto public org.springframework.http.ResponseEntity<java.util.List<springfox.documentation.swagger.web.SwaggerResource>> springfox.documentation.swagger.web.ApiResourceController.swaggerResources()
2019-03-05_18 18:18:14.394 INFO  [main] org.springframework.web.servlet.mvc.method.annotation.RequestMappingHandlerMapping - Mapped "{[/swagger-resources/configuration/security]}" onto public org.springframework.http.ResponseEntity<springfox.documentation.swagger.web.SecurityConfiguration> springfox.documentation.swagger.web.ApiResourceController.securityConfiguration()
2019-03-05_18 18:18:14.395 INFO  [main] org.springframework.web.servlet.mvc.method.annotation.RequestMappingHandlerMapping - Mapped "{[/swagger-resources/configuration/ui]}" onto public org.springframework.http.ResponseEntity<springfox.documentation.swagger.web.UiConfiguration> springfox.documentation.swagger.web.ApiResourceController.uiConfiguration()
2019-03-05_18 18:18:14.399 INFO  [main] org.springframework.web.servlet.mvc.method.annotation.RequestMappingHandlerMapping - Mapped "{[/error]}" onto public org.springframework.http.ResponseEntity<java.util.Map<java.lang.String, java.lang.Object>> org.springframework.boot.autoconfigure.web.BasicErrorController.error(javax.servlet.http.HttpServletRequest)
2019-03-05_18 18:18:14.400 INFO  [main] org.springframework.web.servlet.mvc.method.annotation.RequestMappingHandlerMapping - Mapped "{[/error],produces=[text/html]}" onto public org.springframework.web.servlet.ModelAndView org.springframework.boot.autoconfigure.web.BasicErrorController.errorHtml(javax.servlet.http.HttpServletRequest,javax.servlet.http.HttpServletResponse)
2019-03-05_18 18:18:14.489 WARN  [main] com.netflix.config.sources.URLConfigurationSource - No URLs will be polled as dynamic configuration sources.
2019-03-05_18 18:18:14.490 INFO  [main] com.netflix.config.sources.URLConfigurationSource - To enable URLs as dynamic configuration sources, define System property archaius.configurationSource.additionalUrls or make config.properties available on classpath.
2019-03-05_18 18:18:14.494 INFO  [main] com.netflix.config.DynamicPropertyFactory - DynamicPropertyFactory is initialized with configuration sources: com.netflix.config.ConcurrentCompositeConfiguration@5eae392d
2019-03-05_18 18:18:15.938 INFO  [main] org.springframework.boot.actuate.endpoint.mvc.EndpointHandlerMapping - Mapped "{[/restart || /restart.json],methods=[POST]}" onto public java.lang.Object org.springframework.cloud.context.restart.RestartMvcEndpoint.invoke()
2019-03-05_18 18:18:15.940 INFO  [main] org.springframework.boot.actuate.endpoint.mvc.EndpointHandlerMapping - Mapped "{[/features || /features.json],methods=[GET],produces=[application/vnd.spring-boot.actuator.v1+json || application/json]}" onto public java.lang.Object org.springframework.boot.actuate.endpoint.mvc.EndpointMvcAdapter.invoke()
2019-03-05_18 18:18:15.942 INFO  [main] org.springframework.boot.actuate.endpoint.mvc.EndpointHandlerMapping - Mapped "{[/health || /health.json],methods=[GET],produces=[application/vnd.spring-boot.actuator.v1+json || application/json]}" onto public java.lang.Object org.springframework.boot.actuate.endpoint.mvc.HealthMvcEndpoint.invoke(javax.servlet.http.HttpServletRequest,java.security.Principal)
2019-03-05_18 18:18:15.944 INFO  [main] org.springframework.boot.actuate.endpoint.mvc.EndpointHandlerMapping - Mapped "{[/pause || /pause.json],methods=[POST]}" onto public java.lang.Object org.springframework.cloud.endpoint.GenericPostableMvcEndpoint.invoke()
2019-03-05_18 18:18:15.946 INFO  [main] org.springframework.boot.actuate.endpoint.mvc.EndpointHandlerMapping - Mapped "{[/info || /info.json],methods=[GET],produces=[application/vnd.spring-boot.actuator.v1+json || application/json]}" onto public java.lang.Object org.springframework.boot.actuate.endpoint.mvc.EndpointMvcAdapter.invoke()
2019-03-05_18 18:18:15.948 INFO  [main] org.springframework.boot.actuate.endpoint.mvc.EndpointHandlerMapping - Mapped "{[/autoconfig || /autoconfig.json],methods=[GET],produces=[application/vnd.spring-boot.actuator.v1+json || application/json]}" onto public java.lang.Object org.springframework.boot.actuate.endpoint.mvc.EndpointMvcAdapter.invoke()
2019-03-05_18 18:18:15.949 INFO  [main] org.springframework.boot.actuate.endpoint.mvc.EndpointHandlerMapping - Mapped "{[/configprops || /configprops.json],methods=[GET],produces=[application/vnd.spring-boot.actuator.v1+json || application/json]}" onto public java.lang.Object org.springframework.boot.actuate.endpoint.mvc.EndpointMvcAdapter.invoke()
2019-03-05_18 18:18:15.956 INFO  [main] org.springframework.boot.actuate.endpoint.mvc.EndpointHandlerMapping - Mapped "{[/loggers/{name:.*}],methods=[GET],produces=[application/vnd.spring-boot.actuator.v1+json || application/json]}" onto public java.lang.Object org.springframework.boot.actuate.endpoint.mvc.LoggersMvcEndpoint.get(java.lang.String)
2019-03-05_18 18:18:15.957 INFO  [main] org.springframework.boot.actuate.endpoint.mvc.EndpointHandlerMapping - Mapped "{[/loggers/{name:.*}],methods=[POST],consumes=[application/vnd.spring-boot.actuator.v1+json || application/json],produces=[application/vnd.spring-boot.actuator.v1+json || application/json]}" onto public java.lang.Object org.springframework.boot.actuate.endpoint.mvc.LoggersMvcEndpoint.set(java.lang.String,java.util.Map<java.lang.String, java.lang.String>)
2019-03-05_18 18:18:15.958 INFO  [main] org.springframework.boot.actuate.endpoint.mvc.EndpointHandlerMapping - Mapped "{[/loggers || /loggers.json],methods=[GET],produces=[application/vnd.spring-boot.actuator.v1+json || application/json]}" onto public java.lang.Object org.springframework.boot.actuate.endpoint.mvc.EndpointMvcAdapter.invoke()
2019-03-05_18 18:18:15.958 INFO  [main] org.springframework.boot.actuate.endpoint.mvc.EndpointHandlerMapping - Mapped "{[/refresh || /refresh.json],methods=[POST]}" onto public java.lang.Object org.springframework.cloud.endpoint.GenericPostableMvcEndpoint.invoke()
2019-03-05_18 18:18:15.960 INFO  [main] org.springframework.boot.actuate.endpoint.mvc.EndpointHandlerMapping - Mapped "{[/routes || /routes.json],methods=[POST]}" onto public java.lang.Object org.springframework.cloud.netflix.zuul.RoutesMvcEndpoint.reset()
2019-03-05_18 18:18:15.960 INFO  [main] org.springframework.boot.actuate.endpoint.mvc.EndpointHandlerMapping - Mapped "{[/routes || /routes.json],methods=[GET],produces=[application/vnd.spring-boot.actuator.v1+json || application/json]}" onto public java.lang.Object org.springframework.boot.actuate.endpoint.mvc.EndpointMvcAdapter.invoke()
2019-03-05_18 18:18:15.963 INFO  [main] org.springframework.boot.actuate.endpoint.mvc.EndpointHandlerMapping - Mapped "{[/heapdump || /heapdump.json],methods=[GET],produces=[application/octet-stream]}" onto public void org.springframework.boot.actuate.endpoint.mvc.HeapdumpMvcEndpoint.invoke(boolean,javax.servlet.http.HttpServletRequest,javax.servlet.http.HttpServletResponse) throws java.io.IOException,javax.servlet.ServletException
2019-03-05_18 18:18:15.967 INFO  [main] org.springframework.boot.actuate.endpoint.mvc.EndpointHandlerMapping - Mapped "{[/env/{name:.*}],methods=[GET],produces=[application/vnd.spring-boot.actuator.v1+json || application/json]}" onto public java.lang.Object org.springframework.boot.actuate.endpoint.mvc.EnvironmentMvcEndpoint.value(java.lang.String)
2019-03-05_18 18:18:15.968 INFO  [main] org.springframework.boot.actuate.endpoint.mvc.EndpointHandlerMapping - Mapped "{[/env || /env.json],methods=[GET],produces=[application/vnd.spring-boot.actuator.v1+json || application/json]}" onto public java.lang.Object org.springframework.boot.actuate.endpoint.mvc.EndpointMvcAdapter.invoke()
2019-03-05_18 18:18:15.970 INFO  [main] org.springframework.boot.actuate.endpoint.mvc.EndpointHandlerMapping - Mapped "{[/trace || /trace.json],methods=[GET],produces=[application/vnd.spring-boot.actuator.v1+json || application/json]}" onto public java.lang.Object org.springframework.boot.actuate.endpoint.mvc.EndpointMvcAdapter.invoke()
2019-03-05_18 18:18:15.971 INFO  [main] org.springframework.boot.actuate.endpoint.mvc.EndpointHandlerMapping - Mapped "{[/resume || /resume.json],methods=[POST]}" onto public java.lang.Object org.springframework.cloud.endpoint.GenericPostableMvcEndpoint.invoke()
2019-03-05_18 18:18:15.974 INFO  [main] org.springframework.boot.actuate.endpoint.mvc.EndpointHandlerMapping - Mapped "{[/auditevents || /auditevents.json],methods=[GET],produces=[application/vnd.spring-boot.actuator.v1+json || application/json]}" onto public org.springframework.http.ResponseEntity<?> org.springframework.boot.actuate.endpoint.mvc.AuditEventsMvcEndpoint.findByPrincipalAndAfterAndType(java.lang.String,java.util.Date,java.lang.String)
2019-03-05_18 18:18:15.975 INFO  [main] org.springframework.boot.actuate.endpoint.mvc.EndpointHandlerMapping - Mapped "{[/hystrix.stream/**]}" onto public org.springframework.web.servlet.ModelAndView org.springframework.cloud.netflix.endpoint.ServletWrappingEndpoint.handle(javax.servlet.http.HttpServletRequest,javax.servlet.http.HttpServletResponse) throws java.lang.Exception
2019-03-05_18 18:18:15.976 INFO  [main] org.springframework.boot.actuate.endpoint.mvc.EndpointHandlerMapping - Mapped "{[/env],methods=[POST]}" onto public java.lang.Object org.springframework.cloud.context.environment.EnvironmentManagerMvcEndpoint.value(java.util.Map<java.lang.String, java.lang.String>)
2019-03-05_18 18:18:15.976 INFO  [main] org.springframework.boot.actuate.endpoint.mvc.EndpointHandlerMapping - Mapped "{[/env/reset],methods=[POST]}" onto public java.util.Map<java.lang.String, java.lang.Object> org.springframework.cloud.context.environment.EnvironmentManagerMvcEndpoint.reset()
2019-03-05_18 18:18:15.977 INFO  [main] org.springframework.boot.actuate.endpoint.mvc.EndpointHandlerMapping - Mapped "{[/beans || /beans.json],methods=[GET],produces=[application/vnd.spring-boot.actuator.v1+json || application/json]}" onto public java.lang.Object org.springframework.boot.actuate.endpoint.mvc.EndpointMvcAdapter.invoke()
2019-03-05_18 18:18:15.978 INFO  [main] org.springframework.boot.actuate.endpoint.mvc.EndpointHandlerMapping - Mapped "{[/service-registry/instance-status],methods=[POST]}" onto public org.springframework.http.ResponseEntity<?> org.springframework.cloud.client.serviceregistry.endpoint.ServiceRegistryEndpoint.setStatus(java.lang.String)
2019-03-05_18 18:18:15.979 INFO  [main] org.springframework.boot.actuate.endpoint.mvc.EndpointHandlerMapping - Mapped "{[/service-registry/instance-status],methods=[GET]}" onto public org.springframework.http.ResponseEntity org.springframework.cloud.client.serviceregistry.endpoint.ServiceRegistryEndpoint.getStatus()
2019-03-05_18 18:18:15.980 INFO  [main] org.springframework.boot.actuate.endpoint.mvc.EndpointHandlerMapping - Mapped "{[/dump || /dump.json],methods=[GET],produces=[application/vnd.spring-boot.actuator.v1+json || application/json]}" onto public java.lang.Object org.springframework.boot.actuate.endpoint.mvc.EndpointMvcAdapter.invoke()
2019-03-05_18 18:18:15.982 INFO  [main] org.springframework.boot.actuate.endpoint.mvc.EndpointHandlerMapping - Mapped "{[/mappings || /mappings.json],methods=[GET],produces=[application/vnd.spring-boot.actuator.v1+json || application/json]}" onto public java.lang.Object org.springframework.boot.actuate.endpoint.mvc.EndpointMvcAdapter.invoke()
2019-03-05_18 18:18:15.983 INFO  [main] org.springframework.boot.actuate.endpoint.mvc.EndpointHandlerMapping - Mapped "{[/archaius || /archaius.json],methods=[GET],produces=[application/vnd.spring-boot.actuator.v1+json || application/json]}" onto public java.lang.Object org.springframework.boot.actuate.endpoint.mvc.EndpointMvcAdapter.invoke()
2019-03-05_18 18:18:15.985 INFO  [main] org.springframework.boot.actuate.endpoint.mvc.EndpointHandlerMapping - Mapped "{[/metrics/{name:.*}],methods=[GET],produces=[application/vnd.spring-boot.actuator.v1+json || application/json]}" onto public java.lang.Object org.springframework.boot.actuate.endpoint.mvc.MetricsMvcEndpoint.value(java.lang.String)
2019-03-05_18 18:18:15.985 INFO  [main] org.springframework.boot.actuate.endpoint.mvc.EndpointHandlerMapping - Mapped "{[/metrics || /metrics.json],methods=[GET],produces=[application/vnd.spring-boot.actuator.v1+json || application/json]}" onto public java.lang.Object org.springframework.boot.actuate.endpoint.mvc.EndpointMvcAdapter.invoke()
2019-03-05_18 18:18:16.378 INFO  [main] springfox.documentation.spring.web.PropertySourcedRequestMappingHandlerMapping - Mapped URL path [/v2/api-docs] onto method [public org.springframework.http.ResponseEntity<springfox.documentation.spring.web.json.Json> springfox.documentation.swagger2.web.Swagger2Controller.getDocumentation(java.lang.String,javax.servlet.http.HttpServletRequest)]
2019-03-05_18 18:18:17.007 WARN  [main] com.netflix.config.sources.URLConfigurationSource - No URLs will be polled as dynamic configuration sources.
2019-03-05_18 18:18:17.007 INFO  [main] com.netflix.config.sources.URLConfigurationSource - To enable URLs as dynamic configuration sources, define System property archaius.configurationSource.additionalUrls or make config.properties available on classpath.
2019-03-05_18 18:18:17.402 INFO  [main] org.springframework.web.servlet.mvc.method.annotation.RequestMappingHandlerAdapter - Looking for @ControllerAdvice: org.springframework.boot.context.embedded.AnnotationConfigEmbeddedWebApplicationContext@6b53bcc2: startup date [Tue Mar 05 18:18:03 CST 2019]; parent: org.springframework.context.annotation.AnnotationConfigApplicationContext@6a03bcb1
2019-03-05_18 18:18:17.557 INFO  [main] org.springframework.web.servlet.handler.SimpleUrlHandlerMapping - Mapped URL path [/webjars/**] onto handler of type [class org.springframework.web.servlet.resource.ResourceHttpRequestHandler]
2019-03-05_18 18:18:17.557 INFO  [main] org.springframework.web.servlet.handler.SimpleUrlHandlerMapping - Mapped URL path [/**] onto handler of type [class org.springframework.web.servlet.resource.ResourceHttpRequestHandler]
2019-03-05_18 18:18:17.661 INFO  [main] org.springframework.web.servlet.handler.SimpleUrlHandlerMapping - Mapped URL path [/**/favicon.ico] onto handler of type [class org.springframework.web.servlet.resource.ResourceHttpRequestHandler]
2019-03-05_18 18:18:19.554 INFO  [main] org.springframework.cloud.netflix.zuul.ZuulFilterInitializer - Starting filter initializer
2019-03-05_18 18:18:19.652 INFO  [main] org.springframework.jmx.export.annotation.AnnotationMBeanExporter - Registering beans for JMX exposure on startup
2019-03-05_18 18:18:19.656 INFO  [main] org.springframework.jmx.export.annotation.AnnotationMBeanExporter - Bean with name 'statFilter' has been autodetected for JMX exposure
2019-03-05_18 18:18:19.657 INFO  [main] org.springframework.jmx.export.annotation.AnnotationMBeanExporter - Bean with name 'dataSource' has been autodetected for JMX exposure
2019-03-05_18 18:18:19.671 INFO  [main] org.springframework.jmx.export.annotation.AnnotationMBeanExporter - Bean with name 'environmentManager' has been autodetected for JMX exposure
2019-03-05_18 18:18:19.676 INFO  [main] org.springframework.jmx.export.annotation.AnnotationMBeanExporter - Bean with name 'configurationPropertiesRebinder' has been autodetected for JMX exposure
2019-03-05_18 18:18:19.677 INFO  [main] org.springframework.jmx.export.annotation.AnnotationMBeanExporter - Bean with name 'refreshEndpoint' has been autodetected for JMX exposure
2019-03-05_18 18:18:19.678 INFO  [main] org.springframework.jmx.export.annotation.AnnotationMBeanExporter - Bean with name 'restartEndpoint' has been autodetected for JMX exposure
2019-03-05_18 18:18:19.681 INFO  [main] org.springframework.jmx.export.annotation.AnnotationMBeanExporter - Bean with name 'serviceRegistryEndpoint' has been autodetected for JMX exposure
2019-03-05_18 18:18:19.683 INFO  [main] org.springframework.jmx.export.annotation.AnnotationMBeanExporter - Bean with name 'zuulEndpoint' has been autodetected for JMX exposure
2019-03-05_18 18:18:19.684 INFO  [main] org.springframework.jmx.export.annotation.AnnotationMBeanExporter - Bean with name 'zuulMvcEndpoint' has been autodetected for JMX exposure
2019-03-05_18 18:18:19.687 INFO  [main] org.springframework.jmx.export.annotation.AnnotationMBeanExporter - Bean with name 'refreshScope' has been autodetected for JMX exposure
2019-03-05_18 18:18:19.692 INFO  [main] org.springframework.jmx.export.annotation.AnnotationMBeanExporter - Located managed bean 'environmentManager': registering with JMX server as MBean [org.springframework.cloud.context.environment:name=environmentManager,type=EnvironmentManager]
2019-03-05_18 18:18:19.716 INFO  [main] org.springframework.jmx.export.annotation.AnnotationMBeanExporter - Located managed bean 'zuulMvcEndpoint': registering with JMX server as MBean [org.springframework.cloud.netflix.zuul:name=zuulMvcEndpoint,type=RoutesMvcEndpoint]
2019-03-05_18 18:18:19.730 INFO  [main] org.springframework.jmx.export.annotation.AnnotationMBeanExporter - Located managed bean 'restartEndpoint': registering with JMX server as MBean [org.springframework.cloud.context.restart:name=restartEndpoint,type=RestartEndpoint]
2019-03-05_18 18:18:19.749 INFO  [main] org.springframework.jmx.export.annotation.AnnotationMBeanExporter - Located managed bean 'serviceRegistryEndpoint': registering with JMX server as MBean [org.springframework.cloud.client.serviceregistry.endpoint:name=serviceRegistryEndpoint,type=ServiceRegistryEndpoint]
2019-03-05_18 18:18:19.756 INFO  [main] org.springframework.jmx.export.annotation.AnnotationMBeanExporter - Located managed bean 'refreshScope': registering with JMX server as MBean [org.springframework.cloud.context.scope.refresh:name=refreshScope,type=RefreshScope]
2019-03-05_18 18:18:19.787 INFO  [main] org.springframework.jmx.export.annotation.AnnotationMBeanExporter - Located managed bean 'zuulEndpoint': registering with JMX server as MBean [org.springframework.cloud.netflix.zuul:name=zuulEndpoint,type=RoutesEndpoint]
2019-03-05_18 18:18:19.789 WARN  [main] org.springframework.jmx.export.annotation.AnnotationMBeanExporter - Bean with key 'zuulEndpoint' has been registered as an MBean but has no exposed attributes or operations
2019-03-05_18 18:18:19.797 INFO  [main] org.springframework.jmx.export.annotation.AnnotationMBeanExporter - Located managed bean 'configurationPropertiesRebinder': registering with JMX server as MBean [org.springframework.cloud.context.properties:name=configurationPropertiesRebinder,context=6b53bcc2,type=ConfigurationPropertiesRebinder]
2019-03-05_18 18:18:19.805 INFO  [main] org.springframework.jmx.export.annotation.AnnotationMBeanExporter - Located MBean 'dataSource': registering with JMX server as MBean [com.alibaba.druid.spring.boot.autoconfigure:name=dataSource,type=DruidDataSourceWrapper]
2019-03-05_18 18:18:19.809 INFO  [main] org.springframework.jmx.export.annotation.AnnotationMBeanExporter - Located managed bean 'refreshEndpoint': registering with JMX server as MBean [org.springframework.cloud.endpoint:name=refreshEndpoint,type=RefreshEndpoint]
2019-03-05_18 18:18:19.814 INFO  [main] org.springframework.jmx.export.annotation.AnnotationMBeanExporter - Located MBean 'statFilter': registering with JMX server as MBean [com.alibaba.druid.filter.stat:name=statFilter,type=StatFilter]
2019-03-05_18 18:18:19.816 INFO  [main] org.springframework.boot.actuate.endpoint.jmx.EndpointMBeanExporter - Registering beans for JMX exposure on startup
2019-03-05_18 18:18:20.450 INFO  [main] org.springframework.context.support.DefaultLifecycleProcessor - Starting beans in phase 0
2019-03-05_18 18:18:20.461 INFO  [main] org.springframework.cloud.netflix.eureka.InstanceInfoFactory - Setting initial instance status as: STARTING
2019-03-05_18 18:18:20.501 INFO  [main] com.netflix.discovery.DiscoveryClient - Initializing Eureka in region us-east-1
2019-03-05_18 18:18:20.558 INFO  [main] com.netflix.discovery.provider.DiscoveryJerseyProvider - Using JSON encoding codec LegacyJacksonJson
2019-03-05_18 18:18:20.558 INFO  [main] com.netflix.discovery.provider.DiscoveryJerseyProvider - Using JSON decoding codec LegacyJacksonJson
2019-03-05_18 18:18:20.665 INFO  [main] com.netflix.discovery.provider.DiscoveryJerseyProvider - Using XML encoding codec XStreamXml
2019-03-05_18 18:18:20.665 INFO  [main] com.netflix.discovery.provider.DiscoveryJerseyProvider - Using XML decoding codec XStreamXml
2019-03-05_18 18:18:20.848 INFO  [main] com.netflix.discovery.shared.resolver.aws.ConfigClusterResolver - Resolving eureka endpoints via configuration
2019-03-05_18 18:18:20.880 INFO  [main] com.netflix.discovery.DiscoveryClient - Disable delta property : false
2019-03-05_18 18:18:20.880 INFO  [main] com.netflix.discovery.DiscoveryClient - Single vip registry refresh property : null
2019-03-05_18 18:18:20.880 INFO  [main] com.netflix.discovery.DiscoveryClient - Force full registry fetch : false
2019-03-05_18 18:18:20.880 INFO  [main] com.netflix.discovery.DiscoveryClient - Application is null : false
2019-03-05_18 18:18:20.880 INFO  [main] com.netflix.discovery.DiscoveryClient - Registered Applications size is zero : true
2019-03-05_18 18:18:20.880 INFO  [main] com.netflix.discovery.DiscoveryClient - Application version is -1: true
2019-03-05_18 18:18:20.880 INFO  [main] com.netflix.discovery.DiscoveryClient - Getting all instance registry info from the eureka server
2019-03-05_18 18:18:21.083 INFO  [main] com.netflix.discovery.DiscoveryClient - The response status is 200
2019-03-05_18 18:18:21.087 INFO  [main] com.netflix.discovery.DiscoveryClient - Starting heartbeat executor: renew interval is: 30
2019-03-05_18 18:18:21.090 INFO  [main] com.netflix.discovery.InstanceInfoReplicator - InstanceInfoReplicator onDemand update allowed rate per min is 4
2019-03-05_18 18:18:21.095 INFO  [main] com.netflix.discovery.DiscoveryClient - Discovery Client initialized at timestamp 1551781101094 with initial instances count: 2
2019-03-05_18 18:18:21.203 INFO  [main] org.springframework.cloud.netflix.eureka.serviceregistry.EurekaServiceRegistry - Registering application ZUUL-GATEWAY with eureka with status UP
2019-03-05_18 18:18:21.204 INFO  [main] com.netflix.discovery.DiscoveryClient - Saw local status change event StatusChangeEvent [timestamp=1551781101204, current=UP, previous=STARTING]
2019-03-05_18 18:18:21.206 INFO  [DiscoveryClient-InstanceInfoReplicator-0] com.netflix.discovery.DiscoveryClient - DiscoveryClient_ZUUL-GATEWAY/zuul-gateway-9527: registering service...
2019-03-05_18 18:18:21.218 INFO  [main] org.springframework.boot.actuate.endpoint.jmx.EndpointMBeanExporter - Located managed bean 'auditEventsEndpoint': registering with JMX server as MBean [org.springframework.boot:type=Endpoint,name=auditEventsEndpoint]
2019-03-05_18 18:18:21.268 INFO  [main] org.springframework.boot.actuate.endpoint.jmx.EndpointMBeanExporter - Located managed bean 'archaiusEndpoint': registering with JMX server as MBean [org.springframework.boot:type=Endpoint,name=archaiusEndpoint]
2019-03-05_18 18:18:21.277 INFO  [http-nio-7003-exec-5] com.netflix.eureka.registry.AbstractInstanceRegistry - Registered instance ZUUL-GATEWAY/zuul-gateway-9527 with status UP (replication=false)
2019-03-05_18 18:18:21.279 INFO  [DiscoveryClient-InstanceInfoReplicator-0] com.netflix.discovery.DiscoveryClient - DiscoveryClient_ZUUL-GATEWAY/zuul-gateway-9527 - registration status: 204
2019-03-05_18 18:18:21.302 INFO  [main] org.springframework.boot.actuate.endpoint.jmx.EndpointMBeanExporter - Located managed bean 'featuresEndpoint': registering with JMX server as MBean [org.springframework.boot:type=Endpoint,name=featuresEndpoint]
2019-03-05_18 18:18:21.308 INFO  [main] org.springframework.boot.actuate.endpoint.jmx.EndpointMBeanExporter - Located managed bean 'requestMappingEndpoint': registering with JMX server as MBean [org.springframework.boot:type=Endpoint,name=requestMappingEndpoint]
2019-03-05_18 18:18:21.312 INFO  [main] org.springframework.boot.actuate.endpoint.jmx.EndpointMBeanExporter - Located managed bean 'environmentEndpoint': registering with JMX server as MBean [org.springframework.boot:type=Endpoint,name=environmentEndpoint]
2019-03-05_18 18:18:21.317 INFO  [main] org.springframework.boot.actuate.endpoint.jmx.EndpointMBeanExporter - Located managed bean 'healthEndpoint': registering with JMX server as MBean [org.springframework.boot:type=Endpoint,name=healthEndpoint]
2019-03-05_18 18:18:21.322 INFO  [main] org.springframework.boot.actuate.endpoint.jmx.EndpointMBeanExporter - Located managed bean 'beansEndpoint': registering with JMX server as MBean [org.springframework.boot:type=Endpoint,name=beansEndpoint]
2019-03-05_18 18:18:21.326 INFO  [main] org.springframework.boot.actuate.endpoint.jmx.EndpointMBeanExporter - Located managed bean 'infoEndpoint': registering with JMX server as MBean [org.springframework.boot:type=Endpoint,name=infoEndpoint]
2019-03-05_18 18:18:21.331 INFO  [main] org.springframework.boot.actuate.endpoint.jmx.EndpointMBeanExporter - Located managed bean 'loggersEndpoint': registering with JMX server as MBean [org.springframework.boot:type=Endpoint,name=loggersEndpoint]
2019-03-05_18 18:18:21.340 INFO  [main] org.springframework.boot.actuate.endpoint.jmx.EndpointMBeanExporter - Located managed bean 'metricsEndpoint': registering with JMX server as MBean [org.springframework.boot:type=Endpoint,name=metricsEndpoint]
2019-03-05_18 18:18:21.343 INFO  [main] org.springframework.boot.actuate.endpoint.jmx.EndpointMBeanExporter - Located managed bean 'traceEndpoint': registering with JMX server as MBean [org.springframework.boot:type=Endpoint,name=traceEndpoint]
2019-03-05_18 18:18:21.346 INFO  [main] org.springframework.boot.actuate.endpoint.jmx.EndpointMBeanExporter - Located managed bean 'dumpEndpoint': registering with JMX server as MBean [org.springframework.boot:type=Endpoint,name=dumpEndpoint]
2019-03-05_18 18:18:21.350 INFO  [main] org.springframework.boot.actuate.endpoint.jmx.EndpointMBeanExporter - Located managed bean 'autoConfigurationReportEndpoint': registering with JMX server as MBean [org.springframework.boot:type=Endpoint,name=autoConfigurationReportEndpoint]
2019-03-05_18 18:18:21.355 INFO  [main] org.springframework.boot.actuate.endpoint.jmx.EndpointMBeanExporter - Located managed bean 'configurationPropertiesReportEndpoint': registering with JMX server as MBean [org.springframework.boot:type=Endpoint,name=configurationPropertiesReportEndpoint]
2019-03-05_18 18:18:21.357 INFO  [main] org.springframework.context.support.DefaultLifecycleProcessor - Starting beans in phase 2147483647
2019-03-05_18 18:18:21.357 INFO  [main] springfox.documentation.spring.web.plugins.DocumentationPluginsBootstrapper - Context refreshed
2019-03-05_18 18:18:21.389 INFO  [main] springfox.documentation.spring.web.plugins.DocumentationPluginsBootstrapper - Found 1 custom documentation plugin(s)
2019-03-05_18 18:18:21.522 INFO  [main] springfox.documentation.spring.web.scanners.ApiListingReferenceScanner - Scanning for api listing references
2019-03-05_18 18:18:21.557 INFO  [main] org.springframework.cloud.netflix.hystrix.HystrixCircuitBreakerConfiguration$HystrixMetricsPollerConfiguration - Starting poller
2019-03-05_18 18:18:21.597 INFO  [main] org.apache.coyote.http11.Http11NioProtocol - Initializing ProtocolHandler ["http-nio-9527"]
2019-03-05_18 18:18:21.612 INFO  [main] org.apache.coyote.http11.Http11NioProtocol - Starting ProtocolHandler ["http-nio-9527"]
2019-03-05_18 18:18:21.644 INFO  [main] org.apache.tomcat.util.net.NioSelectorPool - Using a shared selector for servlet write/read
2019-03-05_18 18:18:21.667 INFO  [main] org.springframework.boot.context.embedded.tomcat.TomcatEmbeddedServletContainer - Tomcat started on port(s): 9527 (http)
2019-03-05_18 18:18:21.668 INFO  [main] org.springframework.cloud.netflix.eureka.serviceregistry.EurekaAutoServiceRegistration - Updating port to 9527
2019-03-05_18 18:18:21.675 INFO  [main] lcxy.springcloud.micorservicezuulgateway9527.MicorServiceZuulGateway9527Application - Started MicorServiceZuulGateway9527Application in 20.936 seconds (JVM running for 22.974)
2019-03-05_18 18:18:21.796 INFO  [http-nio-7001-exec-6] com.netflix.eureka.registry.AbstractInstanceRegistry - Registered instance ZUUL-GATEWAY/zuul-gateway-9527 with status UP (replication=true)
2019-03-05_18 18:18:21.798 INFO  [http-nio-7002-exec-1] com.netflix.eureka.registry.AbstractInstanceRegistry - Registered instance ZUUL-GATEWAY/zuul-gateway-9527 with status UP (replication=true)
2019-03-05_18 18:18:49.283 INFO  [Eureka-EvictionTimer] com.netflix.eureka.registry.AbstractInstanceRegistry - Running the evict task with compensationTime 5ms
2019-03-05_18 18:18:52.851 INFO  [Eureka-EvictionTimer] com.netflix.eureka.registry.AbstractInstanceRegistry - Running the evict task with compensationTime 3ms
2019-03-05_18 18:19:00.146 INFO  [Eureka-EvictionTimer] com.netflix.eureka.registry.AbstractInstanceRegistry - Running the evict task with compensationTime 3ms
2019-03-05_18 18:19:25.393 INFO  [http-nio-9527-exec-1] org.apache.catalina.core.ContainerBase.[Tomcat].[localhost].[/] - Initializing Spring FrameworkServlet 'dispatcherServlet'
2019-03-05_18 18:19:25.393 INFO  [http-nio-9527-exec-1] org.springframework.web.servlet.DispatcherServlet - FrameworkServlet 'dispatcherServlet': initialization started
2019-03-05_18 18:19:25.463 INFO  [http-nio-9527-exec-1] org.springframework.web.servlet.DispatcherServlet - FrameworkServlet 'dispatcherServlet': initialization completed in 70 ms
2019-03-05_18 18:19:25.947 INFO  [http-nio-9527-exec-1] org.springframework.cloud.netflix.zuul.web.ZuulHandlerMapping - Mapped URL path [/deptprovider/**] onto handler of type [class org.springframework.cloud.netflix.zuul.web.ZuulController]
2019-03-05_18 18:19:25.947 INFO  [http-nio-9527-exec-1] org.springframework.cloud.netflix.zuul.web.ZuulHandlerMapping - Mapped URL path [/dept-provider/**] onto handler of type [class org.springframework.cloud.netflix.zuul.web.ZuulController]
2019-03-05_18 18:19:25.947 INFO  [http-nio-9527-exec-1] org.springframework.cloud.netflix.zuul.web.ZuulHandlerMapping - Mapped URL path [/zuul-gateway/**] onto handler of type [class org.springframework.cloud.netflix.zuul.web.ZuulController]
2019-03-05_18 18:19:26.027 INFO  [http-nio-9527-exec-1] org.springframework.context.annotation.AnnotationConfigApplicationContext - Refreshing org.springframework.context.annotation.AnnotationConfigApplicationContext@7b850389: startup date [Tue Mar 05 18:19:26 CST 2019]; parent: org.springframework.boot.context.embedded.AnnotationConfigEmbeddedWebApplicationContext@6b53bcc2
2019-03-05_18 18:19:26.104 INFO  [http-nio-9527-exec-1] org.springframework.beans.factory.annotation.AutowiredAnnotationBeanPostProcessor - JSR-330 'javax.inject.Inject' annotation found and supported for autowiring
2019-03-05_18 18:19:26.386 INFO  [http-nio-9527-exec-1] com.netflix.config.ChainedDynamicProperty - Flipping property: dept-provider.ribbon.ActiveConnectionsLimit to use NEXT property: niws.loadbalancer.availabilityFilteringRule.activeConnectionsLimit = 2147483647
2019-03-05_18 18:19:26.407 INFO  [http-nio-9527-exec-1] com.netflix.util.concurrent.ShutdownEnabledTimer - Shutdown hook installed for: NFLoadBalancer-PingTimer-dept-provider
2019-03-05_18 18:19:26.410 INFO  [http-nio-9527-exec-1] com.netflix.loadbalancer.BaseLoadBalancer - Client: dept-provider instantiated a LoadBalancer: DynamicServerListLoadBalancer:{NFLoadBalancer:name=dept-provider,current list of Servers=[],Load balancer stats=Zone stats: {},Server stats: []}ServerList:null
2019-03-05_18 18:19:26.416 INFO  [http-nio-9527-exec-1] com.netflix.loadbalancer.DynamicServerListLoadBalancer - Using serverListUpdater PollingServerListUpdater
2019-03-05_18 18:19:26.450 INFO  [http-nio-9527-exec-1] com.netflix.config.ChainedDynamicProperty - Flipping property: dept-provider.ribbon.ActiveConnectionsLimit to use NEXT property: niws.loadbalancer.availabilityFilteringRule.activeConnectionsLimit = 2147483647
2019-03-05_18 18:19:26.454 INFO  [http-nio-9527-exec-1] com.netflix.loadbalancer.DynamicServerListLoadBalancer - DynamicServerListLoadBalancer for client dept-provider initialized: DynamicServerListLoadBalancer:{NFLoadBalancer:name=dept-provider,current list of Servers=[192.168.1.236:8001],Load balancer stats=Zone stats: {defaultzone=[Zone:defaultzone;	Instance count:1;	Active connections count: 0;	Circuit breaker tripped count: 0;	Active connections per server: 0.0;]
},Server stats: [[Server:192.168.1.236:8001;	Zone:defaultZone;	Total Requests:0;	Successive connection failure:0;	Total blackout seconds:0;	Last connection made:Thu Jan 01 08:00:00 CST 1970;	First connection made: Thu Jan 01 08:00:00 CST 1970;	Active Connections:0;	total failure count in last (1000) msecs:0;	average resp time:0.0;	90 percentile resp time:0.0;	95 percentile resp time:0.0;	min resp time:0.0;	max resp time:0.0;	stddev resp time:0.0]
]}ServerList:org.springframework.cloud.netflix.ribbon.eureka.DomainExtractingServerList@6fe22d70
2019-03-05_18 18:19:27.423 INFO  [PollingServerListUpdater-0] com.netflix.config.ChainedDynamicProperty - Flipping property: dept-provider.ribbon.ActiveConnectionsLimit to use NEXT property: niws.loadbalancer.availabilityFilteringRule.activeConnectionsLimit = 2147483647
2019-03-05_18 18:19:49.289 INFO  [Eureka-EvictionTimer] com.netflix.eureka.registry.AbstractInstanceRegistry - Running the evict task with compensationTime 3ms
2019-03-05_18 18:19:52.858 INFO  [Eureka-EvictionTimer] com.netflix.eureka.registry.AbstractInstanceRegistry - Running the evict task with compensationTime 3ms
2019-03-05_18 18:20:00.153 INFO  [Eureka-EvictionTimer] com.netflix.eureka.registry.AbstractInstanceRegistry - Running the evict task with compensationTime 5ms
2019-03-05_18 18:20:49.295 INFO  [Eureka-EvictionTimer] com.netflix.eureka.registry.AbstractInstanceRegistry - Running the evict task with compensationTime 4ms
2019-03-05_18 18:20:52.863 INFO  [Eureka-EvictionTimer] com.netflix.eureka.registry.AbstractInstanceRegistry - Running the evict task with compensationTime 4ms
2019-03-05_18 18:21:00.159 INFO  [Eureka-EvictionTimer] com.netflix.eureka.registry.AbstractInstanceRegistry - Running the evict task with compensationTime 4ms
2019-03-05_18 18:21:44.630 INFO  [AsyncResolver-bootstrap-executor-0] com.netflix.discovery.shared.resolver.aws.ConfigClusterResolver - Resolving eureka endpoints via configuration
2019-03-05_18 18:21:49.301 INFO  [Eureka-EvictionTimer] com.netflix.eureka.registry.AbstractInstanceRegistry - Running the evict task with compensationTime 3ms
2019-03-05_18 18:21:52.870 INFO  [Eureka-EvictionTimer] com.netflix.eureka.registry.AbstractInstanceRegistry - Running the evict task with compensationTime 4ms
2019-03-05_18 18:22:00.165 INFO  [Eureka-EvictionTimer] com.netflix.eureka.registry.AbstractInstanceRegistry - Running the evict task with compensationTime 3ms
2019-03-05_18 18:22:49.308 INFO  [Eureka-EvictionTimer] com.netflix.eureka.registry.AbstractInstanceRegistry - Running the evict task with compensationTime 5ms
2019-03-05_18 18:22:52.872 INFO  [Eureka-EvictionTimer] com.netflix.eureka.registry.AbstractInstanceRegistry - Running the evict task with compensationTime 0ms
2019-03-05_18 18:23:00.168 INFO  [Eureka-EvictionTimer] com.netflix.eureka.registry.AbstractInstanceRegistry - Running the evict task with compensationTime 1ms
2019-03-05_18 18:23:20.897 INFO  [AsyncResolver-bootstrap-executor-0] com.netflix.discovery.shared.resolver.aws.ConfigClusterResolver - Resolving eureka endpoints via configuration
2019-03-05_18 18:23:49.313 INFO  [Eureka-EvictionTimer] com.netflix.eureka.registry.AbstractInstanceRegistry - Running the evict task with compensationTime 3ms
2019-03-05_18 18:23:52.876 INFO  [Eureka-EvictionTimer] com.netflix.eureka.registry.AbstractInstanceRegistry - Running the evict task with compensationTime 2ms
2019-03-05_18 18:24:00.174 INFO  [Eureka-EvictionTimer] com.netflix.eureka.registry.AbstractInstanceRegistry - Running the evict task with compensationTime 3ms
2019-03-05_18 18:24:29.186 INFO  [Thread-71] org.springframework.boot.context.embedded.AnnotationConfigEmbeddedWebApplicationContext - Closing org.springframework.boot.context.embedded.AnnotationConfigEmbeddedWebApplicationContext@681a8b4e: startup date [Tue Mar 05 17:44:24 CST 2019]; parent: org.springframework.context.annotation.AnnotationConfigApplicationContext@2f54a33d
2019-03-05_18 18:24:29.210 INFO  [Thread-71] org.springframework.cloud.netflix.eureka.serviceregistry.EurekaServiceRegistry - Unregistering application unknown with eureka with status DOWN
2019-03-05_18 18:24:29.235 INFO  [Thread-71] com.netflix.discovery.DiscoveryClient - Shutting down DiscoveryClient ...
2019-03-05_18 18:24:29.238 INFO  [Thread-71] com.netflix.discovery.DiscoveryClient - Completed shut down of DiscoveryClient
2019-03-05_18 18:24:29.246 INFO  [Thread-64] org.springframework.boot.context.embedded.AnnotationConfigEmbeddedWebApplicationContext - Closing org.springframework.boot.context.embedded.AnnotationConfigEmbeddedWebApplicationContext@681a8b4e: startup date [Tue Mar 05 17:44:29 CST 2019]; parent: org.springframework.context.annotation.AnnotationConfigApplicationContext@2f54a33d
2019-03-05_18 18:24:29.259 INFO  [Thread-64] org.springframework.cloud.netflix.eureka.serviceregistry.EurekaServiceRegistry - Unregistering application unknown with eureka with status DOWN
2019-03-05_18 18:24:29.264 INFO  [Thread-64] com.netflix.discovery.DiscoveryClient - Shutting down DiscoveryClient ...
2019-03-05_18 18:24:29.264 INFO  [Thread-64] com.netflix.discovery.DiscoveryClient - Completed shut down of DiscoveryClient
2019-03-05_18 18:24:29.268 INFO  [Thread-71] org.springframework.context.support.DefaultLifecycleProcessor - Stopping beans in phase 0
2019-03-05_18 18:24:29.288 INFO  [Thread-64] org.springframework.context.support.DefaultLifecycleProcessor - Stopping beans in phase 0
2019-03-05_18 18:24:29.303 INFO  [Thread-64] com.netflix.eureka.DefaultEurekaServerContext - Shutting down ...
2019-03-05_18 18:24:29.311 INFO  [Thread-71] com.netflix.eureka.DefaultEurekaServerContext - Shutting down ...
2019-03-05_18 18:24:29.321 INFO  [Thread-51] org.springframework.boot.context.embedded.AnnotationConfigEmbeddedWebApplicationContext - Closing org.springframework.boot.context.embedded.AnnotationConfigEmbeddedWebApplicationContext@681a8b4e: startup date [Tue Mar 05 17:44:44 CST 2019]; parent: org.springframework.context.annotation.AnnotationConfigApplicationContext@2f54a33d
2019-03-05_18 18:24:29.331 INFO  [Thread-64] com.netflix.eureka.DefaultEurekaServerContext - Shut down
2019-03-05_18 18:24:29.351 INFO  [Thread-64] org.springframework.boot.actuate.endpoint.jmx.EndpointMBeanExporter - Unregistering JMX-exposed beans on shutdown
2019-03-05_18 18:24:29.349 INFO  [Thread-51] org.springframework.cloud.netflix.eureka.serviceregistry.EurekaServiceRegistry - Unregistering application unknown with eureka with status DOWN
2019-03-05_18 18:24:29.353 INFO  [Thread-64] org.springframework.boot.actuate.endpoint.jmx.EndpointMBeanExporter - Unregistering JMX-exposed beans
2019-03-05_18 18:24:29.354 INFO  [Thread-64] org.springframework.jmx.export.annotation.AnnotationMBeanExporter - Unregistering JMX-exposed beans on shutdown
2019-03-05_18 18:24:29.355 INFO  [Thread-64] org.springframework.jmx.export.annotation.AnnotationMBeanExporter - Unregistering JMX-exposed beans
2019-03-05_18 18:24:29.355 INFO  [Thread-71] com.netflix.eureka.DefaultEurekaServerContext - Shut down
2019-03-05_18 18:24:29.371 INFO  [Thread-64] org.springframework.orm.jpa.LocalContainerEntityManagerFactoryBean - Closing JPA EntityManagerFactory for persistence unit 'default'
2019-03-05_18 18:24:29.374 INFO  [Thread-51] com.netflix.discovery.DiscoveryClient - Shutting down DiscoveryClient ...
2019-03-05_18 18:24:29.374 INFO  [Thread-51] com.netflix.discovery.DiscoveryClient - Completed shut down of DiscoveryClient
2019-03-05_18 18:24:29.382 INFO  [Thread-71] org.springframework.boot.actuate.endpoint.jmx.EndpointMBeanExporter - Unregistering JMX-exposed beans on shutdown
2019-03-05_18 18:24:29.383 INFO  [Thread-71] org.springframework.boot.actuate.endpoint.jmx.EndpointMBeanExporter - Unregistering JMX-exposed beans
2019-03-05_18 18:24:29.388 INFO  [Thread-71] org.springframework.jmx.export.annotation.AnnotationMBeanExporter - Unregistering JMX-exposed beans on shutdown
2019-03-05_18 18:24:29.389 INFO  [Thread-71] org.springframework.jmx.export.annotation.AnnotationMBeanExporter - Unregistering JMX-exposed beans
2019-03-05_18 18:24:29.389 INFO  [Thread-30] org.springframework.boot.context.embedded.AnnotationConfigEmbeddedWebApplicationContext - Closing org.springframework.boot.context.embedded.AnnotationConfigEmbeddedWebApplicationContext@ea9b7c6: startup date [Tue Mar 05 17:46:35 CST 2019]; parent: org.springframework.context.annotation.AnnotationConfigApplicationContext@3c947bc5
2019-03-05_18 18:24:29.392 INFO  [Thread-64] com.alibaba.druid.pool.DruidDataSource - {dataSource-1} closed
2019-03-05_18 18:24:29.398 INFO  [Thread-51] org.springframework.context.support.DefaultLifecycleProcessor - Stopping beans in phase 0
2019-03-05_18 18:24:29.399 INFO  [Thread-30] org.springframework.cloud.netflix.eureka.serviceregistry.EurekaServiceRegistry - Unregistering application DEPT-PROVIDER with eureka with status DOWN
2019-03-05_18 18:24:29.399 WARN  [Thread-30] com.netflix.discovery.DiscoveryClient - Saw local status change event StatusChangeEvent [timestamp=1551781469399, current=DOWN, previous=UP]
2019-03-05_18 18:24:29.400 INFO  [DiscoveryClient-InstanceInfoReplicator-0] com.netflix.discovery.DiscoveryClient - DiscoveryClient_DEPT-PROVIDER/dept-provider-8001: registering service...
2019-03-05_18 18:24:29.403 INFO  [Thread-30] com.netflix.discovery.DiscoveryClient - Shutting down DiscoveryClient ...
2019-03-05_18 18:24:29.406 INFO  [Thread-30] com.netflix.discovery.DiscoveryClient - Unregistering ...
2019-03-05_18 18:24:29.423 INFO  [http-nio-7003-exec-5] com.netflix.eureka.registry.AbstractInstanceRegistry - Registered instance DEPT-PROVIDER/dept-provider-8001 with status DOWN (replication=false)
2019-03-05_18 18:24:29.426 INFO  [DiscoveryClient-InstanceInfoReplicator-0] com.netflix.discovery.DiscoveryClient - DiscoveryClient_DEPT-PROVIDER/dept-provider-8001 - registration status: 204
2019-03-05_18 18:24:29.430 INFO  [Thread-71] org.springframework.orm.jpa.LocalContainerEntityManagerFactoryBean - Closing JPA EntityManagerFactory for persistence unit 'default'
2019-03-05_18 18:24:29.431 INFO  [http-nio-7003-exec-9] com.netflix.eureka.registry.AbstractInstanceRegistry - Cancelled instance DEPT-PROVIDER/dept-provider-8001 (replication=false)
2019-03-05_18 18:24:29.432 INFO  [Thread-30] com.netflix.discovery.DiscoveryClient - DiscoveryClient_DEPT-PROVIDER/dept-provider-8001 - deregister  status: 200
2019-03-05_18 18:24:29.439 INFO  [Thread-51] com.netflix.eureka.DefaultEurekaServerContext - Shutting down ...
2019-03-05_18 18:24:29.441 INFO  [Thread-30] com.netflix.discovery.DiscoveryClient - Completed shut down of DiscoveryClient
2019-03-05_18 18:24:29.453 INFO  [Thread-61] com.netflix.loadbalancer.PollingServerListUpdater - Shutting down the Executor Pool for PollingServerListUpdater
2019-03-05_18 18:24:29.453 INFO  [Thread-50] org.springframework.boot.context.embedded.AnnotationConfigEmbeddedWebApplicationContext - Closing org.springframework.boot.context.embedded.AnnotationConfigEmbeddedWebApplicationContext@6b53bcc2: startup date [Tue Mar 05 18:18:03 CST 2019]; parent: org.springframework.context.annotation.AnnotationConfigApplicationContext@6a03bcb1
2019-03-05_18 18:24:29.456 INFO  [Thread-50] org.springframework.cloud.netflix.eureka.serviceregistry.EurekaServiceRegistry - Unregistering application ZUUL-GATEWAY with eureka with status DOWN
2019-03-05_18 18:24:29.456 WARN  [Thread-50] com.netflix.discovery.DiscoveryClient - Saw local status change event StatusChangeEvent [timestamp=1551781469456, current=DOWN, previous=UP]
2019-03-05_18 18:24:29.456 INFO  [Thread-50] com.netflix.discovery.DiscoveryClient - Shutting down DiscoveryClient ...
2019-03-05_18 18:24:29.457 INFO  [Thread-50] com.netflix.discovery.DiscoveryClient - Unregistering ...
2019-03-05_18 18:24:29.463 INFO  [http-nio-7003-exec-7] com.netflix.eureka.registry.AbstractInstanceRegistry - Cancelled instance ZUUL-GATEWAY/zuul-gateway-9527 (replication=false)
2019-03-05_18 18:24:29.467 INFO  [Thread-50] com.netflix.discovery.DiscoveryClient - DiscoveryClient_ZUUL-GATEWAY/zuul-gateway-9527 - deregister  status: 200
2019-03-05_18 18:24:29.474 INFO  [Thread-50] com.netflix.discovery.DiscoveryClient - Completed shut down of DiscoveryClient
2019-03-05_18 18:24:29.475 INFO  [Thread-30] org.springframework.context.support.DefaultLifecycleProcessor - Stopping beans in phase 2147483647
2019-03-05_18 18:24:29.484 INFO  [Thread-50] org.springframework.context.support.DefaultLifecycleProcessor - Stopping beans in phase 2147483647
2019-03-05_18 18:24:29.484 INFO  [Thread-30] org.springframework.context.support.DefaultLifecycleProcessor - Stopping beans in phase 0
2019-03-05_18 18:24:29.486 INFO  [Thread-50] org.springframework.context.support.DefaultLifecycleProcessor - Stopping beans in phase 0
2019-03-05_18 18:24:29.487 INFO  [Thread-50] org.springframework.cloud.netflix.zuul.ZuulFilterInitializer - Stopping filter initializer
2019-03-05_18 18:24:29.492 INFO  [Thread-50] org.springframework.context.annotation.AnnotationConfigApplicationContext - Closing org.springframework.context.annotation.AnnotationConfigApplicationContext@7b850389: startup date [Tue Mar 05 18:19:26 CST 2019]; parent: org.springframework.boot.context.embedded.AnnotationConfigEmbeddedWebApplicationContext@6b53bcc2
2019-03-05_18 18:24:29.495 INFO  [Thread-50] org.springframework.cloud.netflix.eureka.serviceregistry.EurekaServiceRegistry - Unregistering application ZUUL-GATEWAY with eureka with status DOWN
2019-03-05_18 18:24:29.497 INFO  [Thread-50] com.netflix.util.concurrent.ShutdownEnabledTimer - Shutdown hook removed for: NFLoadBalancer-PingTimer-dept-provider
2019-03-05_18 18:24:29.507 INFO  [Thread-50] com.netflix.util.concurrent.ShutdownEnabledTimer - Exception caught (might be ok if at shutdown)
java.lang.IllegalStateException: Shutdown in progress
	at java.lang.ApplicationShutdownHooks.remove(ApplicationShutdownHooks.java:82)
	at java.lang.Runtime.removeShutdownHook(Runtime.java:239)
	at com.netflix.util.concurrent.ShutdownEnabledTimer.cancel(ShutdownEnabledTimer.java:70)
	at com.netflix.loadbalancer.BaseLoadBalancer.cancelPingTask(BaseLoadBalancer.java:613)
	at com.netflix.loadbalancer.BaseLoadBalancer.shutdown(BaseLoadBalancer.java:864)
	at com.netflix.loadbalancer.DynamicServerListLoadBalancer.shutdown(DynamicServerListLoadBalancer.java:277)
	at sun.reflect.NativeMethodAccessorImpl.invoke0(Native Method)
	at sun.reflect.NativeMethodAccessorImpl.invoke(NativeMethodAccessorImpl.java:62)
	at sun.reflect.DelegatingMethodAccessorImpl.invoke(DelegatingMethodAccessorImpl.java:43)
	at java.lang.reflect.Method.invoke(Method.java:498)
	at org.springframework.beans.factory.support.DisposableBeanAdapter.invokeCustomDestroyMethod(DisposableBeanAdapter.java:364)
	at org.springframework.beans.factory.support.DisposableBeanAdapter.destroy(DisposableBeanAdapter.java:287)
	at org.springframework.beans.factory.support.DefaultSingletonBeanRegistry.destroyBean(DefaultSingletonBeanRegistry.java:578)
	at org.springframework.beans.factory.support.DefaultSingletonBeanRegistry.destroySingleton(DefaultSingletonBeanRegistry.java:554)
	at org.springframework.beans.factory.support.DefaultListableBeanFactory.destroySingleton(DefaultListableBeanFactory.java:961)
	at org.springframework.beans.factory.support.DefaultSingletonBeanRegistry.destroySingletons(DefaultSingletonBeanRegistry.java:523)
	at org.springframework.beans.factory.support.FactoryBeanRegistrySupport.destroySingletons(FactoryBeanRegistrySupport.java:230)
	at org.springframework.beans.factory.support.DefaultListableBeanFactory.destroySingletons(DefaultListableBeanFactory.java:968)
	at org.springframework.context.support.AbstractApplicationContext.destroyBeans(AbstractApplicationContext.java:1030)
	at org.springframework.context.support.AbstractApplicationContext.doClose(AbstractApplicationContext.java:1006)
	at org.springframework.context.support.AbstractApplicationContext.close(AbstractApplicationContext.java:958)
	at org.springframework.cloud.context.named.NamedContextFactory.destroy(NamedContextFactory.java:76)
	at org.springframework.beans.factory.support.DisposableBeanAdapter.destroy(DisposableBeanAdapter.java:272)
	at org.springframework.beans.factory.support.DefaultSingletonBeanRegistry.destroyBean(DefaultSingletonBeanRegistry.java:578)
	at org.springframework.beans.factory.support.DefaultSingletonBeanRegistry.destroySingleton(DefaultSingletonBeanRegistry.java:554)
	at org.springframework.beans.factory.support.DefaultListableBeanFactory.destroySingleton(DefaultListableBeanFactory.java:961)
	at org.springframework.beans.factory.support.DefaultSingletonBeanRegistry.destroySingletons(DefaultSingletonBeanRegistry.java:523)
	at org.springframework.beans.factory.support.FactoryBeanRegistrySupport.destroySingletons(FactoryBeanRegistrySupport.java:230)
	at org.springframework.beans.factory.support.DefaultListableBeanFactory.destroySingletons(DefaultListableBeanFactory.java:968)
	at org.springframework.context.support.AbstractApplicationContext.destroyBeans(AbstractApplicationContext.java:1030)
	at org.springframework.context.support.AbstractApplicationContext.doClose(AbstractApplicationContext.java:1006)
	at org.springframework.context.support.AbstractApplicationContext$2.run(AbstractApplicationContext.java:929)
2019-03-05_18 18:24:29.511 INFO  [Thread-30] org.springframework.boot.actuate.endpoint.jmx.EndpointMBeanExporter - Unregistering JMX-exposed beans on shutdown
2019-03-05_18 18:24:29.516 INFO  [Thread-30] org.springframework.boot.actuate.endpoint.jmx.EndpointMBeanExporter - Unregistering JMX-exposed beans
2019-03-05_18 18:24:29.516 INFO  [Thread-50] org.springframework.boot.actuate.endpoint.jmx.EndpointMBeanExporter - Unregistering JMX-exposed beans on shutdown
2019-03-05_18 18:24:29.517 INFO  [Thread-50] org.springframework.boot.actuate.endpoint.jmx.EndpointMBeanExporter - Unregistering JMX-exposed beans
2019-03-05_18 18:24:29.518 INFO  [Thread-50] org.springframework.jmx.export.annotation.AnnotationMBeanExporter - Unregistering JMX-exposed beans on shutdown
2019-03-05_18 18:24:29.519 INFO  [Thread-50] org.springframework.jmx.export.annotation.AnnotationMBeanExporter - Unregistering JMX-exposed beans
2019-03-05_18 18:24:29.519 INFO  [Thread-30] org.springframework.jmx.export.annotation.AnnotationMBeanExporter - Unregistering JMX-exposed beans on shutdown
2019-03-05_18 18:24:29.527 INFO  [Thread-30] org.springframework.jmx.export.annotation.AnnotationMBeanExporter - Unregistering JMX-exposed beans
2019-03-05_18 18:24:29.550 INFO  [Thread-71] com.alibaba.druid.pool.DruidDataSource - {dataSource-1} closed
2019-03-05_18 18:24:29.559 INFO  [Thread-51] com.netflix.eureka.DefaultEurekaServerContext - Shut down
2019-03-05_18 18:24:29.569 INFO  [Thread-50] org.springframework.orm.jpa.LocalContainerEntityManagerFactoryBean - Closing JPA EntityManagerFactory for persistence unit 'default'
2019-03-05_18 18:24:29.579 INFO  [Thread-30] org.springframework.orm.jpa.LocalContainerEntityManagerFactoryBean - Closing JPA EntityManagerFactory for persistence unit 'default'
2019-03-05_18 18:24:29.587 INFO  [Thread-51] org.springframework.boot.actuate.endpoint.jmx.EndpointMBeanExporter - Unregistering JMX-exposed beans on shutdown
2019-03-05_18 18:24:29.589 INFO  [Thread-51] org.springframework.boot.actuate.endpoint.jmx.EndpointMBeanExporter - Unregistering JMX-exposed beans
2019-03-05_18 18:24:29.592 INFO  [Thread-50] com.alibaba.druid.pool.DruidDataSource - {dataSource-1} closed
2019-03-05_18 18:24:29.595 INFO  [Thread-51] org.springframework.jmx.export.annotation.AnnotationMBeanExporter - Unregistering JMX-exposed beans on shutdown
2019-03-05_18 18:24:29.600 INFO  [Thread-51] org.springframework.jmx.export.annotation.AnnotationMBeanExporter - Unregistering JMX-exposed beans
2019-03-05_18 18:24:29.616 INFO  [Thread-30] com.alibaba.druid.pool.DruidDataSource - {dataSource-1} closed
2019-03-05_18 18:24:29.643 INFO  [Thread-51] org.springframework.orm.jpa.LocalContainerEntityManagerFactoryBean - Closing JPA EntityManagerFactory for persistence unit 'default'
2019-03-05_18 18:24:29.694 INFO  [Thread-51] com.alibaba.druid.pool.DruidDataSource - {dataSource-1} closed
