2019-01-03_21 21:27:09.561 INFO  [main] lcxy.springcloud.micorserviceapi.MicorServiceApiApplication - Starting MicorServiceApiApplication on localhost with PID 35447 (/Users/lcxy_demo/IdeaProjects/micor-service-parent/micor-service-api/target/classes started by lcxy_demo in /Users/lcxy_demo/IdeaProjects/micor-service-parent)
2019-01-03_21 21:27:09.565 INFO  [main] lcxy.springcloud.micorserviceapi.MicorServiceApiApplication - No active profile set, falling back to default profiles: default
2019-01-03_21 21:27:09.812 INFO  [main] org.springframework.boot.context.embedded.AnnotationConfigEmbeddedWebApplicationContext - Refreshing org.springframework.boot.context.embedded.AnnotationConfigEmbeddedWebApplicationContext@67a20f67: startup date [Thu Jan 03 21:27:09 CST 2019]; root of context hierarchy
2019-01-03_21 21:27:10.030 INFO  [background-preinit] org.hibernate.validator.internal.util.Version - HV000001: Hibernate Validator 5.3.5.Final
2019-01-03_21 21:27:12.203 INFO  [main] org.springframework.context.support.PostProcessorRegistrationDelegate$BeanPostProcessorChecker - Bean 'validatorConfig' of type [lcxy.springcloud.micorserviceapi.config.ValidatorConfig$$EnhancerBySpringCGLIB$$4d21995f] is not eligible for getting processed by all BeanPostProcessors (for example: not eligible for auto-proxying)
2019-01-03_21 21:27:12.310 INFO  [main] org.springframework.context.support.PostProcessorRegistrationDelegate$BeanPostProcessorChecker - Bean 'validator' of type [org.hibernate.validator.internal.engine.ValidatorImpl] is not eligible for getting processed by all BeanPostProcessors (for example: not eligible for auto-proxying)
2019-01-03_21 21:27:12.406 INFO  [main] org.springframework.context.support.PostProcessorRegistrationDelegate$BeanPostProcessorChecker - Bean 'org.springframework.transaction.annotation.ProxyTransactionManagementConfiguration' of type [org.springframework.transaction.annotation.ProxyTransactionManagementConfiguration$$EnhancerBySpringCGLIB$$60831f37] is not eligible for getting processed by all BeanPostProcessors (for example: not eligible for auto-proxying)
2019-01-03_21 21:27:12.922 INFO  [main] org.springframework.boot.context.embedded.tomcat.TomcatEmbeddedServletContainer - Tomcat initialized with port(s): 55356 (http)
2019-01-03_21 21:27:12.938 INFO  [main] org.apache.catalina.core.StandardService - Starting service [Tomcat]
2019-01-03_21 21:27:12.939 INFO  [main] org.apache.catalina.core.StandardEngine - Starting Servlet Engine: Apache Tomcat/8.5.20
2019-01-03_21 21:27:13.077 INFO  [localhost-startStop-1] org.apache.catalina.core.ContainerBase.[Tomcat].[localhost].[/] - Initializing Spring embedded WebApplicationContext
2019-01-03_21 21:27:13.077 INFO  [localhost-startStop-1] org.springframework.web.context.ContextLoader - Root WebApplicationContext: initialization completed in 3266 ms
2019-01-03_21 21:27:13.313 INFO  [localhost-startStop-1] org.springframework.boot.web.servlet.ServletRegistrationBean - Mapping servlet: 'dispatcherServlet' to [/]
2019-01-03_21 21:27:13.315 INFO  [localhost-startStop-1] org.springframework.boot.web.servlet.ServletRegistrationBean - Mapping servlet: 'statViewServlet' to [/druid/*]
2019-01-03_21 21:27:13.319 INFO  [localhost-startStop-1] org.springframework.boot.web.servlet.FilterRegistrationBean - Mapping filter: 'characterEncodingFilter' to: [/*]
2019-01-03_21 21:27:13.319 INFO  [localhost-startStop-1] org.springframework.boot.web.servlet.FilterRegistrationBean - Mapping filter: 'hiddenHttpMethodFilter' to: [/*]
2019-01-03_21 21:27:13.319 INFO  [localhost-startStop-1] org.springframework.boot.web.servlet.FilterRegistrationBean - Mapping filter: 'httpPutFormContentFilter' to: [/*]
2019-01-03_21 21:27:13.319 INFO  [localhost-startStop-1] org.springframework.boot.web.servlet.FilterRegistrationBean - Mapping filter: 'requestContextFilter' to: [/*]
2019-01-03_21 21:27:13.320 INFO  [localhost-startStop-1] org.springframework.boot.web.servlet.FilterRegistrationBean - Mapping filter: 'webStatFilter' to urls: [/*]
2019-01-03_21 21:27:13.362 INFO  [main] com.alibaba.druid.spring.boot.autoconfigure.DruidDataSourceAutoConfigure - Init DruidDataSource
2019-01-03_21 21:27:13.964 INFO  [main] com.alibaba.druid.pool.DruidDataSource - {dataSource-1} inited
2019-01-03_21 21:27:14.328 INFO  [main] org.springframework.orm.jpa.LocalContainerEntityManagerFactoryBean - Building JPA container EntityManagerFactory for persistence unit 'default'
2019-01-03_21 21:27:14.345 INFO  [main] org.hibernate.jpa.internal.util.LogHelper - HHH000204: Processing PersistenceUnitInfo [
	name: default
	...]
2019-01-03_21 21:27:14.446 INFO  [main] org.hibernate.Version - HHH000412: Hibernate Core {5.0.12.Final}
2019-01-03_21 21:27:14.448 INFO  [main] org.hibernate.cfg.Environment - HHH000206: hibernate.properties not found
2019-01-03_21 21:27:14.450 INFO  [main] org.hibernate.cfg.Environment - HHH000021: Bytecode provider name : javassist
2019-01-03_21 21:27:14.466 INFO  [main] org.hibernate.spatial.integration.SpatialService - HHH80000001: hibernate-spatial integration enabled : true
2019-01-03_21 21:27:14.519 INFO  [main] org.hibernate.annotations.common.Version - HCANN000001: Hibernate Commons Annotations {5.0.1.Final}
2019-01-03_21 21:27:14.701 INFO  [main] org.hibernate.dialect.Dialect - HHH000400: Using dialect: org.hibernate.dialect.MySQL5Dialect
2019-01-03_21 21:27:15.111 INFO  [main] org.springframework.orm.jpa.LocalContainerEntityManagerFactoryBean - Initialized JPA EntityManagerFactory for persistence unit 'default'
2019-01-03_21 21:27:15.669 INFO  [main] org.springframework.web.servlet.mvc.method.annotation.RequestMappingHandlerMapping - Mapped "{[/dept/del/by_id],methods=[POST]}" onto public lcxy.springcloud.micorserviceentity.commonbox.Result lcxy.springcloud.micorserviceapi.controller.DeptController.delById(lcxy.springcloud.micorserviceentity.domain.dto.IntDTO)
2019-01-03_21 21:27:15.670 INFO  [main] org.springframework.web.servlet.mvc.method.annotation.RequestMappingHandlerMapping - Mapped "{[/dept/add],methods=[POST]}" onto public lcxy.springcloud.micorserviceentity.commonbox.Result lcxy.springcloud.micorserviceapi.controller.DeptController.addDept(lcxy.springcloud.micorserviceentity.domain.po.DeptPO)
2019-01-03_21 21:27:15.671 INFO  [main] org.springframework.web.servlet.mvc.method.annotation.RequestMappingHandlerMapping - Mapped "{[/dept/find/all],methods=[POST]}" onto public lcxy.springcloud.micorserviceentity.commonbox.Result lcxy.springcloud.micorserviceapi.controller.DeptController.findAll()
2019-01-03_21 21:27:15.677 INFO  [main] org.springframework.web.servlet.mvc.method.annotation.RequestMappingHandlerMapping - Mapped "{[/swagger-resources]}" onto public org.springframework.http.ResponseEntity<java.util.List<springfox.documentation.swagger.web.SwaggerResource>> springfox.documentation.swagger.web.ApiResourceController.swaggerResources()
2019-01-03_21 21:27:15.679 INFO  [main] org.springframework.web.servlet.mvc.method.annotation.RequestMappingHandlerMapping - Mapped "{[/swagger-resources/configuration/security]}" onto public org.springframework.http.ResponseEntity<springfox.documentation.swagger.web.SecurityConfiguration> springfox.documentation.swagger.web.ApiResourceController.securityConfiguration()
2019-01-03_21 21:27:15.680 INFO  [main] org.springframework.web.servlet.mvc.method.annotation.RequestMappingHandlerMapping - Mapped "{[/swagger-resources/configuration/ui]}" onto public org.springframework.http.ResponseEntity<springfox.documentation.swagger.web.UiConfiguration> springfox.documentation.swagger.web.ApiResourceController.uiConfiguration()
2019-01-03_21 21:27:15.682 INFO  [main] org.springframework.web.servlet.mvc.method.annotation.RequestMappingHandlerMapping - Mapped "{[/error]}" onto public org.springframework.http.ResponseEntity<java.util.Map<java.lang.String, java.lang.Object>> org.springframework.boot.autoconfigure.web.BasicErrorController.error(javax.servlet.http.HttpServletRequest)
2019-01-03_21 21:27:15.683 INFO  [main] org.springframework.web.servlet.mvc.method.annotation.RequestMappingHandlerMapping - Mapped "{[/error],produces=[text/html]}" onto public org.springframework.web.servlet.ModelAndView org.springframework.boot.autoconfigure.web.BasicErrorController.errorHtml(javax.servlet.http.HttpServletRequest,javax.servlet.http.HttpServletResponse)
2019-01-03_21 21:27:15.869 INFO  [main] springfox.documentation.spring.web.PropertySourcedRequestMappingHandlerMapping - Mapped URL path [/v2/api-docs] onto method [public org.springframework.http.ResponseEntity<springfox.documentation.spring.web.json.Json> springfox.documentation.swagger2.web.Swagger2Controller.getDocumentation(java.lang.String,javax.servlet.http.HttpServletRequest)]
2019-01-03_21 21:27:16.197 INFO  [main] org.springframework.web.servlet.mvc.method.annotation.RequestMappingHandlerAdapter - Looking for @ControllerAdvice: org.springframework.boot.context.embedded.AnnotationConfigEmbeddedWebApplicationContext@67a20f67: startup date [Thu Jan 03 21:27:09 CST 2019]; root of context hierarchy
2019-01-03_21 21:27:16.290 INFO  [main] org.springframework.web.servlet.handler.SimpleUrlHandlerMapping - Mapped URL path [/webjars/**] onto handler of type [class org.springframework.web.servlet.resource.ResourceHttpRequestHandler]
2019-01-03_21 21:27:16.291 INFO  [main] org.springframework.web.servlet.handler.SimpleUrlHandlerMapping - Mapped URL path [/**] onto handler of type [class org.springframework.web.servlet.resource.ResourceHttpRequestHandler]
2019-01-03_21 21:27:16.356 INFO  [main] org.springframework.web.servlet.handler.SimpleUrlHandlerMapping - Mapped URL path [/**/favicon.ico] onto handler of type [class org.springframework.web.servlet.resource.ResourceHttpRequestHandler]
2019-01-03_21 21:27:16.766 INFO  [main] org.springframework.jmx.export.annotation.AnnotationMBeanExporter - Registering beans for JMX exposure on startup
2019-01-03_21 21:27:16.769 INFO  [main] org.springframework.jmx.export.annotation.AnnotationMBeanExporter - Bean with name 'statFilter' has been autodetected for JMX exposure
2019-01-03_21 21:27:16.770 INFO  [main] org.springframework.jmx.export.annotation.AnnotationMBeanExporter - Bean with name 'dataSource' has been autodetected for JMX exposure
2019-01-03_21 21:27:16.776 INFO  [main] org.springframework.jmx.export.annotation.AnnotationMBeanExporter - Located MBean 'dataSource': registering with JMX server as MBean [com.alibaba.druid.spring.boot.autoconfigure:name=dataSource,type=DruidDataSourceWrapper]
2019-01-03_21 21:27:16.777 INFO  [main] org.springframework.jmx.export.annotation.AnnotationMBeanExporter - Located MBean 'statFilter': registering with JMX server as MBean [com.alibaba.druid.filter.stat:name=statFilter,type=StatFilter]
2019-01-03_21 21:27:16.782 INFO  [main] org.springframework.context.support.DefaultLifecycleProcessor - Starting beans in phase 2147483647
2019-01-03_21 21:27:16.782 INFO  [main] springfox.documentation.spring.web.plugins.DocumentationPluginsBootstrapper - Context refreshed
2019-01-03_21 21:27:16.795 INFO  [main] springfox.documentation.spring.web.plugins.DocumentationPluginsBootstrapper - Found 1 custom documentation plugin(s)
2019-01-03_21 21:27:16.830 INFO  [main] springfox.documentation.spring.web.scanners.ApiListingReferenceScanner - Scanning for api listing references
2019-01-03_21 21:27:17.028 INFO  [main] org.apache.coyote.http11.Http11NioProtocol - Initializing ProtocolHandler ["http-nio-55356"]
2019-01-03_21 21:27:17.038 INFO  [main] org.apache.coyote.http11.Http11NioProtocol - Starting ProtocolHandler ["http-nio-55356"]
2019-01-03_21 21:27:17.074 INFO  [main] org.apache.tomcat.util.net.NioSelectorPool - Using a shared selector for servlet write/read
2019-01-03_21 21:27:17.121 INFO  [main] org.springframework.boot.context.embedded.tomcat.TomcatEmbeddedServletContainer - Tomcat started on port(s): 55356 (http)
2019-01-03_21 21:27:17.130 INFO  [main] lcxy.springcloud.micorserviceapi.MicorServiceApiApplication - Started MicorServiceApiApplication in 8.337 seconds (JVM running for 9.821)
2019-01-03_21 21:29:54.876 INFO  [http-nio-55356-exec-1] org.apache.catalina.core.ContainerBase.[Tomcat].[localhost].[/] - Initializing Spring FrameworkServlet 'dispatcherServlet'
2019-01-03_21 21:29:54.877 INFO  [http-nio-55356-exec-1] org.springframework.web.servlet.DispatcherServlet - FrameworkServlet 'dispatcherServlet': initialization started
2019-01-03_21 21:29:54.908 INFO  [http-nio-55356-exec-1] org.springframework.web.servlet.DispatcherServlet - FrameworkServlet 'dispatcherServlet': initialization completed in 30 ms
