2019-01-04_11 11:06:07.976 INFO  [main] lcxy.springcloud.micorserviceapi.MicorServiceApiApplication - Starting MicorServiceApiApplication on localhost with PID 55800 (/Users/lcxy_demo/IdeaProjects/micor-service-parent/micor-service-api/target/classes started by lcxy_demo in /Users/lcxy_demo/IdeaProjects/micor-service-parent)
2019-01-04_11 11:06:07.980 INFO  [main] lcxy.springcloud.micorserviceapi.MicorServiceApiApplication - No active profile set, falling back to default profiles: default
2019-01-04_11 11:06:08.091 INFO  [main] org.springframework.boot.context.embedded.AnnotationConfigEmbeddedWebApplicationContext - Refreshing org.springframework.boot.context.embedded.AnnotationConfigEmbeddedWebApplicationContext@39de3d36: startup date [Fri Jan 04 11:06:08 CST 2019]; root of context hierarchy
2019-01-04_11 11:06:08.274 INFO  [background-preinit] org.hibernate.validator.internal.util.Version - HV000001: Hibernate Validator 5.3.5.Final
2019-01-04_11 11:06:10.317 INFO  [main] org.springframework.context.support.PostProcessorRegistrationDelegate$BeanPostProcessorChecker - Bean 'validatorConfig' of type [lcxy.springcloud.micorserviceapi.config.ValidatorConfig$$EnhancerBySpringCGLIB$$d90d366b] is not eligible for getting processed by all BeanPostProcessors (for example: not eligible for auto-proxying)
2019-01-04_11 11:06:10.437 INFO  [main] org.springframework.context.support.PostProcessorRegistrationDelegate$BeanPostProcessorChecker - Bean 'validator' of type [org.hibernate.validator.internal.engine.ValidatorImpl] is not eligible for getting processed by all BeanPostProcessors (for example: not eligible for auto-proxying)
2019-01-04_11 11:06:10.579 INFO  [main] org.springframework.context.support.PostProcessorRegistrationDelegate$BeanPostProcessorChecker - Bean 'org.springframework.transaction.annotation.ProxyTransactionManagementConfiguration' of type [org.springframework.transaction.annotation.ProxyTransactionManagementConfiguration$$EnhancerBySpringCGLIB$$ec6ebc43] is not eligible for getting processed by all BeanPostProcessors (for example: not eligible for auto-proxying)
2019-01-04_11 11:06:11.169 INFO  [main] org.springframework.boot.context.embedded.tomcat.TomcatEmbeddedServletContainer - Tomcat initialized with port(s): 55356 (http)
2019-01-04_11 11:06:11.189 INFO  [main] org.apache.catalina.core.StandardService - Starting service [Tomcat]
2019-01-04_11 11:06:11.190 INFO  [main] org.apache.catalina.core.StandardEngine - Starting Servlet Engine: Apache Tomcat/8.5.20
2019-01-04_11 11:06:11.342 INFO  [localhost-startStop-1] org.apache.catalina.core.ContainerBase.[Tomcat].[localhost].[/api] - Initializing Spring embedded WebApplicationContext
2019-01-04_11 11:06:11.342 INFO  [localhost-startStop-1] org.springframework.web.context.ContextLoader - Root WebApplicationContext: initialization completed in 3251 ms
2019-01-04_11 11:06:11.681 INFO  [localhost-startStop-1] org.springframework.boot.web.servlet.ServletRegistrationBean - Mapping servlet: 'dispatcherServlet' to [/]
2019-01-04_11 11:06:11.684 INFO  [localhost-startStop-1] org.springframework.boot.web.servlet.ServletRegistrationBean - Mapping servlet: 'statViewServlet' to [/druid/*]
2019-01-04_11 11:06:11.691 INFO  [localhost-startStop-1] org.springframework.boot.web.servlet.FilterRegistrationBean - Mapping filter: 'characterEncodingFilter' to: [/*]
2019-01-04_11 11:06:11.693 INFO  [localhost-startStop-1] org.springframework.boot.web.servlet.FilterRegistrationBean - Mapping filter: 'hiddenHttpMethodFilter' to: [/*]
2019-01-04_11 11:06:11.693 INFO  [localhost-startStop-1] org.springframework.boot.web.servlet.FilterRegistrationBean - Mapping filter: 'httpPutFormContentFilter' to: [/*]
2019-01-04_11 11:06:11.693 INFO  [localhost-startStop-1] org.springframework.boot.web.servlet.FilterRegistrationBean - Mapping filter: 'requestContextFilter' to: [/*]
2019-01-04_11 11:06:11.693 INFO  [localhost-startStop-1] org.springframework.boot.web.servlet.FilterRegistrationBean - Mapping filter: 'webStatFilter' to urls: [/*]
2019-01-04_11 11:06:11.764 INFO  [main] com.alibaba.druid.spring.boot.autoconfigure.DruidDataSourceAutoConfigure - Init DruidDataSource
2019-01-04_11 11:06:12.798 INFO  [main] com.alibaba.druid.pool.DruidDataSource - {dataSource-1} inited
2019-01-04_11 11:06:13.313 INFO  [main] org.springframework.orm.jpa.LocalContainerEntityManagerFactoryBean - Building JPA container EntityManagerFactory for persistence unit 'default'
2019-01-04_11 11:06:13.334 INFO  [main] org.hibernate.jpa.internal.util.LogHelper - HHH000204: Processing PersistenceUnitInfo [
	name: default
	...]
2019-01-04_11 11:06:13.469 INFO  [main] org.hibernate.Version - HHH000412: Hibernate Core {5.0.12.Final}
2019-01-04_11 11:06:13.471 INFO  [main] org.hibernate.cfg.Environment - HHH000206: hibernate.properties not found
2019-01-04_11 11:06:13.472 INFO  [main] org.hibernate.cfg.Environment - HHH000021: Bytecode provider name : javassist
2019-01-04_11 11:06:13.489 INFO  [main] org.hibernate.spatial.integration.SpatialService - HHH80000001: hibernate-spatial integration enabled : true
2019-01-04_11 11:06:13.569 INFO  [main] org.hibernate.annotations.common.Version - HCANN000001: Hibernate Commons Annotations {5.0.1.Final}
2019-01-04_11 11:06:13.934 INFO  [main] org.hibernate.dialect.Dialect - HHH000400: Using dialect: org.hibernate.dialect.MySQL5Dialect
2019-01-04_11 11:06:14.245 INFO  [main] org.springframework.orm.jpa.LocalContainerEntityManagerFactoryBean - Initialized JPA EntityManagerFactory for persistence unit 'default'
2019-01-04_11 11:06:15.176 INFO  [main] org.springframework.web.servlet.mvc.method.annotation.RequestMappingHandlerMapping - Mapped "{[/dept/find/all],methods=[POST]}" onto public lcxy.springcloud.micorserviceentity.commonbox.Result lcxy.springcloud.micorserviceapi.controller.DeptController.findAll()
2019-01-04_11 11:06:15.178 INFO  [main] org.springframework.web.servlet.mvc.method.annotation.RequestMappingHandlerMapping - Mapped "{[/dept/add],methods=[POST]}" onto public lcxy.springcloud.micorserviceentity.commonbox.Result lcxy.springcloud.micorserviceapi.controller.DeptController.addDept(lcxy.springcloud.micorserviceentity.domain.po.DeptPO)
2019-01-04_11 11:06:15.180 INFO  [main] org.springframework.web.servlet.mvc.method.annotation.RequestMappingHandlerMapping - Mapped "{[/dept/del/by_id],methods=[POST]}" onto public lcxy.springcloud.micorserviceentity.commonbox.Result lcxy.springcloud.micorserviceapi.controller.DeptController.delById(lcxy.springcloud.micorserviceentity.domain.dto.IntDTO)
2019-01-04_11 11:06:15.183 INFO  [main] org.springframework.web.servlet.mvc.method.annotation.RequestMappingHandlerMapping - Mapped "{[/404],methods=[GET]}" onto public lcxy.springcloud.micorserviceentity.commonbox.Result lcxy.springcloud.micorserviceapi.controller.ErrorController.notFound()
2019-01-04_11 11:06:15.184 INFO  [main] org.springframework.web.servlet.mvc.method.annotation.RequestMappingHandlerMapping - Mapped "{[/401],methods=[GET]}" onto public lcxy.springcloud.micorserviceentity.commonbox.Result lcxy.springcloud.micorserviceapi.controller.ErrorController.unauthorized()
2019-01-04_11 11:06:15.188 INFO  [main] org.springframework.web.servlet.mvc.method.annotation.RequestMappingHandlerMapping - Mapped "{[/swagger-resources/configuration/ui]}" onto public org.springframework.http.ResponseEntity<springfox.documentation.swagger.web.UiConfiguration> springfox.documentation.swagger.web.ApiResourceController.uiConfiguration()
2019-01-04_11 11:06:15.189 INFO  [main] org.springframework.web.servlet.mvc.method.annotation.RequestMappingHandlerMapping - Mapped "{[/swagger-resources/configuration/security]}" onto public org.springframework.http.ResponseEntity<springfox.documentation.swagger.web.SecurityConfiguration> springfox.documentation.swagger.web.ApiResourceController.securityConfiguration()
2019-01-04_11 11:06:15.190 INFO  [main] org.springframework.web.servlet.mvc.method.annotation.RequestMappingHandlerMapping - Mapped "{[/swagger-resources]}" onto public org.springframework.http.ResponseEntity<java.util.List<springfox.documentation.swagger.web.SwaggerResource>> springfox.documentation.swagger.web.ApiResourceController.swaggerResources()
2019-01-04_11 11:06:15.192 INFO  [main] org.springframework.web.servlet.mvc.method.annotation.RequestMappingHandlerMapping - Mapped "{[/error]}" onto public org.springframework.http.ResponseEntity<java.util.Map<java.lang.String, java.lang.Object>> org.springframework.boot.autoconfigure.web.BasicErrorController.error(javax.servlet.http.HttpServletRequest)
2019-01-04_11 11:06:15.193 INFO  [main] org.springframework.web.servlet.mvc.method.annotation.RequestMappingHandlerMapping - Mapped "{[/error],produces=[text/html]}" onto public org.springframework.web.servlet.ModelAndView org.springframework.boot.autoconfigure.web.BasicErrorController.errorHtml(javax.servlet.http.HttpServletRequest,javax.servlet.http.HttpServletResponse)
2019-01-04_11 11:06:15.529 INFO  [main] springfox.documentation.spring.web.PropertySourcedRequestMappingHandlerMapping - Mapped URL path [/v2/api-docs] onto method [public org.springframework.http.ResponseEntity<springfox.documentation.spring.web.json.Json> springfox.documentation.swagger2.web.Swagger2Controller.getDocumentation(java.lang.String,javax.servlet.http.HttpServletRequest)]
2019-01-04_11 11:06:16.089 INFO  [main] org.springframework.web.servlet.mvc.method.annotation.RequestMappingHandlerAdapter - Looking for @ControllerAdvice: org.springframework.boot.context.embedded.AnnotationConfigEmbeddedWebApplicationContext@39de3d36: startup date [Fri Jan 04 11:06:08 CST 2019]; root of context hierarchy
2019-01-04_11 11:06:16.261 INFO  [main] org.springframework.web.servlet.handler.SimpleUrlHandlerMapping - Mapped URL path [/webjars/**] onto handler of type [class org.springframework.web.servlet.resource.ResourceHttpRequestHandler]
2019-01-04_11 11:06:16.261 INFO  [main] org.springframework.web.servlet.handler.SimpleUrlHandlerMapping - Mapped URL path [/**] onto handler of type [class org.springframework.web.servlet.resource.ResourceHttpRequestHandler]
2019-01-04_11 11:06:16.288 INFO  [main] org.springframework.web.servlet.mvc.method.annotation.ExceptionHandlerExceptionResolver - Detected @ExceptionHandler methods in globalExceptionController
2019-01-04_11 11:06:16.324 INFO  [main] org.springframework.web.servlet.handler.SimpleUrlHandlerMapping - Mapped URL path [/**/favicon.ico] onto handler of type [class org.springframework.web.servlet.resource.ResourceHttpRequestHandler]
2019-01-04_11 11:06:17.014 INFO  [main] org.springframework.jmx.export.annotation.AnnotationMBeanExporter - Registering beans for JMX exposure on startup
2019-01-04_11 11:06:17.024 INFO  [main] org.springframework.jmx.export.annotation.AnnotationMBeanExporter - Bean with name 'statFilter' has been autodetected for JMX exposure
2019-01-04_11 11:06:17.027 INFO  [main] org.springframework.jmx.export.annotation.AnnotationMBeanExporter - Bean with name 'dataSource' has been autodetected for JMX exposure
2019-01-04_11 11:06:17.048 INFO  [main] org.springframework.jmx.export.annotation.AnnotationMBeanExporter - Located MBean 'dataSource': registering with JMX server as MBean [com.alibaba.druid.spring.boot.autoconfigure:name=dataSource,type=DruidDataSourceWrapper]
2019-01-04_11 11:06:17.050 INFO  [main] org.springframework.jmx.export.annotation.AnnotationMBeanExporter - Located MBean 'statFilter': registering with JMX server as MBean [com.alibaba.druid.filter.stat:name=statFilter,type=StatFilter]
2019-01-04_11 11:06:17.063 INFO  [main] org.springframework.context.support.DefaultLifecycleProcessor - Starting beans in phase 2147483647
2019-01-04_11 11:06:17.064 INFO  [main] springfox.documentation.spring.web.plugins.DocumentationPluginsBootstrapper - Context refreshed
2019-01-04_11 11:06:17.092 INFO  [main] springfox.documentation.spring.web.plugins.DocumentationPluginsBootstrapper - Found 1 custom documentation plugin(s)
2019-01-04_11 11:06:17.092 INFO  [main] springfox.documentation.spring.web.plugins.DocumentationPluginsBootstrapper - Skipping initializing disabled plugin bean swagger v2.0
2019-01-04_11 11:06:17.104 INFO  [main] org.apache.coyote.http11.Http11NioProtocol - Initializing ProtocolHandler ["http-nio-55356"]
2019-01-04_11 11:06:17.119 INFO  [main] org.apache.coyote.http11.Http11NioProtocol - Starting ProtocolHandler ["http-nio-55356"]
2019-01-04_11 11:06:17.148 INFO  [main] org.apache.tomcat.util.net.NioSelectorPool - Using a shared selector for servlet write/read
2019-01-04_11 11:06:17.179 INFO  [main] org.springframework.boot.context.embedded.tomcat.TomcatEmbeddedServletContainer - Tomcat started on port(s): 55356 (http)
2019-01-04_11 11:06:17.187 INFO  [main] lcxy.springcloud.micorserviceapi.MicorServiceApiApplication - Started MicorServiceApiApplication in 10.24 seconds (JVM running for 12.324)
2019-01-04_11 11:06:37.033 INFO  [http-nio-55356-exec-1] org.apache.catalina.core.ContainerBase.[Tomcat].[localhost].[/api] - Initializing Spring FrameworkServlet 'dispatcherServlet'
2019-01-04_11 11:06:37.033 INFO  [http-nio-55356-exec-1] org.springframework.web.servlet.DispatcherServlet - FrameworkServlet 'dispatcherServlet': initialization started
2019-01-04_11 11:06:37.057 INFO  [http-nio-55356-exec-1] org.springframework.web.servlet.DispatcherServlet - FrameworkServlet 'dispatcherServlet': initialization completed in 24 ms
2019-01-04_11 11:11:35.716 INFO  [Thread-24] org.springframework.boot.context.embedded.AnnotationConfigEmbeddedWebApplicationContext - Closing org.springframework.boot.context.embedded.AnnotationConfigEmbeddedWebApplicationContext@39de3d36: startup date [Fri Jan 04 11:06:08 CST 2019]; root of context hierarchy
2019-01-04_11 11:11:35.744 INFO  [Thread-24] org.springframework.context.support.DefaultLifecycleProcessor - Stopping beans in phase 2147483647
2019-01-04_11 11:11:35.751 INFO  [Thread-24] org.springframework.jmx.export.annotation.AnnotationMBeanExporter - Unregistering JMX-exposed beans on shutdown
2019-01-04_11 11:11:35.752 INFO  [Thread-24] org.springframework.jmx.export.annotation.AnnotationMBeanExporter - Unregistering JMX-exposed beans
2019-01-04_11 11:11:35.755 INFO  [Thread-24] org.springframework.orm.jpa.LocalContainerEntityManagerFactoryBean - Closing JPA EntityManagerFactory for persistence unit 'default'
2019-01-04_11 11:11:35.773 INFO  [Thread-24] com.alibaba.druid.pool.DruidDataSource - {dataSource-1} closed
2019-01-04_11 11:11:46.939 INFO  [main] lcxy.springcloud.micorserviceapi.MicorServiceApiApplication - Starting MicorServiceApiApplication on localhost with PID 55948 (/Users/lcxy_demo/IdeaProjects/micor-service-parent/micor-service-api/target/classes started by lcxy_demo in /Users/lcxy_demo/IdeaProjects/micor-service-parent)
2019-01-04_11 11:11:46.951 INFO  [main] lcxy.springcloud.micorserviceapi.MicorServiceApiApplication - No active profile set, falling back to default profiles: default
2019-01-04_11 11:11:47.141 INFO  [main] org.springframework.boot.context.embedded.AnnotationConfigEmbeddedWebApplicationContext - Refreshing org.springframework.boot.context.embedded.AnnotationConfigEmbeddedWebApplicationContext@4c1f22f3: startup date [Fri Jan 04 11:11:47 CST 2019]; root of context hierarchy
2019-01-04_11 11:11:47.321 INFO  [background-preinit] org.hibernate.validator.internal.util.Version - HV000001: Hibernate Validator 5.3.5.Final
2019-01-04_11 11:11:49.418 INFO  [main] org.springframework.context.support.PostProcessorRegistrationDelegate$BeanPostProcessorChecker - Bean 'validatorConfig' of type [lcxy.springcloud.micorserviceapi.config.ValidatorConfig$$EnhancerBySpringCGLIB$$57884ea7] is not eligible for getting processed by all BeanPostProcessors (for example: not eligible for auto-proxying)
2019-01-04_11 11:11:49.544 INFO  [main] org.springframework.context.support.PostProcessorRegistrationDelegate$BeanPostProcessorChecker - Bean 'validator' of type [org.hibernate.validator.internal.engine.ValidatorImpl] is not eligible for getting processed by all BeanPostProcessors (for example: not eligible for auto-proxying)
2019-01-04_11 11:11:49.714 INFO  [main] org.springframework.context.support.PostProcessorRegistrationDelegate$BeanPostProcessorChecker - Bean 'org.springframework.transaction.annotation.ProxyTransactionManagementConfiguration' of type [org.springframework.transaction.annotation.ProxyTransactionManagementConfiguration$$EnhancerBySpringCGLIB$$6ae9d47f] is not eligible for getting processed by all BeanPostProcessors (for example: not eligible for auto-proxying)
2019-01-04_11 11:11:50.224 INFO  [main] org.springframework.boot.context.embedded.tomcat.TomcatEmbeddedServletContainer - Tomcat initialized with port(s): 55356 (http)
2019-01-04_11 11:11:50.239 INFO  [main] org.apache.catalina.core.StandardService - Starting service [Tomcat]
2019-01-04_11 11:11:50.240 INFO  [main] org.apache.catalina.core.StandardEngine - Starting Servlet Engine: Apache Tomcat/8.5.20
2019-01-04_11 11:11:50.370 INFO  [localhost-startStop-1] org.apache.catalina.core.ContainerBase.[Tomcat].[localhost].[/api] - Initializing Spring embedded WebApplicationContext
2019-01-04_11 11:11:50.371 INFO  [localhost-startStop-1] org.springframework.web.context.ContextLoader - Root WebApplicationContext: initialization completed in 3230 ms
2019-01-04_11 11:11:50.657 INFO  [localhost-startStop-1] org.springframework.boot.web.servlet.ServletRegistrationBean - Mapping servlet: 'dispatcherServlet' to [/]
2019-01-04_11 11:11:50.659 INFO  [localhost-startStop-1] org.springframework.boot.web.servlet.ServletRegistrationBean - Mapping servlet: 'statViewServlet' to [/druid/*]
2019-01-04_11 11:11:50.663 INFO  [localhost-startStop-1] org.springframework.boot.web.servlet.FilterRegistrationBean - Mapping filter: 'characterEncodingFilter' to: [/*]
2019-01-04_11 11:11:50.663 INFO  [localhost-startStop-1] org.springframework.boot.web.servlet.FilterRegistrationBean - Mapping filter: 'hiddenHttpMethodFilter' to: [/*]
2019-01-04_11 11:11:50.664 INFO  [localhost-startStop-1] org.springframework.boot.web.servlet.FilterRegistrationBean - Mapping filter: 'httpPutFormContentFilter' to: [/*]
2019-01-04_11 11:11:50.664 INFO  [localhost-startStop-1] org.springframework.boot.web.servlet.FilterRegistrationBean - Mapping filter: 'requestContextFilter' to: [/*]
2019-01-04_11 11:11:50.664 INFO  [localhost-startStop-1] org.springframework.boot.web.servlet.FilterRegistrationBean - Mapping filter: 'webStatFilter' to urls: [/*]
2019-01-04_11 11:11:50.719 INFO  [main] com.alibaba.druid.spring.boot.autoconfigure.DruidDataSourceAutoConfigure - Init DruidDataSource
2019-01-04_11 11:11:51.397 INFO  [main] com.alibaba.druid.pool.DruidDataSource - {dataSource-1} inited
2019-01-04_11 11:11:51.745 INFO  [main] org.springframework.orm.jpa.LocalContainerEntityManagerFactoryBean - Building JPA container EntityManagerFactory for persistence unit 'default'
2019-01-04_11 11:11:51.757 INFO  [main] org.hibernate.jpa.internal.util.LogHelper - HHH000204: Processing PersistenceUnitInfo [
	name: default
	...]
2019-01-04_11 11:11:51.833 INFO  [main] org.hibernate.Version - HHH000412: Hibernate Core {5.0.12.Final}
2019-01-04_11 11:11:51.834 INFO  [main] org.hibernate.cfg.Environment - HHH000206: hibernate.properties not found
2019-01-04_11 11:11:51.836 INFO  [main] org.hibernate.cfg.Environment - HHH000021: Bytecode provider name : javassist
2019-01-04_11 11:11:51.847 INFO  [main] org.hibernate.spatial.integration.SpatialService - HHH80000001: hibernate-spatial integration enabled : true
2019-01-04_11 11:11:51.883 INFO  [main] org.hibernate.annotations.common.Version - HCANN000001: Hibernate Commons Annotations {5.0.1.Final}
2019-01-04_11 11:11:52.174 INFO  [main] org.hibernate.dialect.Dialect - HHH000400: Using dialect: org.hibernate.dialect.MySQL5Dialect
2019-01-04_11 11:11:52.424 INFO  [main] org.springframework.orm.jpa.LocalContainerEntityManagerFactoryBean - Initialized JPA EntityManagerFactory for persistence unit 'default'
2019-01-04_11 11:11:53.228 INFO  [main] org.springframework.web.servlet.mvc.method.annotation.RequestMappingHandlerMapping - Mapped "{[/dept/add],methods=[POST]}" onto public lcxy.springcloud.micorserviceentity.commonbox.Result lcxy.springcloud.micorserviceapi.controller.DeptController.addDept(lcxy.springcloud.micorserviceentity.domain.po.DeptPO)
2019-01-04_11 11:11:53.229 INFO  [main] org.springframework.web.servlet.mvc.method.annotation.RequestMappingHandlerMapping - Mapped "{[/dept/del/by_id],methods=[POST]}" onto public lcxy.springcloud.micorserviceentity.commonbox.Result lcxy.springcloud.micorserviceapi.controller.DeptController.delById(lcxy.springcloud.micorserviceentity.domain.dto.IntDTO)
2019-01-04_11 11:11:53.230 INFO  [main] org.springframework.web.servlet.mvc.method.annotation.RequestMappingHandlerMapping - Mapped "{[/dept/find/all],methods=[POST]}" onto public lcxy.springcloud.micorserviceentity.commonbox.Result lcxy.springcloud.micorserviceapi.controller.DeptController.findAll()
2019-01-04_11 11:11:53.232 INFO  [main] org.springframework.web.servlet.mvc.method.annotation.RequestMappingHandlerMapping - Mapped "{[/404],methods=[GET]}" onto public lcxy.springcloud.micorserviceentity.commonbox.Result lcxy.springcloud.micorserviceapi.controller.ErrorController.notFound()
2019-01-04_11 11:11:53.232 INFO  [main] org.springframework.web.servlet.mvc.method.annotation.RequestMappingHandlerMapping - Mapped "{[/401],methods=[GET]}" onto public lcxy.springcloud.micorserviceentity.commonbox.Result lcxy.springcloud.micorserviceapi.controller.ErrorController.unauthorized()
2019-01-04_11 11:11:53.237 INFO  [main] org.springframework.web.servlet.mvc.method.annotation.RequestMappingHandlerMapping - Mapped "{[/swagger-resources]}" onto public org.springframework.http.ResponseEntity<java.util.List<springfox.documentation.swagger.web.SwaggerResource>> springfox.documentation.swagger.web.ApiResourceController.swaggerResources()
2019-01-04_11 11:11:53.237 INFO  [main] org.springframework.web.servlet.mvc.method.annotation.RequestMappingHandlerMapping - Mapped "{[/swagger-resources/configuration/ui]}" onto public org.springframework.http.ResponseEntity<springfox.documentation.swagger.web.UiConfiguration> springfox.documentation.swagger.web.ApiResourceController.uiConfiguration()
2019-01-04_11 11:11:53.238 INFO  [main] org.springframework.web.servlet.mvc.method.annotation.RequestMappingHandlerMapping - Mapped "{[/swagger-resources/configuration/security]}" onto public org.springframework.http.ResponseEntity<springfox.documentation.swagger.web.SecurityConfiguration> springfox.documentation.swagger.web.ApiResourceController.securityConfiguration()
2019-01-04_11 11:11:53.241 INFO  [main] org.springframework.web.servlet.mvc.method.annotation.RequestMappingHandlerMapping - Mapped "{[/error]}" onto public org.springframework.http.ResponseEntity<java.util.Map<java.lang.String, java.lang.Object>> org.springframework.boot.autoconfigure.web.BasicErrorController.error(javax.servlet.http.HttpServletRequest)
2019-01-04_11 11:11:53.242 INFO  [main] org.springframework.web.servlet.mvc.method.annotation.RequestMappingHandlerMapping - Mapped "{[/error],produces=[text/html]}" onto public org.springframework.web.servlet.ModelAndView org.springframework.boot.autoconfigure.web.BasicErrorController.errorHtml(javax.servlet.http.HttpServletRequest,javax.servlet.http.HttpServletResponse)
2019-01-04_11 11:11:53.523 INFO  [main] springfox.documentation.spring.web.PropertySourcedRequestMappingHandlerMapping - Mapped URL path [/v2/api-docs] onto method [public org.springframework.http.ResponseEntity<springfox.documentation.spring.web.json.Json> springfox.documentation.swagger2.web.Swagger2Controller.getDocumentation(java.lang.String,javax.servlet.http.HttpServletRequest)]
2019-01-04_11 11:11:53.918 INFO  [main] org.springframework.web.servlet.mvc.method.annotation.RequestMappingHandlerAdapter - Looking for @ControllerAdvice: org.springframework.boot.context.embedded.AnnotationConfigEmbeddedWebApplicationContext@4c1f22f3: startup date [Fri Jan 04 11:11:47 CST 2019]; root of context hierarchy
2019-01-04_11 11:11:54.001 INFO  [main] org.springframework.web.servlet.handler.SimpleUrlHandlerMapping - Mapped URL path [/webjars/**] onto handler of type [class org.springframework.web.servlet.resource.ResourceHttpRequestHandler]
2019-01-04_11 11:11:54.001 INFO  [main] org.springframework.web.servlet.handler.SimpleUrlHandlerMapping - Mapped URL path [/**] onto handler of type [class org.springframework.web.servlet.resource.ResourceHttpRequestHandler]
2019-01-04_11 11:11:54.027 INFO  [main] org.springframework.web.servlet.mvc.method.annotation.ExceptionHandlerExceptionResolver - Detected @ExceptionHandler methods in globalExceptionController
2019-01-04_11 11:11:54.110 INFO  [main] org.springframework.web.servlet.handler.SimpleUrlHandlerMapping - Mapped URL path [/**/favicon.ico] onto handler of type [class org.springframework.web.servlet.resource.ResourceHttpRequestHandler]
2019-01-04_11 11:11:55.170 INFO  [main] org.springframework.jmx.export.annotation.AnnotationMBeanExporter - Registering beans for JMX exposure on startup
2019-01-04_11 11:11:55.175 INFO  [main] org.springframework.jmx.export.annotation.AnnotationMBeanExporter - Bean with name 'statFilter' has been autodetected for JMX exposure
2019-01-04_11 11:11:55.175 INFO  [main] org.springframework.jmx.export.annotation.AnnotationMBeanExporter - Bean with name 'dataSource' has been autodetected for JMX exposure
2019-01-04_11 11:11:55.184 INFO  [main] org.springframework.jmx.export.annotation.AnnotationMBeanExporter - Located MBean 'dataSource': registering with JMX server as MBean [com.alibaba.druid.spring.boot.autoconfigure:name=dataSource,type=DruidDataSourceWrapper]
2019-01-04_11 11:11:55.186 INFO  [main] org.springframework.jmx.export.annotation.AnnotationMBeanExporter - Located MBean 'statFilter': registering with JMX server as MBean [com.alibaba.druid.filter.stat:name=statFilter,type=StatFilter]
2019-01-04_11 11:11:55.189 INFO  [main] org.springframework.context.support.DefaultLifecycleProcessor - Starting beans in phase 2147483647
2019-01-04_11 11:11:55.189 INFO  [main] springfox.documentation.spring.web.plugins.DocumentationPluginsBootstrapper - Context refreshed
2019-01-04_11 11:11:55.205 INFO  [main] springfox.documentation.spring.web.plugins.DocumentationPluginsBootstrapper - Found 1 custom documentation plugin(s)
2019-01-04_11 11:11:55.206 INFO  [main] springfox.documentation.spring.web.plugins.DocumentationPluginsBootstrapper - Skipping initializing disabled plugin bean swagger v2.0
2019-01-04_11 11:11:55.223 INFO  [main] org.apache.coyote.http11.Http11NioProtocol - Initializing ProtocolHandler ["http-nio-55356"]
2019-01-04_11 11:11:55.243 INFO  [main] org.apache.coyote.http11.Http11NioProtocol - Starting ProtocolHandler ["http-nio-55356"]
2019-01-04_11 11:11:55.274 INFO  [main] org.apache.tomcat.util.net.NioSelectorPool - Using a shared selector for servlet write/read
2019-01-04_11 11:11:55.297 INFO  [main] org.springframework.boot.context.embedded.tomcat.TomcatEmbeddedServletContainer - Tomcat started on port(s): 55356 (http)
2019-01-04_11 11:11:55.304 INFO  [main] lcxy.springcloud.micorserviceapi.MicorServiceApiApplication - Started MicorServiceApiApplication in 8.939 seconds (JVM running for 10.421)
2019-01-04_11 11:12:22.606 INFO  [http-nio-55356-exec-1] org.apache.catalina.core.ContainerBase.[Tomcat].[localhost].[/api] - Initializing Spring FrameworkServlet 'dispatcherServlet'
2019-01-04_11 11:12:22.606 INFO  [http-nio-55356-exec-1] org.springframework.web.servlet.DispatcherServlet - FrameworkServlet 'dispatcherServlet': initialization started
2019-01-04_11 11:12:22.635 INFO  [http-nio-55356-exec-1] org.springframework.web.servlet.DispatcherServlet - FrameworkServlet 'dispatcherServlet': initialization completed in 28 ms
2019-01-04_11 11:17:04.879 INFO  [Thread-20] org.springframework.boot.context.embedded.AnnotationConfigEmbeddedWebApplicationContext - Closing org.springframework.boot.context.embedded.AnnotationConfigEmbeddedWebApplicationContext@4c1f22f3: startup date [Fri Jan 04 11:11:47 CST 2019]; root of context hierarchy
2019-01-04_11 11:17:04.906 INFO  [Thread-20] org.springframework.context.support.DefaultLifecycleProcessor - Stopping beans in phase 2147483647
2019-01-04_11 11:17:04.912 INFO  [Thread-20] org.springframework.jmx.export.annotation.AnnotationMBeanExporter - Unregistering JMX-exposed beans on shutdown
2019-01-04_11 11:17:04.913 INFO  [Thread-20] org.springframework.jmx.export.annotation.AnnotationMBeanExporter - Unregistering JMX-exposed beans
2019-01-04_11 11:17:04.917 INFO  [Thread-20] org.springframework.orm.jpa.LocalContainerEntityManagerFactoryBean - Closing JPA EntityManagerFactory for persistence unit 'default'
2019-01-04_11 11:17:04.932 INFO  [Thread-20] com.alibaba.druid.pool.DruidDataSource - {dataSource-1} closed
2019-01-04_11 11:17:12.584 INFO  [main] lcxy.springcloud.micorserviceapi.MicorServiceApiApplication - Starting MicorServiceApiApplication on localhost with PID 56087 (/Users/lcxy_demo/IdeaProjects/micor-service-parent/micor-service-api/target/classes started by lcxy_demo in /Users/lcxy_demo/IdeaProjects/micor-service-parent)
2019-01-04_11 11:17:12.613 INFO  [main] lcxy.springcloud.micorserviceapi.MicorServiceApiApplication - No active profile set, falling back to default profiles: default
2019-01-04_11 11:17:12.747 INFO  [main] org.springframework.boot.context.embedded.AnnotationConfigEmbeddedWebApplicationContext - Refreshing org.springframework.boot.context.embedded.AnnotationConfigEmbeddedWebApplicationContext@488d1cd7: startup date [Fri Jan 04 11:17:12 CST 2019]; root of context hierarchy
2019-01-04_11 11:17:12.746 INFO  [background-preinit] org.hibernate.validator.internal.util.Version - HV000001: Hibernate Validator 5.3.5.Final
2019-01-04_11 11:17:15.003 INFO  [main] org.springframework.context.support.PostProcessorRegistrationDelegate$BeanPostProcessorChecker - Bean 'validatorConfig' of type [lcxy.springcloud.micorserviceapi.config.ValidatorConfig$$EnhancerBySpringCGLIB$$eae56089] is not eligible for getting processed by all BeanPostProcessors (for example: not eligible for auto-proxying)
2019-01-04_11 11:17:15.092 INFO  [main] org.springframework.context.support.PostProcessorRegistrationDelegate$BeanPostProcessorChecker - Bean 'validator' of type [org.hibernate.validator.internal.engine.ValidatorImpl] is not eligible for getting processed by all BeanPostProcessors (for example: not eligible for auto-proxying)
2019-01-04_11 11:17:15.208 INFO  [main] org.springframework.context.support.PostProcessorRegistrationDelegate$BeanPostProcessorChecker - Bean 'org.springframework.transaction.annotation.ProxyTransactionManagementConfiguration' of type [org.springframework.transaction.annotation.ProxyTransactionManagementConfiguration$$EnhancerBySpringCGLIB$$fe46e661] is not eligible for getting processed by all BeanPostProcessors (for example: not eligible for auto-proxying)
2019-01-04_11 11:17:15.788 INFO  [main] org.springframework.boot.context.embedded.tomcat.TomcatEmbeddedServletContainer - Tomcat initialized with port(s): 55356 (http)
2019-01-04_11 11:17:15.799 INFO  [main] org.apache.catalina.core.StandardService - Starting service [Tomcat]
2019-01-04_11 11:17:15.801 INFO  [main] org.apache.catalina.core.StandardEngine - Starting Servlet Engine: Apache Tomcat/8.5.20
2019-01-04_11 11:17:15.929 INFO  [localhost-startStop-1] org.apache.catalina.core.ContainerBase.[Tomcat].[localhost].[/api] - Initializing Spring embedded WebApplicationContext
2019-01-04_11 11:17:15.930 INFO  [localhost-startStop-1] org.springframework.web.context.ContextLoader - Root WebApplicationContext: initialization completed in 3183 ms
2019-01-04_11 11:17:16.231 INFO  [localhost-startStop-1] org.springframework.boot.web.servlet.ServletRegistrationBean - Mapping servlet: 'dispatcherServlet' to [/]
2019-01-04_11 11:17:16.233 INFO  [localhost-startStop-1] org.springframework.boot.web.servlet.ServletRegistrationBean - Mapping servlet: 'statViewServlet' to [/druid/*]
2019-01-04_11 11:17:16.237 INFO  [localhost-startStop-1] org.springframework.boot.web.servlet.FilterRegistrationBean - Mapping filter: 'characterEncodingFilter' to: [/*]
2019-01-04_11 11:17:16.238 INFO  [localhost-startStop-1] org.springframework.boot.web.servlet.FilterRegistrationBean - Mapping filter: 'hiddenHttpMethodFilter' to: [/*]
2019-01-04_11 11:17:16.238 INFO  [localhost-startStop-1] org.springframework.boot.web.servlet.FilterRegistrationBean - Mapping filter: 'httpPutFormContentFilter' to: [/*]
2019-01-04_11 11:17:16.238 INFO  [localhost-startStop-1] org.springframework.boot.web.servlet.FilterRegistrationBean - Mapping filter: 'requestContextFilter' to: [/*]
2019-01-04_11 11:17:16.239 INFO  [localhost-startStop-1] org.springframework.boot.web.servlet.FilterRegistrationBean - Mapping filter: 'webStatFilter' to urls: [/*]
2019-01-04_11 11:17:16.281 INFO  [main] com.alibaba.druid.spring.boot.autoconfigure.DruidDataSourceAutoConfigure - Init DruidDataSource
2019-01-04_11 11:17:16.984 INFO  [main] com.alibaba.druid.pool.DruidDataSource - {dataSource-1} inited
2019-01-04_11 11:17:17.652 INFO  [main] org.springframework.orm.jpa.LocalContainerEntityManagerFactoryBean - Building JPA container EntityManagerFactory for persistence unit 'default'
2019-01-04_11 11:17:17.723 INFO  [main] org.hibernate.jpa.internal.util.LogHelper - HHH000204: Processing PersistenceUnitInfo [
	name: default
	...]
2019-01-04_11 11:17:17.909 INFO  [main] org.hibernate.Version - HHH000412: Hibernate Core {5.0.12.Final}
2019-01-04_11 11:17:17.914 INFO  [main] org.hibernate.cfg.Environment - HHH000206: hibernate.properties not found
2019-01-04_11 11:17:17.916 INFO  [main] org.hibernate.cfg.Environment - HHH000021: Bytecode provider name : javassist
2019-01-04_11 11:17:17.955 INFO  [main] org.hibernate.spatial.integration.SpatialService - HHH80000001: hibernate-spatial integration enabled : true
2019-01-04_11 11:17:18.040 INFO  [main] org.hibernate.annotations.common.Version - HCANN000001: Hibernate Commons Annotations {5.0.1.Final}
2019-01-04_11 11:17:18.760 INFO  [main] org.hibernate.dialect.Dialect - HHH000400: Using dialect: org.hibernate.dialect.MySQL5Dialect
2019-01-04_11 11:17:19.025 INFO  [main] org.springframework.orm.jpa.LocalContainerEntityManagerFactoryBean - Initialized JPA EntityManagerFactory for persistence unit 'default'
2019-01-04_11 11:17:19.685 INFO  [main] org.springframework.web.servlet.mvc.method.annotation.RequestMappingHandlerMapping - Mapped "{[/dept/find/all],methods=[POST]}" onto public lcxy.springcloud.micorserviceentity.commonbox.Result lcxy.springcloud.micorserviceapi.controller.DeptController.findAll()
2019-01-04_11 11:17:19.687 INFO  [main] org.springframework.web.servlet.mvc.method.annotation.RequestMappingHandlerMapping - Mapped "{[/dept/add],methods=[POST]}" onto public lcxy.springcloud.micorserviceentity.commonbox.Result lcxy.springcloud.micorserviceapi.controller.DeptController.addDept(lcxy.springcloud.micorserviceentity.domain.po.DeptPO)
2019-01-04_11 11:17:19.688 INFO  [main] org.springframework.web.servlet.mvc.method.annotation.RequestMappingHandlerMapping - Mapped "{[/dept/del/by_id],methods=[POST]}" onto public lcxy.springcloud.micorserviceentity.commonbox.Result lcxy.springcloud.micorserviceapi.controller.DeptController.delById(lcxy.springcloud.micorserviceentity.domain.dto.IntDTO)
2019-01-04_11 11:17:19.690 INFO  [main] org.springframework.web.servlet.mvc.method.annotation.RequestMappingHandlerMapping - Mapped "{[/401],methods=[GET]}" onto public lcxy.springcloud.micorserviceentity.commonbox.Result lcxy.springcloud.micorserviceapi.controller.ErrorController.unauthorized()
2019-01-04_11 11:17:19.691 INFO  [main] org.springframework.web.servlet.mvc.method.annotation.RequestMappingHandlerMapping - Mapped "{[/404],methods=[GET]}" onto public lcxy.springcloud.micorserviceentity.commonbox.Result lcxy.springcloud.micorserviceapi.controller.ErrorController.notFound()
2019-01-04_11 11:17:19.694 INFO  [main] org.springframework.web.servlet.mvc.method.annotation.RequestMappingHandlerMapping - Mapped "{[/swagger-resources/configuration/ui]}" onto public org.springframework.http.ResponseEntity<springfox.documentation.swagger.web.UiConfiguration> springfox.documentation.swagger.web.ApiResourceController.uiConfiguration()
2019-01-04_11 11:17:19.695 INFO  [main] org.springframework.web.servlet.mvc.method.annotation.RequestMappingHandlerMapping - Mapped "{[/swagger-resources]}" onto public org.springframework.http.ResponseEntity<java.util.List<springfox.documentation.swagger.web.SwaggerResource>> springfox.documentation.swagger.web.ApiResourceController.swaggerResources()
2019-01-04_11 11:17:19.696 INFO  [main] org.springframework.web.servlet.mvc.method.annotation.RequestMappingHandlerMapping - Mapped "{[/swagger-resources/configuration/security]}" onto public org.springframework.http.ResponseEntity<springfox.documentation.swagger.web.SecurityConfiguration> springfox.documentation.swagger.web.ApiResourceController.securityConfiguration()
2019-01-04_11 11:17:19.699 INFO  [main] org.springframework.web.servlet.mvc.method.annotation.RequestMappingHandlerMapping - Mapped "{[/error]}" onto public org.springframework.http.ResponseEntity<java.util.Map<java.lang.String, java.lang.Object>> org.springframework.boot.autoconfigure.web.BasicErrorController.error(javax.servlet.http.HttpServletRequest)
2019-01-04_11 11:17:19.699 INFO  [main] org.springframework.web.servlet.mvc.method.annotation.RequestMappingHandlerMapping - Mapped "{[/error],produces=[text/html]}" onto public org.springframework.web.servlet.ModelAndView org.springframework.boot.autoconfigure.web.BasicErrorController.errorHtml(javax.servlet.http.HttpServletRequest,javax.servlet.http.HttpServletResponse)
2019-01-04_11 11:17:20.335 INFO  [main] springfox.documentation.spring.web.PropertySourcedRequestMappingHandlerMapping - Mapped URL path [/v2/api-docs] onto method [public org.springframework.http.ResponseEntity<springfox.documentation.spring.web.json.Json> springfox.documentation.swagger2.web.Swagger2Controller.getDocumentation(java.lang.String,javax.servlet.http.HttpServletRequest)]
2019-01-04_11 11:17:20.683 INFO  [main] org.springframework.web.servlet.mvc.method.annotation.RequestMappingHandlerAdapter - Looking for @ControllerAdvice: org.springframework.boot.context.embedded.AnnotationConfigEmbeddedWebApplicationContext@488d1cd7: startup date [Fri Jan 04 11:17:12 CST 2019]; root of context hierarchy
2019-01-04_11 11:17:20.777 INFO  [main] org.springframework.web.servlet.handler.SimpleUrlHandlerMapping - Mapped URL path [/webjars/**] onto handler of type [class org.springframework.web.servlet.resource.ResourceHttpRequestHandler]
2019-01-04_11 11:17:20.777 INFO  [main] org.springframework.web.servlet.handler.SimpleUrlHandlerMapping - Mapped URL path [/**] onto handler of type [class org.springframework.web.servlet.resource.ResourceHttpRequestHandler]
2019-01-04_11 11:17:20.814 INFO  [main] org.springframework.web.servlet.mvc.method.annotation.ExceptionHandlerExceptionResolver - Detected @ExceptionHandler methods in globalExceptionController
2019-01-04_11 11:17:20.860 INFO  [main] org.springframework.web.servlet.handler.SimpleUrlHandlerMapping - Mapped URL path [/**/favicon.ico] onto handler of type [class org.springframework.web.servlet.resource.ResourceHttpRequestHandler]
2019-01-04_11 11:17:21.554 INFO  [main] org.springframework.jmx.export.annotation.AnnotationMBeanExporter - Registering beans for JMX exposure on startup
2019-01-04_11 11:17:21.564 INFO  [main] org.springframework.jmx.export.annotation.AnnotationMBeanExporter - Bean with name 'statFilter' has been autodetected for JMX exposure
2019-01-04_11 11:17:21.565 INFO  [main] org.springframework.jmx.export.annotation.AnnotationMBeanExporter - Bean with name 'dataSource' has been autodetected for JMX exposure
2019-01-04_11 11:17:21.584 INFO  [main] org.springframework.jmx.export.annotation.AnnotationMBeanExporter - Located MBean 'dataSource': registering with JMX server as MBean [com.alibaba.druid.spring.boot.autoconfigure:name=dataSource,type=DruidDataSourceWrapper]
2019-01-04_11 11:17:21.585 INFO  [main] org.springframework.jmx.export.annotation.AnnotationMBeanExporter - Located MBean 'statFilter': registering with JMX server as MBean [com.alibaba.druid.filter.stat:name=statFilter,type=StatFilter]
2019-01-04_11 11:17:21.589 INFO  [main] org.springframework.context.support.DefaultLifecycleProcessor - Starting beans in phase 2147483647
2019-01-04_11 11:17:21.589 INFO  [main] springfox.documentation.spring.web.plugins.DocumentationPluginsBootstrapper - Context refreshed
2019-01-04_11 11:17:21.606 INFO  [main] springfox.documentation.spring.web.plugins.DocumentationPluginsBootstrapper - Found 1 custom documentation plugin(s)
2019-01-04_11 11:17:21.606 INFO  [main] springfox.documentation.spring.web.plugins.DocumentationPluginsBootstrapper - Skipping initializing disabled plugin bean swagger v2.0
2019-01-04_11 11:17:21.631 INFO  [main] org.apache.coyote.http11.Http11NioProtocol - Initializing ProtocolHandler ["http-nio-55356"]
2019-01-04_11 11:17:21.650 INFO  [main] org.apache.coyote.http11.Http11NioProtocol - Starting ProtocolHandler ["http-nio-55356"]
2019-01-04_11 11:17:21.698 INFO  [main] org.apache.tomcat.util.net.NioSelectorPool - Using a shared selector for servlet write/read
2019-01-04_11 11:17:21.725 INFO  [main] org.springframework.boot.context.embedded.tomcat.TomcatEmbeddedServletContainer - Tomcat started on port(s): 55356 (http)
2019-01-04_11 11:17:21.734 INFO  [main] lcxy.springcloud.micorserviceapi.MicorServiceApiApplication - Started MicorServiceApiApplication in 10.274 seconds (JVM running for 11.827)
2019-01-04_11 11:17:41.605 INFO  [http-nio-55356-exec-1] org.apache.catalina.core.ContainerBase.[Tomcat].[localhost].[/api] - Initializing Spring FrameworkServlet 'dispatcherServlet'
2019-01-04_11 11:17:41.605 INFO  [http-nio-55356-exec-1] org.springframework.web.servlet.DispatcherServlet - FrameworkServlet 'dispatcherServlet': initialization started
2019-01-04_11 11:17:41.628 INFO  [http-nio-55356-exec-1] org.springframework.web.servlet.DispatcherServlet - FrameworkServlet 'dispatcherServlet': initialization completed in 23 ms
2019-01-04_11 11:19:04.819 INFO  [Thread-23] org.springframework.boot.context.embedded.AnnotationConfigEmbeddedWebApplicationContext - Closing org.springframework.boot.context.embedded.AnnotationConfigEmbeddedWebApplicationContext@488d1cd7: startup date [Fri Jan 04 11:17:12 CST 2019]; root of context hierarchy
2019-01-04_11 11:19:04.826 INFO  [Thread-23] org.springframework.context.support.DefaultLifecycleProcessor - Stopping beans in phase 2147483647
2019-01-04_11 11:19:04.830 INFO  [Thread-23] org.springframework.jmx.export.annotation.AnnotationMBeanExporter - Unregistering JMX-exposed beans on shutdown
2019-01-04_11 11:19:04.832 INFO  [Thread-23] org.springframework.jmx.export.annotation.AnnotationMBeanExporter - Unregistering JMX-exposed beans
2019-01-04_11 11:19:04.835 INFO  [Thread-23] org.springframework.orm.jpa.LocalContainerEntityManagerFactoryBean - Closing JPA EntityManagerFactory for persistence unit 'default'
2019-01-04_11 11:19:04.842 INFO  [Thread-23] com.alibaba.druid.pool.DruidDataSource - {dataSource-1} closed
2019-01-04_11 11:19:11.633 INFO  [main] lcxy.springcloud.micorserviceapi.MicorServiceApiApplication - Starting MicorServiceApiApplication on localhost with PID 56138 (/Users/lcxy_demo/IdeaProjects/micor-service-parent/micor-service-api/target/classes started by lcxy_demo in /Users/lcxy_demo/IdeaProjects/micor-service-parent)
2019-01-04_11 11:19:11.638 INFO  [main] lcxy.springcloud.micorserviceapi.MicorServiceApiApplication - No active profile set, falling back to default profiles: default
2019-01-04_11 11:19:11.794 INFO  [main] org.springframework.boot.context.embedded.AnnotationConfigEmbeddedWebApplicationContext - Refreshing org.springframework.boot.context.embedded.AnnotationConfigEmbeddedWebApplicationContext@3fed2870: startup date [Fri Jan 04 11:19:11 CST 2019]; root of context hierarchy
2019-01-04_11 11:19:11.881 INFO  [background-preinit] org.hibernate.validator.internal.util.Version - HV000001: Hibernate Validator 5.3.5.Final
2019-01-04_11 11:19:14.290 INFO  [main] org.springframework.context.support.PostProcessorRegistrationDelegate$BeanPostProcessorChecker - Bean 'validatorConfig' of type [lcxy.springcloud.micorserviceapi.config.ValidatorConfig$$EnhancerBySpringCGLIB$$226f9231] is not eligible for getting processed by all BeanPostProcessors (for example: not eligible for auto-proxying)
2019-01-04_11 11:19:14.394 INFO  [main] org.springframework.context.support.PostProcessorRegistrationDelegate$BeanPostProcessorChecker - Bean 'validator' of type [org.hibernate.validator.internal.engine.ValidatorImpl] is not eligible for getting processed by all BeanPostProcessors (for example: not eligible for auto-proxying)
2019-01-04_11 11:19:14.567 INFO  [main] org.springframework.context.support.PostProcessorRegistrationDelegate$BeanPostProcessorChecker - Bean 'org.springframework.transaction.annotation.ProxyTransactionManagementConfiguration' of type [org.springframework.transaction.annotation.ProxyTransactionManagementConfiguration$$EnhancerBySpringCGLIB$$35d11809] is not eligible for getting processed by all BeanPostProcessors (for example: not eligible for auto-proxying)
2019-01-04_11 11:19:15.114 INFO  [main] org.springframework.boot.context.embedded.tomcat.TomcatEmbeddedServletContainer - Tomcat initialized with port(s): 55356 (http)
2019-01-04_11 11:19:15.126 INFO  [main] org.apache.catalina.core.StandardService - Starting service [Tomcat]
2019-01-04_11 11:19:15.127 INFO  [main] org.apache.catalina.core.StandardEngine - Starting Servlet Engine: Apache Tomcat/8.5.20
2019-01-04_11 11:19:15.262 INFO  [localhost-startStop-1] org.apache.catalina.core.ContainerBase.[Tomcat].[localhost].[/api] - Initializing Spring embedded WebApplicationContext
2019-01-04_11 11:19:15.262 INFO  [localhost-startStop-1] org.springframework.web.context.ContextLoader - Root WebApplicationContext: initialization completed in 3468 ms
2019-01-04_11 11:19:15.564 INFO  [localhost-startStop-1] org.springframework.boot.web.servlet.ServletRegistrationBean - Mapping servlet: 'dispatcherServlet' to [/]
2019-01-04_11 11:19:15.566 INFO  [localhost-startStop-1] org.springframework.boot.web.servlet.ServletRegistrationBean - Mapping servlet: 'statViewServlet' to [/druid/*]
2019-01-04_11 11:19:15.570 INFO  [localhost-startStop-1] org.springframework.boot.web.servlet.FilterRegistrationBean - Mapping filter: 'characterEncodingFilter' to: [/*]
2019-01-04_11 11:19:15.571 INFO  [localhost-startStop-1] org.springframework.boot.web.servlet.FilterRegistrationBean - Mapping filter: 'hiddenHttpMethodFilter' to: [/*]
2019-01-04_11 11:19:15.571 INFO  [localhost-startStop-1] org.springframework.boot.web.servlet.FilterRegistrationBean - Mapping filter: 'httpPutFormContentFilter' to: [/*]
2019-01-04_11 11:19:15.571 INFO  [localhost-startStop-1] org.springframework.boot.web.servlet.FilterRegistrationBean - Mapping filter: 'requestContextFilter' to: [/*]
2019-01-04_11 11:19:15.572 INFO  [localhost-startStop-1] org.springframework.boot.web.servlet.FilterRegistrationBean - Mapping filter: 'webStatFilter' to urls: [/*]
2019-01-04_11 11:19:15.635 INFO  [main] com.alibaba.druid.spring.boot.autoconfigure.DruidDataSourceAutoConfigure - Init DruidDataSource
2019-01-04_11 11:19:16.336 INFO  [main] com.alibaba.druid.pool.DruidDataSource - {dataSource-1} inited
2019-01-04_11 11:19:16.678 INFO  [main] org.springframework.orm.jpa.LocalContainerEntityManagerFactoryBean - Building JPA container EntityManagerFactory for persistence unit 'default'
2019-01-04_11 11:19:16.693 INFO  [main] org.hibernate.jpa.internal.util.LogHelper - HHH000204: Processing PersistenceUnitInfo [
	name: default
	...]
2019-01-04_11 11:19:16.769 INFO  [main] org.hibernate.Version - HHH000412: Hibernate Core {5.0.12.Final}
2019-01-04_11 11:19:16.770 INFO  [main] org.hibernate.cfg.Environment - HHH000206: hibernate.properties not found
2019-01-04_11 11:19:16.772 INFO  [main] org.hibernate.cfg.Environment - HHH000021: Bytecode provider name : javassist
2019-01-04_11 11:19:16.783 INFO  [main] org.hibernate.spatial.integration.SpatialService - HHH80000001: hibernate-spatial integration enabled : true
2019-01-04_11 11:19:16.824 INFO  [main] org.hibernate.annotations.common.Version - HCANN000001: Hibernate Commons Annotations {5.0.1.Final}
2019-01-04_11 11:19:17.120 INFO  [main] org.hibernate.dialect.Dialect - HHH000400: Using dialect: org.hibernate.dialect.MySQL5Dialect
2019-01-04_11 11:19:17.358 INFO  [main] org.springframework.orm.jpa.LocalContainerEntityManagerFactoryBean - Initialized JPA EntityManagerFactory for persistence unit 'default'
2019-01-04_11 11:19:18.050 INFO  [main] org.springframework.web.servlet.mvc.method.annotation.RequestMappingHandlerMapping - Mapped "{[/dept/find/all],methods=[POST]}" onto public lcxy.springcloud.micorserviceentity.commonbox.Result lcxy.springcloud.micorserviceapi.controller.DeptController.findAll()
2019-01-04_11 11:19:18.053 INFO  [main] org.springframework.web.servlet.mvc.method.annotation.RequestMappingHandlerMapping - Mapped "{[/dept/add],methods=[POST]}" onto public lcxy.springcloud.micorserviceentity.commonbox.Result lcxy.springcloud.micorserviceapi.controller.DeptController.addDept(lcxy.springcloud.micorserviceentity.domain.po.DeptPO)
2019-01-04_11 11:19:18.054 INFO  [main] org.springframework.web.servlet.mvc.method.annotation.RequestMappingHandlerMapping - Mapped "{[/dept/del/by_id],methods=[POST]}" onto public lcxy.springcloud.micorserviceentity.commonbox.Result lcxy.springcloud.micorserviceapi.controller.DeptController.delById(lcxy.springcloud.micorserviceentity.domain.dto.IntDTO)
2019-01-04_11 11:19:18.056 INFO  [main] org.springframework.web.servlet.mvc.method.annotation.RequestMappingHandlerMapping - Mapped "{[/404],methods=[GET]}" onto public lcxy.springcloud.micorserviceentity.commonbox.Result lcxy.springcloud.micorserviceapi.controller.ErrorController.notFound()
2019-01-04_11 11:19:18.057 INFO  [main] org.springframework.web.servlet.mvc.method.annotation.RequestMappingHandlerMapping - Mapped "{[/401],methods=[GET]}" onto public lcxy.springcloud.micorserviceentity.commonbox.Result lcxy.springcloud.micorserviceapi.controller.ErrorController.unauthorized()
2019-01-04_11 11:19:18.060 INFO  [main] org.springframework.web.servlet.mvc.method.annotation.RequestMappingHandlerMapping - Mapped "{[/swagger-resources/configuration/security]}" onto public org.springframework.http.ResponseEntity<springfox.documentation.swagger.web.SecurityConfiguration> springfox.documentation.swagger.web.ApiResourceController.securityConfiguration()
2019-01-04_11 11:19:18.061 INFO  [main] org.springframework.web.servlet.mvc.method.annotation.RequestMappingHandlerMapping - Mapped "{[/swagger-resources/configuration/ui]}" onto public org.springframework.http.ResponseEntity<springfox.documentation.swagger.web.UiConfiguration> springfox.documentation.swagger.web.ApiResourceController.uiConfiguration()
2019-01-04_11 11:19:18.062 INFO  [main] org.springframework.web.servlet.mvc.method.annotation.RequestMappingHandlerMapping - Mapped "{[/swagger-resources]}" onto public org.springframework.http.ResponseEntity<java.util.List<springfox.documentation.swagger.web.SwaggerResource>> springfox.documentation.swagger.web.ApiResourceController.swaggerResources()
2019-01-04_11 11:19:18.065 INFO  [main] org.springframework.web.servlet.mvc.method.annotation.RequestMappingHandlerMapping - Mapped "{[/error]}" onto public org.springframework.http.ResponseEntity<java.util.Map<java.lang.String, java.lang.Object>> org.springframework.boot.autoconfigure.web.BasicErrorController.error(javax.servlet.http.HttpServletRequest)
2019-01-04_11 11:19:18.066 INFO  [main] org.springframework.web.servlet.mvc.method.annotation.RequestMappingHandlerMapping - Mapped "{[/error],produces=[text/html]}" onto public org.springframework.web.servlet.ModelAndView org.springframework.boot.autoconfigure.web.BasicErrorController.errorHtml(javax.servlet.http.HttpServletRequest,javax.servlet.http.HttpServletResponse)
2019-01-04_11 11:19:18.495 INFO  [main] springfox.documentation.spring.web.PropertySourcedRequestMappingHandlerMapping - Mapped URL path [/v2/api-docs] onto method [public org.springframework.http.ResponseEntity<springfox.documentation.spring.web.json.Json> springfox.documentation.swagger2.web.Swagger2Controller.getDocumentation(java.lang.String,javax.servlet.http.HttpServletRequest)]
2019-01-04_11 11:19:18.894 INFO  [main] org.springframework.web.servlet.mvc.method.annotation.RequestMappingHandlerAdapter - Looking for @ControllerAdvice: org.springframework.boot.context.embedded.AnnotationConfigEmbeddedWebApplicationContext@3fed2870: startup date [Fri Jan 04 11:19:11 CST 2019]; root of context hierarchy
2019-01-04_11 11:19:18.979 INFO  [main] org.springframework.web.servlet.handler.SimpleUrlHandlerMapping - Mapped URL path [/webjars/**] onto handler of type [class org.springframework.web.servlet.resource.ResourceHttpRequestHandler]
2019-01-04_11 11:19:18.980 INFO  [main] org.springframework.web.servlet.handler.SimpleUrlHandlerMapping - Mapped URL path [/**] onto handler of type [class org.springframework.web.servlet.resource.ResourceHttpRequestHandler]
2019-01-04_11 11:19:19.009 INFO  [main] org.springframework.web.servlet.mvc.method.annotation.ExceptionHandlerExceptionResolver - Detected @ExceptionHandler methods in globalExceptionController
2019-01-04_11 11:19:19.047 INFO  [main] org.springframework.web.servlet.handler.SimpleUrlHandlerMapping - Mapped URL path [/**/favicon.ico] onto handler of type [class org.springframework.web.servlet.resource.ResourceHttpRequestHandler]
2019-01-04_11 11:19:19.693 INFO  [main] org.springframework.jmx.export.annotation.AnnotationMBeanExporter - Registering beans for JMX exposure on startup
2019-01-04_11 11:19:19.695 INFO  [main] org.springframework.jmx.export.annotation.AnnotationMBeanExporter - Bean with name 'statFilter' has been autodetected for JMX exposure
2019-01-04_11 11:19:19.696 INFO  [main] org.springframework.jmx.export.annotation.AnnotationMBeanExporter - Bean with name 'dataSource' has been autodetected for JMX exposure
2019-01-04_11 11:19:19.703 INFO  [main] org.springframework.jmx.export.annotation.AnnotationMBeanExporter - Located MBean 'dataSource': registering with JMX server as MBean [com.alibaba.druid.spring.boot.autoconfigure:name=dataSource,type=DruidDataSourceWrapper]
2019-01-04_11 11:19:19.704 INFO  [main] org.springframework.jmx.export.annotation.AnnotationMBeanExporter - Located MBean 'statFilter': registering with JMX server as MBean [com.alibaba.druid.filter.stat:name=statFilter,type=StatFilter]
2019-01-04_11 11:19:19.708 INFO  [main] org.springframework.context.support.DefaultLifecycleProcessor - Starting beans in phase 2147483647
2019-01-04_11 11:19:19.708 INFO  [main] springfox.documentation.spring.web.plugins.DocumentationPluginsBootstrapper - Context refreshed
2019-01-04_11 11:19:19.729 INFO  [main] springfox.documentation.spring.web.plugins.DocumentationPluginsBootstrapper - Found 1 custom documentation plugin(s)
2019-01-04_11 11:19:19.729 INFO  [main] springfox.documentation.spring.web.plugins.DocumentationPluginsBootstrapper - Skipping initializing disabled plugin bean swagger v2.0
2019-01-04_11 11:19:19.742 INFO  [main] org.apache.coyote.http11.Http11NioProtocol - Initializing ProtocolHandler ["http-nio-55356"]
2019-01-04_11 11:19:19.760 INFO  [main] org.apache.coyote.http11.Http11NioProtocol - Starting ProtocolHandler ["http-nio-55356"]
2019-01-04_11 11:19:19.788 INFO  [main] org.apache.tomcat.util.net.NioSelectorPool - Using a shared selector for servlet write/read
2019-01-04_11 11:19:19.809 INFO  [main] org.springframework.boot.context.embedded.tomcat.TomcatEmbeddedServletContainer - Tomcat started on port(s): 55356 (http)
2019-01-04_11 11:19:19.822 INFO  [main] lcxy.springcloud.micorserviceapi.MicorServiceApiApplication - Started MicorServiceApiApplication in 9.189 seconds (JVM running for 11.011)
2019-01-04_11 11:19:40.577 INFO  [http-nio-55356-exec-4] org.apache.catalina.core.ContainerBase.[Tomcat].[localhost].[/api] - Initializing Spring FrameworkServlet 'dispatcherServlet'
2019-01-04_11 11:19:40.579 INFO  [http-nio-55356-exec-4] org.springframework.web.servlet.DispatcherServlet - FrameworkServlet 'dispatcherServlet': initialization started
2019-01-04_11 11:19:40.628 INFO  [http-nio-55356-exec-4] org.springframework.web.servlet.DispatcherServlet - FrameworkServlet 'dispatcherServlet': initialization completed in 49 ms
2019-01-04_11 11:20:15.058 INFO  [Thread-22] org.springframework.boot.context.embedded.AnnotationConfigEmbeddedWebApplicationContext - Closing org.springframework.boot.context.embedded.AnnotationConfigEmbeddedWebApplicationContext@3fed2870: startup date [Fri Jan 04 11:19:11 CST 2019]; root of context hierarchy
2019-01-04_11 11:20:15.063 INFO  [Thread-22] org.springframework.context.support.DefaultLifecycleProcessor - Stopping beans in phase 2147483647
2019-01-04_11 11:20:15.066 INFO  [Thread-22] org.springframework.jmx.export.annotation.AnnotationMBeanExporter - Unregistering JMX-exposed beans on shutdown
2019-01-04_11 11:20:15.067 INFO  [Thread-22] org.springframework.jmx.export.annotation.AnnotationMBeanExporter - Unregistering JMX-exposed beans
2019-01-04_11 11:20:15.070 INFO  [Thread-22] org.springframework.orm.jpa.LocalContainerEntityManagerFactoryBean - Closing JPA EntityManagerFactory for persistence unit 'default'
2019-01-04_11 11:20:15.081 INFO  [Thread-22] com.alibaba.druid.pool.DruidDataSource - {dataSource-1} closed
2019-01-04_11 11:20:23.138 INFO  [main] lcxy.springcloud.micorserviceapi.MicorServiceApiApplication - Starting MicorServiceApiApplication on localhost with PID 56170 (/Users/lcxy_demo/IdeaProjects/micor-service-parent/micor-service-api/target/classes started by lcxy_demo in /Users/lcxy_demo/IdeaProjects/micor-service-parent)
2019-01-04_11 11:20:23.151 INFO  [main] lcxy.springcloud.micorserviceapi.MicorServiceApiApplication - No active profile set, falling back to default profiles: default
2019-01-04_11 11:20:23.251 INFO  [main] org.springframework.boot.context.embedded.AnnotationConfigEmbeddedWebApplicationContext - Refreshing org.springframework.boot.context.embedded.AnnotationConfigEmbeddedWebApplicationContext@54e7df6a: startup date [Fri Jan 04 11:20:23 CST 2019]; root of context hierarchy
2019-01-04_11 11:20:24.036 INFO  [background-preinit] org.hibernate.validator.internal.util.Version - HV000001: Hibernate Validator 5.3.5.Final
2019-01-04_11 11:20:28.333 INFO  [main] org.springframework.context.support.PostProcessorRegistrationDelegate$BeanPostProcessorChecker - Bean 'validatorConfig' of type [lcxy.springcloud.micorserviceapi.config.ValidatorConfig$$EnhancerBySpringCGLIB$$d5cc34bc] is not eligible for getting processed by all BeanPostProcessors (for example: not eligible for auto-proxying)
2019-01-04_11 11:20:29.343 INFO  [main] org.springframework.context.support.PostProcessorRegistrationDelegate$BeanPostProcessorChecker - Bean 'validator' of type [org.hibernate.validator.internal.engine.ValidatorImpl] is not eligible for getting processed by all BeanPostProcessors (for example: not eligible for auto-proxying)
2019-01-04_11 11:20:29.605 INFO  [main] org.springframework.context.support.PostProcessorRegistrationDelegate$BeanPostProcessorChecker - Bean 'org.springframework.transaction.annotation.ProxyTransactionManagementConfiguration' of type [org.springframework.transaction.annotation.ProxyTransactionManagementConfiguration$$EnhancerBySpringCGLIB$$e92dba94] is not eligible for getting processed by all BeanPostProcessors (for example: not eligible for auto-proxying)
2019-01-04_11 11:20:30.361 INFO  [main] org.springframework.boot.context.embedded.tomcat.TomcatEmbeddedServletContainer - Tomcat initialized with port(s): 55356 (http)
2019-01-04_11 11:20:30.417 INFO  [main] org.apache.catalina.core.StandardService - Starting service [Tomcat]
2019-01-04_11 11:20:30.418 INFO  [main] org.apache.catalina.core.StandardEngine - Starting Servlet Engine: Apache Tomcat/8.5.20
2019-01-04_11 11:20:30.563 INFO  [localhost-startStop-1] org.apache.catalina.core.ContainerBase.[Tomcat].[localhost].[/api] - Initializing Spring embedded WebApplicationContext
2019-01-04_11 11:20:30.565 INFO  [localhost-startStop-1] org.springframework.web.context.ContextLoader - Root WebApplicationContext: initialization completed in 7314 ms
2019-01-04_11 11:20:31.314 INFO  [localhost-startStop-1] org.springframework.boot.web.servlet.ServletRegistrationBean - Mapping servlet: 'dispatcherServlet' to [/]
2019-01-04_11 11:20:31.318 INFO  [localhost-startStop-1] org.springframework.boot.web.servlet.ServletRegistrationBean - Mapping servlet: 'statViewServlet' to [/druid/*]
2019-01-04_11 11:20:31.324 INFO  [localhost-startStop-1] org.springframework.boot.web.servlet.FilterRegistrationBean - Mapping filter: 'characterEncodingFilter' to: [/*]
2019-01-04_11 11:20:31.325 INFO  [localhost-startStop-1] org.springframework.boot.web.servlet.FilterRegistrationBean - Mapping filter: 'hiddenHttpMethodFilter' to: [/*]
2019-01-04_11 11:20:31.325 INFO  [localhost-startStop-1] org.springframework.boot.web.servlet.FilterRegistrationBean - Mapping filter: 'httpPutFormContentFilter' to: [/*]
2019-01-04_11 11:20:31.325 INFO  [localhost-startStop-1] org.springframework.boot.web.servlet.FilterRegistrationBean - Mapping filter: 'requestContextFilter' to: [/*]
2019-01-04_11 11:20:31.326 INFO  [localhost-startStop-1] org.springframework.boot.web.servlet.FilterRegistrationBean - Mapping filter: 'webStatFilter' to urls: [/*]
2019-01-04_11 11:20:31.386 INFO  [main] com.alibaba.druid.spring.boot.autoconfigure.DruidDataSourceAutoConfigure - Init DruidDataSource
2019-01-04_11 11:20:32.304 INFO  [main] com.alibaba.druid.pool.DruidDataSource - {dataSource-1} inited
2019-01-04_11 11:20:32.704 INFO  [main] org.springframework.orm.jpa.LocalContainerEntityManagerFactoryBean - Building JPA container EntityManagerFactory for persistence unit 'default'
2019-01-04_11 11:20:32.957 INFO  [main] org.hibernate.jpa.internal.util.LogHelper - HHH000204: Processing PersistenceUnitInfo [
	name: default
	...]
2019-01-04_11 11:20:33.278 INFO  [main] org.hibernate.Version - HHH000412: Hibernate Core {5.0.12.Final}
2019-01-04_11 11:20:33.284 INFO  [main] org.hibernate.cfg.Environment - HHH000206: hibernate.properties not found
2019-01-04_11 11:20:33.287 INFO  [main] org.hibernate.cfg.Environment - HHH000021: Bytecode provider name : javassist
2019-01-04_11 11:20:33.334 INFO  [main] org.hibernate.spatial.integration.SpatialService - HHH80000001: hibernate-spatial integration enabled : true
2019-01-04_11 11:20:33.658 INFO  [main] org.hibernate.annotations.common.Version - HCANN000001: Hibernate Commons Annotations {5.0.1.Final}
2019-01-04_11 11:20:34.383 INFO  [main] org.hibernate.dialect.Dialect - HHH000400: Using dialect: org.hibernate.dialect.MySQL5Dialect
2019-01-04_11 11:20:35.217 INFO  [main] org.springframework.orm.jpa.LocalContainerEntityManagerFactoryBean - Initialized JPA EntityManagerFactory for persistence unit 'default'
2019-01-04_11 11:20:36.141 INFO  [main] org.springframework.web.servlet.mvc.method.annotation.RequestMappingHandlerMapping - Mapped "{[/dept/find/all],methods=[POST]}" onto public lcxy.springcloud.micorserviceentity.commonbox.Result lcxy.springcloud.micorserviceapi.controller.DeptController.findAll()
2019-01-04_11 11:20:36.157 INFO  [main] org.springframework.web.servlet.mvc.method.annotation.RequestMappingHandlerMapping - Mapped "{[/dept/del/by_id],methods=[POST]}" onto public lcxy.springcloud.micorserviceentity.commonbox.Result lcxy.springcloud.micorserviceapi.controller.DeptController.delById(lcxy.springcloud.micorserviceentity.domain.dto.IntDTO)
2019-01-04_11 11:20:36.158 INFO  [main] org.springframework.web.servlet.mvc.method.annotation.RequestMappingHandlerMapping - Mapped "{[/dept/add],methods=[POST]}" onto public lcxy.springcloud.micorserviceentity.commonbox.Result lcxy.springcloud.micorserviceapi.controller.DeptController.addDept(lcxy.springcloud.micorserviceentity.domain.po.DeptPO)
2019-01-04_11 11:20:36.165 INFO  [main] org.springframework.web.servlet.mvc.method.annotation.RequestMappingHandlerMapping - Mapped "{[/404],methods=[GET]}" onto public lcxy.springcloud.micorserviceentity.commonbox.Result lcxy.springcloud.micorserviceapi.controller.ErrorController.notFound()
2019-01-04_11 11:20:36.169 INFO  [main] org.springframework.web.servlet.mvc.method.annotation.RequestMappingHandlerMapping - Mapped "{[/401],methods=[GET]}" onto public lcxy.springcloud.micorserviceentity.commonbox.Result lcxy.springcloud.micorserviceapi.controller.ErrorController.unauthorized()
2019-01-04_11 11:20:36.182 INFO  [main] org.springframework.web.servlet.mvc.method.annotation.RequestMappingHandlerMapping - Mapped "{[/swagger-resources/configuration/ui]}" onto public org.springframework.http.ResponseEntity<springfox.documentation.swagger.web.UiConfiguration> springfox.documentation.swagger.web.ApiResourceController.uiConfiguration()
2019-01-04_11 11:20:36.185 INFO  [main] org.springframework.web.servlet.mvc.method.annotation.RequestMappingHandlerMapping - Mapped "{[/swagger-resources]}" onto public org.springframework.http.ResponseEntity<java.util.List<springfox.documentation.swagger.web.SwaggerResource>> springfox.documentation.swagger.web.ApiResourceController.swaggerResources()
2019-01-04_11 11:20:36.190 INFO  [main] org.springframework.web.servlet.mvc.method.annotation.RequestMappingHandlerMapping - Mapped "{[/swagger-resources/configuration/security]}" onto public org.springframework.http.ResponseEntity<springfox.documentation.swagger.web.SecurityConfiguration> springfox.documentation.swagger.web.ApiResourceController.securityConfiguration()
2019-01-04_11 11:20:36.197 INFO  [main] org.springframework.web.servlet.mvc.method.annotation.RequestMappingHandlerMapping - Mapped "{[/error]}" onto public org.springframework.http.ResponseEntity<java.util.Map<java.lang.String, java.lang.Object>> org.springframework.boot.autoconfigure.web.BasicErrorController.error(javax.servlet.http.HttpServletRequest)
2019-01-04_11 11:20:36.198 INFO  [main] org.springframework.web.servlet.mvc.method.annotation.RequestMappingHandlerMapping - Mapped "{[/error],produces=[text/html]}" onto public org.springframework.web.servlet.ModelAndView org.springframework.boot.autoconfigure.web.BasicErrorController.errorHtml(javax.servlet.http.HttpServletRequest,javax.servlet.http.HttpServletResponse)
2019-01-04_11 11:20:36.695 INFO  [main] springfox.documentation.spring.web.PropertySourcedRequestMappingHandlerMapping - Mapped URL path [/v2/api-docs] onto method [public org.springframework.http.ResponseEntity<springfox.documentation.spring.web.json.Json> springfox.documentation.swagger2.web.Swagger2Controller.getDocumentation(java.lang.String,javax.servlet.http.HttpServletRequest)]
2019-01-04_11 11:20:37.087 INFO  [main] org.springframework.web.servlet.mvc.method.annotation.RequestMappingHandlerAdapter - Looking for @ControllerAdvice: org.springframework.boot.context.embedded.AnnotationConfigEmbeddedWebApplicationContext@54e7df6a: startup date [Fri Jan 04 11:20:23 CST 2019]; root of context hierarchy
2019-01-04_11 11:20:37.217 INFO  [main] org.springframework.web.servlet.handler.SimpleUrlHandlerMapping - Mapped URL path [/webjars/**] onto handler of type [class org.springframework.web.servlet.resource.ResourceHttpRequestHandler]
2019-01-04_11 11:20:37.217 INFO  [main] org.springframework.web.servlet.handler.SimpleUrlHandlerMapping - Mapped URL path [/**] onto handler of type [class org.springframework.web.servlet.resource.ResourceHttpRequestHandler]
2019-01-04_11 11:20:37.239 INFO  [main] org.springframework.web.servlet.mvc.method.annotation.ExceptionHandlerExceptionResolver - Detected @ExceptionHandler methods in globalExceptionController
2019-01-04_11 11:20:37.267 INFO  [main] org.springframework.web.servlet.handler.SimpleUrlHandlerMapping - Mapped URL path [/**/favicon.ico] onto handler of type [class org.springframework.web.servlet.resource.ResourceHttpRequestHandler]
2019-01-04_11 11:20:37.939 INFO  [main] org.springframework.jmx.export.annotation.AnnotationMBeanExporter - Registering beans for JMX exposure on startup
2019-01-04_11 11:20:37.943 INFO  [main] org.springframework.jmx.export.annotation.AnnotationMBeanExporter - Bean with name 'statFilter' has been autodetected for JMX exposure
2019-01-04_11 11:20:37.943 INFO  [main] org.springframework.jmx.export.annotation.AnnotationMBeanExporter - Bean with name 'dataSource' has been autodetected for JMX exposure
2019-01-04_11 11:20:37.953 INFO  [main] org.springframework.jmx.export.annotation.AnnotationMBeanExporter - Located MBean 'dataSource': registering with JMX server as MBean [com.alibaba.druid.spring.boot.autoconfigure:name=dataSource,type=DruidDataSourceWrapper]
2019-01-04_11 11:20:37.954 INFO  [main] org.springframework.jmx.export.annotation.AnnotationMBeanExporter - Located MBean 'statFilter': registering with JMX server as MBean [com.alibaba.druid.filter.stat:name=statFilter,type=StatFilter]
2019-01-04_11 11:20:37.959 INFO  [main] org.springframework.context.support.DefaultLifecycleProcessor - Starting beans in phase 2147483647
2019-01-04_11 11:20:37.959 INFO  [main] springfox.documentation.spring.web.plugins.DocumentationPluginsBootstrapper - Context refreshed
2019-01-04_11 11:20:37.979 INFO  [main] springfox.documentation.spring.web.plugins.DocumentationPluginsBootstrapper - Found 1 custom documentation plugin(s)
2019-01-04_11 11:20:37.979 INFO  [main] springfox.documentation.spring.web.plugins.DocumentationPluginsBootstrapper - Skipping initializing disabled plugin bean swagger v2.0
2019-01-04_11 11:20:37.999 INFO  [main] org.apache.coyote.http11.Http11NioProtocol - Initializing ProtocolHandler ["http-nio-55356"]
2019-01-04_11 11:20:38.018 INFO  [main] org.apache.coyote.http11.Http11NioProtocol - Starting ProtocolHandler ["http-nio-55356"]
2019-01-04_11 11:20:38.054 INFO  [main] org.apache.tomcat.util.net.NioSelectorPool - Using a shared selector for servlet write/read
2019-01-04_11 11:20:38.078 INFO  [main] org.springframework.boot.context.embedded.tomcat.TomcatEmbeddedServletContainer - Tomcat started on port(s): 55356 (http)
2019-01-04_11 11:20:38.091 INFO  [main] lcxy.springcloud.micorserviceapi.MicorServiceApiApplication - Started MicorServiceApiApplication in 16.43 seconds (JVM running for 18.696)
2019-01-04_11 11:21:49.849 INFO  [http-nio-55356-exec-4] org.apache.catalina.core.ContainerBase.[Tomcat].[localhost].[/api] - Initializing Spring FrameworkServlet 'dispatcherServlet'
2019-01-04_11 11:21:49.862 INFO  [http-nio-55356-exec-4] org.springframework.web.servlet.DispatcherServlet - FrameworkServlet 'dispatcherServlet': initialization started
2019-01-04_11 11:21:49.960 INFO  [http-nio-55356-exec-4] org.springframework.web.servlet.DispatcherServlet - FrameworkServlet 'dispatcherServlet': initialization completed in 97 ms
2019-01-04_11 11:24:59.042 INFO  [Thread-37] org.springframework.boot.context.embedded.AnnotationConfigEmbeddedWebApplicationContext - Closing org.springframework.boot.context.embedded.AnnotationConfigEmbeddedWebApplicationContext@54e7df6a: startup date [Fri Jan 04 11:20:23 CST 2019]; root of context hierarchy
2019-01-04_11 11:24:59.051 INFO  [Thread-37] org.springframework.context.support.DefaultLifecycleProcessor - Stopping beans in phase 2147483647
2019-01-04_11 11:24:59.055 INFO  [Thread-37] org.springframework.jmx.export.annotation.AnnotationMBeanExporter - Unregistering JMX-exposed beans on shutdown
2019-01-04_11 11:24:59.056 INFO  [Thread-37] org.springframework.jmx.export.annotation.AnnotationMBeanExporter - Unregistering JMX-exposed beans
2019-01-04_11 11:24:59.059 INFO  [Thread-37] org.springframework.orm.jpa.LocalContainerEntityManagerFactoryBean - Closing JPA EntityManagerFactory for persistence unit 'default'
2019-01-04_11 11:24:59.074 INFO  [Thread-37] com.alibaba.druid.pool.DruidDataSource - {dataSource-1} closed
2019-01-04_11 11:25:07.430 INFO  [main] lcxy.springcloud.micorserviceapi.MicorServiceApiApplication - Starting MicorServiceApiApplication on localhost with PID 56295 (/Users/lcxy_demo/IdeaProjects/micor-service-parent/micor-service-api/target/classes started by lcxy_demo in /Users/lcxy_demo/IdeaProjects/micor-service-parent)
2019-01-04_11 11:25:07.454 INFO  [main] lcxy.springcloud.micorserviceapi.MicorServiceApiApplication - No active profile set, falling back to default profiles: default
2019-01-04_11 11:25:07.613 INFO  [main] org.springframework.boot.context.embedded.AnnotationConfigEmbeddedWebApplicationContext - Refreshing org.springframework.boot.context.embedded.AnnotationConfigEmbeddedWebApplicationContext@488d1cd7: startup date [Fri Jan 04 11:25:07 CST 2019]; root of context hierarchy
2019-01-04_11 11:25:07.781 INFO  [background-preinit] org.hibernate.validator.internal.util.Version - HV000001: Hibernate Validator 5.3.5.Final
2019-01-04_11 11:25:10.358 INFO  [main] org.springframework.context.support.PostProcessorRegistrationDelegate$BeanPostProcessorChecker - Bean 'validatorConfig' of type [lcxy.springcloud.micorserviceapi.config.ValidatorConfig$$EnhancerBySpringCGLIB$$d7cabb27] is not eligible for getting processed by all BeanPostProcessors (for example: not eligible for auto-proxying)
2019-01-04_11 11:25:10.496 INFO  [main] org.springframework.context.support.PostProcessorRegistrationDelegate$BeanPostProcessorChecker - Bean 'validator' of type [org.hibernate.validator.internal.engine.ValidatorImpl] is not eligible for getting processed by all BeanPostProcessors (for example: not eligible for auto-proxying)
2019-01-04_11 11:25:10.653 INFO  [main] org.springframework.context.support.PostProcessorRegistrationDelegate$BeanPostProcessorChecker - Bean 'org.springframework.transaction.annotation.ProxyTransactionManagementConfiguration' of type [org.springframework.transaction.annotation.ProxyTransactionManagementConfiguration$$EnhancerBySpringCGLIB$$eb2c40ff] is not eligible for getting processed by all BeanPostProcessors (for example: not eligible for auto-proxying)
2019-01-04_11 11:25:11.198 INFO  [main] org.springframework.boot.context.embedded.tomcat.TomcatEmbeddedServletContainer - Tomcat initialized with port(s): 55356 (http)
2019-01-04_11 11:25:11.211 INFO  [main] org.apache.catalina.core.StandardService - Starting service [Tomcat]
2019-01-04_11 11:25:11.213 INFO  [main] org.apache.catalina.core.StandardEngine - Starting Servlet Engine: Apache Tomcat/8.5.20
2019-01-04_11 11:25:11.346 INFO  [localhost-startStop-1] org.apache.catalina.core.ContainerBase.[Tomcat].[localhost].[/api] - Initializing Spring embedded WebApplicationContext
2019-01-04_11 11:25:11.346 INFO  [localhost-startStop-1] org.springframework.web.context.ContextLoader - Root WebApplicationContext: initialization completed in 3733 ms
2019-01-04_11 11:25:11.666 INFO  [localhost-startStop-1] org.springframework.boot.web.servlet.ServletRegistrationBean - Mapping servlet: 'dispatcherServlet' to [/]
2019-01-04_11 11:25:11.667 INFO  [localhost-startStop-1] org.springframework.boot.web.servlet.ServletRegistrationBean - Mapping servlet: 'statViewServlet' to [/druid/*]
2019-01-04_11 11:25:11.673 INFO  [localhost-startStop-1] org.springframework.boot.web.servlet.FilterRegistrationBean - Mapping filter: 'characterEncodingFilter' to: [/*]
2019-01-04_11 11:25:11.674 INFO  [localhost-startStop-1] org.springframework.boot.web.servlet.FilterRegistrationBean - Mapping filter: 'hiddenHttpMethodFilter' to: [/*]
2019-01-04_11 11:25:11.674 INFO  [localhost-startStop-1] org.springframework.boot.web.servlet.FilterRegistrationBean - Mapping filter: 'httpPutFormContentFilter' to: [/*]
2019-01-04_11 11:25:11.674 INFO  [localhost-startStop-1] org.springframework.boot.web.servlet.FilterRegistrationBean - Mapping filter: 'requestContextFilter' to: [/*]
2019-01-04_11 11:25:11.675 INFO  [localhost-startStop-1] org.springframework.boot.web.servlet.FilterRegistrationBean - Mapping filter: 'webStatFilter' to urls: [/*]
2019-01-04_11 11:25:11.726 INFO  [main] com.alibaba.druid.spring.boot.autoconfigure.DruidDataSourceAutoConfigure - Init DruidDataSource
2019-01-04_11 11:25:12.549 INFO  [main] com.alibaba.druid.pool.DruidDataSource - {dataSource-1} inited
2019-01-04_11 11:25:12.945 INFO  [main] org.springframework.orm.jpa.LocalContainerEntityManagerFactoryBean - Building JPA container EntityManagerFactory for persistence unit 'default'
2019-01-04_11 11:25:12.961 INFO  [main] org.hibernate.jpa.internal.util.LogHelper - HHH000204: Processing PersistenceUnitInfo [
	name: default
	...]
2019-01-04_11 11:25:13.048 INFO  [main] org.hibernate.Version - HHH000412: Hibernate Core {5.0.12.Final}
2019-01-04_11 11:25:13.050 INFO  [main] org.hibernate.cfg.Environment - HHH000206: hibernate.properties not found
2019-01-04_11 11:25:13.052 INFO  [main] org.hibernate.cfg.Environment - HHH000021: Bytecode provider name : javassist
2019-01-04_11 11:25:13.067 INFO  [main] org.hibernate.spatial.integration.SpatialService - HHH80000001: hibernate-spatial integration enabled : true
2019-01-04_11 11:25:13.115 INFO  [main] org.hibernate.annotations.common.Version - HCANN000001: Hibernate Commons Annotations {5.0.1.Final}
2019-01-04_11 11:25:13.482 INFO  [main] org.hibernate.dialect.Dialect - HHH000400: Using dialect: org.hibernate.dialect.MySQL5Dialect
2019-01-04_11 11:25:13.787 INFO  [main] org.springframework.orm.jpa.LocalContainerEntityManagerFactoryBean - Initialized JPA EntityManagerFactory for persistence unit 'default'
2019-01-04_11 11:25:14.635 INFO  [main] org.springframework.web.servlet.mvc.method.annotation.RequestMappingHandlerMapping - Mapped "{[/dept/find/all],methods=[POST]}" onto public lcxy.springcloud.micorserviceentity.commonbox.Result lcxy.springcloud.micorserviceapi.controller.DeptController.findAll()
2019-01-04_11 11:25:14.637 INFO  [main] org.springframework.web.servlet.mvc.method.annotation.RequestMappingHandlerMapping - Mapped "{[/dept/del/by_id],methods=[POST]}" onto public lcxy.springcloud.micorserviceentity.commonbox.Result lcxy.springcloud.micorserviceapi.controller.DeptController.delById(lcxy.springcloud.micorserviceentity.domain.dto.IntDTO)
2019-01-04_11 11:25:14.638 INFO  [main] org.springframework.web.servlet.mvc.method.annotation.RequestMappingHandlerMapping - Mapped "{[/dept/add],methods=[POST]}" onto public lcxy.springcloud.micorserviceentity.commonbox.Result lcxy.springcloud.micorserviceapi.controller.DeptController.addDept(lcxy.springcloud.micorserviceentity.domain.po.DeptPO)
2019-01-04_11 11:25:14.641 INFO  [main] org.springframework.web.servlet.mvc.method.annotation.RequestMappingHandlerMapping - Mapped "{[/401],methods=[GET]}" onto public lcxy.springcloud.micorserviceentity.commonbox.Result lcxy.springcloud.micorserviceapi.controller.ErrorController.unauthorized()
2019-01-04_11 11:25:14.642 INFO  [main] org.springframework.web.servlet.mvc.method.annotation.RequestMappingHandlerMapping - Mapped "{[/404],methods=[GET]}" onto public lcxy.springcloud.micorserviceentity.commonbox.Result lcxy.springcloud.micorserviceapi.controller.ErrorController.notFound()
2019-01-04_11 11:25:14.647 INFO  [main] org.springframework.web.servlet.mvc.method.annotation.RequestMappingHandlerMapping - Mapped "{[/swagger-resources]}" onto public org.springframework.http.ResponseEntity<java.util.List<springfox.documentation.swagger.web.SwaggerResource>> springfox.documentation.swagger.web.ApiResourceController.swaggerResources()
2019-01-04_11 11:25:14.649 INFO  [main] org.springframework.web.servlet.mvc.method.annotation.RequestMappingHandlerMapping - Mapped "{[/swagger-resources/configuration/security]}" onto public org.springframework.http.ResponseEntity<springfox.documentation.swagger.web.SecurityConfiguration> springfox.documentation.swagger.web.ApiResourceController.securityConfiguration()
2019-01-04_11 11:25:14.650 INFO  [main] org.springframework.web.servlet.mvc.method.annotation.RequestMappingHandlerMapping - Mapped "{[/swagger-resources/configuration/ui]}" onto public org.springframework.http.ResponseEntity<springfox.documentation.swagger.web.UiConfiguration> springfox.documentation.swagger.web.ApiResourceController.uiConfiguration()
2019-01-04_11 11:25:14.653 INFO  [main] org.springframework.web.servlet.mvc.method.annotation.RequestMappingHandlerMapping - Mapped "{[/error]}" onto public org.springframework.http.ResponseEntity<java.util.Map<java.lang.String, java.lang.Object>> org.springframework.boot.autoconfigure.web.BasicErrorController.error(javax.servlet.http.HttpServletRequest)
2019-01-04_11 11:25:14.654 INFO  [main] org.springframework.web.servlet.mvc.method.annotation.RequestMappingHandlerMapping - Mapped "{[/error],produces=[text/html]}" onto public org.springframework.web.servlet.ModelAndView org.springframework.boot.autoconfigure.web.BasicErrorController.errorHtml(javax.servlet.http.HttpServletRequest,javax.servlet.http.HttpServletResponse)
2019-01-04_11 11:25:15.025 INFO  [main] springfox.documentation.spring.web.PropertySourcedRequestMappingHandlerMapping - Mapped URL path [/v2/api-docs] onto method [public org.springframework.http.ResponseEntity<springfox.documentation.spring.web.json.Json> springfox.documentation.swagger2.web.Swagger2Controller.getDocumentation(java.lang.String,javax.servlet.http.HttpServletRequest)]
2019-01-04_11 11:25:15.551 INFO  [main] org.springframework.web.servlet.mvc.method.annotation.RequestMappingHandlerAdapter - Looking for @ControllerAdvice: org.springframework.boot.context.embedded.AnnotationConfigEmbeddedWebApplicationContext@488d1cd7: startup date [Fri Jan 04 11:25:07 CST 2019]; root of context hierarchy
2019-01-04_11 11:25:15.679 INFO  [main] org.springframework.web.servlet.handler.SimpleUrlHandlerMapping - Mapped URL path [/webjars/**] onto handler of type [class org.springframework.web.servlet.resource.ResourceHttpRequestHandler]
2019-01-04_11 11:25:15.680 INFO  [main] org.springframework.web.servlet.handler.SimpleUrlHandlerMapping - Mapped URL path [/**] onto handler of type [class org.springframework.web.servlet.resource.ResourceHttpRequestHandler]
2019-01-04_11 11:25:15.720 INFO  [main] org.springframework.web.servlet.mvc.method.annotation.ExceptionHandlerExceptionResolver - Detected @ExceptionHandler methods in globalExceptionController
2019-01-04_11 11:25:15.837 INFO  [main] org.springframework.web.servlet.handler.SimpleUrlHandlerMapping - Mapped URL path [/**/favicon.ico] onto handler of type [class org.springframework.web.servlet.resource.ResourceHttpRequestHandler]
2019-01-04_11 11:25:16.523 INFO  [main] org.springframework.jmx.export.annotation.AnnotationMBeanExporter - Registering beans for JMX exposure on startup
2019-01-04_11 11:25:16.526 INFO  [main] org.springframework.jmx.export.annotation.AnnotationMBeanExporter - Bean with name 'statFilter' has been autodetected for JMX exposure
2019-01-04_11 11:25:16.527 INFO  [main] org.springframework.jmx.export.annotation.AnnotationMBeanExporter - Bean with name 'dataSource' has been autodetected for JMX exposure
2019-01-04_11 11:25:16.540 INFO  [main] org.springframework.jmx.export.annotation.AnnotationMBeanExporter - Located MBean 'dataSource': registering with JMX server as MBean [com.alibaba.druid.spring.boot.autoconfigure:name=dataSource,type=DruidDataSourceWrapper]
2019-01-04_11 11:25:16.542 INFO  [main] org.springframework.jmx.export.annotation.AnnotationMBeanExporter - Located MBean 'statFilter': registering with JMX server as MBean [com.alibaba.druid.filter.stat:name=statFilter,type=StatFilter]
2019-01-04_11 11:25:16.548 INFO  [main] org.springframework.context.support.DefaultLifecycleProcessor - Starting beans in phase 2147483647
2019-01-04_11 11:25:16.549 INFO  [main] springfox.documentation.spring.web.plugins.DocumentationPluginsBootstrapper - Context refreshed
2019-01-04_11 11:25:16.581 INFO  [main] springfox.documentation.spring.web.plugins.DocumentationPluginsBootstrapper - Found 1 custom documentation plugin(s)
2019-01-04_11 11:25:16.662 INFO  [main] springfox.documentation.spring.web.scanners.ApiListingReferenceScanner - Scanning for api listing references
2019-01-04_11 11:25:16.993 INFO  [main] org.apache.coyote.http11.Http11NioProtocol - Initializing ProtocolHandler ["http-nio-55356"]
2019-01-04_11 11:25:17.008 INFO  [main] org.apache.coyote.http11.Http11NioProtocol - Starting ProtocolHandler ["http-nio-55356"]
2019-01-04_11 11:25:17.038 INFO  [main] org.apache.tomcat.util.net.NioSelectorPool - Using a shared selector for servlet write/read
2019-01-04_11 11:25:17.063 INFO  [main] org.springframework.boot.context.embedded.tomcat.TomcatEmbeddedServletContainer - Tomcat started on port(s): 55356 (http)
2019-01-04_11 11:25:17.071 INFO  [main] lcxy.springcloud.micorserviceapi.MicorServiceApiApplication - Started MicorServiceApiApplication in 10.767 seconds (JVM running for 12.37)
2019-01-04_11 11:25:36.940 INFO  [http-nio-55356-exec-4] org.apache.catalina.core.ContainerBase.[Tomcat].[localhost].[/api] - Initializing Spring FrameworkServlet 'dispatcherServlet'
2019-01-04_11 11:25:36.941 INFO  [http-nio-55356-exec-4] org.springframework.web.servlet.DispatcherServlet - FrameworkServlet 'dispatcherServlet': initialization started
2019-01-04_11 11:25:36.977 INFO  [http-nio-55356-exec-4] org.springframework.web.servlet.DispatcherServlet - FrameworkServlet 'dispatcherServlet': initialization completed in 36 ms
2019-01-04_11 11:27:44.577 INFO  [Thread-24] org.springframework.boot.context.embedded.AnnotationConfigEmbeddedWebApplicationContext - Closing org.springframework.boot.context.embedded.AnnotationConfigEmbeddedWebApplicationContext@488d1cd7: startup date [Fri Jan 04 11:25:07 CST 2019]; root of context hierarchy
2019-01-04_11 11:27:44.605 INFO  [Thread-24] org.springframework.context.support.DefaultLifecycleProcessor - Stopping beans in phase 2147483647
2019-01-04_11 11:27:44.611 INFO  [Thread-24] org.springframework.jmx.export.annotation.AnnotationMBeanExporter - Unregistering JMX-exposed beans on shutdown
2019-01-04_11 11:27:44.612 INFO  [Thread-24] org.springframework.jmx.export.annotation.AnnotationMBeanExporter - Unregistering JMX-exposed beans
2019-01-04_11 11:27:44.615 INFO  [Thread-24] org.springframework.orm.jpa.LocalContainerEntityManagerFactoryBean - Closing JPA EntityManagerFactory for persistence unit 'default'
2019-01-04_11 11:27:44.631 INFO  [Thread-24] com.alibaba.druid.pool.DruidDataSource - {dataSource-1} closed
