2019-02-26_14 14:34:42.949 INFO  [main] org.springframework.context.annotation.AnnotationConfigApplicationContext - Refreshing org.springframework.context.annotation.AnnotationConfigApplicationContext@638ef7ed: startup date [Tue Feb 26 14:34:42 CST 2019]; root of context hierarchy
2019-02-26_14 14:34:43.341 INFO  [main] org.springframework.beans.factory.annotation.AutowiredAnnotationBeanPostProcessor - JSR-330 'javax.inject.Inject' annotation found and supported for autowiring
2019-02-26_14 14:34:43.450 INFO  [main] org.springframework.context.support.PostProcessorRegistrationDelegate$BeanPostProcessorChecker - Bean 'configurationPropertiesRebinderAutoConfiguration' of type [org.springframework.cloud.autoconfigure.ConfigurationPropertiesRebinderAutoConfiguration$$EnhancerBySpringCGLIB$$53ce764] is not eligible for getting processed by all BeanPostProcessors (for example: not eligible for auto-proxying)
2019-02-26_14 14:34:43.653 INFO  [background-preinit] org.hibernate.validator.internal.util.Version - HV000001: Hibernate Validator 5.3.5.Final
2019-02-26_14 14:34:44.304 INFO  [main] lcxy.springcloud.micorserviceapi.MicorServiceApiApplicationTests - No active profile set, falling back to default profiles: default
2019-02-26_14 14:34:44.313 INFO  [main] org.springframework.web.context.support.GenericWebApplicationContext - Refreshing org.springframework.web.context.support.GenericWebApplicationContext@1d9bec4d: startup date [Tue Feb 26 14:34:44 CST 2019]; parent: org.springframework.context.annotation.AnnotationConfigApplicationContext@638ef7ed
2019-02-26_14 14:34:46.044 WARN  [main] org.mybatis.spring.mapper.ClassPathMapperScanner - No MyBatis mapper was found in '[lcxy.springcloud.micorserviceapi]' package. Please check your configuration.
2019-02-26_14 14:34:46.615 INFO  [main] org.springframework.cloud.context.scope.GenericScope - BeanFactory id=4ab61f07-ed7e-398e-9abc-8eb88e3c3881
2019-02-26_14 14:34:46.826 INFO  [main] org.springframework.beans.factory.annotation.AutowiredAnnotationBeanPostProcessor - JSR-330 'javax.inject.Inject' annotation found and supported for autowiring
2019-02-26_14 14:34:46.920 INFO  [main] org.springframework.context.support.PostProcessorRegistrationDelegate$BeanPostProcessorChecker - Bean 'validatorConfig' of type [lcxy.springcloud.micorserviceapi.config.ValidatorConfig$$EnhancerBySpringCGLIB$$d5c15e8f] is not eligible for getting processed by all BeanPostProcessors (for example: not eligible for auto-proxying)
2019-02-26_14 14:34:46.965 INFO  [main] org.springframework.context.support.PostProcessorRegistrationDelegate$BeanPostProcessorChecker - Bean 'validator' of type [org.hibernate.validator.internal.engine.ValidatorImpl] is not eligible for getting processed by all BeanPostProcessors (for example: not eligible for auto-proxying)
2019-02-26_14 14:34:47.103 INFO  [main] org.springframework.context.support.PostProcessorRegistrationDelegate$BeanPostProcessorChecker - Bean 'org.springframework.transaction.annotation.ProxyTransactionManagementConfiguration' of type [org.springframework.transaction.annotation.ProxyTransactionManagementConfiguration$$EnhancerBySpringCGLIB$$e922e467] is not eligible for getting processed by all BeanPostProcessors (for example: not eligible for auto-proxying)
2019-02-26_14 14:34:47.177 INFO  [main] org.springframework.context.support.PostProcessorRegistrationDelegate$BeanPostProcessorChecker - Bean 'org.springframework.cloud.autoconfigure.ConfigurationPropertiesRebinderAutoConfiguration' of type [org.springframework.cloud.autoconfigure.ConfigurationPropertiesRebinderAutoConfiguration$$EnhancerBySpringCGLIB$$53ce764] is not eligible for getting processed by all BeanPostProcessors (for example: not eligible for auto-proxying)
2019-02-26_14 14:34:47.210 INFO  [main] com.alibaba.druid.spring.boot.autoconfigure.DruidDataSourceAutoConfigure - Init DruidDataSource
2019-02-26_14 14:34:48.418 INFO  [main] com.alibaba.druid.pool.DruidDataSource - {dataSource-1} inited
2019-02-26_14 14:34:49.154 INFO  [main] org.springframework.orm.jpa.LocalContainerEntityManagerFactoryBean - Building JPA container EntityManagerFactory for persistence unit 'default'
2019-02-26_14 14:34:49.193 INFO  [main] org.hibernate.jpa.internal.util.LogHelper - HHH000204: Processing PersistenceUnitInfo [
	name: default
	...]
2019-02-26_14 14:34:49.578 INFO  [main] org.hibernate.Version - HHH000412: Hibernate Core {5.0.12.Final}
2019-02-26_14 14:34:49.584 INFO  [main] org.hibernate.cfg.Environment - HHH000206: hibernate.properties not found
2019-02-26_14 14:34:49.587 INFO  [main] org.hibernate.cfg.Environment - HHH000021: Bytecode provider name : javassist
2019-02-26_14 14:34:49.613 INFO  [main] org.hibernate.spatial.integration.SpatialService - HHH80000001: hibernate-spatial integration enabled : true
2019-02-26_14 14:34:49.704 INFO  [main] org.hibernate.annotations.common.Version - HCANN000001: Hibernate Commons Annotations {5.0.1.Final}
2019-02-26_14 14:34:49.954 INFO  [main] org.hibernate.dialect.Dialect - HHH000400: Using dialect: org.hibernate.dialect.MySQL5Dialect
2019-02-26_14 14:34:50.393 INFO  [main] org.springframework.orm.jpa.LocalContainerEntityManagerFactoryBean - Initialized JPA EntityManagerFactory for persistence unit 'default'
2019-02-26_14 14:34:51.347 INFO  [main] org.springframework.web.servlet.mvc.method.annotation.RequestMappingHandlerMapping - Mapped "{[/401],methods=[GET]}" onto public lcxy.springcloud.micorserviceentity.commonbox.Result lcxy.springcloud.micorserviceapi.controller.ErrorController.unauthorized()
2019-02-26_14 14:34:51.350 INFO  [main] org.springframework.web.servlet.mvc.method.annotation.RequestMappingHandlerMapping - Mapped "{[/404],methods=[GET]}" onto public lcxy.springcloud.micorserviceentity.commonbox.Result lcxy.springcloud.micorserviceapi.controller.ErrorController.notFound()
2019-02-26_14 14:34:51.355 INFO  [main] org.springframework.web.servlet.mvc.method.annotation.RequestMappingHandlerMapping - Mapped "{[/swagger-resources/configuration/security]}" onto public org.springframework.http.ResponseEntity<springfox.documentation.swagger.web.SecurityConfiguration> springfox.documentation.swagger.web.ApiResourceController.securityConfiguration()
2019-02-26_14 14:34:51.356 INFO  [main] org.springframework.web.servlet.mvc.method.annotation.RequestMappingHandlerMapping - Mapped "{[/swagger-resources/configuration/ui]}" onto public org.springframework.http.ResponseEntity<springfox.documentation.swagger.web.UiConfiguration> springfox.documentation.swagger.web.ApiResourceController.uiConfiguration()
2019-02-26_14 14:34:51.358 INFO  [main] org.springframework.web.servlet.mvc.method.annotation.RequestMappingHandlerMapping - Mapped "{[/swagger-resources]}" onto public org.springframework.http.ResponseEntity<java.util.List<springfox.documentation.swagger.web.SwaggerResource>> springfox.documentation.swagger.web.ApiResourceController.swaggerResources()
2019-02-26_14 14:34:51.369 INFO  [main] org.springframework.web.servlet.mvc.method.annotation.RequestMappingHandlerMapping - Mapped "{[/error]}" onto public org.springframework.http.ResponseEntity<java.util.Map<java.lang.String, java.lang.Object>> org.springframework.boot.autoconfigure.web.BasicErrorController.error(javax.servlet.http.HttpServletRequest)
2019-02-26_14 14:34:51.371 INFO  [main] org.springframework.web.servlet.mvc.method.annotation.RequestMappingHandlerMapping - Mapped "{[/error],produces=[text/html]}" onto public org.springframework.web.servlet.ModelAndView org.springframework.boot.autoconfigure.web.BasicErrorController.errorHtml(javax.servlet.http.HttpServletRequest,javax.servlet.http.HttpServletResponse)
2019-02-26_14 14:34:51.771 INFO  [main] springfox.documentation.spring.web.PropertySourcedRequestMappingHandlerMapping - Mapped URL path [/v2/api-docs] onto method [public org.springframework.http.ResponseEntity<springfox.documentation.spring.web.json.Json> springfox.documentation.swagger2.web.Swagger2Controller.getDocumentation(java.lang.String,javax.servlet.http.HttpServletRequest)]
2019-02-26_14 14:34:52.457 WARN  [main] com.netflix.config.sources.URLConfigurationSource - No URLs will be polled as dynamic configuration sources.
2019-02-26_14 14:34:52.458 INFO  [main] com.netflix.config.sources.URLConfigurationSource - To enable URLs as dynamic configuration sources, define System property archaius.configurationSource.additionalUrls or make config.properties available on classpath.
2019-02-26_14 14:34:52.477 WARN  [main] com.netflix.config.sources.URLConfigurationSource - No URLs will be polled as dynamic configuration sources.
2019-02-26_14 14:34:52.483 INFO  [main] com.netflix.config.sources.URLConfigurationSource - To enable URLs as dynamic configuration sources, define System property archaius.configurationSource.additionalUrls or make config.properties available on classpath.
2019-02-26_14 14:34:52.915 INFO  [main] org.springframework.web.servlet.mvc.method.annotation.RequestMappingHandlerAdapter - Looking for @ControllerAdvice: org.springframework.web.context.support.GenericWebApplicationContext@1d9bec4d: startup date [Tue Feb 26 14:34:44 CST 2019]; parent: org.springframework.context.annotation.AnnotationConfigApplicationContext@638ef7ed
2019-02-26_14 14:34:53.097 INFO  [main] org.springframework.web.servlet.handler.SimpleUrlHandlerMapping - Mapped URL path [/webjars/**] onto handler of type [class org.springframework.web.servlet.resource.ResourceHttpRequestHandler]
2019-02-26_14 14:34:53.098 INFO  [main] org.springframework.web.servlet.handler.SimpleUrlHandlerMapping - Mapped URL path [/**] onto handler of type [class org.springframework.web.servlet.resource.ResourceHttpRequestHandler]
2019-02-26_14 14:34:53.194 INFO  [main] org.springframework.web.servlet.handler.SimpleUrlHandlerMapping - Mapped URL path [/**/favicon.ico] onto handler of type [class org.springframework.web.servlet.resource.ResourceHttpRequestHandler]
2019-02-26_14 14:34:54.374 INFO  [main] org.springframework.context.support.DefaultLifecycleProcessor - Starting beans in phase 2147483647
2019-02-26_14 14:34:54.375 INFO  [main] springfox.documentation.spring.web.plugins.DocumentationPluginsBootstrapper - Context refreshed
2019-02-26_14 14:34:54.416 INFO  [main] springfox.documentation.spring.web.plugins.DocumentationPluginsBootstrapper - Found 1 custom documentation plugin(s)
2019-02-26_14 14:34:54.477 INFO  [main] springfox.documentation.spring.web.scanners.ApiListingReferenceScanner - Scanning for api listing references
2019-02-26_14 14:34:54.532 INFO  [main] lcxy.springcloud.micorserviceapi.MicorServiceApiApplicationTests - Started MicorServiceApiApplicationTests in 12.377 seconds (JVM running for 14.531)
2019-02-26_14 14:34:54.677 INFO  [Thread-5] org.springframework.web.context.support.GenericWebApplicationContext - Closing org.springframework.web.context.support.GenericWebApplicationContext@1d9bec4d: startup date [Tue Feb 26 14:34:44 CST 2019]; parent: org.springframework.context.annotation.AnnotationConfigApplicationContext@638ef7ed
2019-02-26_14 14:34:54.684 INFO  [Thread-5] org.springframework.context.support.DefaultLifecycleProcessor - Stopping beans in phase 2147483647
2019-02-26_14 14:34:54.701 INFO  [Thread-5] org.springframework.orm.jpa.LocalContainerEntityManagerFactoryBean - Closing JPA EntityManagerFactory for persistence unit 'default'
2019-02-26_14 14:34:54.709 INFO  [Thread-5] com.alibaba.druid.pool.DruidDataSource - {dataSource-1} closed
2019-02-26_14 14:54:57.326 INFO  [main] org.springframework.context.annotation.AnnotationConfigApplicationContext - Refreshing org.springframework.context.annotation.AnnotationConfigApplicationContext@7283d3eb: startup date [Tue Feb 26 14:54:57 CST 2019]; root of context hierarchy
2019-02-26_14 14:54:57.769 INFO  [main] org.springframework.beans.factory.annotation.AutowiredAnnotationBeanPostProcessor - JSR-330 'javax.inject.Inject' annotation found and supported for autowiring
2019-02-26_14 14:54:57.869 INFO  [main] org.springframework.context.support.PostProcessorRegistrationDelegate$BeanPostProcessorChecker - Bean 'configurationPropertiesRebinderAutoConfiguration' of type [org.springframework.cloud.autoconfigure.ConfigurationPropertiesRebinderAutoConfiguration$$EnhancerBySpringCGLIB$$fba4ecea] is not eligible for getting processed by all BeanPostProcessors (for example: not eligible for auto-proxying)
2019-02-26_14 14:54:57.986 INFO  [background-preinit] org.hibernate.validator.internal.util.Version - HV000001: Hibernate Validator 5.3.5.Final
2019-02-26_14 14:54:58.456 INFO  [main] lcxy.springcloud.micorserviceapi.MicorServiceApiApplicationTests - No active profile set, falling back to default profiles: default
2019-02-26_14 14:54:58.464 INFO  [main] org.springframework.web.context.support.GenericWebApplicationContext - Refreshing org.springframework.web.context.support.GenericWebApplicationContext@89ff02e: startup date [Tue Feb 26 14:54:58 CST 2019]; parent: org.springframework.context.annotation.AnnotationConfigApplicationContext@7283d3eb
2019-02-26_14 14:54:59.721 WARN  [main] org.mybatis.spring.mapper.ClassPathMapperScanner - No MyBatis mapper was found in '[lcxy.springcloud.micorserviceapi]' package. Please check your configuration.
2019-02-26_14 14:55:00.147 INFO  [main] org.springframework.cloud.context.scope.GenericScope - BeanFactory id=4ab61f07-ed7e-398e-9abc-8eb88e3c3881
2019-02-26_14 14:55:00.342 INFO  [main] org.springframework.beans.factory.annotation.AutowiredAnnotationBeanPostProcessor - JSR-330 'javax.inject.Inject' annotation found and supported for autowiring
2019-02-26_14 14:55:00.384 INFO  [main] org.springframework.context.support.PostProcessorRegistrationDelegate$BeanPostProcessorChecker - Bean 'validatorConfig' of type [lcxy.springcloud.micorserviceapi.config.ValidatorConfig$$EnhancerBySpringCGLIB$$cc296415] is not eligible for getting processed by all BeanPostProcessors (for example: not eligible for auto-proxying)
2019-02-26_14 14:55:00.405 INFO  [main] org.springframework.context.support.PostProcessorRegistrationDelegate$BeanPostProcessorChecker - Bean 'validator' of type [org.hibernate.validator.internal.engine.ValidatorImpl] is not eligible for getting processed by all BeanPostProcessors (for example: not eligible for auto-proxying)
2019-02-26_14 14:55:00.530 INFO  [main] org.springframework.context.support.PostProcessorRegistrationDelegate$BeanPostProcessorChecker - Bean 'org.springframework.transaction.annotation.ProxyTransactionManagementConfiguration' of type [org.springframework.transaction.annotation.ProxyTransactionManagementConfiguration$$EnhancerBySpringCGLIB$$df8ae9ed] is not eligible for getting processed by all BeanPostProcessors (for example: not eligible for auto-proxying)
2019-02-26_14 14:55:00.601 INFO  [main] org.springframework.context.support.PostProcessorRegistrationDelegate$BeanPostProcessorChecker - Bean 'org.springframework.cloud.autoconfigure.ConfigurationPropertiesRebinderAutoConfiguration' of type [org.springframework.cloud.autoconfigure.ConfigurationPropertiesRebinderAutoConfiguration$$EnhancerBySpringCGLIB$$fba4ecea] is not eligible for getting processed by all BeanPostProcessors (for example: not eligible for auto-proxying)
2019-02-26_14 14:55:00.630 INFO  [main] com.alibaba.druid.spring.boot.autoconfigure.DruidDataSourceAutoConfigure - Init DruidDataSource
2019-02-26_14 14:55:01.442 INFO  [main] com.alibaba.druid.pool.DruidDataSource - {dataSource-1} inited
2019-02-26_14 14:55:02.173 INFO  [main] org.springframework.orm.jpa.LocalContainerEntityManagerFactoryBean - Building JPA container EntityManagerFactory for persistence unit 'default'
2019-02-26_14 14:55:02.202 INFO  [main] org.hibernate.jpa.internal.util.LogHelper - HHH000204: Processing PersistenceUnitInfo [
	name: default
	...]
2019-02-26_14 14:55:02.520 INFO  [main] org.hibernate.Version - HHH000412: Hibernate Core {5.0.12.Final}
2019-02-26_14 14:55:02.525 INFO  [main] org.hibernate.cfg.Environment - HHH000206: hibernate.properties not found
2019-02-26_14 14:55:02.528 INFO  [main] org.hibernate.cfg.Environment - HHH000021: Bytecode provider name : javassist
2019-02-26_14 14:55:02.550 INFO  [main] org.hibernate.spatial.integration.SpatialService - HHH80000001: hibernate-spatial integration enabled : true
2019-02-26_14 14:55:02.620 INFO  [main] org.hibernate.annotations.common.Version - HCANN000001: Hibernate Commons Annotations {5.0.1.Final}
2019-02-26_14 14:55:02.835 INFO  [main] org.hibernate.dialect.Dialect - HHH000400: Using dialect: org.hibernate.dialect.MySQL5Dialect
2019-02-26_14 14:55:03.284 INFO  [main] org.springframework.orm.jpa.LocalContainerEntityManagerFactoryBean - Initialized JPA EntityManagerFactory for persistence unit 'default'
2019-02-26_14 14:55:04.150 INFO  [main] org.springframework.web.servlet.mvc.method.annotation.RequestMappingHandlerMapping - Mapped "{[/404],methods=[GET]}" onto public lcxy.springcloud.micorserviceentity.commonbox.Result lcxy.springcloud.micorserviceapi.controller.ErrorController.notFound()
2019-02-26_14 14:55:04.153 INFO  [main] org.springframework.web.servlet.mvc.method.annotation.RequestMappingHandlerMapping - Mapped "{[/401],methods=[GET]}" onto public lcxy.springcloud.micorserviceentity.commonbox.Result lcxy.springcloud.micorserviceapi.controller.ErrorController.unauthorized()
2019-02-26_14 14:55:04.160 INFO  [main] org.springframework.web.servlet.mvc.method.annotation.RequestMappingHandlerMapping - Mapped "{[/swagger-resources]}" onto public org.springframework.http.ResponseEntity<java.util.List<springfox.documentation.swagger.web.SwaggerResource>> springfox.documentation.swagger.web.ApiResourceController.swaggerResources()
2019-02-26_14 14:55:04.161 INFO  [main] org.springframework.web.servlet.mvc.method.annotation.RequestMappingHandlerMapping - Mapped "{[/swagger-resources/configuration/security]}" onto public org.springframework.http.ResponseEntity<springfox.documentation.swagger.web.SecurityConfiguration> springfox.documentation.swagger.web.ApiResourceController.securityConfiguration()
2019-02-26_14 14:55:04.163 INFO  [main] org.springframework.web.servlet.mvc.method.annotation.RequestMappingHandlerMapping - Mapped "{[/swagger-resources/configuration/ui]}" onto public org.springframework.http.ResponseEntity<springfox.documentation.swagger.web.UiConfiguration> springfox.documentation.swagger.web.ApiResourceController.uiConfiguration()
2019-02-26_14 14:55:04.170 INFO  [main] org.springframework.web.servlet.mvc.method.annotation.RequestMappingHandlerMapping - Mapped "{[/error]}" onto public org.springframework.http.ResponseEntity<java.util.Map<java.lang.String, java.lang.Object>> org.springframework.boot.autoconfigure.web.BasicErrorController.error(javax.servlet.http.HttpServletRequest)
2019-02-26_14 14:55:04.172 INFO  [main] org.springframework.web.servlet.mvc.method.annotation.RequestMappingHandlerMapping - Mapped "{[/error],produces=[text/html]}" onto public org.springframework.web.servlet.ModelAndView org.springframework.boot.autoconfigure.web.BasicErrorController.errorHtml(javax.servlet.http.HttpServletRequest,javax.servlet.http.HttpServletResponse)
2019-02-26_14 14:55:04.613 INFO  [main] springfox.documentation.spring.web.PropertySourcedRequestMappingHandlerMapping - Mapped URL path [/v2/api-docs] onto method [public org.springframework.http.ResponseEntity<springfox.documentation.spring.web.json.Json> springfox.documentation.swagger2.web.Swagger2Controller.getDocumentation(java.lang.String,javax.servlet.http.HttpServletRequest)]
2019-02-26_14 14:55:05.925 WARN  [main] com.netflix.config.sources.URLConfigurationSource - No URLs will be polled as dynamic configuration sources.
2019-02-26_14 14:55:05.926 INFO  [main] com.netflix.config.sources.URLConfigurationSource - To enable URLs as dynamic configuration sources, define System property archaius.configurationSource.additionalUrls or make config.properties available on classpath.
2019-02-26_14 14:55:05.936 WARN  [main] com.netflix.config.sources.URLConfigurationSource - No URLs will be polled as dynamic configuration sources.
2019-02-26_14 14:55:05.937 INFO  [main] com.netflix.config.sources.URLConfigurationSource - To enable URLs as dynamic configuration sources, define System property archaius.configurationSource.additionalUrls or make config.properties available on classpath.
2019-02-26_14 14:55:06.236 INFO  [main] org.springframework.web.servlet.mvc.method.annotation.RequestMappingHandlerAdapter - Looking for @ControllerAdvice: org.springframework.web.context.support.GenericWebApplicationContext@89ff02e: startup date [Tue Feb 26 14:54:58 CST 2019]; parent: org.springframework.context.annotation.AnnotationConfigApplicationContext@7283d3eb
2019-02-26_14 14:55:06.349 INFO  [main] org.springframework.web.servlet.handler.SimpleUrlHandlerMapping - Mapped URL path [/webjars/**] onto handler of type [class org.springframework.web.servlet.resource.ResourceHttpRequestHandler]
2019-02-26_14 14:55:06.349 INFO  [main] org.springframework.web.servlet.handler.SimpleUrlHandlerMapping - Mapped URL path [/**] onto handler of type [class org.springframework.web.servlet.resource.ResourceHttpRequestHandler]
2019-02-26_14 14:55:06.525 INFO  [main] org.springframework.web.servlet.handler.SimpleUrlHandlerMapping - Mapped URL path [/**/favicon.ico] onto handler of type [class org.springframework.web.servlet.resource.ResourceHttpRequestHandler]
2019-02-26_14 14:55:08.457 INFO  [main] org.springframework.context.support.DefaultLifecycleProcessor - Starting beans in phase 2147483647
2019-02-26_14 14:55:08.460 INFO  [main] springfox.documentation.spring.web.plugins.DocumentationPluginsBootstrapper - Context refreshed
2019-02-26_14 14:55:08.497 INFO  [main] springfox.documentation.spring.web.plugins.DocumentationPluginsBootstrapper - Found 1 custom documentation plugin(s)
2019-02-26_14 14:55:08.616 INFO  [main] springfox.documentation.spring.web.scanners.ApiListingReferenceScanner - Scanning for api listing references
2019-02-26_14 14:55:08.684 INFO  [main] lcxy.springcloud.micorserviceapi.MicorServiceApiApplicationTests - Started MicorServiceApiApplicationTests in 12.205 seconds (JVM running for 13.924)
2019-02-26_14 14:55:08.894 INFO  [Thread-5] org.springframework.web.context.support.GenericWebApplicationContext - Closing org.springframework.web.context.support.GenericWebApplicationContext@89ff02e: startup date [Tue Feb 26 14:54:58 CST 2019]; parent: org.springframework.context.annotation.AnnotationConfigApplicationContext@7283d3eb
2019-02-26_14 14:55:08.897 INFO  [Thread-5] org.springframework.context.support.DefaultLifecycleProcessor - Stopping beans in phase 2147483647
2019-02-26_14 14:55:08.905 INFO  [Thread-5] org.springframework.orm.jpa.LocalContainerEntityManagerFactoryBean - Closing JPA EntityManagerFactory for persistence unit 'default'
2019-02-26_14 14:55:08.916 INFO  [Thread-5] com.alibaba.druid.pool.DruidDataSource - {dataSource-1} closed
